[0.033s] Invoking command in '/home/dexter/ROS2/FilterCam/build/velodyne_laserscan': CMAKE_PREFIX_PATH=${CMAKE_PREFIX_PATH}:/home/dexter/ROS2/FilterCam/install/filterwheel:/home/dexter/ROS2/FilterCam/install/filtered_pointcloud_pkg:/home/dexter/ROS2/FilterCam/install/empty_package:/opt/ros/jazzy DEBUGINFOD_URLS=https://debuginfod.ubuntu.com /usr/bin/cmake /home/dexter/ROS2/FilterCam/src/velodyne/velodyne_laserscan -DCMAKE_BUILD_TYPE=Debug -DAMENT_CMAKE_SYMLINK_INSTALL=1 -DCMAKE_INSTALL_PREFIX=/home/dexter/ROS2/FilterCam/install/velodyne_laserscan
[0.813s] -- The C compiler identification is GNU 13.3.0
[0.813s] -- The CXX compiler identification is GNU 13.3.0
[0.813s] -- Detecting C compiler ABI info
[0.814s] -- Detecting C compiler ABI info - done
[0.814s] -- Check for working C compiler: /usr/bin/cc - skipped
[0.814s] -- Detecting C compile features
[0.814s] -- Detecting C compile features - done
[0.814s] -- Detecting CXX compiler ABI info
[0.814s] -- Detecting CXX compiler ABI info - done
[0.814s] -- Check for working CXX compiler: /usr/bin/c++ - skipped
[0.814s] -- Detecting CXX compile features
[0.814s] -- Detecting CXX compile features - done
[0.814s] -- Found ament_cmake_ros: 0.12.0 (/opt/ros/jazzy/share/ament_cmake_ros/cmake)
[0.814s] -- Found Python3: /usr/bin/python3 (found version "3.12.3") found components: Interpreter 
[0.814s] -- Override CMake install command with custom implementation using symlinks instead of copying resources
[0.814s] -- Found rclcpp: 28.1.10 (/opt/ros/jazzy/share/rclcpp/cmake)
[0.814s] -- Found rosidl_generator_c: 4.6.5 (/opt/ros/jazzy/share/rosidl_generator_c/cmake)
[0.814s] -- Found rosidl_generator_cpp: 4.6.5 (/opt/ros/jazzy/share/rosidl_generator_cpp/cmake)
[0.814s] -- Using all available rosidl_typesupport_c: rosidl_typesupport_fastrtps_c;rosidl_typesupport_introspection_c
[0.834s] -- Using all available rosidl_typesupport_cpp: rosidl_typesupport_fastrtps_cpp;rosidl_typesupport_introspection_cpp
[0.958s] -- Found rmw_implementation_cmake: 7.3.2 (/opt/ros/jazzy/share/rmw_implementation_cmake/cmake)
[0.963s] -- Found rmw_fastrtps_cpp: 8.4.2 (/opt/ros/jazzy/share/rmw_fastrtps_cpp/cmake)
[1.071s] -- Found OpenSSL: /usr/lib/x86_64-linux-gnu/libcrypto.so (found version "3.0.13")  
[1.092s] -- Found FastRTPS: /opt/ros/jazzy/include (Required is at least version "2.13") 
[1.118s] -- Using RMW implementation 'rmw_fastrtps_cpp' as default
[1.240s] -- Found rclcpp_components: 28.1.10 (/opt/ros/jazzy/share/rclcpp_components/cmake)
[1.305s] -- Found sensor_msgs: 5.3.6 (/opt/ros/jazzy/share/sensor_msgs/cmake)
[1.391s] -- Found ament_lint_auto: 0.17.2 (/opt/ros/jazzy/share/ament_lint_auto/cmake)
[1.505s] -- Added test 'copyright' to check source files copyright and LICENSE
[1.509s] -- Added test 'cppcheck' to perform static code analysis on C / C++ code
[1.510s] -- Configured cppcheck include dirs: $<BUILD_INTERFACE:/home/dexter/ROS2/FilterCam/src/velodyne/velodyne_laserscan/include>
[1.510s] -- Configured cppcheck exclude dirs and/or files: 
[1.513s] -- Added test 'cpplint' to check C / C++ code against the Google style
[1.513s] -- Configured cpplint exclude dirs and/or files: 
[1.514s] -- Added test 'flake8' to check Python code syntax and style conventions
[1.514s] -- Configured 'flake8' exclude dirs and/or files: 
[1.517s] -- Added test 'lint_cmake' to check CMake code style
[1.517s] -- Added test 'pep257' to check Python code against some of the docstring style conventions in PEP 257
[1.523s] -- Added test 'uncrustify' to check C / C++ code style
[1.523s] -- Configured uncrustify additional arguments: 
[1.523s] -- Added test 'xmllint' to check XML markup files
[1.533s] -- Configuring done (1.5s)
[1.559s] -- Generating done (0.0s)
[1.566s] -- Build files have been written to: /home/dexter/ROS2/FilterCam/build/velodyne_laserscan
[1.578s] Invoked command in '/home/dexter/ROS2/FilterCam/build/velodyne_laserscan' returned '0': CMAKE_PREFIX_PATH=${CMAKE_PREFIX_PATH}:/home/dexter/ROS2/FilterCam/install/filterwheel:/home/dexter/ROS2/FilterCam/install/filtered_pointcloud_pkg:/home/dexter/ROS2/FilterCam/install/empty_package:/opt/ros/jazzy DEBUGINFOD_URLS=https://debuginfod.ubuntu.com /usr/bin/cmake /home/dexter/ROS2/FilterCam/src/velodyne/velodyne_laserscan -DCMAKE_BUILD_TYPE=Debug -DAMENT_CMAKE_SYMLINK_INSTALL=1 -DCMAKE_INSTALL_PREFIX=/home/dexter/ROS2/FilterCam/install/velodyne_laserscan
[1.580s] Invoking command in '/home/dexter/ROS2/FilterCam/build/velodyne_laserscan': CMAKE_PREFIX_PATH=${CMAKE_PREFIX_PATH}:/home/dexter/ROS2/FilterCam/install/filterwheel:/home/dexter/ROS2/FilterCam/install/filtered_pointcloud_pkg:/home/dexter/ROS2/FilterCam/install/empty_package:/opt/ros/jazzy DEBUGINFOD_URLS=https://debuginfod.ubuntu.com /usr/bin/cmake --build /home/dexter/ROS2/FilterCam/build/velodyne_laserscan -- -j16 -l16
[1.625s] [ 25%] [32mBuilding CXX object CMakeFiles/velodyne_laserscan.dir/src/velodyne_laserscan.cpp.o[0m
[9.297s] [ 50%] [32m[1mLinking CXX shared library libvelodyne_laserscan.so[0m
[9.714s] [ 50%] Built target velodyne_laserscan
[9.733s] [ 75%] [32mBuilding CXX object CMakeFiles/velodyne_laserscan_node.dir/src/node.cpp.o[0m
[12.251s] [100%] [32m[1mLinking CXX executable velodyne_laserscan_node[0m
[12.417s] [100%] Built target velodyne_laserscan_node
