[0.817s] Invoking command in '/home/dexter/ROS2/FilterCam/src/filtered_pointcloud_pkg': DEBUGINFOD_URLS=https://debuginfod.ubuntu.com PYTHONPATH=/home/dexter/ROS2/FilterCam/build/filtered_pointcloud_pkg/prefix_override:/usr/lib/python3/dist-packages/colcon_core/task/python/colcon_distutils_commands:/home/dexter/ROS2/FilterCam/install/filtered_pointcloud_pkg/lib/python3.12/site-packages:${PYTHONPATH} /usr/bin/python3 -W ignore:setup.py install is deprecated -W ignore:easy_install command is deprecated setup.py egg_info --egg-base ../../build/filtered_pointcloud_pkg build --build-base /home/dexter/ROS2/FilterCam/build/filtered_pointcloud_pkg/build install --record /home/dexter/ROS2/FilterCam/build/filtered_pointcloud_pkg/install.log --single-version-externally-managed install_data
[1.042s] running egg_info
[1.059s] writing ../../build/filtered_pointcloud_pkg/filtered_pointcloud_pkg.egg-info/PKG-INFO
[1.059s] writing dependency_links to ../../build/filtered_pointcloud_pkg/filtered_pointcloud_pkg.egg-info/dependency_links.txt
[1.059s] writing entry points to ../../build/filtered_pointcloud_pkg/filtered_pointcloud_pkg.egg-info/entry_points.txt
[1.059s] writing requirements to ../../build/filtered_pointcloud_pkg/filtered_pointcloud_pkg.egg-info/requires.txt
[1.059s] writing top-level names to ../../build/filtered_pointcloud_pkg/filtered_pointcloud_pkg.egg-info/top_level.txt
[1.093s] reading manifest file '../../build/filtered_pointcloud_pkg/filtered_pointcloud_pkg.egg-info/SOURCES.txt'
[1.094s] writing manifest file '../../build/filtered_pointcloud_pkg/filtered_pointcloud_pkg.egg-info/SOURCES.txt'
[1.094s] running build
[1.094s] running build_py
[1.094s] running install
[1.099s] running install_lib
[1.117s] running install_data
[1.118s] running install_egg_info
[1.135s] removing '/home/dexter/ROS2/FilterCam/install/filtered_pointcloud_pkg/lib/python3.12/site-packages/filtered_pointcloud_pkg-0.0.0-py3.12.egg-info' (and everything under it)
[1.136s] Copying ../../build/filtered_pointcloud_pkg/filtered_pointcloud_pkg.egg-info to /home/dexter/ROS2/FilterCam/install/filtered_pointcloud_pkg/lib/python3.12/site-packages/filtered_pointcloud_pkg-0.0.0-py3.12.egg-info
[1.136s] running install_scripts
[1.256s] Installing threshold_node script to /home/dexter/ROS2/FilterCam/install/filtered_pointcloud_pkg/lib/filtered_pointcloud_pkg
[1.257s] writing list of installed files to '/home/dexter/ROS2/FilterCam/build/filtered_pointcloud_pkg/install.log'
[1.275s] Invoked command in '/home/dexter/ROS2/FilterCam/src/filtered_pointcloud_pkg' returned '0': DEBUGINFOD_URLS=https://debuginfod.ubuntu.com PYTHONPATH=/home/dexter/ROS2/FilterCam/build/filtered_pointcloud_pkg/prefix_override:/usr/lib/python3/dist-packages/colcon_core/task/python/colcon_distutils_commands:/home/dexter/ROS2/FilterCam/install/filtered_pointcloud_pkg/lib/python3.12/site-packages:${PYTHONPATH} /usr/bin/python3 -W ignore:setup.py install is deprecated -W ignore:easy_install command is deprecated setup.py egg_info --egg-base ../../build/filtered_pointcloud_pkg build --build-base /home/dexter/ROS2/FilterCam/build/filtered_pointcloud_pkg/build install --record /home/dexter/ROS2/FilterCam/build/filtered_pointcloud_pkg/install.log --single-version-externally-managed install_data
