[0.982s] Invoking command in '/home/dexter/ROS2/FilterCam/build/filterwheel': DEBUGINFOD_URLS=https://debuginfod.ubuntu.com PYTHONPATH=/home/dexter/ROS2/FilterCam/build/filterwheel/prefix_override:/usr/lib/python3/dist-packages/colcon_core/task/python/colcon_distutils_commands:/home/dexter/ROS2/FilterCam/install/filterwheel/lib/python3.12/site-packages:${PYTHONPATH} /usr/bin/python3 -W ignore:setup.py install is deprecated -W ignore:easy_install command is deprecated setup.py develop --editable --build-directory /home/dexter/ROS2/FilterCam/build/filterwheel/build --no-deps symlink_data
[1.265s] running develop
[1.452s] running egg_info
[1.452s] creating filterwheel.egg-info
[1.468s] writing filterwheel.egg-info/PKG-INFO
[1.469s] writing dependency_links to filterwheel.egg-info/dependency_links.txt
[1.469s] writing requirements to filterwheel.egg-info/requires.txt
[1.469s] writing top-level names to filterwheel.egg-info/top_level.txt
[1.469s] writing manifest file 'filterwheel.egg-info/SOURCES.txt'
[1.504s] reading manifest file 'filterwheel.egg-info/SOURCES.txt'
[1.504s] writing manifest file 'filterwheel.egg-info/SOURCES.txt'
[1.523s] running build_ext
[1.524s] Creating /home/dexter/ROS2/FilterCam/install/filterwheel/lib/python3.12/site-packages/filterwheel.egg-link (link to .)
[1.524s] 
[1.524s] Installed /home/dexter/ROS2/FilterCam/build/filterwheel
[1.525s] running symlink_data
[1.525s] creating /home/dexter/ROS2/FilterCam/install/filterwheel/share/ament_index
[1.525s] creating /home/dexter/ROS2/FilterCam/install/filterwheel/share/ament_index/resource_index
[1.525s] creating /home/dexter/ROS2/FilterCam/install/filterwheel/share/ament_index/resource_index/packages
[1.525s] symbolically linking /home/dexter/ROS2/FilterCam/build/filterwheel/resource/filterwheel -> /home/dexter/ROS2/FilterCam/install/filterwheel/share/ament_index/resource_index/packages
[1.525s] symbolically linking /home/dexter/ROS2/FilterCam/build/filterwheel/package.xml -> /home/dexter/ROS2/FilterCam/install/filterwheel/share/filterwheel
[1.550s] Invoked command in '/home/dexter/ROS2/FilterCam/build/filterwheel' returned '0': DEBUGINFOD_URLS=https://debuginfod.ubuntu.com PYTHONPATH=/home/dexter/ROS2/FilterCam/build/filterwheel/prefix_override:/usr/lib/python3/dist-packages/colcon_core/task/python/colcon_distutils_commands:/home/dexter/ROS2/FilterCam/install/filterwheel/lib/python3.12/site-packages:${PYTHONPATH} /usr/bin/python3 -W ignore:setup.py install is deprecated -W ignore:easy_install command is deprecated setup.py develop --editable --build-directory /home/dexter/ROS2/FilterCam/build/filterwheel/build --no-deps symlink_data
