[0.095s] [34mcolcon[0m [1;30mDEBUG[0m [32mCommand line arguments: ['/usr/bin/colcon', 'build', '--packages-select', 'package_launcher', '--symlink-install'][0m
[0.095s] [34mcolcon[0m [1;30mDEBUG[0m [32mParsed command line arguments: Namespace(log_base=None, log_level=None, verb_name='build', build_base='build', install_base='install', merge_install=False, symlink_install=True, test_result_base=None, continue_on_error=False, executor='parallel', parallel_workers=24, event_handlers=None, ignore_user_meta=False, metas=['./colcon.meta'], base_paths=['.'], packages_ignore=None, packages_ignore_regex=None, paths=None, packages_up_to=None, packages_up_to_regex=None, packages_above=None, packages_above_and_dependencies=None, packages_above_depth=None, packages_select_by_dep=None, packages_skip_by_dep=None, packages_skip_up_to=None, packages_select_build_failed=False, packages_skip_build_finished=False, packages_select_test_failures=False, packages_skip_test_passed=False, packages_select=['package_launcher'], packages_skip=None, packages_select_regex=None, packages_skip_regex=None, packages_start=None, packages_end=None, allow_overriding=[], cmake_args=None, cmake_target=None, cmake_target_skip_unavailable=False, cmake_clean_cache=False, cmake_clean_first=False, cmake_force_configure=False, ament_cmake_args=None, catkin_cmake_args=None, catkin_skip_building_tests=False, mixin_files=None, mixin=None, verb_parser=<colcon_mixin.mixin.mixin_argument.MixinArgumentDecorator object at 0x722af444dd90>, verb_extension=<colcon_core.verb.build.BuildVerb object at 0x722af444cc20>, main=<bound method BuildVerb.main of <colcon_core.verb.build.BuildVerb object at 0x722af444cc20>>, mixin_verb=('build',))[0m
[0.129s] [34mcolcon.colcon_core.package_discovery[0m [1;30mLevel 1[0m discover_packages(colcon_meta) check parameters
[0.129s] [34mcolcon.colcon_core.package_discovery[0m [1;30mLevel 1[0m discover_packages(recursive) check parameters
[0.129s] [34mcolcon.colcon_core.package_discovery[0m [1;30mLevel 1[0m discover_packages(ignore) check parameters
[0.129s] [34mcolcon.colcon_core.package_discovery[0m [1;30mLevel 1[0m discover_packages(path) check parameters
[0.129s] [34mcolcon.colcon_core.package_discovery[0m [1;30mLevel 1[0m discover_packages(colcon_meta) discover
[0.129s] [34mcolcon.colcon_core.package_discovery[0m [1;30mLevel 1[0m discover_packages(recursive) discover
[0.129s] [34mcolcon.colcon_core.package_discovery[0m [1;30mINFO[0m Crawling recursively for packages in '/home/dexter/ROS2/CamLidarCalib/src/package_launcher'
[0.129s] [34mcolcon.colcon_core.package_identification[0m [1;30mLevel 1[0m _identify(.) by extensions ['ignore', 'ignore_ament_install']
[0.129s] [34mcolcon.colcon_core.package_identification[0m [1;30mLevel 1[0m _identify(.) by extension 'ignore'
[0.129s] [34mcolcon.colcon_core.package_identification[0m [1;30mLevel 1[0m _identify(.) by extension 'ignore_ament_install'
[0.129s] [34mcolcon.colcon_core.package_identification[0m [1;30mLevel 1[0m _identify(.) by extensions ['colcon_pkg']
[0.130s] [34mcolcon.colcon_core.package_identification[0m [1;30mLevel 1[0m _identify(.) by extension 'colcon_pkg'
[0.130s] [34mcolcon.colcon_core.package_identification[0m [1;30mLevel 1[0m _identify(.) by extensions ['colcon_meta']
[0.130s] [34mcolcon.colcon_core.package_identification[0m [1;30mLevel 1[0m _identify(.) by extension 'colcon_meta'
[0.130s] [34mcolcon.colcon_core.package_identification[0m [1;30mLevel 1[0m _identify(.) by extensions ['ros']
[0.130s] [34mcolcon.colcon_core.package_identification[0m [1;30mLevel 1[0m _identify(.) by extension 'ros'
[0.150s] [34mcolcon.colcon_core.package_identification[0m [1;30mDEBUG[0m [32mPackage '.' with type 'ros.ament_python' and name 'package_launcher'[0m
[0.150s] [34mcolcon.colcon_core.package_discovery[0m [1;30mLevel 1[0m discover_packages(recursive) using defaults
[0.150s] [34mcolcon.colcon_core.package_discovery[0m [1;30mLevel 1[0m discover_packages(ignore) discover
[0.150s] [34mcolcon.colcon_core.package_discovery[0m [1;30mLevel 1[0m discover_packages(ignore) using defaults
[0.150s] [34mcolcon.colcon_core.package_discovery[0m [1;30mLevel 1[0m discover_packages(path) discover
[0.150s] [34mcolcon.colcon_core.package_discovery[0m [1;30mLevel 1[0m discover_packages(path) using defaults
[0.161s] [34mcolcon.colcon_core.package_discovery[0m [1;30mLevel 1[0m discover_packages(prefix_path) check parameters
[0.162s] [34mcolcon.colcon_core.package_discovery[0m [1;30mLevel 1[0m discover_packages(prefix_path) discover
[0.163s] [34mcolcon.colcon_installed_package_information.package_discovery[0m [1;30mDEBUG[0m [32mFound 1 installed packages in /home/dexter/ROS2/CamLidarCalib/src/package_launcher/install[0m
[0.164s] [34mcolcon.colcon_installed_package_information.package_discovery[0m [1;30mDEBUG[0m [32mFound 18 installed packages in /home/dexter/ROS2/CamLidarCalib/install[0m
[0.165s] [34mcolcon.colcon_installed_package_information.package_discovery[0m [1;30mDEBUG[0m [32mFound 299 installed packages in /opt/ros/jazzy[0m
[0.167s] [34mcolcon.colcon_core.package_discovery[0m [1;30mLevel 1[0m discover_packages(prefix_path) using defaults
[0.204s] [34mcolcon.colcon_core.verb[0m [1;30mLevel 5[0m set package 'package_launcher' build argument 'cmake_args' from command line to 'None'
[0.204s] [34mcolcon.colcon_core.verb[0m [1;30mLevel 5[0m set package 'package_launcher' build argument 'cmake_target' from command line to 'None'
[0.204s] [34mcolcon.colcon_core.verb[0m [1;30mLevel 5[0m set package 'package_launcher' build argument 'cmake_target_skip_unavailable' from command line to 'False'
[0.204s] [34mcolcon.colcon_core.verb[0m [1;30mLevel 5[0m set package 'package_launcher' build argument 'cmake_clean_cache' from command line to 'False'
[0.204s] [34mcolcon.colcon_core.verb[0m [1;30mLevel 5[0m set package 'package_launcher' build argument 'cmake_clean_first' from command line to 'False'
[0.204s] [34mcolcon.colcon_core.verb[0m [1;30mLevel 5[0m set package 'package_launcher' build argument 'cmake_force_configure' from command line to 'False'
[0.204s] [34mcolcon.colcon_core.verb[0m [1;30mLevel 5[0m set package 'package_launcher' build argument 'ament_cmake_args' from command line to 'None'
[0.204s] [34mcolcon.colcon_core.verb[0m [1;30mLevel 5[0m set package 'package_launcher' build argument 'catkin_cmake_args' from command line to 'None'
[0.204s] [34mcolcon.colcon_core.verb[0m [1;30mLevel 5[0m set package 'package_launcher' build argument 'catkin_skip_building_tests' from command line to 'False'
[0.204s] [34mcolcon.colcon_core.verb[0m [1;30mDEBUG[0m [32mBuilding package 'package_launcher' with the following arguments: {'ament_cmake_args': None, 'build_base': '/home/dexter/ROS2/CamLidarCalib/src/package_launcher/build/package_launcher', 'catkin_cmake_args': None, 'catkin_skip_building_tests': False, 'cmake_args': None, 'cmake_clean_cache': False, 'cmake_clean_first': False, 'cmake_force_configure': False, 'cmake_target': None, 'cmake_target_skip_unavailable': False, 'install_base': '/home/dexter/ROS2/CamLidarCalib/src/package_launcher/install/package_launcher', 'merge_install': False, 'path': '/home/dexter/ROS2/CamLidarCalib/src/package_launcher', 'symlink_install': True, 'test_result_base': None}[0m
[0.205s] [34mcolcon.colcon_core.executor[0m [1;30mINFO[0m Executing jobs using 'parallel' executor
[0.205s] [34mcolcon.colcon_parallel_executor.executor.parallel[0m [1;30mDEBUG[0m [32mrun_until_complete[0m
[0.206s] [34mcolcon.colcon_ros.task.ament_python.build[0m [1;30mINFO[0m Building ROS package in '/home/dexter/ROS2/CamLidarCalib/src/package_launcher' with build type 'ament_python'
[0.206s] [34mcolcon.colcon_core.shell[0m [1;30mLevel 1[0m create_environment_hook('package_launcher', 'ament_prefix_path')
[0.208s] [34mcolcon.colcon_core.plugin_system[0m [1;30mINFO[0m Skipping extension 'colcon_core.shell.bat': Not used on non-Windows systems
[0.208s] [34mcolcon.colcon_core.shell[0m [1;30mINFO[0m Creating environment hook '/home/dexter/ROS2/CamLidarCalib/src/package_launcher/install/package_launcher/share/package_launcher/hook/ament_prefix_path.ps1'
[0.209s] [34mcolcon.colcon_core.shell[0m [1;30mINFO[0m Creating environment descriptor '/home/dexter/ROS2/CamLidarCalib/src/package_launcher/install/package_launcher/share/package_launcher/hook/ament_prefix_path.dsv'
[0.209s] [34mcolcon.colcon_core.shell[0m [1;30mINFO[0m Creating environment hook '/home/dexter/ROS2/CamLidarCalib/src/package_launcher/install/package_launcher/share/package_launcher/hook/ament_prefix_path.sh'
[0.209s] [34mcolcon.colcon_core.shell[0m [1;30mINFO[0m Skip shell extension 'powershell' for command environment: Not usable outside of PowerShell
[0.209s] [34mcolcon.colcon_core.shell[0m [1;30mDEBUG[0m [32mSkip shell extension 'dsv' for command environment[0m
[0.402s] [34mcolcon.colcon_core.task.python.build[0m [1;30mINFO[0m Building Python package in '/home/dexter/ROS2/CamLidarCalib/src/package_launcher'
[0.402s] [34mcolcon.colcon_core.shell[0m [1;30mINFO[0m Skip shell extension 'powershell' for command environment: Not usable outside of PowerShell
[0.402s] [34mcolcon.colcon_core.shell[0m [1;30mDEBUG[0m [32mSkip shell extension 'dsv' for command environment[0m
[0.943s] [34mcolcon.colcon_core.event_handler.log_command[0m [1;30mDEBUG[0m [32mInvoking command in '/home/dexter/ROS2/CamLidarCalib/src/package_launcher/build/package_launcher': DEBUGINFOD_URLS=https://debuginfod.ubuntu.com PYTHONPATH=/home/dexter/ROS2/CamLidarCalib/src/package_launcher/build/package_launcher/prefix_override:/usr/lib/python3/dist-packages/colcon_core/task/python/colcon_distutils_commands:/home/dexter/ROS2/CamLidarCalib/src/package_launcher/install/package_launcher/lib/python3.12/site-packages:${PYTHONPATH} /usr/bin/python3 -W ignore:setup.py install is deprecated -W ignore:easy_install command is deprecated setup.py develop --editable --build-directory /home/dexter/ROS2/CamLidarCalib/src/package_launcher/build/package_launcher/build --no-deps symlink_data[0m
[1.570s] [34mcolcon.colcon_core.shell[0m [1;30mLevel 1[0m create_environment_hook('package_launcher', 'pythonpath_develop')
[1.570s] [34mcolcon.colcon_core.shell[0m [1;30mINFO[0m Creating environment hook '/home/dexter/ROS2/CamLidarCalib/src/package_launcher/build/package_launcher/share/package_launcher/hook/pythonpath_develop.ps1'
[1.571s] [34mcolcon.colcon_core.event_handler.log_command[0m [1;30mDEBUG[0m [32mInvoked command in '/home/dexter/ROS2/CamLidarCalib/src/package_launcher/build/package_launcher' returned '0': DEBUGINFOD_URLS=https://debuginfod.ubuntu.com PYTHONPATH=/home/dexter/ROS2/CamLidarCalib/src/package_launcher/build/package_launcher/prefix_override:/usr/lib/python3/dist-packages/colcon_core/task/python/colcon_distutils_commands:/home/dexter/ROS2/CamLidarCalib/src/package_launcher/install/package_launcher/lib/python3.12/site-packages:${PYTHONPATH} /usr/bin/python3 -W ignore:setup.py install is deprecated -W ignore:easy_install command is deprecated setup.py develop --editable --build-directory /home/dexter/ROS2/CamLidarCalib/src/package_launcher/build/package_launcher/build --no-deps symlink_data[0m
[1.572s] [34mcolcon.colcon_core.shell[0m [1;30mINFO[0m Creating environment descriptor '/home/dexter/ROS2/CamLidarCalib/src/package_launcher/build/package_launcher/share/package_launcher/hook/pythonpath_develop.dsv'
[1.572s] [34mcolcon.colcon_core.shell[0m [1;30mINFO[0m Creating environment hook '/home/dexter/ROS2/CamLidarCalib/src/package_launcher/build/package_launcher/share/package_launcher/hook/pythonpath_develop.sh'
[1.576s] [34mcolcon.colcon_core.environment[0m [1;30mLevel 1[0m checking '/home/dexter/ROS2/CamLidarCalib/src/package_launcher/install/package_launcher' for CMake module files
[1.577s] [34mcolcon.colcon_core.environment[0m [1;30mLevel 1[0m checking '/home/dexter/ROS2/CamLidarCalib/src/package_launcher/install/package_launcher' for CMake config files
[1.578s] [34mcolcon.colcon_core.environment[0m [1;30mLevel 1[0m checking '/home/dexter/ROS2/CamLidarCalib/src/package_launcher/install/package_launcher/lib'
[1.578s] [34mcolcon.colcon_core.environment[0m [1;30mLevel 1[0m checking '/home/dexter/ROS2/CamLidarCalib/src/package_launcher/install/package_launcher/bin'
[1.578s] [34mcolcon.colcon_core.environment[0m [1;30mLevel 1[0m checking '/home/dexter/ROS2/CamLidarCalib/src/package_launcher/install/package_launcher/lib/pkgconfig/package_launcher.pc'
[1.578s] [34mcolcon.colcon_core.environment[0m [1;30mLevel 1[0m checking '/home/dexter/ROS2/CamLidarCalib/src/package_launcher/install/package_launcher/lib/python3.12/site-packages'
[1.579s] [34mcolcon.colcon_core.shell[0m [1;30mLevel 1[0m create_environment_hook('package_launcher', 'pythonpath')
[1.579s] [34mcolcon.colcon_core.shell[0m [1;30mINFO[0m Creating environment hook '/home/dexter/ROS2/CamLidarCalib/src/package_launcher/install/package_launcher/share/package_launcher/hook/pythonpath.ps1'
[1.579s] [34mcolcon.colcon_core.shell[0m [1;30mINFO[0m Creating environment descriptor '/home/dexter/ROS2/CamLidarCalib/src/package_launcher/install/package_launcher/share/package_launcher/hook/pythonpath.dsv'
[1.580s] [34mcolcon.colcon_core.shell[0m [1;30mINFO[0m Creating environment hook '/home/dexter/ROS2/CamLidarCalib/src/package_launcher/install/package_launcher/share/package_launcher/hook/pythonpath.sh'
[1.580s] [34mcolcon.colcon_core.environment[0m [1;30mLevel 1[0m checking '/home/dexter/ROS2/CamLidarCalib/src/package_launcher/install/package_launcher/bin'
[1.581s] [34mcolcon.colcon_core.environment[0m [1;30mLevel 1[0m create_environment_scripts_only(package_launcher)
[1.581s] [34mcolcon.colcon_core.shell[0m [1;30mINFO[0m Creating package script '/home/dexter/ROS2/CamLidarCalib/src/package_launcher/install/package_launcher/share/package_launcher/package.ps1'
[1.582s] [34mcolcon.colcon_core.shell[0m [1;30mINFO[0m Creating package descriptor '/home/dexter/ROS2/CamLidarCalib/src/package_launcher/install/package_launcher/share/package_launcher/package.dsv'
[1.583s] [34mcolcon.colcon_core.shell[0m [1;30mINFO[0m Creating package script '/home/dexter/ROS2/CamLidarCalib/src/package_launcher/install/package_launcher/share/package_launcher/package.sh'
[1.584s] [34mcolcon.colcon_core.shell[0m [1;30mINFO[0m Creating package script '/home/dexter/ROS2/CamLidarCalib/src/package_launcher/install/package_launcher/share/package_launcher/package.bash'
[1.585s] [34mcolcon.colcon_core.shell[0m [1;30mINFO[0m Creating package script '/home/dexter/ROS2/CamLidarCalib/src/package_launcher/install/package_launcher/share/package_launcher/package.zsh'
[1.585s] [34mcolcon.colcon_core.environment[0m [1;30mLevel 1[0m create_file_with_runtime_dependencies(/home/dexter/ROS2/CamLidarCalib/src/package_launcher/install/package_launcher/share/colcon-core/packages/package_launcher)
[1.586s] [34mcolcon.colcon_parallel_executor.executor.parallel[0m [1;30mDEBUG[0m [32mclosing loop[0m
[1.586s] [34mcolcon.colcon_parallel_executor.executor.parallel[0m [1;30mDEBUG[0m [32mloop closed[0m
[1.586s] [34mcolcon.colcon_parallel_executor.executor.parallel[0m [1;30mDEBUG[0m [32mrun_until_complete finished with '0'[0m
[1.586s] [34mcolcon.colcon_core.event_reactor[0m [1;30mDEBUG[0m [32mjoining thread[0m
[1.595s] [34mcolcon.colcon_core.plugin_system[0m [1;30mINFO[0m Skipping extension 'colcon_notification.desktop_notification.terminal_notifier': Not used on non-Darwin systems
[1.595s] [34mcolcon.colcon_core.plugin_system[0m [1;30mINFO[0m Skipping extension 'colcon_notification.desktop_notification.win32': Not used on non-Windows systems
[1.595s] [34mcolcon.colcon_notification.desktop_notification[0m [1;30mINFO[0m Sending desktop notification using 'notify2'
[1.616s] [34mcolcon.colcon_core.event_reactor[0m [1;30mDEBUG[0m [32mjoined thread[0m
[1.616s] [34mcolcon.colcon_core.shell[0m [1;30mINFO[0m Creating prefix script '/home/dexter/ROS2/CamLidarCalib/src/package_launcher/install/local_setup.ps1'
[1.617s] [34mcolcon.colcon_core.shell[0m [1;30mINFO[0m Creating prefix util module '/home/dexter/ROS2/CamLidarCalib/src/package_launcher/install/_local_setup_util_ps1.py'
[1.619s] [34mcolcon.colcon_core.shell[0m [1;30mINFO[0m Creating prefix chain script '/home/dexter/ROS2/CamLidarCalib/src/package_launcher/install/setup.ps1'
[1.621s] [34mcolcon.colcon_core.shell[0m [1;30mINFO[0m Creating prefix script '/home/dexter/ROS2/CamLidarCalib/src/package_launcher/install/local_setup.sh'
[1.622s] [34mcolcon.colcon_core.shell[0m [1;30mINFO[0m Creating prefix util module '/home/dexter/ROS2/CamLidarCalib/src/package_launcher/install/_local_setup_util_sh.py'
[1.623s] [34mcolcon.colcon_core.shell[0m [1;30mINFO[0m Creating prefix chain script '/home/dexter/ROS2/CamLidarCalib/src/package_launcher/install/setup.sh'
[1.625s] [34mcolcon.colcon_core.shell[0m [1;30mINFO[0m Creating prefix script '/home/dexter/ROS2/CamLidarCalib/src/package_launcher/install/local_setup.bash'
[1.626s] [34mcolcon.colcon_core.shell[0m [1;30mINFO[0m Creating prefix chain script '/home/dexter/ROS2/CamLidarCalib/src/package_launcher/install/setup.bash'
[1.628s] [34mcolcon.colcon_core.shell[0m [1;30mINFO[0m Creating prefix script '/home/dexter/ROS2/CamLidarCalib/src/package_launcher/install/local_setup.zsh'
[1.629s] [34mcolcon.colcon_core.shell[0m [1;30mINFO[0m Creating prefix chain script '/home/dexter/ROS2/CamLidarCalib/src/package_launcher/install/setup.zsh'
