-- Found ament_cmake_ros: 0.12.0 (/opt/ros/jazzy/share/ament_cmake_ros/cmake)
-- Override CMake install command with custom implementation using symlinks instead of copying resources
-- Found rclcpp: 28.1.11 (/opt/ros/jazzy/share/rclcpp/cmake)
-- Found rosidl_generator_c: 4.6.6 (/opt/ros/jazzy/share/rosidl_generator_c/cmake)
-- Found rosidl_generator_cpp: 4.6.6 (/opt/ros/jazzy/share/rosidl_generator_cpp/cmake)
-- Using all available rosidl_typesupport_c: rosidl_typesupport_fastrtps_c;rosidl_typesupport_introspection_c
-- Using all available rosidl_typesupport_cpp: rosidl_typesupport_fastrtps_cpp;rosidl_typesupport_introspection_cpp
-- Found rmw_implementation_cmake: 7.3.2 (/opt/ros/jazzy/share/rmw_implementation_cmake/cmake)
-- Found rmw_fastrtps_cpp: 8.4.3 (/opt/ros/jazzy/share/rmw_fastrtps_cpp/cmake)
-- Using RMW implementation 'rmw_fastrtps_cpp' as default
-- Found rclcpp_components: 28.1.11 (/opt/ros/jazzy/share/rclcpp_components/cmake)
-- Found sensor_msgs: 5.3.6 (/opt/ros/jazzy/share/sensor_msgs/cmake)
-- Found ament_lint_auto: 0.17.3 (/opt/ros/jazzy/share/ament_lint_auto/cmake)
-- Added test 'copyright' to check source files copyright and LICENSE
-- Added test 'cppcheck' to perform static code analysis on C / C++ code
-- Configured cppcheck include dirs: $<BUILD_INTERFACE:/home/dexter/ROS2/FilterCam/src/velodyne/velodyne_laserscan/include>
-- Configured cppcheck exclude dirs and/or files: 
-- Added test 'cpplint' to check C / C++ code against the Google style
-- Configured cpplint exclude dirs and/or files: 
-- Added test 'flake8' to check Python code syntax and style conventions
-- Configured 'flake8' exclude dirs and/or files: 
-- Added test 'lint_cmake' to check CMake code style
-- Added test 'pep257' to check Python code against some of the docstring style conventions in PEP 257
-- Added test 'uncrustify' to check C / C++ code style
-- Configured uncrustify additional arguments: 
-- Added test 'xmllint' to check XML markup files
-- Configuring done (0.9s)
-- Generating done (0.0s)
-- Build files have been written to: /home/dexter/ROS2/FilterCam/build/velodyne_laserscan
[ 50%] Built target velodyne_laserscan
[100%] Built target velodyne_laserscan_node
-- Install configuration: "Debug"
-- Execute custom install script
-- Up-to-date symlink: /home/dexter/ROS2/FilterCam/install/velodyne_laserscan/lib/velodyne_laserscan/velodyne_laserscan_node
-- Up-to-date symlink: /home/dexter/ROS2/FilterCam/install/velodyne_laserscan/include/velodyne_laserscan/velodyne_laserscan.hpp
-- Up-to-date symlink: /home/dexter/ROS2/FilterCam/install/velodyne_laserscan/share/velodyne_laserscan/config/default-velodyne_laserscan_node-params.yaml
-- Up-to-date symlink: /home/dexter/ROS2/FilterCam/install/velodyne_laserscan/share/velodyne_laserscan/launch/velodyne_laserscan_node-composed-launch.py
-- Up-to-date symlink: /home/dexter/ROS2/FilterCam/install/velodyne_laserscan/share/velodyne_laserscan/launch/velodyne_laserscan_node-launch.py
-- Up-to-date symlink: /home/dexter/ROS2/FilterCam/install/velodyne_laserscan/share/ament_index/resource_index/package_run_dependencies/velodyne_laserscan
-- Up-to-date symlink: /home/dexter/ROS2/FilterCam/install/velodyne_laserscan/share/ament_index/resource_index/parent_prefix_path/velodyne_laserscan
-- Up-to-date symlink: /home/dexter/ROS2/FilterCam/install/velodyne_laserscan/share/velodyne_laserscan/environment/ament_prefix_path.sh
-- Up-to-date symlink: /home/dexter/ROS2/FilterCam/install/velodyne_laserscan/share/velodyne_laserscan/environment/ament_prefix_path.dsv
-- Up-to-date symlink: /home/dexter/ROS2/FilterCam/install/velodyne_laserscan/share/velodyne_laserscan/environment/path.sh
-- Up-to-date symlink: /home/dexter/ROS2/FilterCam/install/velodyne_laserscan/share/velodyne_laserscan/environment/path.dsv
-- Up-to-date symlink: /home/dexter/ROS2/FilterCam/install/velodyne_laserscan/share/velodyne_laserscan/local_setup.bash
-- Up-to-date symlink: /home/dexter/ROS2/FilterCam/install/velodyne_laserscan/share/velodyne_laserscan/local_setup.sh
-- Up-to-date symlink: /home/dexter/ROS2/FilterCam/install/velodyne_laserscan/share/velodyne_laserscan/local_setup.zsh
-- Up-to-date symlink: /home/dexter/ROS2/FilterCam/install/velodyne_laserscan/share/velodyne_laserscan/local_setup.dsv
-- Symlinking: /home/dexter/ROS2/FilterCam/install/velodyne_laserscan/share/velodyne_laserscan/package.dsv
-- Up-to-date symlink: /home/dexter/ROS2/FilterCam/install/velodyne_laserscan/share/ament_index/resource_index/packages/velodyne_laserscan
-- Up-to-date symlink: /home/dexter/ROS2/FilterCam/install/velodyne_laserscan/share/ament_index/resource_index/rclcpp_components/velodyne_laserscan
-- Up-to-date symlink: /home/dexter/ROS2/FilterCam/install/velodyne_laserscan/share/velodyne_laserscan/cmake/ament_cmake_export_include_directories-extras.cmake
-- Up-to-date symlink: /home/dexter/ROS2/FilterCam/install/velodyne_laserscan/share/velodyne_laserscan/cmake/ament_cmake_export_targets-extras.cmake
-- Up-to-date symlink: /home/dexter/ROS2/FilterCam/install/velodyne_laserscan/share/velodyne_laserscan/cmake/ament_cmake_export_dependencies-extras.cmake
-- Up-to-date symlink: /home/dexter/ROS2/FilterCam/install/velodyne_laserscan/share/velodyne_laserscan/cmake/velodyne_laserscanConfig.cmake
-- Up-to-date symlink: /home/dexter/ROS2/FilterCam/install/velodyne_laserscan/share/velodyne_laserscan/cmake/velodyne_laserscanConfig-version.cmake
-- Up-to-date symlink: /home/dexter/ROS2/FilterCam/install/velodyne_laserscan/share/velodyne_laserscan/package.xml
-- Up-to-date: /home/dexter/ROS2/FilterCam/install/velodyne_laserscan/lib/libvelodyne_laserscan.so
-- Up-to-date: /home/dexter/ROS2/FilterCam/install/velodyne_laserscan/share/velodyne_laserscan/cmake/velodyne_laserscanExport.cmake
-- Up-to-date: /home/dexter/ROS2/FilterCam/install/velodyne_laserscan/share/velodyne_laserscan/cmake/velodyne_laserscanExport-debug.cmake
