[0.052s] Invoking command in '/home/dexter/ROS2/FilterCam/build/velodyne_laserscan': CMAKE_PREFIX_PATH=${CMAKE_PREFIX_PATH}:/home/dexter/ROS2/FilterCam/install/package_launcher:/home/dexter/ROS2/FilterCam/install/liquidlens:/home/dexter/ROS2/FilterCam/install/filterwheel:/home/dexter/ROS2/FilterCam/install/filtered_pointcloud_pkg:/home/dexter/ROS2/FilterCam/install/empty_package:/home/dexter/ROS2/FilterCam/install/cam_director:/opt/ros/jazzy DEBUGINFOD_URLS=https://debuginfod.ubuntu.com /usr/bin/cmake --build /home/dexter/ROS2/FilterCam/build/velodyne_laserscan -- -j24 -l24
[1.072s] -- Found ament_cmake_ros: 0.12.0 (/opt/ros/jazzy/share/ament_cmake_ros/cmake)
[1.072s] -- Override CMake install command with custom implementation using symlinks instead of copying resources
[1.072s] -- Found rclcpp: 28.1.11 (/opt/ros/jazzy/share/rclcpp/cmake)
[1.073s] -- Found rosidl_generator_c: 4.6.6 (/opt/ros/jazzy/share/rosidl_generator_c/cmake)
[1.073s] -- Found rosidl_generator_cpp: 4.6.6 (/opt/ros/jazzy/share/rosidl_generator_cpp/cmake)
[1.074s] -- Using all available rosidl_typesupport_c: rosidl_typesupport_fastrtps_c;rosidl_typesupport_introspection_c
[1.074s] -- Using all available rosidl_typesupport_cpp: rosidl_typesupport_fastrtps_cpp;rosidl_typesupport_introspection_cpp
[1.074s] -- Found rmw_implementation_cmake: 7.3.2 (/opt/ros/jazzy/share/rmw_implementation_cmake/cmake)
[1.074s] -- Found rmw_fastrtps_cpp: 8.4.3 (/opt/ros/jazzy/share/rmw_fastrtps_cpp/cmake)
[1.074s] -- Using RMW implementation 'rmw_fastrtps_cpp' as default
[1.074s] -- Found rclcpp_components: 28.1.11 (/opt/ros/jazzy/share/rclcpp_components/cmake)
[1.074s] -- Found sensor_msgs: 5.3.6 (/opt/ros/jazzy/share/sensor_msgs/cmake)
[1.074s] -- Found ament_lint_auto: 0.17.3 (/opt/ros/jazzy/share/ament_lint_auto/cmake)
[1.075s] -- Added test 'copyright' to check source files copyright and LICENSE
[1.075s] -- Added test 'cppcheck' to perform static code analysis on C / C++ code
[1.075s] -- Configured cppcheck include dirs: $<BUILD_INTERFACE:/home/dexter/ROS2/FilterCam/src/velodyne/velodyne_laserscan/include>
[1.075s] -- Configured cppcheck exclude dirs and/or files: 
[1.075s] -- Added test 'cpplint' to check C / C++ code against the Google style
[1.075s] -- Configured cpplint exclude dirs and/or files: 
[1.075s] -- Added test 'flake8' to check Python code syntax and style conventions
[1.075s] -- Configured 'flake8' exclude dirs and/or files: 
[1.076s] -- Added test 'lint_cmake' to check CMake code style
[1.076s] -- Added test 'pep257' to check Python code against some of the docstring style conventions in PEP 257
[1.076s] -- Added test 'uncrustify' to check C / C++ code style
[1.076s] -- Configured uncrustify additional arguments: 
[1.076s] -- Added test 'xmllint' to check XML markup files
[1.076s] -- Configuring done (0.9s)
[1.076s] -- Generating done (0.0s)
[1.077s] -- Build files have been written to: /home/dexter/ROS2/FilterCam/build/velodyne_laserscan
[1.077s] [ 50%] Built target velodyne_laserscan
[1.103s] [100%] Built target velodyne_laserscan_node
[1.293s] Invoked command in '/home/dexter/ROS2/FilterCam/build/velodyne_laserscan' returned '0': CMAKE_PREFIX_PATH=${CMAKE_PREFIX_PATH}:/home/dexter/ROS2/FilterCam/install/package_launcher:/home/dexter/ROS2/FilterCam/install/liquidlens:/home/dexter/ROS2/FilterCam/install/filterwheel:/home/dexter/ROS2/FilterCam/install/filtered_pointcloud_pkg:/home/dexter/ROS2/FilterCam/install/empty_package:/home/dexter/ROS2/FilterCam/install/cam_director:/opt/ros/jazzy DEBUGINFOD_URLS=https://debuginfod.ubuntu.com /usr/bin/cmake --build /home/dexter/ROS2/FilterCam/build/velodyne_laserscan -- -j24 -l24
[1.305s] Invoking command in '/home/dexter/ROS2/FilterCam/build/velodyne_laserscan': CMAKE_PREFIX_PATH=${CMAKE_PREFIX_PATH}:/home/dexter/ROS2/FilterCam/install/package_launcher:/home/dexter/ROS2/FilterCam/install/liquidlens:/home/dexter/ROS2/FilterCam/install/filterwheel:/home/dexter/ROS2/FilterCam/install/filtered_pointcloud_pkg:/home/dexter/ROS2/FilterCam/install/empty_package:/home/dexter/ROS2/FilterCam/install/cam_director:/opt/ros/jazzy DEBUGINFOD_URLS=https://debuginfod.ubuntu.com /usr/bin/cmake --install /home/dexter/ROS2/FilterCam/build/velodyne_laserscan
[1.315s] -- Install configuration: "Debug"
[1.316s] -- Execute custom install script
[1.316s] -- Up-to-date symlink: /home/dexter/ROS2/FilterCam/install/velodyne_laserscan/lib/velodyne_laserscan/velodyne_laserscan_node
[1.316s] -- Up-to-date symlink: /home/dexter/ROS2/FilterCam/install/velodyne_laserscan/include/velodyne_laserscan/velodyne_laserscan.hpp
[1.317s] -- Up-to-date symlink: /home/dexter/ROS2/FilterCam/install/velodyne_laserscan/share/velodyne_laserscan/config/default-velodyne_laserscan_node-params.yaml
[1.317s] -- Up-to-date symlink: /home/dexter/ROS2/FilterCam/install/velodyne_laserscan/share/velodyne_laserscan/launch/velodyne_laserscan_node-composed-launch.py
[1.317s] -- Up-to-date symlink: /home/dexter/ROS2/FilterCam/install/velodyne_laserscan/share/velodyne_laserscan/launch/velodyne_laserscan_node-launch.py
[1.317s] -- Up-to-date symlink: /home/dexter/ROS2/FilterCam/install/velodyne_laserscan/share/ament_index/resource_index/package_run_dependencies/velodyne_laserscan
[1.318s] -- Up-to-date symlink: /home/dexter/ROS2/FilterCam/install/velodyne_laserscan/share/ament_index/resource_index/parent_prefix_path/velodyne_laserscan
[1.318s] -- Up-to-date symlink: /home/dexter/ROS2/FilterCam/install/velodyne_laserscan/share/velodyne_laserscan/environment/ament_prefix_path.sh
[1.318s] -- Up-to-date symlink: /home/dexter/ROS2/FilterCam/install/velodyne_laserscan/share/velodyne_laserscan/environment/ament_prefix_path.dsv
[1.318s] -- Up-to-date symlink: /home/dexter/ROS2/FilterCam/install/velodyne_laserscan/share/velodyne_laserscan/environment/path.sh
[1.318s] -- Up-to-date symlink: /home/dexter/ROS2/FilterCam/install/velodyne_laserscan/share/velodyne_laserscan/environment/path.dsv
[1.319s] -- Up-to-date symlink: /home/dexter/ROS2/FilterCam/install/velodyne_laserscan/share/velodyne_laserscan/local_setup.bash
[1.319s] -- Up-to-date symlink: /home/dexter/ROS2/FilterCam/install/velodyne_laserscan/share/velodyne_laserscan/local_setup.sh
[1.319s] -- Up-to-date symlink: /home/dexter/ROS2/FilterCam/install/velodyne_laserscan/share/velodyne_laserscan/local_setup.zsh
[1.319s] -- Up-to-date symlink: /home/dexter/ROS2/FilterCam/install/velodyne_laserscan/share/velodyne_laserscan/local_setup.dsv
[1.319s] -- Symlinking: /home/dexter/ROS2/FilterCam/install/velodyne_laserscan/share/velodyne_laserscan/package.dsv
[1.331s] -- Up-to-date symlink: /home/dexter/ROS2/FilterCam/install/velodyne_laserscan/share/ament_index/resource_index/packages/velodyne_laserscan
[1.331s] -- Up-to-date symlink: /home/dexter/ROS2/FilterCam/install/velodyne_laserscan/share/ament_index/resource_index/rclcpp_components/velodyne_laserscan
[1.331s] -- Up-to-date symlink: /home/dexter/ROS2/FilterCam/install/velodyne_laserscan/share/velodyne_laserscan/cmake/ament_cmake_export_include_directories-extras.cmake
[1.331s] -- Up-to-date symlink: /home/dexter/ROS2/FilterCam/install/velodyne_laserscan/share/velodyne_laserscan/cmake/ament_cmake_export_targets-extras.cmake
[1.331s] -- Up-to-date symlink: /home/dexter/ROS2/FilterCam/install/velodyne_laserscan/share/velodyne_laserscan/cmake/ament_cmake_export_dependencies-extras.cmake
[1.332s] -- Up-to-date symlink: /home/dexter/ROS2/FilterCam/install/velodyne_laserscan/share/velodyne_laserscan/cmake/velodyne_laserscanConfig.cmake
[1.332s] -- Up-to-date symlink: /home/dexter/ROS2/FilterCam/install/velodyne_laserscan/share/velodyne_laserscan/cmake/velodyne_laserscanConfig-version.cmake
[1.332s] -- Up-to-date symlink: /home/dexter/ROS2/FilterCam/install/velodyne_laserscan/share/velodyne_laserscan/package.xml
[1.334s] -- Up-to-date: /home/dexter/ROS2/FilterCam/install/velodyne_laserscan/lib/libvelodyne_laserscan.so
[1.335s] -- Up-to-date: /home/dexter/ROS2/FilterCam/install/velodyne_laserscan/share/velodyne_laserscan/cmake/velodyne_laserscanExport.cmake
[1.335s] -- Up-to-date: /home/dexter/ROS2/FilterCam/install/velodyne_laserscan/share/velodyne_laserscan/cmake/velodyne_laserscanExport-debug.cmake
[1.338s] Invoked command in '/home/dexter/ROS2/FilterCam/build/velodyne_laserscan' returned '0': CMAKE_PREFIX_PATH=${CMAKE_PREFIX_PATH}:/home/dexter/ROS2/FilterCam/install/package_launcher:/home/dexter/ROS2/FilterCam/install/liquidlens:/home/dexter/ROS2/FilterCam/install/filterwheel:/home/dexter/ROS2/FilterCam/install/filtered_pointcloud_pkg:/home/dexter/ROS2/FilterCam/install/empty_package:/home/dexter/ROS2/FilterCam/install/cam_director:/opt/ros/jazzy DEBUGINFOD_URLS=https://debuginfod.ubuntu.com /usr/bin/cmake --install /home/dexter/ROS2/FilterCam/build/velodyne_laserscan
