[0.018s] Invoking command in '/home/dexter/ROS2/FilterCam/build/velodyne_driver': CMAKE_PREFIX_PATH=/home/dexter/ROS2/FilterCam/install/velodyne_msgs:/home/dexter/ROS2/FilterCam/install/velodyne:/home/dexter/ROS2/FilterCam/install/velodyne_pointcloud:/home/dexter/ROS2/FilterCam/install/velodyne_driver:/home/dexter/ROS2/FilterCam/install/velodyne_laserscan:/opt/ros/jazzy/opt/gz_math_vendor:/opt/ros/jazzy/opt/gz_utils_vendor:/opt/ros/jazzy/opt/gz_cmake_vendor:/home/dexter/ROS2/FilterCam/install/package_launcher:/home/dexter/ROS2/FilterCam/install/liquidlens:/home/dexter/ROS2/FilterCam/install/filterwheel:/home/dexter/ROS2/FilterCam/install/filtered_pointcloud_pkg:/home/dexter/ROS2/FilterCam/install/empty_package:/home/dexter/ROS2/FilterCam/install/cam_director:/opt/ros/jazzy DEBUGINFOD_URLS=https://debuginfod.ubuntu.com LD_LIBRARY_PATH=/home/dexter/ROS2/FilterCam/install/velodyne_msgs/lib:/home/dexter/ROS2/FilterCam/install/velodyne_pointcloud/lib:/home/dexter/ROS2/FilterCam/install/velodyne_driver/lib:/home/dexter/ROS2/FilterCam/install/velodyne_laserscan/lib:/opt/ros/jazzy/opt/rviz_ogre_vendor/lib:/opt/ros/jazzy/lib/x86_64-linux-gnu:/opt/ros/jazzy/opt/gz_math_vendor/lib:/opt/ros/jazzy/opt/gz_utils_vendor/lib:/opt/ros/jazzy/opt/gz_cmake_vendor/lib:/opt/ros/jazzy/lib /usr/bin/cmake --build /home/dexter/ROS2/FilterCam/build/velodyne_driver -- -j16 -l16
[0.087s] [ 16%] Built target gtest_main
[0.088s] [ 33%] Built target gtest
[0.098s] [ 50%] Built target velodyne_input
[0.138s] [ 66%] Built target time_test
[0.140s] [ 83%] Built target velodyne_driver
[0.177s] [100%] Built target velodyne_driver_node
[0.192s] Invoked command in '/home/dexter/ROS2/FilterCam/build/velodyne_driver' returned '0': CMAKE_PREFIX_PATH=/home/dexter/ROS2/FilterCam/install/velodyne_msgs:/home/dexter/ROS2/FilterCam/install/velodyne:/home/dexter/ROS2/FilterCam/install/velodyne_pointcloud:/home/dexter/ROS2/FilterCam/install/velodyne_driver:/home/dexter/ROS2/FilterCam/install/velodyne_laserscan:/opt/ros/jazzy/opt/gz_math_vendor:/opt/ros/jazzy/opt/gz_utils_vendor:/opt/ros/jazzy/opt/gz_cmake_vendor:/home/dexter/ROS2/FilterCam/install/package_launcher:/home/dexter/ROS2/FilterCam/install/liquidlens:/home/dexter/ROS2/FilterCam/install/filterwheel:/home/dexter/ROS2/FilterCam/install/filtered_pointcloud_pkg:/home/dexter/ROS2/FilterCam/install/empty_package:/home/dexter/ROS2/FilterCam/install/cam_director:/opt/ros/jazzy DEBUGINFOD_URLS=https://debuginfod.ubuntu.com LD_LIBRARY_PATH=/home/dexter/ROS2/FilterCam/install/velodyne_msgs/lib:/home/dexter/ROS2/FilterCam/install/velodyne_pointcloud/lib:/home/dexter/ROS2/FilterCam/install/velodyne_driver/lib:/home/dexter/ROS2/FilterCam/install/velodyne_laserscan/lib:/opt/ros/jazzy/opt/rviz_ogre_vendor/lib:/opt/ros/jazzy/lib/x86_64-linux-gnu:/opt/ros/jazzy/opt/gz_math_vendor/lib:/opt/ros/jazzy/opt/gz_utils_vendor/lib:/opt/ros/jazzy/opt/gz_cmake_vendor/lib:/opt/ros/jazzy/lib /usr/bin/cmake --build /home/dexter/ROS2/FilterCam/build/velodyne_driver -- -j16 -l16
[0.193s] Invoking command in '/home/dexter/ROS2/FilterCam/build/velodyne_driver': CMAKE_PREFIX_PATH=/home/dexter/ROS2/FilterCam/install/velodyne_msgs:/home/dexter/ROS2/FilterCam/install/velodyne:/home/dexter/ROS2/FilterCam/install/velodyne_pointcloud:/home/dexter/ROS2/FilterCam/install/velodyne_driver:/home/dexter/ROS2/FilterCam/install/velodyne_laserscan:/opt/ros/jazzy/opt/gz_math_vendor:/opt/ros/jazzy/opt/gz_utils_vendor:/opt/ros/jazzy/opt/gz_cmake_vendor:/home/dexter/ROS2/FilterCam/install/package_launcher:/home/dexter/ROS2/FilterCam/install/liquidlens:/home/dexter/ROS2/FilterCam/install/filterwheel:/home/dexter/ROS2/FilterCam/install/filtered_pointcloud_pkg:/home/dexter/ROS2/FilterCam/install/empty_package:/home/dexter/ROS2/FilterCam/install/cam_director:/opt/ros/jazzy DEBUGINFOD_URLS=https://debuginfod.ubuntu.com LD_LIBRARY_PATH=/home/dexter/ROS2/FilterCam/install/velodyne_msgs/lib:/home/dexter/ROS2/FilterCam/install/velodyne_pointcloud/lib:/home/dexter/ROS2/FilterCam/install/velodyne_driver/lib:/home/dexter/ROS2/FilterCam/install/velodyne_laserscan/lib:/opt/ros/jazzy/opt/rviz_ogre_vendor/lib:/opt/ros/jazzy/lib/x86_64-linux-gnu:/opt/ros/jazzy/opt/gz_math_vendor/lib:/opt/ros/jazzy/opt/gz_utils_vendor/lib:/opt/ros/jazzy/opt/gz_cmake_vendor/lib:/opt/ros/jazzy/lib /usr/bin/cmake --install /home/dexter/ROS2/FilterCam/build/velodyne_driver
[0.203s] -- Install configuration: "Debug"
[0.204s] -- Execute custom install script
[0.204s] -- Up-to-date symlink: /home/dexter/ROS2/FilterCam/install/velodyne_driver/lib/velodyne_driver/velodyne_driver_node
[0.205s] -- Up-to-date symlink: /home/dexter/ROS2/FilterCam/install/velodyne_driver/include/velodyne_driver/driver.hpp
[0.205s] -- Up-to-date symlink: /home/dexter/ROS2/FilterCam/install/velodyne_driver/include/velodyne_driver/input.hpp
[0.205s] -- Up-to-date symlink: /home/dexter/ROS2/FilterCam/install/velodyne_driver/include/velodyne_driver/time_conversion.hpp
[0.206s] -- Up-to-date symlink: /home/dexter/ROS2/FilterCam/install/velodyne_driver/share/velodyne_driver/config/HDL32E-velodyne_driver_node-params.yaml
[0.206s] -- Up-to-date symlink: /home/dexter/ROS2/FilterCam/install/velodyne_driver/share/velodyne_driver/config/VLP16-velodyne_driver_node-params.yaml
[0.206s] -- Up-to-date symlink: /home/dexter/ROS2/FilterCam/install/velodyne_driver/share/velodyne_driver/config/VLP32C-velodyne_driver_node-params.yaml
[0.206s] -- Up-to-date symlink: /home/dexter/ROS2/FilterCam/install/velodyne_driver/share/velodyne_driver/config/VLS128-velodyne_driver_node-params.yaml
[0.207s] -- Up-to-date symlink: /home/dexter/ROS2/FilterCam/install/velodyne_driver/share/velodyne_driver/launch/velodyne_driver_node-HDL32E-launch.py
[0.207s] -- Up-to-date symlink: /home/dexter/ROS2/FilterCam/install/velodyne_driver/share/velodyne_driver/launch/velodyne_driver_node-VLP16-composed-launch.py
[0.207s] -- Up-to-date symlink: /home/dexter/ROS2/FilterCam/install/velodyne_driver/share/velodyne_driver/launch/velodyne_driver_node-VLP16-launch.py
[0.207s] -- Up-to-date symlink: /home/dexter/ROS2/FilterCam/install/velodyne_driver/share/velodyne_driver/launch/velodyne_driver_node-VLP32C-composed-launch.py
[0.207s] -- Up-to-date symlink: /home/dexter/ROS2/FilterCam/install/velodyne_driver/share/velodyne_driver/launch/velodyne_driver_node-VLP32C-launch.py
[0.208s] -- Up-to-date symlink: /home/dexter/ROS2/FilterCam/install/velodyne_driver/share/velodyne_driver/launch/velodyne_driver_node-VLS128-composed-launch.py
[0.208s] -- Up-to-date symlink: /home/dexter/ROS2/FilterCam/install/velodyne_driver/share/velodyne_driver/launch/velodyne_driver_node-VLS128-launch.py
[0.208s] -- Up-to-date symlink: /home/dexter/ROS2/FilterCam/install/velodyne_driver/lib/velodyne_driver/vdump
[0.208s] -- Up-to-date symlink: /home/dexter/ROS2/FilterCam/install/velodyne_driver/share/ament_index/resource_index/package_run_dependencies/velodyne_driver
[0.209s] -- Up-to-date symlink: /home/dexter/ROS2/FilterCam/install/velodyne_driver/share/ament_index/resource_index/parent_prefix_path/velodyne_driver
[0.209s] -- Up-to-date symlink: /home/dexter/ROS2/FilterCam/install/velodyne_driver/share/velodyne_driver/environment/ament_prefix_path.sh
[0.209s] -- Up-to-date symlink: /home/dexter/ROS2/FilterCam/install/velodyne_driver/share/velodyne_driver/environment/ament_prefix_path.dsv
[0.209s] -- Up-to-date symlink: /home/dexter/ROS2/FilterCam/install/velodyne_driver/share/velodyne_driver/environment/path.sh
[0.210s] -- Up-to-date symlink: /home/dexter/ROS2/FilterCam/install/velodyne_driver/share/velodyne_driver/environment/path.dsv
[0.210s] -- Up-to-date symlink: /home/dexter/ROS2/FilterCam/install/velodyne_driver/share/velodyne_driver/local_setup.bash
[0.210s] -- Up-to-date symlink: /home/dexter/ROS2/FilterCam/install/velodyne_driver/share/velodyne_driver/local_setup.sh
[0.211s] -- Up-to-date symlink: /home/dexter/ROS2/FilterCam/install/velodyne_driver/share/velodyne_driver/local_setup.zsh
[0.211s] -- Up-to-date symlink: /home/dexter/ROS2/FilterCam/install/velodyne_driver/share/velodyne_driver/local_setup.dsv
[0.211s] -- Symlinking: /home/dexter/ROS2/FilterCam/install/velodyne_driver/share/velodyne_driver/package.dsv
[0.222s] -- Up-to-date symlink: /home/dexter/ROS2/FilterCam/install/velodyne_driver/share/ament_index/resource_index/packages/velodyne_driver
[0.222s] -- Up-to-date symlink: /home/dexter/ROS2/FilterCam/install/velodyne_driver/share/ament_index/resource_index/rclcpp_components/velodyne_driver
[0.223s] -- Up-to-date symlink: /home/dexter/ROS2/FilterCam/install/velodyne_driver/share/velodyne_driver/cmake/ament_cmake_export_include_directories-extras.cmake
[0.223s] -- Up-to-date symlink: /home/dexter/ROS2/FilterCam/install/velodyne_driver/share/velodyne_driver/cmake/ament_cmake_export_targets-extras.cmake
[0.223s] -- Up-to-date symlink: /home/dexter/ROS2/FilterCam/install/velodyne_driver/share/velodyne_driver/cmake/ament_cmake_export_dependencies-extras.cmake
[0.223s] -- Up-to-date symlink: /home/dexter/ROS2/FilterCam/install/velodyne_driver/share/velodyne_driver/cmake/velodyne_driverConfig.cmake
[0.223s] -- Up-to-date symlink: /home/dexter/ROS2/FilterCam/install/velodyne_driver/share/velodyne_driver/cmake/velodyne_driverConfig-version.cmake
[0.224s] -- Up-to-date symlink: /home/dexter/ROS2/FilterCam/install/velodyne_driver/share/velodyne_driver/package.xml
[0.224s] -- Up-to-date: /home/dexter/ROS2/FilterCam/install/velodyne_driver/lib/libvelodyne_input.so
[0.224s] -- Up-to-date: /home/dexter/ROS2/FilterCam/install/velodyne_driver/lib/libvelodyne_driver.so
[0.225s] -- Up-to-date: /home/dexter/ROS2/FilterCam/install/velodyne_driver/share/velodyne_driver/cmake/velodyne_driverExport.cmake
[0.225s] -- Up-to-date: /home/dexter/ROS2/FilterCam/install/velodyne_driver/share/velodyne_driver/cmake/velodyne_driverExport-debug.cmake
[0.227s] Invoked command in '/home/dexter/ROS2/FilterCam/build/velodyne_driver' returned '0': CMAKE_PREFIX_PATH=/home/dexter/ROS2/FilterCam/install/velodyne_msgs:/home/dexter/ROS2/FilterCam/install/velodyne:/home/dexter/ROS2/FilterCam/install/velodyne_pointcloud:/home/dexter/ROS2/FilterCam/install/velodyne_driver:/home/dexter/ROS2/FilterCam/install/velodyne_laserscan:/opt/ros/jazzy/opt/gz_math_vendor:/opt/ros/jazzy/opt/gz_utils_vendor:/opt/ros/jazzy/opt/gz_cmake_vendor:/home/dexter/ROS2/FilterCam/install/package_launcher:/home/dexter/ROS2/FilterCam/install/liquidlens:/home/dexter/ROS2/FilterCam/install/filterwheel:/home/dexter/ROS2/FilterCam/install/filtered_pointcloud_pkg:/home/dexter/ROS2/FilterCam/install/empty_package:/home/dexter/ROS2/FilterCam/install/cam_director:/opt/ros/jazzy DEBUGINFOD_URLS=https://debuginfod.ubuntu.com LD_LIBRARY_PATH=/home/dexter/ROS2/FilterCam/install/velodyne_msgs/lib:/home/dexter/ROS2/FilterCam/install/velodyne_pointcloud/lib:/home/dexter/ROS2/FilterCam/install/velodyne_driver/lib:/home/dexter/ROS2/FilterCam/install/velodyne_laserscan/lib:/opt/ros/jazzy/opt/rviz_ogre_vendor/lib:/opt/ros/jazzy/lib/x86_64-linux-gnu:/opt/ros/jazzy/opt/gz_math_vendor/lib:/opt/ros/jazzy/opt/gz_utils_vendor/lib:/opt/ros/jazzy/opt/gz_cmake_vendor/lib:/opt/ros/jazzy/lib /usr/bin/cmake --install /home/dexter/ROS2/FilterCam/build/velodyne_driver
