[0.055s] Invoking command in '/home/dexter/ROS2/FilterCam/build/velodyne_msgs': CMAKE_PREFIX_PATH=${CMAKE_PREFIX_PATH}:/home/dexter/ROS2/FilterCam/install/package_launcher:/home/dexter/ROS2/FilterCam/install/liquidlens:/home/dexter/ROS2/FilterCam/install/filterwheel:/home/dexter/ROS2/FilterCam/install/filtered_pointcloud_pkg:/home/dexter/ROS2/FilterCam/install/empty_package:/opt/ros/jazzy DEBUGINFOD_URLS=https://debuginfod.ubuntu.com /usr/bin/cmake --build /home/dexter/ROS2/FilterCam/build/velodyne_msgs -- -j16 -l16
[1.232s] [  2%] Built target velodyne_msgs__rosidl_generator_type_description
[1.233s] [  2%] Built target ament_cmake_python_symlink_velodyne_msgs
[1.233s] [  4%] Built target velodyne_msgs__cpp
[1.233s] [ 22%] Built target velodyne_msgs__rosidl_generator_c
[1.233s] [ 29%] [32mBuilding CXX object CMakeFiles/velodyne_msgs__rosidl_typesupport_cpp.dir/rosidl_typesupport_cpp/velodyne_msgs/msg/velodyne_packet__type_support.cpp.o[0m
[1.233s] [ 34%] Built target velodyne_msgs__rosidl_typesupport_c
[1.233s] [ 36%] [32mBuilding CXX object CMakeFiles/velodyne_msgs__rosidl_typesupport_cpp.dir/rosidl_typesupport_cpp/velodyne_msgs/msg/velodyne_scan__type_support.cpp.o[0m
[1.233s] [ 38%] [32mBuilding CXX object CMakeFiles/velodyne_msgs__rosidl_typesupport_introspection_cpp.dir/rosidl_typesupport_introspection_cpp/velodyne_msgs/msg/detail/velodyne_packet__type_support.cpp.o[0m
[1.233s] [ 40%] [32mBuilding CXX object CMakeFiles/velodyne_msgs__rosidl_typesupport_introspection_cpp.dir/rosidl_typesupport_introspection_cpp/velodyne_msgs/msg/detail/velodyne_scan__type_support.cpp.o[0m
[1.233s] [ 50%] Built target velodyne_msgs__rosidl_typesupport_introspection_c
[1.234s] [ 52%] [32mBuilding CXX object CMakeFiles/velodyne_msgs__rosidl_typesupport_fastrtps_c.dir/rosidl_typesupport_fastrtps_c/velodyne_msgs/msg/detail/velodyne_packet__type_support_c.cpp.o[0m
[1.234s] [ 54%] [32mBuilding CXX object CMakeFiles/velodyne_msgs__rosidl_typesupport_fastrtps_c.dir/rosidl_typesupport_fastrtps_c/velodyne_msgs/msg/detail/velodyne_scan__type_support_c.cpp.o[0m
[1.234s] [ 56%] [32mBuilding CXX object CMakeFiles/velodyne_msgs__rosidl_typesupport_fastrtps_cpp.dir/rosidl_typesupport_fastrtps_cpp/velodyne_msgs/msg/detail/dds_fastrtps/velodyne_packet__type_support.cpp.o[0m
[1.234s] [ 59%] [32mBuilding CXX object CMakeFiles/velodyne_msgs__rosidl_typesupport_fastrtps_cpp.dir/rosidl_typesupport_fastrtps_cpp/velodyne_msgs/msg/detail/dds_fastrtps/velodyne_scan__type_support.cpp.o[0m
[1.234s] running egg_info
[1.234s] writing velodyne_msgs.egg-info/PKG-INFO
[1.234s] writing dependency_links to velodyne_msgs.egg-info/dependency_links.txt
[1.234s] writing top-level names to velodyne_msgs.egg-info/top_level.txt
[1.235s] reading manifest file 'velodyne_msgs.egg-info/SOURCES.txt'
[1.235s] writing manifest file 'velodyne_msgs.egg-info/SOURCES.txt'
[1.235s] [ 59%] Built target ament_cmake_python_build_velodyne_msgs_egg
[1.235s] [ 61%] [32m[1mLinking CXX shared library libvelodyne_msgs__rosidl_typesupport_cpp.so[0m
[1.235s] [ 63%] [32m[1mLinking CXX shared library libvelodyne_msgs__rosidl_typesupport_introspection_cpp.so[0m
[1.235s] [ 65%] Built target velodyne_msgs__rosidl_typesupport_cpp
[1.236s] [ 68%] Built target velodyne_msgs__rosidl_typesupport_introspection_cpp
[1.236s] [ 70%] [32m[1mLinking CXX shared library libvelodyne_msgs__rosidl_typesupport_fastrtps_c.so[0m
[1.236s] [ 72%] [32m[1mLinking CXX shared library libvelodyne_msgs__rosidl_typesupport_fastrtps_cpp.so[0m
[1.236s] [ 75%] Built target velodyne_msgs__rosidl_typesupport_fastrtps_c
[1.236s] [ 77%] Built target velodyne_msgs__rosidl_typesupport_fastrtps_cpp
[1.236s] [ 77%] Built target velodyne_msgs
[1.236s] [ 79%] Built target velodyne_msgs__py
[1.269s] [ 84%] [32mBuilding C object CMakeFiles/velodyne_msgs__rosidl_generator_py.dir/rosidl_generator_py/velodyne_msgs/msg/_velodyne_packet_s.c.o[0m
[1.270s] [ 84%] [32mBuilding C object CMakeFiles/velodyne_msgs__rosidl_generator_py.dir/rosidl_generator_py/velodyne_msgs/msg/_velodyne_scan_s.c.o[0m
[1.605s] [ 86%] [32m[1mLinking C shared library libvelodyne_msgs__rosidl_generator_py.so[0m
[1.677s] [ 86%] Built target velodyne_msgs__rosidl_generator_py
[1.706s] [ 88%] [32mBuilding C object CMakeFiles/velodyne_msgs_s__rosidl_typesupport_introspection_c.dir/rosidl_generator_py/velodyne_msgs/_velodyne_msgs_s.ep.rosidl_typesupport_introspection_c.c.o[0m
[1.707s] [ 90%] [32mBuilding C object CMakeFiles/velodyne_msgs_s__rosidl_typesupport_c.dir/rosidl_generator_py/velodyne_msgs/_velodyne_msgs_s.ep.rosidl_typesupport_c.c.o[0m
[1.710s] [ 93%] [32mBuilding C object CMakeFiles/velodyne_msgs_s__rosidl_typesupport_fastrtps_c.dir/rosidl_generator_py/velodyne_msgs/_velodyne_msgs_s.ep.rosidl_typesupport_fastrtps_c.c.o[0m
[1.807s] [ 95%] [32m[1mLinking C shared module rosidl_generator_py/velodyne_msgs/velodyne_msgs_s__rosidl_typesupport_introspection_c.so[0m
[1.808s] [ 97%] [32m[1mLinking C shared module rosidl_generator_py/velodyne_msgs/velodyne_msgs_s__rosidl_typesupport_c.so[0m
[1.813s] [100%] [32m[1mLinking C shared module rosidl_generator_py/velodyne_msgs/velodyne_msgs_s__rosidl_typesupport_fastrtps_c.so[0m
[1.840s] [100%] Built target velodyne_msgs_s__rosidl_typesupport_introspection_c
[1.840s] [100%] Built target velodyne_msgs_s__rosidl_typesupport_c
[1.845s] [100%] Built target velodyne_msgs_s__rosidl_typesupport_fastrtps_c
[1.858s] Invoked command in '/home/dexter/ROS2/FilterCam/build/velodyne_msgs' returned '0': CMAKE_PREFIX_PATH=${CMAKE_PREFIX_PATH}:/home/dexter/ROS2/FilterCam/install/package_launcher:/home/dexter/ROS2/FilterCam/install/liquidlens:/home/dexter/ROS2/FilterCam/install/filterwheel:/home/dexter/ROS2/FilterCam/install/filtered_pointcloud_pkg:/home/dexter/ROS2/FilterCam/install/empty_package:/opt/ros/jazzy DEBUGINFOD_URLS=https://debuginfod.ubuntu.com /usr/bin/cmake --build /home/dexter/ROS2/FilterCam/build/velodyne_msgs -- -j16 -l16
[1.870s] Invoking command in '/home/dexter/ROS2/FilterCam/build/velodyne_msgs': CMAKE_PREFIX_PATH=${CMAKE_PREFIX_PATH}:/home/dexter/ROS2/FilterCam/install/package_launcher:/home/dexter/ROS2/FilterCam/install/liquidlens:/home/dexter/ROS2/FilterCam/install/filterwheel:/home/dexter/ROS2/FilterCam/install/filtered_pointcloud_pkg:/home/dexter/ROS2/FilterCam/install/empty_package:/opt/ros/jazzy DEBUGINFOD_URLS=https://debuginfod.ubuntu.com /usr/bin/cmake --install /home/dexter/ROS2/FilterCam/build/velodyne_msgs
[1.878s] -- Install configuration: "Debug"
[1.879s] -- Execute custom install script
[1.880s] -- Up-to-date symlink: /home/dexter/ROS2/FilterCam/install/velodyne_msgs/share/ament_index/resource_index/rosidl_interfaces/velodyne_msgs
[1.880s] -- Up-to-date symlink: /home/dexter/ROS2/FilterCam/install/velodyne_msgs/share/velodyne_msgs/msg/VelodynePacket.json
[1.880s] -- Up-to-date symlink: /home/dexter/ROS2/FilterCam/install/velodyne_msgs/share/velodyne_msgs/msg/VelodyneScan.json
[1.881s] -- Up-to-date symlink: /home/dexter/ROS2/FilterCam/install/velodyne_msgs/include/velodyne_msgs/velodyne_msgs/msg/detail/velodyne_packet__functions.h
[1.881s] -- Up-to-date symlink: /home/dexter/ROS2/FilterCam/install/velodyne_msgs/include/velodyne_msgs/velodyne_msgs/msg/detail/velodyne_packet__struct.h
[1.881s] -- Up-to-date symlink: /home/dexter/ROS2/FilterCam/install/velodyne_msgs/include/velodyne_msgs/velodyne_msgs/msg/detail/velodyne_packet__type_support.h
[1.881s] -- Up-to-date symlink: /home/dexter/ROS2/FilterCam/install/velodyne_msgs/include/velodyne_msgs/velodyne_msgs/msg/detail/velodyne_scan__functions.h
[1.881s] -- Up-to-date symlink: /home/dexter/ROS2/FilterCam/install/velodyne_msgs/include/velodyne_msgs/velodyne_msgs/msg/detail/velodyne_scan__struct.h
[1.882s] -- Up-to-date symlink: /home/dexter/ROS2/FilterCam/install/velodyne_msgs/include/velodyne_msgs/velodyne_msgs/msg/detail/velodyne_scan__type_support.h
[1.882s] -- Up-to-date symlink: /home/dexter/ROS2/FilterCam/install/velodyne_msgs/include/velodyne_msgs/velodyne_msgs/msg/rosidl_generator_c__visibility_control.h
[1.882s] -- Up-to-date symlink: /home/dexter/ROS2/FilterCam/install/velodyne_msgs/include/velodyne_msgs/velodyne_msgs/msg/velodyne_packet.h
[1.882s] -- Up-to-date symlink: /home/dexter/ROS2/FilterCam/install/velodyne_msgs/include/velodyne_msgs/velodyne_msgs/msg/velodyne_scan.h
[1.882s] -- Up-to-date symlink: /home/dexter/ROS2/FilterCam/install/velodyne_msgs/share/velodyne_msgs/environment/library_path.sh
[1.883s] -- Up-to-date symlink: /home/dexter/ROS2/FilterCam/install/velodyne_msgs/share/velodyne_msgs/environment/library_path.dsv
[1.883s] -- Up-to-date symlink: /home/dexter/ROS2/FilterCam/install/velodyne_msgs/include/velodyne_msgs/velodyne_msgs/msg/detail/velodyne_packet__rosidl_typesupport_fastrtps_c.h
[1.883s] -- Up-to-date symlink: /home/dexter/ROS2/FilterCam/install/velodyne_msgs/include/velodyne_msgs/velodyne_msgs/msg/detail/velodyne_scan__rosidl_typesupport_fastrtps_c.h
[1.884s] -- Up-to-date symlink: /home/dexter/ROS2/FilterCam/install/velodyne_msgs/include/velodyne_msgs/velodyne_msgs/msg/rosidl_typesupport_fastrtps_c__visibility_control.h
[1.884s] -- Up-to-date symlink: /home/dexter/ROS2/FilterCam/install/velodyne_msgs/include/velodyne_msgs/velodyne_msgs/msg/detail/velodyne_packet__builder.hpp
[1.884s] -- Up-to-date symlink: /home/dexter/ROS2/FilterCam/install/velodyne_msgs/include/velodyne_msgs/velodyne_msgs/msg/detail/velodyne_packet__struct.hpp
[1.884s] -- Up-to-date symlink: /home/dexter/ROS2/FilterCam/install/velodyne_msgs/include/velodyne_msgs/velodyne_msgs/msg/detail/velodyne_packet__traits.hpp
[1.884s] -- Up-to-date symlink: /home/dexter/ROS2/FilterCam/install/velodyne_msgs/include/velodyne_msgs/velodyne_msgs/msg/detail/velodyne_packet__type_support.hpp
[1.885s] -- Up-to-date symlink: /home/dexter/ROS2/FilterCam/install/velodyne_msgs/include/velodyne_msgs/velodyne_msgs/msg/detail/velodyne_scan__builder.hpp
[1.885s] -- Up-to-date symlink: /home/dexter/ROS2/FilterCam/install/velodyne_msgs/include/velodyne_msgs/velodyne_msgs/msg/detail/velodyne_scan__struct.hpp
[1.885s] -- Up-to-date symlink: /home/dexter/ROS2/FilterCam/install/velodyne_msgs/include/velodyne_msgs/velodyne_msgs/msg/detail/velodyne_scan__traits.hpp
[1.886s] -- Up-to-date symlink: /home/dexter/ROS2/FilterCam/install/velodyne_msgs/include/velodyne_msgs/velodyne_msgs/msg/detail/velodyne_scan__type_support.hpp
[1.886s] -- Up-to-date symlink: /home/dexter/ROS2/FilterCam/install/velodyne_msgs/include/velodyne_msgs/velodyne_msgs/msg/rosidl_generator_cpp__visibility_control.hpp
[1.886s] -- Up-to-date symlink: /home/dexter/ROS2/FilterCam/install/velodyne_msgs/include/velodyne_msgs/velodyne_msgs/msg/velodyne_packet.hpp
[1.886s] -- Up-to-date symlink: /home/dexter/ROS2/FilterCam/install/velodyne_msgs/include/velodyne_msgs/velodyne_msgs/msg/velodyne_scan.hpp
[1.886s] -- Up-to-date symlink: /home/dexter/ROS2/FilterCam/install/velodyne_msgs/include/velodyne_msgs/velodyne_msgs/msg/detail/velodyne_packet__rosidl_typesupport_fastrtps_cpp.hpp
[1.886s] -- Up-to-date symlink: /home/dexter/ROS2/FilterCam/install/velodyne_msgs/include/velodyne_msgs/velodyne_msgs/msg/detail/velodyne_scan__rosidl_typesupport_fastrtps_cpp.hpp
[1.887s] -- Up-to-date symlink: /home/dexter/ROS2/FilterCam/install/velodyne_msgs/include/velodyne_msgs/velodyne_msgs/msg/rosidl_typesupport_fastrtps_cpp__visibility_control.h
[1.887s] -- Up-to-date symlink: /home/dexter/ROS2/FilterCam/install/velodyne_msgs/include/velodyne_msgs/velodyne_msgs/msg/detail/velodyne_packet__rosidl_typesupport_introspection_c.h
[1.887s] -- Up-to-date symlink: /home/dexter/ROS2/FilterCam/install/velodyne_msgs/include/velodyne_msgs/velodyne_msgs/msg/detail/velodyne_scan__rosidl_typesupport_introspection_c.h
[1.887s] -- Up-to-date symlink: /home/dexter/ROS2/FilterCam/install/velodyne_msgs/include/velodyne_msgs/velodyne_msgs/msg/rosidl_typesupport_introspection_c__visibility_control.h
[1.888s] -- Up-to-date symlink: /home/dexter/ROS2/FilterCam/install/velodyne_msgs/include/velodyne_msgs/velodyne_msgs/msg/detail/velodyne_packet__rosidl_typesupport_introspection_cpp.hpp
[1.888s] -- Up-to-date symlink: /home/dexter/ROS2/FilterCam/install/velodyne_msgs/include/velodyne_msgs/velodyne_msgs/msg/detail/velodyne_scan__rosidl_typesupport_introspection_cpp.hpp
[1.889s] -- Up-to-date symlink: /home/dexter/ROS2/FilterCam/install/velodyne_msgs/share/velodyne_msgs/environment/pythonpath.sh
[1.889s] -- Up-to-date symlink: /home/dexter/ROS2/FilterCam/install/velodyne_msgs/share/velodyne_msgs/environment/pythonpath.dsv
[1.889s] -- Up-to-date symlink: /home/dexter/ROS2/FilterCam/install/velodyne_msgs/lib/python3.12/site-packages/velodyne_msgs-2.5.1-py3.12.egg-info/PKG-INFO
[1.889s] -- Up-to-date symlink: /home/dexter/ROS2/FilterCam/install/velodyne_msgs/lib/python3.12/site-packages/velodyne_msgs-2.5.1-py3.12.egg-info/SOURCES.txt
[1.889s] -- Up-to-date symlink: /home/dexter/ROS2/FilterCam/install/velodyne_msgs/lib/python3.12/site-packages/velodyne_msgs-2.5.1-py3.12.egg-info/dependency_links.txt
[1.889s] -- Up-to-date symlink: /home/dexter/ROS2/FilterCam/install/velodyne_msgs/lib/python3.12/site-packages/velodyne_msgs-2.5.1-py3.12.egg-info/top_level.txt
[1.890s] -- Up-to-date symlink: /home/dexter/ROS2/FilterCam/install/velodyne_msgs/lib/python3.12/site-packages/velodyne_msgs/__init__.py
[1.890s] -- Up-to-date symlink: /home/dexter/ROS2/FilterCam/install/velodyne_msgs/lib/python3.12/site-packages/velodyne_msgs/_velodyne_msgs_s.ep.rosidl_typesupport_c.c
[1.890s] -- Up-to-date symlink: /home/dexter/ROS2/FilterCam/install/velodyne_msgs/lib/python3.12/site-packages/velodyne_msgs/_velodyne_msgs_s.ep.rosidl_typesupport_fastrtps_c.c
[1.891s] -- Up-to-date symlink: /home/dexter/ROS2/FilterCam/install/velodyne_msgs/lib/python3.12/site-packages/velodyne_msgs/_velodyne_msgs_s.ep.rosidl_typesupport_introspection_c.c
[1.891s] -- Up-to-date symlink: /home/dexter/ROS2/FilterCam/install/velodyne_msgs/lib/python3.12/site-packages/velodyne_msgs/msg/__init__.py
[1.891s] -- Up-to-date symlink: /home/dexter/ROS2/FilterCam/install/velodyne_msgs/lib/python3.12/site-packages/velodyne_msgs/msg/_velodyne_packet.py
[1.891s] -- Up-to-date symlink: /home/dexter/ROS2/FilterCam/install/velodyne_msgs/lib/python3.12/site-packages/velodyne_msgs/msg/_velodyne_packet_s.c
[1.891s] -- Up-to-date symlink: /home/dexter/ROS2/FilterCam/install/velodyne_msgs/lib/python3.12/site-packages/velodyne_msgs/msg/_velodyne_scan.py
[1.892s] -- Up-to-date symlink: /home/dexter/ROS2/FilterCam/install/velodyne_msgs/lib/python3.12/site-packages/velodyne_msgs/msg/_velodyne_scan_s.c
[1.892s] -- Up-to-date symlink: /home/dexter/ROS2/FilterCam/install/velodyne_msgs/lib/python3.12/site-packages/velodyne_msgs/velodyne_msgs_s__rosidl_typesupport_c.so
[1.892s] -- Up-to-date symlink: /home/dexter/ROS2/FilterCam/install/velodyne_msgs/lib/python3.12/site-packages/velodyne_msgs/velodyne_msgs_s__rosidl_typesupport_fastrtps_c.so
[1.892s] -- Up-to-date symlink: /home/dexter/ROS2/FilterCam/install/velodyne_msgs/lib/python3.12/site-packages/velodyne_msgs/velodyne_msgs_s__rosidl_typesupport_introspection_c.so
[1.893s] -- Up-to-date symlink: /home/dexter/ROS2/FilterCam/install/velodyne_msgs/lib/python3.12/site-packages/velodyne_msgs/velodyne_msgs_s__rosidl_typesupport_fastrtps_c.so
[1.893s] -- Up-to-date symlink: /home/dexter/ROS2/FilterCam/install/velodyne_msgs/lib/python3.12/site-packages/velodyne_msgs/velodyne_msgs_s__rosidl_typesupport_introspection_c.so
[1.894s] -- Up-to-date symlink: /home/dexter/ROS2/FilterCam/install/velodyne_msgs/lib/python3.12/site-packages/velodyne_msgs/velodyne_msgs_s__rosidl_typesupport_c.so
[1.894s] -- Up-to-date symlink: /home/dexter/ROS2/FilterCam/install/velodyne_msgs/share/velodyne_msgs/msg/VelodynePacket.idl
[1.894s] -- Up-to-date symlink: /home/dexter/ROS2/FilterCam/install/velodyne_msgs/share/velodyne_msgs/msg/VelodyneScan.idl
[1.894s] -- Up-to-date symlink: /home/dexter/ROS2/FilterCam/install/velodyne_msgs/share/velodyne_msgs/msg/VelodynePacket.msg
[1.895s] -- Up-to-date symlink: /home/dexter/ROS2/FilterCam/install/velodyne_msgs/share/velodyne_msgs/msg/VelodyneScan.msg
[1.895s] -- Up-to-date symlink: /home/dexter/ROS2/FilterCam/install/velodyne_msgs/share/ament_index/resource_index/package_run_dependencies/velodyne_msgs
[1.895s] -- Up-to-date symlink: /home/dexter/ROS2/FilterCam/install/velodyne_msgs/share/ament_index/resource_index/parent_prefix_path/velodyne_msgs
[1.895s] -- Up-to-date symlink: /home/dexter/ROS2/FilterCam/install/velodyne_msgs/share/velodyne_msgs/environment/ament_prefix_path.sh
[1.895s] -- Up-to-date symlink: /home/dexter/ROS2/FilterCam/install/velodyne_msgs/share/velodyne_msgs/environment/ament_prefix_path.dsv
[1.896s] -- Up-to-date symlink: /home/dexter/ROS2/FilterCam/install/velodyne_msgs/share/velodyne_msgs/environment/path.sh
[1.896s] -- Up-to-date symlink: /home/dexter/ROS2/FilterCam/install/velodyne_msgs/share/velodyne_msgs/environment/path.dsv
[1.896s] -- Up-to-date symlink: /home/dexter/ROS2/FilterCam/install/velodyne_msgs/share/velodyne_msgs/local_setup.bash
[1.896s] -- Up-to-date symlink: /home/dexter/ROS2/FilterCam/install/velodyne_msgs/share/velodyne_msgs/local_setup.sh
[1.896s] -- Up-to-date symlink: /home/dexter/ROS2/FilterCam/install/velodyne_msgs/share/velodyne_msgs/local_setup.zsh
[1.896s] -- Up-to-date symlink: /home/dexter/ROS2/FilterCam/install/velodyne_msgs/share/velodyne_msgs/local_setup.dsv
[1.896s] -- Symlinking: /home/dexter/ROS2/FilterCam/install/velodyne_msgs/share/velodyne_msgs/package.dsv
[1.907s] -- Up-to-date symlink: /home/dexter/ROS2/FilterCam/install/velodyne_msgs/share/ament_index/resource_index/packages/velodyne_msgs
[1.907s] -- Up-to-date symlink: /home/dexter/ROS2/FilterCam/install/velodyne_msgs/share/velodyne_msgs/cmake/rosidl_cmake-extras.cmake
[1.907s] -- Up-to-date symlink: /home/dexter/ROS2/FilterCam/install/velodyne_msgs/share/velodyne_msgs/cmake/ament_cmake_export_dependencies-extras.cmake
[1.907s] -- Up-to-date symlink: /home/dexter/ROS2/FilterCam/install/velodyne_msgs/share/velodyne_msgs/cmake/ament_cmake_export_include_directories-extras.cmake
[1.907s] -- Up-to-date symlink: /home/dexter/ROS2/FilterCam/install/velodyne_msgs/share/velodyne_msgs/cmake/ament_cmake_export_libraries-extras.cmake
[1.908s] -- Up-to-date symlink: /home/dexter/ROS2/FilterCam/install/velodyne_msgs/share/velodyne_msgs/cmake/ament_cmake_export_targets-extras.cmake
[1.908s] -- Up-to-date symlink: /home/dexter/ROS2/FilterCam/install/velodyne_msgs/share/velodyne_msgs/cmake/rosidl_cmake_export_typesupport_targets-extras.cmake
[1.908s] -- Up-to-date symlink: /home/dexter/ROS2/FilterCam/install/velodyne_msgs/share/velodyne_msgs/cmake/rosidl_cmake_export_typesupport_libraries-extras.cmake
[1.908s] -- Up-to-date symlink: /home/dexter/ROS2/FilterCam/install/velodyne_msgs/share/velodyne_msgs/cmake/velodyne_msgsConfig.cmake
[1.908s] -- Up-to-date symlink: /home/dexter/ROS2/FilterCam/install/velodyne_msgs/share/velodyne_msgs/cmake/velodyne_msgsConfig-version.cmake
[1.908s] -- Up-to-date symlink: /home/dexter/ROS2/FilterCam/install/velodyne_msgs/share/velodyne_msgs/package.xml
[1.910s] -- Up-to-date: /home/dexter/ROS2/FilterCam/install/velodyne_msgs/lib/libvelodyne_msgs__rosidl_generator_c.so
[1.911s] -- Installing: /home/dexter/ROS2/FilterCam/install/velodyne_msgs/lib/libvelodyne_msgs__rosidl_typesupport_fastrtps_c.so
[1.912s] -- Set non-toolchain portion of runtime path of "/home/dexter/ROS2/FilterCam/install/velodyne_msgs/lib/libvelodyne_msgs__rosidl_typesupport_fastrtps_c.so" to ""
[1.914s] -- Installing: /home/dexter/ROS2/FilterCam/install/velodyne_msgs/lib/libvelodyne_msgs__rosidl_typesupport_fastrtps_cpp.so
[1.915s] -- Set non-toolchain portion of runtime path of "/home/dexter/ROS2/FilterCam/install/velodyne_msgs/lib/libvelodyne_msgs__rosidl_typesupport_fastrtps_cpp.so" to ""
[1.916s] -- Up-to-date: /home/dexter/ROS2/FilterCam/install/velodyne_msgs/lib/libvelodyne_msgs__rosidl_typesupport_introspection_c.so
[1.917s] -- Up-to-date: /home/dexter/ROS2/FilterCam/install/velodyne_msgs/lib/libvelodyne_msgs__rosidl_typesupport_c.so
[1.919s] -- Installing: /home/dexter/ROS2/FilterCam/install/velodyne_msgs/lib/libvelodyne_msgs__rosidl_typesupport_introspection_cpp.so
[1.920s] -- Set non-toolchain portion of runtime path of "/home/dexter/ROS2/FilterCam/install/velodyne_msgs/lib/libvelodyne_msgs__rosidl_typesupport_introspection_cpp.so" to ""
[1.921s] -- Installing: /home/dexter/ROS2/FilterCam/install/velodyne_msgs/lib/libvelodyne_msgs__rosidl_typesupport_cpp.so
[1.922s] -- Set non-toolchain portion of runtime path of "/home/dexter/ROS2/FilterCam/install/velodyne_msgs/lib/libvelodyne_msgs__rosidl_typesupport_cpp.so" to ""
[1.963s] Listing '/home/dexter/ROS2/FilterCam/install/velodyne_msgs/lib/python3.12/site-packages/velodyne_msgs'...
[1.963s] Listing '/home/dexter/ROS2/FilterCam/install/velodyne_msgs/lib/python3.12/site-packages/velodyne_msgs/msg'...
[1.968s] -- Installing: /home/dexter/ROS2/FilterCam/install/velodyne_msgs/lib/libvelodyne_msgs__rosidl_generator_py.so
[1.969s] -- Set non-toolchain portion of runtime path of "/home/dexter/ROS2/FilterCam/install/velodyne_msgs/lib/libvelodyne_msgs__rosidl_generator_py.so" to ""
[1.970s] -- Up-to-date: /home/dexter/ROS2/FilterCam/install/velodyne_msgs/share/velodyne_msgs/cmake/export_velodyne_msgs__rosidl_generator_cExport.cmake
[1.970s] -- Up-to-date: /home/dexter/ROS2/FilterCam/install/velodyne_msgs/share/velodyne_msgs/cmake/export_velodyne_msgs__rosidl_generator_cExport-debug.cmake
[1.971s] -- Up-to-date: /home/dexter/ROS2/FilterCam/install/velodyne_msgs/share/velodyne_msgs/cmake/export_velodyne_msgs__rosidl_typesupport_fastrtps_cExport.cmake
[1.971s] -- Up-to-date: /home/dexter/ROS2/FilterCam/install/velodyne_msgs/share/velodyne_msgs/cmake/export_velodyne_msgs__rosidl_typesupport_fastrtps_cExport-debug.cmake
[1.972s] -- Up-to-date: /home/dexter/ROS2/FilterCam/install/velodyne_msgs/share/velodyne_msgs/cmake/export_velodyne_msgs__rosidl_generator_cppExport.cmake
[1.973s] -- Up-to-date: /home/dexter/ROS2/FilterCam/install/velodyne_msgs/share/velodyne_msgs/cmake/export_velodyne_msgs__rosidl_typesupport_fastrtps_cppExport.cmake
[1.973s] -- Up-to-date: /home/dexter/ROS2/FilterCam/install/velodyne_msgs/share/velodyne_msgs/cmake/export_velodyne_msgs__rosidl_typesupport_fastrtps_cppExport-debug.cmake
[1.974s] -- Up-to-date: /home/dexter/ROS2/FilterCam/install/velodyne_msgs/share/velodyne_msgs/cmake/velodyne_msgs__rosidl_typesupport_introspection_cExport.cmake
[1.974s] -- Up-to-date: /home/dexter/ROS2/FilterCam/install/velodyne_msgs/share/velodyne_msgs/cmake/velodyne_msgs__rosidl_typesupport_introspection_cExport-debug.cmake
[1.975s] -- Up-to-date: /home/dexter/ROS2/FilterCam/install/velodyne_msgs/share/velodyne_msgs/cmake/velodyne_msgs__rosidl_typesupport_cExport.cmake
[1.975s] -- Up-to-date: /home/dexter/ROS2/FilterCam/install/velodyne_msgs/share/velodyne_msgs/cmake/velodyne_msgs__rosidl_typesupport_cExport-debug.cmake
[1.976s] -- Up-to-date: /home/dexter/ROS2/FilterCam/install/velodyne_msgs/share/velodyne_msgs/cmake/velodyne_msgs__rosidl_typesupport_introspection_cppExport.cmake
[1.976s] -- Up-to-date: /home/dexter/ROS2/FilterCam/install/velodyne_msgs/share/velodyne_msgs/cmake/velodyne_msgs__rosidl_typesupport_introspection_cppExport-debug.cmake
[1.977s] -- Up-to-date: /home/dexter/ROS2/FilterCam/install/velodyne_msgs/share/velodyne_msgs/cmake/velodyne_msgs__rosidl_typesupport_cppExport.cmake
[1.977s] -- Up-to-date: /home/dexter/ROS2/FilterCam/install/velodyne_msgs/share/velodyne_msgs/cmake/velodyne_msgs__rosidl_typesupport_cppExport-debug.cmake
[1.978s] -- Up-to-date: /home/dexter/ROS2/FilterCam/install/velodyne_msgs/share/velodyne_msgs/cmake/export_velodyne_msgs__rosidl_generator_pyExport.cmake
[1.978s] -- Up-to-date: /home/dexter/ROS2/FilterCam/install/velodyne_msgs/share/velodyne_msgs/cmake/export_velodyne_msgs__rosidl_generator_pyExport-debug.cmake
[1.981s] Invoked command in '/home/dexter/ROS2/FilterCam/build/velodyne_msgs' returned '0': CMAKE_PREFIX_PATH=${CMAKE_PREFIX_PATH}:/home/dexter/ROS2/FilterCam/install/package_launcher:/home/dexter/ROS2/FilterCam/install/liquidlens:/home/dexter/ROS2/FilterCam/install/filterwheel:/home/dexter/ROS2/FilterCam/install/filtered_pointcloud_pkg:/home/dexter/ROS2/FilterCam/install/empty_package:/opt/ros/jazzy DEBUGINFOD_URLS=https://debuginfod.ubuntu.com /usr/bin/cmake --install /home/dexter/ROS2/FilterCam/build/velodyne_msgs
