-- Found ament_cmake: 2.5.4 (/opt/ros/jazzy/share/ament_cmake/cmake)
-- Override CMake install command with custom implementation using symlinks instead of copying resources
-- Found angles: 1.16.0 (/opt/ros/jazzy/share/angles/cmake)
-- Found diagnostic_updater: 4.2.6 (/opt/ros/jazzy/share/diagnostic_updater/cmake)
-- Found rosidl_generator_c: 4.6.6 (/opt/ros/jazzy/share/rosidl_generator_c/cmake)
-- Found rosidl_generator_cpp: 4.6.6 (/opt/ros/jazzy/share/rosidl_generator_cpp/cmake)
-- Using all available rosidl_typesupport_c: rosidl_typesupport_fastrtps_c;rosidl_typesupport_introspection_c
-- Using all available rosidl_typesupport_cpp: rosidl_typesupport_fastrtps_cpp;rosidl_typesupport_introspection_cpp
-- Found rmw_implementation_cmake: 7.3.2 (/opt/ros/jazzy/share/rmw_implementation_cmake/cmake)
-- Found rmw_fastrtps_cpp: 8.4.3 (/opt/ros/jazzy/share/rmw_fastrtps_cpp/cmake)
-- Using RMW implementation 'rmw_fastrtps_cpp' as default
-- Found geometry_msgs: 5.3.6 (/opt/ros/jazzy/share/geometry_msgs/cmake)
-- Found message_filters: 4.11.7 (/opt/ros/jazzy/share/message_filters/cmake)
-- looking for PCL_COMMON
-- Found rclcpp_components: 28.1.11 (/opt/ros/jazzy/share/rclcpp_components/cmake)
-- Found sensor_msgs: 5.3.6 (/opt/ros/jazzy/share/sensor_msgs/cmake)
-- Found tf2: 0.36.14 (/opt/ros/jazzy/share/tf2/cmake)
-- Found tf2_ros: 0.36.14 (/opt/ros/jazzy/share/tf2_ros/cmake)
-- Found velodyne_msgs: 2.5.1 (/home/dexter/ROS2/FilterCam/install/velodyne_msgs/share/velodyne_msgs/cmake)
-- Found ament_lint_auto: 0.17.3 (/opt/ros/jazzy/share/ament_lint_auto/cmake)
-- Found gtest sources under '/opt/ros/jazzy/src/gtest_vendor': C++ tests using 'Google Test' will be built
-- Added test 'copyright' to check source files copyright and LICENSE
-- Added test 'cppcheck' to perform static code analysis on C / C++ code
-- Configured cppcheck include dirs: $<BUILD_INTERFACE:/home/dexter/ROS2/FilterCam/src/velodyne/velodyne_pointcloud/include>
-- Configured cppcheck exclude dirs and/or files: 
-- Added test 'cpplint' to check C / C++ code against the Google style
-- Configured cpplint exclude dirs and/or files: 
-- Added test 'flake8' to check Python code syntax and style conventions
-- Configured 'flake8' exclude dirs and/or files: 
-- Added test 'lint_cmake' to check CMake code style
-- Added test 'pep257' to check Python code against some of the docstring style conventions in PEP 257
-- Added test 'uncrustify' to check C / C++ code style
-- Configured uncrustify additional arguments: 
-- Configuring done (0.9s)
-- Generating done (0.1s)
-- Build files have been written to: /home/dexter/ROS2/FilterCam/build/velodyne_pointcloud
[ 11%] Built target gtest_main
[ 22%] Built target gtest
[ 27%] [32mBuilding CXX object CMakeFiles/velodyne_cloud_types.dir/src/lib/pointcloudXYZIRT.cpp.o[0m
[ 33%] [32mBuilding CXX object CMakeFiles/velodyne_cloud_types.dir/src/lib/organized_cloudXYZIRT.cpp.o[0m
[ 38%] [32mBuilding CXX object CMakeFiles/velodyne_rawdata.dir/src/lib/rawdata.cpp.o[0m
[ 44%] [32mBuilding CXX object tests/CMakeFiles/test_row_step.dir/test_row_step.cpp.o[0m
[ 50%] [32m[1mLinking CXX shared library libvelodyne_rawdata.so[0m
[ 55%] Built target velodyne_rawdata
[ 61%] [32m[1mLinking CXX executable test_calibration[0m
[ 66%] [32m[1mLinking CXX shared library libvelodyne_cloud_types.so[0m
[ 72%] [32m[1mLinking CXX executable test_row_step[0m
[ 77%] Built target test_calibration
[ 77%] Built target velodyne_cloud_types
[ 83%] [32mBuilding CXX object CMakeFiles/transform.dir/src/conversions/transform.cpp.o[0m
[ 83%] Built target test_row_step
[ 88%] [32m[1mLinking CXX shared library libtransform.so[0m
[ 88%] Built target transform
[ 94%] [32mBuilding CXX object CMakeFiles/velodyne_transform_node.dir/src/conversions/transform_node.cpp.o[0m
[100%] [32m[1mLinking CXX executable velodyne_transform_node[0m
[100%] Built target velodyne_transform_node
-- Install configuration: "Debug"
-- Execute custom install script
-- Up-to-date symlink: /home/dexter/ROS2/FilterCam/install/velodyne_pointcloud/lib/velodyne_pointcloud/velodyne_transform_node
-- Up-to-date symlink: /home/dexter/ROS2/FilterCam/install/velodyne_pointcloud/include/velodyne_pointcloud/calibration.hpp
-- Up-to-date symlink: /home/dexter/ROS2/FilterCam/install/velodyne_pointcloud/include/velodyne_pointcloud/datacontainerbase.hpp
-- Up-to-date symlink: /home/dexter/ROS2/FilterCam/install/velodyne_pointcloud/include/velodyne_pointcloud/organized_cloudXYZIRT.hpp
-- Up-to-date symlink: /home/dexter/ROS2/FilterCam/install/velodyne_pointcloud/include/velodyne_pointcloud/pointcloudXYZIRT.hpp
-- Up-to-date symlink: /home/dexter/ROS2/FilterCam/install/velodyne_pointcloud/include/velodyne_pointcloud/rawdata.hpp
-- Up-to-date symlink: /home/dexter/ROS2/FilterCam/install/velodyne_pointcloud/include/velodyne_pointcloud/transform.hpp
-- Up-to-date symlink: /home/dexter/ROS2/FilterCam/install/velodyne_pointcloud/share/velodyne_pointcloud/config/VLP16-velodyne_transform_node-params.yaml
-- Up-to-date symlink: /home/dexter/ROS2/FilterCam/install/velodyne_pointcloud/share/velodyne_pointcloud/config/VLP32C-velodyne_transform_node-params.yaml
-- Up-to-date symlink: /home/dexter/ROS2/FilterCam/install/velodyne_pointcloud/share/velodyne_pointcloud/config/VLS128-velodyne_transform_node-params.yaml
-- Up-to-date symlink: /home/dexter/ROS2/FilterCam/install/velodyne_pointcloud/share/velodyne_pointcloud/launch/velodyne_transform_node-HDL32E-launch.py
-- Up-to-date symlink: /home/dexter/ROS2/FilterCam/install/velodyne_pointcloud/share/velodyne_pointcloud/launch/velodyne_transform_node-VLP16-composed-launch.py
-- Up-to-date symlink: /home/dexter/ROS2/FilterCam/install/velodyne_pointcloud/share/velodyne_pointcloud/launch/velodyne_transform_node-VLP16-launch.py
-- Up-to-date symlink: /home/dexter/ROS2/FilterCam/install/velodyne_pointcloud/share/velodyne_pointcloud/launch/velodyne_transform_node-VLP32C-composed-launch.py
-- Up-to-date symlink: /home/dexter/ROS2/FilterCam/install/velodyne_pointcloud/share/velodyne_pointcloud/launch/velodyne_transform_node-VLP32C-launch.py
-- Up-to-date symlink: /home/dexter/ROS2/FilterCam/install/velodyne_pointcloud/share/velodyne_pointcloud/launch/velodyne_transform_node-VLS128-composed-launch.py
-- Up-to-date symlink: /home/dexter/ROS2/FilterCam/install/velodyne_pointcloud/share/velodyne_pointcloud/launch/velodyne_transform_node-VLS128-launch.py
-- Up-to-date symlink: /home/dexter/ROS2/FilterCam/install/velodyne_pointcloud/share/velodyne_pointcloud/params/32db.yaml
-- Up-to-date symlink: /home/dexter/ROS2/FilterCam/install/velodyne_pointcloud/share/velodyne_pointcloud/params/64e_s2.1-sztaki.yaml
-- Up-to-date symlink: /home/dexter/ROS2/FilterCam/install/velodyne_pointcloud/share/velodyne_pointcloud/params/64e_s3-xiesc.yaml
-- Up-to-date symlink: /home/dexter/ROS2/FilterCam/install/velodyne_pointcloud/share/velodyne_pointcloud/params/64e_utexas.yaml
-- Up-to-date symlink: /home/dexter/ROS2/FilterCam/install/velodyne_pointcloud/share/velodyne_pointcloud/params/VLP16_hires_db.yaml
-- Up-to-date symlink: /home/dexter/ROS2/FilterCam/install/velodyne_pointcloud/share/velodyne_pointcloud/params/VLP16db.yaml
-- Up-to-date symlink: /home/dexter/ROS2/FilterCam/install/velodyne_pointcloud/share/velodyne_pointcloud/params/VLS128.yaml
-- Up-to-date symlink: /home/dexter/ROS2/FilterCam/install/velodyne_pointcloud/share/velodyne_pointcloud/params/VeloView-VLP-32C.yaml
-- Up-to-date symlink: /home/dexter/ROS2/FilterCam/install/velodyne_pointcloud/share/velodyne_pointcloud/params/issue_84_float_intensities.yaml
-- Up-to-date symlink: /home/dexter/ROS2/FilterCam/install/velodyne_pointcloud/share/velodyne_pointcloud/params/rviz_points.vcg
-- Up-to-date symlink: /home/dexter/ROS2/FilterCam/install/velodyne_pointcloud/share/velodyne_pointcloud/environment/library_path.sh
-- Up-to-date symlink: /home/dexter/ROS2/FilterCam/install/velodyne_pointcloud/share/velodyne_pointcloud/environment/library_path.dsv
-- Up-to-date symlink: /home/dexter/ROS2/FilterCam/install/velodyne_pointcloud/share/ament_index/resource_index/package_run_dependencies/velodyne_pointcloud
-- Up-to-date symlink: /home/dexter/ROS2/FilterCam/install/velodyne_pointcloud/share/ament_index/resource_index/parent_prefix_path/velodyne_pointcloud
-- Up-to-date symlink: /home/dexter/ROS2/FilterCam/install/velodyne_pointcloud/share/velodyne_pointcloud/environment/ament_prefix_path.sh
-- Up-to-date symlink: /home/dexter/ROS2/FilterCam/install/velodyne_pointcloud/share/velodyne_pointcloud/environment/ament_prefix_path.dsv
-- Up-to-date symlink: /home/dexter/ROS2/FilterCam/install/velodyne_pointcloud/share/velodyne_pointcloud/environment/path.sh
-- Up-to-date symlink: /home/dexter/ROS2/FilterCam/install/velodyne_pointcloud/share/velodyne_pointcloud/environment/path.dsv
-- Up-to-date symlink: /home/dexter/ROS2/FilterCam/install/velodyne_pointcloud/share/velodyne_pointcloud/local_setup.bash
-- Up-to-date symlink: /home/dexter/ROS2/FilterCam/install/velodyne_pointcloud/share/velodyne_pointcloud/local_setup.sh
-- Up-to-date symlink: /home/dexter/ROS2/FilterCam/install/velodyne_pointcloud/share/velodyne_pointcloud/local_setup.zsh
-- Up-to-date symlink: /home/dexter/ROS2/FilterCam/install/velodyne_pointcloud/share/velodyne_pointcloud/local_setup.dsv
-- Symlinking: /home/dexter/ROS2/FilterCam/install/velodyne_pointcloud/share/velodyne_pointcloud/package.dsv
-- Up-to-date symlink: /home/dexter/ROS2/FilterCam/install/velodyne_pointcloud/share/ament_index/resource_index/packages/velodyne_pointcloud
-- Up-to-date symlink: /home/dexter/ROS2/FilterCam/install/velodyne_pointcloud/share/ament_index/resource_index/rclcpp_components/velodyne_pointcloud
-- Up-to-date symlink: /home/dexter/ROS2/FilterCam/install/velodyne_pointcloud/share/velodyne_pointcloud/cmake/ament_cmake_export_include_directories-extras.cmake
-- Up-to-date symlink: /home/dexter/ROS2/FilterCam/install/velodyne_pointcloud/share/velodyne_pointcloud/cmake/ament_cmake_export_dependencies-extras.cmake
-- Up-to-date symlink: /home/dexter/ROS2/FilterCam/install/velodyne_pointcloud/share/velodyne_pointcloud/cmake/ament_cmake_export_libraries-extras.cmake
-- Up-to-date symlink: /home/dexter/ROS2/FilterCam/install/velodyne_pointcloud/share/velodyne_pointcloud/cmake/ament_cmake_export_targets-extras.cmake
-- Up-to-date symlink: /home/dexter/ROS2/FilterCam/install/velodyne_pointcloud/share/velodyne_pointcloud/cmake/velodyne_pointcloudConfig.cmake
-- Up-to-date symlink: /home/dexter/ROS2/FilterCam/install/velodyne_pointcloud/share/velodyne_pointcloud/cmake/velodyne_pointcloudConfig-version.cmake
-- Up-to-date symlink: /home/dexter/ROS2/FilterCam/install/velodyne_pointcloud/share/velodyne_pointcloud/package.xml
-- Installing: /home/dexter/ROS2/FilterCam/install/velodyne_pointcloud/lib/libvelodyne_cloud_types.so
-- Set non-toolchain portion of runtime path of "/home/dexter/ROS2/FilterCam/install/velodyne_pointcloud/lib/libvelodyne_cloud_types.so" to ""
-- Installing: /home/dexter/ROS2/FilterCam/install/velodyne_pointcloud/lib/libvelodyne_rawdata.so
-- Set non-toolchain portion of runtime path of "/home/dexter/ROS2/FilterCam/install/velodyne_pointcloud/lib/libvelodyne_rawdata.so" to ""
-- Installing: /home/dexter/ROS2/FilterCam/install/velodyne_pointcloud/lib/libtransform.so
-- Set non-toolchain portion of runtime path of "/home/dexter/ROS2/FilterCam/install/velodyne_pointcloud/lib/libtransform.so" to ""
-- Up-to-date: /home/dexter/ROS2/FilterCam/install/velodyne_pointcloud/share/velodyne_pointcloud/cmake/velodyne_pointcloudExport.cmake
-- Up-to-date: /home/dexter/ROS2/FilterCam/install/velodyne_pointcloud/share/velodyne_pointcloud/cmake/velodyne_pointcloudExport-debug.cmake
