[0.016s] Invoking command in '/home/dexter/ROS2/FilterCam/build/velodyne_pointcloud': CMAKE_PREFIX_PATH=/home/dexter/ROS2/FilterCam/install/velodyne_msgs:/home/dexter/ROS2/FilterCam/install/velodyne:/home/dexter/ROS2/FilterCam/install/velodyne_pointcloud:/home/dexter/ROS2/FilterCam/install/velodyne_driver:/home/dexter/ROS2/FilterCam/install/velodyne_laserscan:/opt/ros/jazzy/opt/gz_math_vendor:/opt/ros/jazzy/opt/gz_utils_vendor:/opt/ros/jazzy/opt/gz_cmake_vendor:/home/dexter/ROS2/FilterCam/install/package_launcher:/home/dexter/ROS2/FilterCam/install/liquidlens:/home/dexter/ROS2/FilterCam/install/filterwheel:/home/dexter/ROS2/FilterCam/install/filtered_pointcloud_pkg:/home/dexter/ROS2/FilterCam/install/empty_package:/home/dexter/ROS2/FilterCam/install/cam_director:/opt/ros/jazzy DEBUGINFOD_URLS=https://debuginfod.ubuntu.com LD_LIBRARY_PATH=/home/dexter/ROS2/FilterCam/install/velodyne_msgs/lib:/home/dexter/ROS2/FilterCam/install/velodyne_pointcloud/lib:/home/dexter/ROS2/FilterCam/install/velodyne_driver/lib:/home/dexter/ROS2/FilterCam/install/velodyne_laserscan/lib:/opt/ros/jazzy/opt/rviz_ogre_vendor/lib:/opt/ros/jazzy/lib/x86_64-linux-gnu:/opt/ros/jazzy/opt/gz_math_vendor/lib:/opt/ros/jazzy/opt/gz_utils_vendor/lib:/opt/ros/jazzy/opt/gz_cmake_vendor/lib:/opt/ros/jazzy/lib /usr/bin/cmake --build /home/dexter/ROS2/FilterCam/build/velodyne_pointcloud -- -j24 -l24
[0.059s] -- Found ament_cmake: 2.5.4 (/opt/ros/jazzy/share/ament_cmake/cmake)
[0.276s] -- Override CMake install command with custom implementation using symlinks instead of copying resources
[0.285s] -- Found angles: 1.16.0 (/opt/ros/jazzy/share/angles/cmake)
[0.289s] -- Found diagnostic_updater: 4.2.6 (/opt/ros/jazzy/share/diagnostic_updater/cmake)
[0.323s] -- Found rosidl_generator_c: 4.6.6 (/opt/ros/jazzy/share/rosidl_generator_c/cmake)
[0.333s] -- Found rosidl_generator_cpp: 4.6.6 (/opt/ros/jazzy/share/rosidl_generator_cpp/cmake)
[0.344s] -- Using all available rosidl_typesupport_c: rosidl_typesupport_fastrtps_c;rosidl_typesupport_introspection_c
[0.357s] -- Using all available rosidl_typesupport_cpp: rosidl_typesupport_fastrtps_cpp;rosidl_typesupport_introspection_cpp
[0.457s] -- Found rmw_implementation_cmake: 7.3.2 (/opt/ros/jazzy/share/rmw_implementation_cmake/cmake)
[0.458s] -- Found rmw_fastrtps_cpp: 8.4.3 (/opt/ros/jazzy/share/rmw_fastrtps_cpp/cmake)
[0.526s] -- Using RMW implementation 'rmw_fastrtps_cpp' as default
[0.594s] -- Found geometry_msgs: 5.3.6 (/opt/ros/jazzy/share/geometry_msgs/cmake)
[0.609s] -- Found message_filters: 4.11.7 (/opt/ros/jazzy/share/message_filters/cmake)
[0.645s] -- looking for PCL_COMMON
[0.646s] -- Found rclcpp_components: 28.1.11 (/opt/ros/jazzy/share/rclcpp_components/cmake)
[0.673s] -- Found sensor_msgs: 5.3.6 (/opt/ros/jazzy/share/sensor_msgs/cmake)
[0.697s] -- Found tf2: 0.36.14 (/opt/ros/jazzy/share/tf2/cmake)
[0.702s] -- Found tf2_ros: 0.36.14 (/opt/ros/jazzy/share/tf2_ros/cmake)
[0.779s] -- Found velodyne_msgs: 2.5.1 (/home/dexter/ROS2/FilterCam/install/velodyne_msgs/share/velodyne_msgs/cmake)
[0.799s] -- Found ament_lint_auto: 0.17.3 (/opt/ros/jazzy/share/ament_lint_auto/cmake)
[0.895s] -- Found gtest sources under '/opt/ros/jazzy/src/gtest_vendor': C++ tests using 'Google Test' will be built
[0.906s] -- Added test 'copyright' to check source files copyright and LICENSE
[0.913s] -- Added test 'cppcheck' to perform static code analysis on C / C++ code
[0.913s] -- Configured cppcheck include dirs: $<BUILD_INTERFACE:/home/dexter/ROS2/FilterCam/src/velodyne/velodyne_pointcloud/include>
[0.913s] -- Configured cppcheck exclude dirs and/or files: 
[0.919s] -- Added test 'cpplint' to check C / C++ code against the Google style
[0.919s] -- Configured cpplint exclude dirs and/or files: 
[0.920s] -- Added test 'flake8' to check Python code syntax and style conventions
[0.920s] -- Configured 'flake8' exclude dirs and/or files: 
[0.921s] -- Added test 'lint_cmake' to check CMake code style
[0.922s] -- Added test 'pep257' to check Python code against some of the docstring style conventions in PEP 257
[0.929s] -- Added test 'uncrustify' to check C / C++ code style
[0.929s] -- Configured uncrustify additional arguments: 
[0.935s] -- Configuring done (0.9s)
[1.015s] -- Generating done (0.1s)
[1.031s] -- Build files have been written to: /home/dexter/ROS2/FilterCam/build/velodyne_pointcloud
[1.082s] [ 11%] Built target gtest_main
[1.084s] [ 22%] Built target gtest
[1.098s] [ 27%] [32mBuilding CXX object CMakeFiles/velodyne_cloud_types.dir/src/lib/pointcloudXYZIRT.cpp.o[0m
[1.099s] [ 33%] [32mBuilding CXX object CMakeFiles/velodyne_cloud_types.dir/src/lib/organized_cloudXYZIRT.cpp.o[0m
[1.100s] [ 38%] [32mBuilding CXX object CMakeFiles/velodyne_rawdata.dir/src/lib/rawdata.cpp.o[0m
[1.125s] [ 44%] [32mBuilding CXX object tests/CMakeFiles/test_row_step.dir/test_row_step.cpp.o[0m
[6.461s] [ 50%] [32m[1mLinking CXX shared library libvelodyne_rawdata.so[0m
[6.735s] [ 55%] Built target velodyne_rawdata
[6.765s] [ 61%] [32m[1mLinking CXX executable test_calibration[0m
[6.903s] [ 66%] [32m[1mLinking CXX shared library libvelodyne_cloud_types.so[0m
[7.000s] [ 72%] [32m[1mLinking CXX executable test_row_step[0m
[7.019s] [ 77%] Built target test_calibration
[7.119s] [ 77%] Built target velodyne_cloud_types
[7.166s] [ 83%] [32mBuilding CXX object CMakeFiles/transform.dir/src/conversions/transform.cpp.o[0m
[7.326s] [ 83%] Built target test_row_step
[19.326s] [ 88%] [32m[1mLinking CXX shared library libtransform.so[0m
[19.842s] [ 88%] Built target transform
[19.888s] [ 94%] [32mBuilding CXX object CMakeFiles/velodyne_transform_node.dir/src/conversions/transform_node.cpp.o[0m
[25.011s] [100%] [32m[1mLinking CXX executable velodyne_transform_node[0m
[25.291s] [100%] Built target velodyne_transform_node
[25.306s] Invoked command in '/home/dexter/ROS2/FilterCam/build/velodyne_pointcloud' returned '0': CMAKE_PREFIX_PATH=/home/dexter/ROS2/FilterCam/install/velodyne_msgs:/home/dexter/ROS2/FilterCam/install/velodyne:/home/dexter/ROS2/FilterCam/install/velodyne_pointcloud:/home/dexter/ROS2/FilterCam/install/velodyne_driver:/home/dexter/ROS2/FilterCam/install/velodyne_laserscan:/opt/ros/jazzy/opt/gz_math_vendor:/opt/ros/jazzy/opt/gz_utils_vendor:/opt/ros/jazzy/opt/gz_cmake_vendor:/home/dexter/ROS2/FilterCam/install/package_launcher:/home/dexter/ROS2/FilterCam/install/liquidlens:/home/dexter/ROS2/FilterCam/install/filterwheel:/home/dexter/ROS2/FilterCam/install/filtered_pointcloud_pkg:/home/dexter/ROS2/FilterCam/install/empty_package:/home/dexter/ROS2/FilterCam/install/cam_director:/opt/ros/jazzy DEBUGINFOD_URLS=https://debuginfod.ubuntu.com LD_LIBRARY_PATH=/home/dexter/ROS2/FilterCam/install/velodyne_msgs/lib:/home/dexter/ROS2/FilterCam/install/velodyne_pointcloud/lib:/home/dexter/ROS2/FilterCam/install/velodyne_driver/lib:/home/dexter/ROS2/FilterCam/install/velodyne_laserscan/lib:/opt/ros/jazzy/opt/rviz_ogre_vendor/lib:/opt/ros/jazzy/lib/x86_64-linux-gnu:/opt/ros/jazzy/opt/gz_math_vendor/lib:/opt/ros/jazzy/opt/gz_utils_vendor/lib:/opt/ros/jazzy/opt/gz_cmake_vendor/lib:/opt/ros/jazzy/lib /usr/bin/cmake --build /home/dexter/ROS2/FilterCam/build/velodyne_pointcloud -- -j24 -l24
[25.309s] Invoking command in '/home/dexter/ROS2/FilterCam/build/velodyne_pointcloud': CMAKE_PREFIX_PATH=/home/dexter/ROS2/FilterCam/install/velodyne_msgs:/home/dexter/ROS2/FilterCam/install/velodyne:/home/dexter/ROS2/FilterCam/install/velodyne_pointcloud:/home/dexter/ROS2/FilterCam/install/velodyne_driver:/home/dexter/ROS2/FilterCam/install/velodyne_laserscan:/opt/ros/jazzy/opt/gz_math_vendor:/opt/ros/jazzy/opt/gz_utils_vendor:/opt/ros/jazzy/opt/gz_cmake_vendor:/home/dexter/ROS2/FilterCam/install/package_launcher:/home/dexter/ROS2/FilterCam/install/liquidlens:/home/dexter/ROS2/FilterCam/install/filterwheel:/home/dexter/ROS2/FilterCam/install/filtered_pointcloud_pkg:/home/dexter/ROS2/FilterCam/install/empty_package:/home/dexter/ROS2/FilterCam/install/cam_director:/opt/ros/jazzy DEBUGINFOD_URLS=https://debuginfod.ubuntu.com LD_LIBRARY_PATH=/home/dexter/ROS2/FilterCam/install/velodyne_msgs/lib:/home/dexter/ROS2/FilterCam/install/velodyne_pointcloud/lib:/home/dexter/ROS2/FilterCam/install/velodyne_driver/lib:/home/dexter/ROS2/FilterCam/install/velodyne_laserscan/lib:/opt/ros/jazzy/opt/rviz_ogre_vendor/lib:/opt/ros/jazzy/lib/x86_64-linux-gnu:/opt/ros/jazzy/opt/gz_math_vendor/lib:/opt/ros/jazzy/opt/gz_utils_vendor/lib:/opt/ros/jazzy/opt/gz_cmake_vendor/lib:/opt/ros/jazzy/lib /usr/bin/cmake --install /home/dexter/ROS2/FilterCam/build/velodyne_pointcloud
[25.319s] -- Install configuration: "Debug"
[25.319s] -- Execute custom install script
[25.320s] -- Up-to-date symlink: /home/dexter/ROS2/FilterCam/install/velodyne_pointcloud/lib/velodyne_pointcloud/velodyne_transform_node
[25.320s] -- Up-to-date symlink: /home/dexter/ROS2/FilterCam/install/velodyne_pointcloud/include/velodyne_pointcloud/calibration.hpp
[25.320s] -- Up-to-date symlink: /home/dexter/ROS2/FilterCam/install/velodyne_pointcloud/include/velodyne_pointcloud/datacontainerbase.hpp
[25.320s] -- Up-to-date symlink: /home/dexter/ROS2/FilterCam/install/velodyne_pointcloud/include/velodyne_pointcloud/organized_cloudXYZIRT.hpp
[25.321s] -- Up-to-date symlink: /home/dexter/ROS2/FilterCam/install/velodyne_pointcloud/include/velodyne_pointcloud/pointcloudXYZIRT.hpp
[25.321s] -- Up-to-date symlink: /home/dexter/ROS2/FilterCam/install/velodyne_pointcloud/include/velodyne_pointcloud/rawdata.hpp
[25.321s] -- Up-to-date symlink: /home/dexter/ROS2/FilterCam/install/velodyne_pointcloud/include/velodyne_pointcloud/transform.hpp
[25.321s] -- Up-to-date symlink: /home/dexter/ROS2/FilterCam/install/velodyne_pointcloud/share/velodyne_pointcloud/config/VLP16-velodyne_transform_node-params.yaml
[25.321s] -- Up-to-date symlink: /home/dexter/ROS2/FilterCam/install/velodyne_pointcloud/share/velodyne_pointcloud/config/VLP32C-velodyne_transform_node-params.yaml
[25.322s] -- Up-to-date symlink: /home/dexter/ROS2/FilterCam/install/velodyne_pointcloud/share/velodyne_pointcloud/config/VLS128-velodyne_transform_node-params.yaml
[25.322s] -- Up-to-date symlink: /home/dexter/ROS2/FilterCam/install/velodyne_pointcloud/share/velodyne_pointcloud/launch/velodyne_transform_node-HDL32E-launch.py
[25.322s] -- Up-to-date symlink: /home/dexter/ROS2/FilterCam/install/velodyne_pointcloud/share/velodyne_pointcloud/launch/velodyne_transform_node-VLP16-composed-launch.py
[25.323s] -- Up-to-date symlink: /home/dexter/ROS2/FilterCam/install/velodyne_pointcloud/share/velodyne_pointcloud/launch/velodyne_transform_node-VLP16-launch.py
[25.323s] -- Up-to-date symlink: /home/dexter/ROS2/FilterCam/install/velodyne_pointcloud/share/velodyne_pointcloud/launch/velodyne_transform_node-VLP32C-composed-launch.py
[25.323s] -- Up-to-date symlink: /home/dexter/ROS2/FilterCam/install/velodyne_pointcloud/share/velodyne_pointcloud/launch/velodyne_transform_node-VLP32C-launch.py
[25.323s] -- Up-to-date symlink: /home/dexter/ROS2/FilterCam/install/velodyne_pointcloud/share/velodyne_pointcloud/launch/velodyne_transform_node-VLS128-composed-launch.py
[25.323s] -- Up-to-date symlink: /home/dexter/ROS2/FilterCam/install/velodyne_pointcloud/share/velodyne_pointcloud/launch/velodyne_transform_node-VLS128-launch.py
[25.323s] -- Up-to-date symlink: /home/dexter/ROS2/FilterCam/install/velodyne_pointcloud/share/velodyne_pointcloud/params/32db.yaml
[25.324s] -- Up-to-date symlink: /home/dexter/ROS2/FilterCam/install/velodyne_pointcloud/share/velodyne_pointcloud/params/64e_s2.1-sztaki.yaml
[25.324s] -- Up-to-date symlink: /home/dexter/ROS2/FilterCam/install/velodyne_pointcloud/share/velodyne_pointcloud/params/64e_s3-xiesc.yaml
[25.324s] -- Up-to-date symlink: /home/dexter/ROS2/FilterCam/install/velodyne_pointcloud/share/velodyne_pointcloud/params/64e_utexas.yaml
[25.324s] -- Up-to-date symlink: /home/dexter/ROS2/FilterCam/install/velodyne_pointcloud/share/velodyne_pointcloud/params/VLP16_hires_db.yaml
[25.324s] -- Up-to-date symlink: /home/dexter/ROS2/FilterCam/install/velodyne_pointcloud/share/velodyne_pointcloud/params/VLP16db.yaml
[25.324s] -- Up-to-date symlink: /home/dexter/ROS2/FilterCam/install/velodyne_pointcloud/share/velodyne_pointcloud/params/VLS128.yaml
[25.324s] -- Up-to-date symlink: /home/dexter/ROS2/FilterCam/install/velodyne_pointcloud/share/velodyne_pointcloud/params/VeloView-VLP-32C.yaml
[25.324s] -- Up-to-date symlink: /home/dexter/ROS2/FilterCam/install/velodyne_pointcloud/share/velodyne_pointcloud/params/issue_84_float_intensities.yaml
[25.324s] -- Up-to-date symlink: /home/dexter/ROS2/FilterCam/install/velodyne_pointcloud/share/velodyne_pointcloud/params/rviz_points.vcg
[25.325s] -- Up-to-date symlink: /home/dexter/ROS2/FilterCam/install/velodyne_pointcloud/share/velodyne_pointcloud/environment/library_path.sh
[25.325s] -- Up-to-date symlink: /home/dexter/ROS2/FilterCam/install/velodyne_pointcloud/share/velodyne_pointcloud/environment/library_path.dsv
[25.325s] -- Up-to-date symlink: /home/dexter/ROS2/FilterCam/install/velodyne_pointcloud/share/ament_index/resource_index/package_run_dependencies/velodyne_pointcloud
[25.325s] -- Up-to-date symlink: /home/dexter/ROS2/FilterCam/install/velodyne_pointcloud/share/ament_index/resource_index/parent_prefix_path/velodyne_pointcloud
[25.325s] -- Up-to-date symlink: /home/dexter/ROS2/FilterCam/install/velodyne_pointcloud/share/velodyne_pointcloud/environment/ament_prefix_path.sh
[25.326s] -- Up-to-date symlink: /home/dexter/ROS2/FilterCam/install/velodyne_pointcloud/share/velodyne_pointcloud/environment/ament_prefix_path.dsv
[25.326s] -- Up-to-date symlink: /home/dexter/ROS2/FilterCam/install/velodyne_pointcloud/share/velodyne_pointcloud/environment/path.sh
[25.326s] -- Up-to-date symlink: /home/dexter/ROS2/FilterCam/install/velodyne_pointcloud/share/velodyne_pointcloud/environment/path.dsv
[25.326s] -- Up-to-date symlink: /home/dexter/ROS2/FilterCam/install/velodyne_pointcloud/share/velodyne_pointcloud/local_setup.bash
[25.326s] -- Up-to-date symlink: /home/dexter/ROS2/FilterCam/install/velodyne_pointcloud/share/velodyne_pointcloud/local_setup.sh
[25.326s] -- Up-to-date symlink: /home/dexter/ROS2/FilterCam/install/velodyne_pointcloud/share/velodyne_pointcloud/local_setup.zsh
[25.327s] -- Up-to-date symlink: /home/dexter/ROS2/FilterCam/install/velodyne_pointcloud/share/velodyne_pointcloud/local_setup.dsv
[25.327s] -- Symlinking: /home/dexter/ROS2/FilterCam/install/velodyne_pointcloud/share/velodyne_pointcloud/package.dsv
[25.338s] -- Up-to-date symlink: /home/dexter/ROS2/FilterCam/install/velodyne_pointcloud/share/ament_index/resource_index/packages/velodyne_pointcloud
[25.338s] -- Up-to-date symlink: /home/dexter/ROS2/FilterCam/install/velodyne_pointcloud/share/ament_index/resource_index/rclcpp_components/velodyne_pointcloud
[25.339s] -- Up-to-date symlink: /home/dexter/ROS2/FilterCam/install/velodyne_pointcloud/share/velodyne_pointcloud/cmake/ament_cmake_export_include_directories-extras.cmake
[25.339s] -- Up-to-date symlink: /home/dexter/ROS2/FilterCam/install/velodyne_pointcloud/share/velodyne_pointcloud/cmake/ament_cmake_export_dependencies-extras.cmake
[25.339s] -- Up-to-date symlink: /home/dexter/ROS2/FilterCam/install/velodyne_pointcloud/share/velodyne_pointcloud/cmake/ament_cmake_export_libraries-extras.cmake
[25.339s] -- Up-to-date symlink: /home/dexter/ROS2/FilterCam/install/velodyne_pointcloud/share/velodyne_pointcloud/cmake/ament_cmake_export_targets-extras.cmake
[25.339s] -- Up-to-date symlink: /home/dexter/ROS2/FilterCam/install/velodyne_pointcloud/share/velodyne_pointcloud/cmake/velodyne_pointcloudConfig.cmake
[25.339s] -- Up-to-date symlink: /home/dexter/ROS2/FilterCam/install/velodyne_pointcloud/share/velodyne_pointcloud/cmake/velodyne_pointcloudConfig-version.cmake
[25.339s] -- Up-to-date symlink: /home/dexter/ROS2/FilterCam/install/velodyne_pointcloud/share/velodyne_pointcloud/package.xml
[25.341s] -- Installing: /home/dexter/ROS2/FilterCam/install/velodyne_pointcloud/lib/libvelodyne_cloud_types.so
[25.349s] -- Set non-toolchain portion of runtime path of "/home/dexter/ROS2/FilterCam/install/velodyne_pointcloud/lib/libvelodyne_cloud_types.so" to ""
[25.350s] -- Installing: /home/dexter/ROS2/FilterCam/install/velodyne_pointcloud/lib/libvelodyne_rawdata.so
[25.353s] -- Set non-toolchain portion of runtime path of "/home/dexter/ROS2/FilterCam/install/velodyne_pointcloud/lib/libvelodyne_rawdata.so" to ""
[25.355s] -- Installing: /home/dexter/ROS2/FilterCam/install/velodyne_pointcloud/lib/libtransform.so
[25.376s] -- Set non-toolchain portion of runtime path of "/home/dexter/ROS2/FilterCam/install/velodyne_pointcloud/lib/libtransform.so" to ""
[25.376s] -- Up-to-date: /home/dexter/ROS2/FilterCam/install/velodyne_pointcloud/share/velodyne_pointcloud/cmake/velodyne_pointcloudExport.cmake
[25.376s] -- Up-to-date: /home/dexter/ROS2/FilterCam/install/velodyne_pointcloud/share/velodyne_pointcloud/cmake/velodyne_pointcloudExport-debug.cmake
[25.379s] Invoked command in '/home/dexter/ROS2/FilterCam/build/velodyne_pointcloud' returned '0': CMAKE_PREFIX_PATH=/home/dexter/ROS2/FilterCam/install/velodyne_msgs:/home/dexter/ROS2/FilterCam/install/velodyne:/home/dexter/ROS2/FilterCam/install/velodyne_pointcloud:/home/dexter/ROS2/FilterCam/install/velodyne_driver:/home/dexter/ROS2/FilterCam/install/velodyne_laserscan:/opt/ros/jazzy/opt/gz_math_vendor:/opt/ros/jazzy/opt/gz_utils_vendor:/opt/ros/jazzy/opt/gz_cmake_vendor:/home/dexter/ROS2/FilterCam/install/package_launcher:/home/dexter/ROS2/FilterCam/install/liquidlens:/home/dexter/ROS2/FilterCam/install/filterwheel:/home/dexter/ROS2/FilterCam/install/filtered_pointcloud_pkg:/home/dexter/ROS2/FilterCam/install/empty_package:/home/dexter/ROS2/FilterCam/install/cam_director:/opt/ros/jazzy DEBUGINFOD_URLS=https://debuginfod.ubuntu.com LD_LIBRARY_PATH=/home/dexter/ROS2/FilterCam/install/velodyne_msgs/lib:/home/dexter/ROS2/FilterCam/install/velodyne_pointcloud/lib:/home/dexter/ROS2/FilterCam/install/velodyne_driver/lib:/home/dexter/ROS2/FilterCam/install/velodyne_laserscan/lib:/opt/ros/jazzy/opt/rviz_ogre_vendor/lib:/opt/ros/jazzy/lib/x86_64-linux-gnu:/opt/ros/jazzy/opt/gz_math_vendor/lib:/opt/ros/jazzy/opt/gz_utils_vendor/lib:/opt/ros/jazzy/opt/gz_cmake_vendor/lib:/opt/ros/jazzy/lib /usr/bin/cmake --install /home/dexter/ROS2/FilterCam/build/velodyne_pointcloud
