[0.017s] Invoking command in '/home/dexter/ROS2/FilterCam/build/velodyne_pointcloud': CMAKE_PREFIX_PATH=/home/dexter/ROS2/FilterCam/install/velodyne_msgs:/home/dexter/ROS2/FilterCam/install/velodyne:/home/dexter/ROS2/FilterCam/install/velodyne_pointcloud:/home/dexter/ROS2/FilterCam/install/velodyne_driver:/home/dexter/ROS2/FilterCam/install/velodyne_laserscan:/opt/ros/jazzy/opt/gz_math_vendor:/opt/ros/jazzy/opt/gz_utils_vendor:/opt/ros/jazzy/opt/gz_cmake_vendor:/home/dexter/ROS2/FilterCam/install/package_launcher:/home/dexter/ROS2/FilterCam/install/liquidlens:/home/dexter/ROS2/FilterCam/install/filterwheel:/home/dexter/ROS2/FilterCam/install/filtered_pointcloud_pkg:/home/dexter/ROS2/FilterCam/install/empty_package:/home/dexter/ROS2/FilterCam/install/cam_director:/opt/ros/jazzy DEBUGINFOD_URLS=https://debuginfod.ubuntu.com LD_LIBRARY_PATH=/home/dexter/ROS2/FilterCam/install/velodyne_msgs/lib:/home/dexter/ROS2/FilterCam/install/velodyne_pointcloud/lib:/home/dexter/ROS2/FilterCam/install/velodyne_driver/lib:/home/dexter/ROS2/FilterCam/install/velodyne_laserscan/lib:/opt/ros/jazzy/opt/rviz_ogre_vendor/lib:/opt/ros/jazzy/lib/x86_64-linux-gnu:/opt/ros/jazzy/opt/gz_math_vendor/lib:/opt/ros/jazzy/opt/gz_utils_vendor/lib:/opt/ros/jazzy/opt/gz_cmake_vendor/lib:/opt/ros/jazzy/lib /usr/bin/cmake --build /home/dexter/ROS2/FilterCam/build/velodyne_pointcloud -- -j16 -l16
[0.108s] [ 11%] Built target gtest_main
[0.110s] [ 22%] Built target gtest
[0.128s] [ 38%] Built target velodyne_cloud_types
[0.140s] [ 55%] Built target velodyne_rawdata
[0.164s] [ 66%] Built target test_row_step
[0.179s] [ 77%] Built target test_calibration
[0.192s] [ 88%] Built target transform
[0.239s] [100%] Built target velodyne_transform_node
[0.251s] Invoked command in '/home/dexter/ROS2/FilterCam/build/velodyne_pointcloud' returned '0': CMAKE_PREFIX_PATH=/home/dexter/ROS2/FilterCam/install/velodyne_msgs:/home/dexter/ROS2/FilterCam/install/velodyne:/home/dexter/ROS2/FilterCam/install/velodyne_pointcloud:/home/dexter/ROS2/FilterCam/install/velodyne_driver:/home/dexter/ROS2/FilterCam/install/velodyne_laserscan:/opt/ros/jazzy/opt/gz_math_vendor:/opt/ros/jazzy/opt/gz_utils_vendor:/opt/ros/jazzy/opt/gz_cmake_vendor:/home/dexter/ROS2/FilterCam/install/package_launcher:/home/dexter/ROS2/FilterCam/install/liquidlens:/home/dexter/ROS2/FilterCam/install/filterwheel:/home/dexter/ROS2/FilterCam/install/filtered_pointcloud_pkg:/home/dexter/ROS2/FilterCam/install/empty_package:/home/dexter/ROS2/FilterCam/install/cam_director:/opt/ros/jazzy DEBUGINFOD_URLS=https://debuginfod.ubuntu.com LD_LIBRARY_PATH=/home/dexter/ROS2/FilterCam/install/velodyne_msgs/lib:/home/dexter/ROS2/FilterCam/install/velodyne_pointcloud/lib:/home/dexter/ROS2/FilterCam/install/velodyne_driver/lib:/home/dexter/ROS2/FilterCam/install/velodyne_laserscan/lib:/opt/ros/jazzy/opt/rviz_ogre_vendor/lib:/opt/ros/jazzy/lib/x86_64-linux-gnu:/opt/ros/jazzy/opt/gz_math_vendor/lib:/opt/ros/jazzy/opt/gz_utils_vendor/lib:/opt/ros/jazzy/opt/gz_cmake_vendor/lib:/opt/ros/jazzy/lib /usr/bin/cmake --build /home/dexter/ROS2/FilterCam/build/velodyne_pointcloud -- -j16 -l16
[0.253s] Invoking command in '/home/dexter/ROS2/FilterCam/build/velodyne_pointcloud': CMAKE_PREFIX_PATH=/home/dexter/ROS2/FilterCam/install/velodyne_msgs:/home/dexter/ROS2/FilterCam/install/velodyne:/home/dexter/ROS2/FilterCam/install/velodyne_pointcloud:/home/dexter/ROS2/FilterCam/install/velodyne_driver:/home/dexter/ROS2/FilterCam/install/velodyne_laserscan:/opt/ros/jazzy/opt/gz_math_vendor:/opt/ros/jazzy/opt/gz_utils_vendor:/opt/ros/jazzy/opt/gz_cmake_vendor:/home/dexter/ROS2/FilterCam/install/package_launcher:/home/dexter/ROS2/FilterCam/install/liquidlens:/home/dexter/ROS2/FilterCam/install/filterwheel:/home/dexter/ROS2/FilterCam/install/filtered_pointcloud_pkg:/home/dexter/ROS2/FilterCam/install/empty_package:/home/dexter/ROS2/FilterCam/install/cam_director:/opt/ros/jazzy DEBUGINFOD_URLS=https://debuginfod.ubuntu.com LD_LIBRARY_PATH=/home/dexter/ROS2/FilterCam/install/velodyne_msgs/lib:/home/dexter/ROS2/FilterCam/install/velodyne_pointcloud/lib:/home/dexter/ROS2/FilterCam/install/velodyne_driver/lib:/home/dexter/ROS2/FilterCam/install/velodyne_laserscan/lib:/opt/ros/jazzy/opt/rviz_ogre_vendor/lib:/opt/ros/jazzy/lib/x86_64-linux-gnu:/opt/ros/jazzy/opt/gz_math_vendor/lib:/opt/ros/jazzy/opt/gz_utils_vendor/lib:/opt/ros/jazzy/opt/gz_cmake_vendor/lib:/opt/ros/jazzy/lib /usr/bin/cmake --install /home/dexter/ROS2/FilterCam/build/velodyne_pointcloud
[0.260s] -- Install configuration: "Debug"
[0.260s] -- Execute custom install script
[0.260s] -- Up-to-date symlink: /home/dexter/ROS2/FilterCam/install/velodyne_pointcloud/lib/velodyne_pointcloud/velodyne_transform_node
[0.261s] -- Up-to-date symlink: /home/dexter/ROS2/FilterCam/install/velodyne_pointcloud/include/velodyne_pointcloud/calibration.hpp
[0.261s] -- Up-to-date symlink: /home/dexter/ROS2/FilterCam/install/velodyne_pointcloud/include/velodyne_pointcloud/datacontainerbase.hpp
[0.261s] -- Up-to-date symlink: /home/dexter/ROS2/FilterCam/install/velodyne_pointcloud/include/velodyne_pointcloud/organized_cloudXYZIRT.hpp
[0.261s] -- Up-to-date symlink: /home/dexter/ROS2/FilterCam/install/velodyne_pointcloud/include/velodyne_pointcloud/pointcloudXYZIRT.hpp
[0.261s] -- Up-to-date symlink: /home/dexter/ROS2/FilterCam/install/velodyne_pointcloud/include/velodyne_pointcloud/rawdata.hpp
[0.261s] -- Up-to-date symlink: /home/dexter/ROS2/FilterCam/install/velodyne_pointcloud/include/velodyne_pointcloud/transform.hpp
[0.262s] -- Up-to-date symlink: /home/dexter/ROS2/FilterCam/install/velodyne_pointcloud/share/velodyne_pointcloud/config/VLP16-velodyne_transform_node-params.yaml
[0.262s] -- Up-to-date symlink: /home/dexter/ROS2/FilterCam/install/velodyne_pointcloud/share/velodyne_pointcloud/config/VLP32C-velodyne_transform_node-params.yaml
[0.262s] -- Up-to-date symlink: /home/dexter/ROS2/FilterCam/install/velodyne_pointcloud/share/velodyne_pointcloud/config/VLS128-velodyne_transform_node-params.yaml
[0.263s] -- Up-to-date symlink: /home/dexter/ROS2/FilterCam/install/velodyne_pointcloud/share/velodyne_pointcloud/launch/velodyne_transform_node-HDL32E-launch.py
[0.263s] -- Up-to-date symlink: /home/dexter/ROS2/FilterCam/install/velodyne_pointcloud/share/velodyne_pointcloud/launch/velodyne_transform_node-VLP16-composed-launch.py
[0.263s] -- Up-to-date symlink: /home/dexter/ROS2/FilterCam/install/velodyne_pointcloud/share/velodyne_pointcloud/launch/velodyne_transform_node-VLP16-launch.py
[0.263s] -- Up-to-date symlink: /home/dexter/ROS2/FilterCam/install/velodyne_pointcloud/share/velodyne_pointcloud/launch/velodyne_transform_node-VLP32C-composed-launch.py
[0.263s] -- Up-to-date symlink: /home/dexter/ROS2/FilterCam/install/velodyne_pointcloud/share/velodyne_pointcloud/launch/velodyne_transform_node-VLP32C-launch.py
[0.263s] -- Up-to-date symlink: /home/dexter/ROS2/FilterCam/install/velodyne_pointcloud/share/velodyne_pointcloud/launch/velodyne_transform_node-VLS128-composed-launch.py
[0.264s] -- Up-to-date symlink: /home/dexter/ROS2/FilterCam/install/velodyne_pointcloud/share/velodyne_pointcloud/launch/velodyne_transform_node-VLS128-launch.py
[0.265s] -- Up-to-date symlink: /home/dexter/ROS2/FilterCam/install/velodyne_pointcloud/share/velodyne_pointcloud/params/32db.yaml
[0.265s] -- Up-to-date symlink: /home/dexter/ROS2/FilterCam/install/velodyne_pointcloud/share/velodyne_pointcloud/params/64e_s2.1-sztaki.yaml
[0.265s] -- Up-to-date symlink: /home/dexter/ROS2/FilterCam/install/velodyne_pointcloud/share/velodyne_pointcloud/params/64e_s3-xiesc.yaml
[0.265s] -- Up-to-date symlink: /home/dexter/ROS2/FilterCam/install/velodyne_pointcloud/share/velodyne_pointcloud/params/64e_utexas.yaml
[0.265s] -- Up-to-date symlink: /home/dexter/ROS2/FilterCam/install/velodyne_pointcloud/share/velodyne_pointcloud/params/VLP16_hires_db.yaml
[0.265s] -- Up-to-date symlink: /home/dexter/ROS2/FilterCam/install/velodyne_pointcloud/share/velodyne_pointcloud/params/VLP16db.yaml
[0.265s] -- Up-to-date symlink: /home/dexter/ROS2/FilterCam/install/velodyne_pointcloud/share/velodyne_pointcloud/params/VLS128.yaml
[0.266s] -- Up-to-date symlink: /home/dexter/ROS2/FilterCam/install/velodyne_pointcloud/share/velodyne_pointcloud/params/VeloView-VLP-32C.yaml
[0.266s] -- Up-to-date symlink: /home/dexter/ROS2/FilterCam/install/velodyne_pointcloud/share/velodyne_pointcloud/params/issue_84_float_intensities.yaml
[0.266s] -- Up-to-date symlink: /home/dexter/ROS2/FilterCam/install/velodyne_pointcloud/share/velodyne_pointcloud/params/rviz_points.vcg
[0.266s] -- Up-to-date symlink: /home/dexter/ROS2/FilterCam/install/velodyne_pointcloud/share/velodyne_pointcloud/environment/library_path.sh
[0.266s] -- Up-to-date symlink: /home/dexter/ROS2/FilterCam/install/velodyne_pointcloud/share/velodyne_pointcloud/environment/library_path.dsv
[0.267s] -- Up-to-date symlink: /home/dexter/ROS2/FilterCam/install/velodyne_pointcloud/share/ament_index/resource_index/package_run_dependencies/velodyne_pointcloud
[0.267s] -- Up-to-date symlink: /home/dexter/ROS2/FilterCam/install/velodyne_pointcloud/share/ament_index/resource_index/parent_prefix_path/velodyne_pointcloud
[0.267s] -- Up-to-date symlink: /home/dexter/ROS2/FilterCam/install/velodyne_pointcloud/share/velodyne_pointcloud/environment/ament_prefix_path.sh
[0.267s] -- Up-to-date symlink: /home/dexter/ROS2/FilterCam/install/velodyne_pointcloud/share/velodyne_pointcloud/environment/ament_prefix_path.dsv
[0.267s] -- Up-to-date symlink: /home/dexter/ROS2/FilterCam/install/velodyne_pointcloud/share/velodyne_pointcloud/environment/path.sh
[0.268s] -- Up-to-date symlink: /home/dexter/ROS2/FilterCam/install/velodyne_pointcloud/share/velodyne_pointcloud/environment/path.dsv
[0.269s] -- Up-to-date symlink: /home/dexter/ROS2/FilterCam/install/velodyne_pointcloud/share/velodyne_pointcloud/local_setup.bash
[0.269s] -- Up-to-date symlink: /home/dexter/ROS2/FilterCam/install/velodyne_pointcloud/share/velodyne_pointcloud/local_setup.sh
[0.269s] -- Up-to-date symlink: /home/dexter/ROS2/FilterCam/install/velodyne_pointcloud/share/velodyne_pointcloud/local_setup.zsh
[0.269s] -- Up-to-date symlink: /home/dexter/ROS2/FilterCam/install/velodyne_pointcloud/share/velodyne_pointcloud/local_setup.dsv
[0.269s] -- Symlinking: /home/dexter/ROS2/FilterCam/install/velodyne_pointcloud/share/velodyne_pointcloud/package.dsv
[0.281s] -- Up-to-date symlink: /home/dexter/ROS2/FilterCam/install/velodyne_pointcloud/share/ament_index/resource_index/packages/velodyne_pointcloud
[0.281s] -- Up-to-date symlink: /home/dexter/ROS2/FilterCam/install/velodyne_pointcloud/share/ament_index/resource_index/rclcpp_components/velodyne_pointcloud
[0.281s] -- Up-to-date symlink: /home/dexter/ROS2/FilterCam/install/velodyne_pointcloud/share/velodyne_pointcloud/cmake/ament_cmake_export_include_directories-extras.cmake
[0.282s] -- Up-to-date symlink: /home/dexter/ROS2/FilterCam/install/velodyne_pointcloud/share/velodyne_pointcloud/cmake/ament_cmake_export_dependencies-extras.cmake
[0.284s] -- Up-to-date symlink: /home/dexter/ROS2/FilterCam/install/velodyne_pointcloud/share/velodyne_pointcloud/cmake/ament_cmake_export_libraries-extras.cmake
[0.284s] -- Up-to-date symlink: /home/dexter/ROS2/FilterCam/install/velodyne_pointcloud/share/velodyne_pointcloud/cmake/ament_cmake_export_targets-extras.cmake
[0.285s] -- Up-to-date symlink: /home/dexter/ROS2/FilterCam/install/velodyne_pointcloud/share/velodyne_pointcloud/cmake/velodyne_pointcloudConfig.cmake
[0.285s] -- Up-to-date symlink: /home/dexter/ROS2/FilterCam/install/velodyne_pointcloud/share/velodyne_pointcloud/cmake/velodyne_pointcloudConfig-version.cmake
[0.285s] -- Up-to-date symlink: /home/dexter/ROS2/FilterCam/install/velodyne_pointcloud/share/velodyne_pointcloud/package.xml
[0.285s] -- Up-to-date: /home/dexter/ROS2/FilterCam/install/velodyne_pointcloud/lib/libvelodyne_cloud_types.so
[0.285s] -- Up-to-date: /home/dexter/ROS2/FilterCam/install/velodyne_pointcloud/lib/libvelodyne_rawdata.so
[0.285s] -- Up-to-date: /home/dexter/ROS2/FilterCam/install/velodyne_pointcloud/lib/libtransform.so
[0.286s] -- Up-to-date: /home/dexter/ROS2/FilterCam/install/velodyne_pointcloud/share/velodyne_pointcloud/cmake/velodyne_pointcloudExport.cmake
[0.286s] -- Up-to-date: /home/dexter/ROS2/FilterCam/install/velodyne_pointcloud/share/velodyne_pointcloud/cmake/velodyne_pointcloudExport-debug.cmake
[0.298s] Invoked command in '/home/dexter/ROS2/FilterCam/build/velodyne_pointcloud' returned '0': CMAKE_PREFIX_PATH=/home/dexter/ROS2/FilterCam/install/velodyne_msgs:/home/dexter/ROS2/FilterCam/install/velodyne:/home/dexter/ROS2/FilterCam/install/velodyne_pointcloud:/home/dexter/ROS2/FilterCam/install/velodyne_driver:/home/dexter/ROS2/FilterCam/install/velodyne_laserscan:/opt/ros/jazzy/opt/gz_math_vendor:/opt/ros/jazzy/opt/gz_utils_vendor:/opt/ros/jazzy/opt/gz_cmake_vendor:/home/dexter/ROS2/FilterCam/install/package_launcher:/home/dexter/ROS2/FilterCam/install/liquidlens:/home/dexter/ROS2/FilterCam/install/filterwheel:/home/dexter/ROS2/FilterCam/install/filtered_pointcloud_pkg:/home/dexter/ROS2/FilterCam/install/empty_package:/home/dexter/ROS2/FilterCam/install/cam_director:/opt/ros/jazzy DEBUGINFOD_URLS=https://debuginfod.ubuntu.com LD_LIBRARY_PATH=/home/dexter/ROS2/FilterCam/install/velodyne_msgs/lib:/home/dexter/ROS2/FilterCam/install/velodyne_pointcloud/lib:/home/dexter/ROS2/FilterCam/install/velodyne_driver/lib:/home/dexter/ROS2/FilterCam/install/velodyne_laserscan/lib:/opt/ros/jazzy/opt/rviz_ogre_vendor/lib:/opt/ros/jazzy/lib/x86_64-linux-gnu:/opt/ros/jazzy/opt/gz_math_vendor/lib:/opt/ros/jazzy/opt/gz_utils_vendor/lib:/opt/ros/jazzy/opt/gz_cmake_vendor/lib:/opt/ros/jazzy/lib /usr/bin/cmake --install /home/dexter/ROS2/FilterCam/build/velodyne_pointcloud
