[ 25%] [32mBuilding CXX object CMakeFiles/velodyne_laserscan.dir/src/velodyne_laserscan.cpp.o[0m
[ 50%] [32m[1mLinking CXX shared library libvelodyne_laserscan.so[0m
[ 50%] Built target velodyne_laserscan
[ 75%] [32mBuilding CXX object CMakeFiles/velodyne_laserscan_node.dir/src/node.cpp.o[0m
[100%] [32m[1mLinking CXX executable velodyne_laserscan_node[0m
[100%] Built target velodyne_laserscan_node
-- Install configuration: "Debug"
-- Execute custom install script
-- Up-to-date symlink: /home/dexter/ROS2/FilterCam/install/velodyne_laserscan/lib/velodyne_laserscan/velodyne_laserscan_node
-- Up-to-date symlink: /home/dexter/ROS2/FilterCam/install/velodyne_laserscan/include/velodyne_laserscan/velodyne_laserscan.hpp
-- Up-to-date symlink: /home/dexter/ROS2/FilterCam/install/velodyne_laserscan/share/velodyne_laserscan/config/default-velodyne_laserscan_node-params.yaml
-- Up-to-date symlink: /home/dexter/ROS2/FilterCam/install/velodyne_laserscan/share/velodyne_laserscan/launch/velodyne_laserscan_node-composed-launch.py
-- Up-to-date symlink: /home/dexter/ROS2/FilterCam/install/velodyne_laserscan/share/velodyne_laserscan/launch/velodyne_laserscan_node-launch.py
-- Up-to-date symlink: /home/dexter/ROS2/FilterCam/install/velodyne_laserscan/share/ament_index/resource_index/package_run_dependencies/velodyne_laserscan
-- Up-to-date symlink: /home/dexter/ROS2/FilterCam/install/velodyne_laserscan/share/ament_index/resource_index/parent_prefix_path/velodyne_laserscan
-- Up-to-date symlink: /home/dexter/ROS2/FilterCam/install/velodyne_laserscan/share/velodyne_laserscan/environment/ament_prefix_path.sh
-- Up-to-date symlink: /home/dexter/ROS2/FilterCam/install/velodyne_laserscan/share/velodyne_laserscan/environment/ament_prefix_path.dsv
-- Up-to-date symlink: /home/dexter/ROS2/FilterCam/install/velodyne_laserscan/share/velodyne_laserscan/environment/path.sh
-- Up-to-date symlink: /home/dexter/ROS2/FilterCam/install/velodyne_laserscan/share/velodyne_laserscan/environment/path.dsv
-- Up-to-date symlink: /home/dexter/ROS2/FilterCam/install/velodyne_laserscan/share/velodyne_laserscan/local_setup.bash
-- Up-to-date symlink: /home/dexter/ROS2/FilterCam/install/velodyne_laserscan/share/velodyne_laserscan/local_setup.sh
-- Up-to-date symlink: /home/dexter/ROS2/FilterCam/install/velodyne_laserscan/share/velodyne_laserscan/local_setup.zsh
-- Up-to-date symlink: /home/dexter/ROS2/FilterCam/install/velodyne_laserscan/share/velodyne_laserscan/local_setup.dsv
-- Symlinking: /home/dexter/ROS2/FilterCam/install/velodyne_laserscan/share/velodyne_laserscan/package.dsv
-- Up-to-date symlink: /home/dexter/ROS2/FilterCam/install/velodyne_laserscan/share/ament_index/resource_index/packages/velodyne_laserscan
-- Up-to-date symlink: /home/dexter/ROS2/FilterCam/install/velodyne_laserscan/share/ament_index/resource_index/rclcpp_components/velodyne_laserscan
-- Up-to-date symlink: /home/dexter/ROS2/FilterCam/install/velodyne_laserscan/share/velodyne_laserscan/cmake/ament_cmake_export_include_directories-extras.cmake
-- Up-to-date symlink: /home/dexter/ROS2/FilterCam/install/velodyne_laserscan/share/velodyne_laserscan/cmake/ament_cmake_export_targets-extras.cmake
-- Up-to-date symlink: /home/dexter/ROS2/FilterCam/install/velodyne_laserscan/share/velodyne_laserscan/cmake/ament_cmake_export_dependencies-extras.cmake
-- Up-to-date symlink: /home/dexter/ROS2/FilterCam/install/velodyne_laserscan/share/velodyne_laserscan/cmake/velodyne_laserscanConfig.cmake
-- Up-to-date symlink: /home/dexter/ROS2/FilterCam/install/velodyne_laserscan/share/velodyne_laserscan/cmake/velodyne_laserscanConfig-version.cmake
-- Up-to-date symlink: /home/dexter/ROS2/FilterCam/install/velodyne_laserscan/share/velodyne_laserscan/package.xml
-- Installing: /home/dexter/ROS2/FilterCam/install/velodyne_laserscan/lib/libvelodyne_laserscan.so
-- Set non-toolchain portion of runtime path of "/home/dexter/ROS2/FilterCam/install/velodyne_laserscan/lib/libvelodyne_laserscan.so" to ""
-- Up-to-date: /home/dexter/ROS2/FilterCam/install/velodyne_laserscan/share/velodyne_laserscan/cmake/velodyne_laserscanExport.cmake
-- Up-to-date: /home/dexter/ROS2/FilterCam/install/velodyne_laserscan/share/velodyne_laserscan/cmake/velodyne_laserscanExport-debug.cmake
