running develop
running egg_info
creating package_launcher.egg-info
writing package_launcher.egg-info/PKG-INFO
writing dependency_links to package_launcher.egg-info/dependency_links.txt
writing requirements to package_launcher.egg-info/requires.txt
writing top-level names to package_launcher.egg-info/top_level.txt
writing manifest file 'package_launcher.egg-info/SOURCES.txt'
reading manifest file 'package_launcher.egg-info/SOURCES.txt'
writing manifest file 'package_launcher.egg-info/SOURCES.txt'
running build_ext
Creating /home/dexter/ROS2/FilterCam/install/package_launcher/lib/python3.12/site-packages/package-launcher.egg-link (link to .)

Installed /home/dexter/ROS2/FilterCam/build/package_launcher
running symlink_data
creating /home/dexter/ROS2/FilterCam/install/package_launcher/share/ament_index
creating /home/dexter/ROS2/FilterCam/install/package_launcher/share/ament_index/resource_index
creating /home/dexter/ROS2/FilterCam/install/package_launcher/share/ament_index/resource_index/packages
symbolically linking /home/dexter/ROS2/FilterCam/build/package_launcher/resource/package_launcher -> /home/dexter/ROS2/FilterCam/install/package_launcher/share/ament_index/resource_index/packages
symbolically linking /home/dexter/ROS2/FilterCam/build/package_launcher/package.xml -> /home/dexter/ROS2/FilterCam/install/package_launcher/share/package_launcher
creating /home/dexter/ROS2/FilterCam/install/package_launcher/share/package_launcher/launch
symbolically linking /home/dexter/ROS2/FilterCam/build/package_launcher/launch/launch_packages.launch.py -> /home/dexter/ROS2/FilterCam/install/package_launcher/share/package_launcher/launch
