[1.513s] Invoking command in '/home/dexter/ROS2/FilterCam/build/package_launcher': DEBUGINFOD_URLS=https://debuginfod.ubuntu.com PYTHONPATH=/home/dexter/ROS2/FilterCam/build/package_launcher/prefix_override:/usr/lib/python3/dist-packages/colcon_core/task/python/colcon_distutils_commands:/home/dexter/ROS2/FilterCam/install/package_launcher/lib/python3.12/site-packages:${PYTHONPATH} /usr/bin/python3 -W ignore:setup.py install is deprecated -W ignore:easy_install command is deprecated setup.py develop --editable --build-directory /home/dexter/ROS2/FilterCam/build/package_launcher/build --no-deps symlink_data
[1.813s] running develop
[2.020s] running egg_info
[2.020s] creating package_launcher.egg-info
[2.040s] writing package_launcher.egg-info/PKG-INFO
[2.040s] writing dependency_links to package_launcher.egg-info/dependency_links.txt
[2.040s] writing requirements to package_launcher.egg-info/requires.txt
[2.040s] writing top-level names to package_launcher.egg-info/top_level.txt
[2.040s] writing manifest file 'package_launcher.egg-info/SOURCES.txt'
[2.077s] reading manifest file 'package_launcher.egg-info/SOURCES.txt'
[2.077s] writing manifest file 'package_launcher.egg-info/SOURCES.txt'
[2.096s] running build_ext
[2.096s] Creating /home/dexter/ROS2/FilterCam/install/package_launcher/lib/python3.12/site-packages/package-launcher.egg-link (link to .)
[2.096s] 
[2.096s] Installed /home/dexter/ROS2/FilterCam/build/package_launcher
[2.096s] running symlink_data
[2.096s] creating /home/dexter/ROS2/FilterCam/install/package_launcher/share/ament_index
[2.097s] creating /home/dexter/ROS2/FilterCam/install/package_launcher/share/ament_index/resource_index
[2.097s] creating /home/dexter/ROS2/FilterCam/install/package_launcher/share/ament_index/resource_index/packages
[2.097s] symbolically linking /home/dexter/ROS2/FilterCam/build/package_launcher/resource/package_launcher -> /home/dexter/ROS2/FilterCam/install/package_launcher/share/ament_index/resource_index/packages
[2.097s] symbolically linking /home/dexter/ROS2/FilterCam/build/package_launcher/package.xml -> /home/dexter/ROS2/FilterCam/install/package_launcher/share/package_launcher
[2.097s] creating /home/dexter/ROS2/FilterCam/install/package_launcher/share/package_launcher/launch
[2.097s] symbolically linking /home/dexter/ROS2/FilterCam/build/package_launcher/launch/launch_packages.launch.py -> /home/dexter/ROS2/FilterCam/install/package_launcher/share/package_launcher/launch
[2.129s] Invoked command in '/home/dexter/ROS2/FilterCam/build/package_launcher' returned '0': DEBUGINFOD_URLS=https://debuginfod.ubuntu.com PYTHONPATH=/home/dexter/ROS2/FilterCam/build/package_launcher/prefix_override:/usr/lib/python3/dist-packages/colcon_core/task/python/colcon_distutils_commands:/home/dexter/ROS2/FilterCam/install/package_launcher/lib/python3.12/site-packages:${PYTHONPATH} /usr/bin/python3 -W ignore:setup.py install is deprecated -W ignore:easy_install command is deprecated setup.py develop --editable --build-directory /home/dexter/ROS2/FilterCam/build/package_launcher/build --no-deps symlink_data
