[0.016s] Invoking command in '/home/dexter/ROS2/FilterCam/build/velodyne': AMENT_PREFIX_PATH=/home/dexter/ROS2/FilterCam/install/velodyne_pointcloud:/home/dexter/ROS2/FilterCam/install/velodyne_driver:${AMENT_PREFIX_PATH} CMAKE_PREFIX_PATH=/home/dexter/ROS2/FilterCam/install/velodyne_pointcloud:/home/dexter/ROS2/FilterCam/install/velodyne_driver:/home/dexter/ROS2/FilterCam/install/velodyne_msgs:/home/dexter/ROS2/FilterCam/install/velodyne_laserscan:/opt/ros/jazzy/opt/gz_math_vendor:/opt/ros/jazzy/opt/gz_utils_vendor:/opt/ros/jazzy/opt/gz_cmake_vendor:/home/dexter/ROS2/FilterCam/install/package_launcher:/home/dexter/ROS2/FilterCam/install/liquidlens:/home/dexter/ROS2/FilterCam/install/filterwheel:/home/dexter/ROS2/FilterCam/install/filtered_pointcloud_pkg:/home/dexter/ROS2/FilterCam/install/empty_package:/opt/ros/jazzy DEBUGINFOD_URLS=https://debuginfod.ubuntu.com LD_LIBRARY_PATH=/home/dexter/ROS2/FilterCam/install/velodyne_pointcloud/lib:/home/dexter/ROS2/FilterCam/install/velodyne_driver/lib:${LD_LIBRARY_PATH} /usr/bin/cmake /home/dexter/ROS2/FilterCam/src/velodyne/velodyne -DCMAKE_BUILD_TYPE=Debug -DAMENT_CMAKE_SYMLINK_INSTALL=1 -DCMAKE_INSTALL_PREFIX=/home/dexter/ROS2/FilterCam/install/velodyne
[0.066s] -- The C compiler identification is GNU 13.3.0
[0.117s] -- The CXX compiler identification is GNU 13.3.0
[0.134s] -- Detecting C compiler ABI info
[0.216s] -- Detecting C compiler ABI info - done
[0.224s] -- Check for working C compiler: /usr/bin/cc - skipped
[0.224s] -- Detecting C compile features
[0.224s] -- Detecting C compile features - done
[0.233s] -- Detecting CXX compiler ABI info
[0.325s] -- Detecting CXX compiler ABI info - done
[0.334s] -- Check for working CXX compiler: /usr/bin/c++ - skipped
[0.334s] -- Detecting CXX compile features
[0.335s] -- Detecting CXX compile features - done
[0.338s] -- Found ament_cmake: 2.5.4 (/opt/ros/jazzy/share/ament_cmake/cmake)
[0.485s] -- Found Python3: /usr/bin/python3 (found version "3.12.3") found components: Interpreter 
[0.550s] -- Override CMake install command with custom implementation using symlinks instead of copying resources
[0.667s] -- Configuring done (0.6s)
[0.670s] -- Generating done (0.0s)
[0.671s] -- Build files have been written to: /home/dexter/ROS2/FilterCam/build/velodyne
[0.675s] Invoked command in '/home/dexter/ROS2/FilterCam/build/velodyne' returned '0': AMENT_PREFIX_PATH=/home/dexter/ROS2/FilterCam/install/velodyne_pointcloud:/home/dexter/ROS2/FilterCam/install/velodyne_driver:${AMENT_PREFIX_PATH} CMAKE_PREFIX_PATH=/home/dexter/ROS2/FilterCam/install/velodyne_pointcloud:/home/dexter/ROS2/FilterCam/install/velodyne_driver:/home/dexter/ROS2/FilterCam/install/velodyne_msgs:/home/dexter/ROS2/FilterCam/install/velodyne_laserscan:/opt/ros/jazzy/opt/gz_math_vendor:/opt/ros/jazzy/opt/gz_utils_vendor:/opt/ros/jazzy/opt/gz_cmake_vendor:/home/dexter/ROS2/FilterCam/install/package_launcher:/home/dexter/ROS2/FilterCam/install/liquidlens:/home/dexter/ROS2/FilterCam/install/filterwheel:/home/dexter/ROS2/FilterCam/install/filtered_pointcloud_pkg:/home/dexter/ROS2/FilterCam/install/empty_package:/opt/ros/jazzy DEBUGINFOD_URLS=https://debuginfod.ubuntu.com LD_LIBRARY_PATH=/home/dexter/ROS2/FilterCam/install/velodyne_pointcloud/lib:/home/dexter/ROS2/FilterCam/install/velodyne_driver/lib:${LD_LIBRARY_PATH} /usr/bin/cmake /home/dexter/ROS2/FilterCam/src/velodyne/velodyne -DCMAKE_BUILD_TYPE=Debug -DAMENT_CMAKE_SYMLINK_INSTALL=1 -DCMAKE_INSTALL_PREFIX=/home/dexter/ROS2/FilterCam/install/velodyne
[0.676s] Invoking command in '/home/dexter/ROS2/FilterCam/build/velodyne': AMENT_PREFIX_PATH=/home/dexter/ROS2/FilterCam/install/velodyne_pointcloud:/home/dexter/ROS2/FilterCam/install/velodyne_driver:${AMENT_PREFIX_PATH} CMAKE_PREFIX_PATH=/home/dexter/ROS2/FilterCam/install/velodyne_pointcloud:/home/dexter/ROS2/FilterCam/install/velodyne_driver:/home/dexter/ROS2/FilterCam/install/velodyne_msgs:/home/dexter/ROS2/FilterCam/install/velodyne_laserscan:/opt/ros/jazzy/opt/gz_math_vendor:/opt/ros/jazzy/opt/gz_utils_vendor:/opt/ros/jazzy/opt/gz_cmake_vendor:/home/dexter/ROS2/FilterCam/install/package_launcher:/home/dexter/ROS2/FilterCam/install/liquidlens:/home/dexter/ROS2/FilterCam/install/filterwheel:/home/dexter/ROS2/FilterCam/install/filtered_pointcloud_pkg:/home/dexter/ROS2/FilterCam/install/empty_package:/opt/ros/jazzy DEBUGINFOD_URLS=https://debuginfod.ubuntu.com LD_LIBRARY_PATH=/home/dexter/ROS2/FilterCam/install/velodyne_pointcloud/lib:/home/dexter/ROS2/FilterCam/install/velodyne_driver/lib:${LD_LIBRARY_PATH} /usr/bin/cmake --build /home/dexter/ROS2/FilterCam/build/velodyne -- -j16 -l16
[0.715s] Invoked command in '/home/dexter/ROS2/FilterCam/build/velodyne' returned '0': AMENT_PREFIX_PATH=/home/dexter/ROS2/FilterCam/install/velodyne_pointcloud:/home/dexter/ROS2/FilterCam/install/velodyne_driver:${AMENT_PREFIX_PATH} CMAKE_PREFIX_PATH=/home/dexter/ROS2/FilterCam/install/velodyne_pointcloud:/home/dexter/ROS2/FilterCam/install/velodyne_driver:/home/dexter/ROS2/FilterCam/install/velodyne_msgs:/home/dexter/ROS2/FilterCam/install/velodyne_laserscan:/opt/ros/jazzy/opt/gz_math_vendor:/opt/ros/jazzy/opt/gz_utils_vendor:/opt/ros/jazzy/opt/gz_cmake_vendor:/home/dexter/ROS2/FilterCam/install/package_launcher:/home/dexter/ROS2/FilterCam/install/liquidlens:/home/dexter/ROS2/FilterCam/install/filterwheel:/home/dexter/ROS2/FilterCam/install/filtered_pointcloud_pkg:/home/dexter/ROS2/FilterCam/install/empty_package:/opt/ros/jazzy DEBUGINFOD_URLS=https://debuginfod.ubuntu.com LD_LIBRARY_PATH=/home/dexter/ROS2/FilterCam/install/velodyne_pointcloud/lib:/home/dexter/ROS2/FilterCam/install/velodyne_driver/lib:${LD_LIBRARY_PATH} /usr/bin/cmake --build /home/dexter/ROS2/FilterCam/build/velodyne -- -j16 -l16
[0.716s] Invoking command in '/home/dexter/ROS2/FilterCam/build/velodyne': AMENT_PREFIX_PATH=/home/dexter/ROS2/FilterCam/install/velodyne_pointcloud:/home/dexter/ROS2/FilterCam/install/velodyne_driver:${AMENT_PREFIX_PATH} CMAKE_PREFIX_PATH=/home/dexter/ROS2/FilterCam/install/velodyne_pointcloud:/home/dexter/ROS2/FilterCam/install/velodyne_driver:/home/dexter/ROS2/FilterCam/install/velodyne_msgs:/home/dexter/ROS2/FilterCam/install/velodyne_laserscan:/opt/ros/jazzy/opt/gz_math_vendor:/opt/ros/jazzy/opt/gz_utils_vendor:/opt/ros/jazzy/opt/gz_cmake_vendor:/home/dexter/ROS2/FilterCam/install/package_launcher:/home/dexter/ROS2/FilterCam/install/liquidlens:/home/dexter/ROS2/FilterCam/install/filterwheel:/home/dexter/ROS2/FilterCam/install/filtered_pointcloud_pkg:/home/dexter/ROS2/FilterCam/install/empty_package:/opt/ros/jazzy DEBUGINFOD_URLS=https://debuginfod.ubuntu.com LD_LIBRARY_PATH=/home/dexter/ROS2/FilterCam/install/velodyne_pointcloud/lib:/home/dexter/ROS2/FilterCam/install/velodyne_driver/lib:${LD_LIBRARY_PATH} /usr/bin/cmake --install /home/dexter/ROS2/FilterCam/build/velodyne
[0.724s] -- Install configuration: "Debug"
[0.724s] -- Execute custom install script
[0.725s] -- Symlinking: /home/dexter/ROS2/FilterCam/install/velodyne/share/velodyne/launch/velodyne-all-nodes-VLP16-composed-launch.py
[0.733s] -- Symlinking: /home/dexter/ROS2/FilterCam/install/velodyne/share/velodyne/launch/velodyne-all-nodes-VLP16-launch.py
[0.741s] -- Symlinking: /home/dexter/ROS2/FilterCam/install/velodyne/share/velodyne/launch/velodyne-all-nodes-VLP32C-composed-launch.py
[0.749s] -- Symlinking: /home/dexter/ROS2/FilterCam/install/velodyne/share/velodyne/launch/velodyne-all-nodes-VLP32C-launch.py
[0.757s] -- Symlinking: /home/dexter/ROS2/FilterCam/install/velodyne/share/velodyne/launch/velodyne-all-nodes-VLS128-composed-launch.py
[0.765s] -- Symlinking: /home/dexter/ROS2/FilterCam/install/velodyne/share/velodyne/launch/velodyne-all-nodes-VLS128-launch.py
[0.773s] -- Symlinking: /home/dexter/ROS2/FilterCam/install/velodyne/share/ament_index/resource_index/package_run_dependencies/velodyne
[0.781s] -- Symlinking: /home/dexter/ROS2/FilterCam/install/velodyne/share/ament_index/resource_index/parent_prefix_path/velodyne
[0.790s] -- Symlinking: /home/dexter/ROS2/FilterCam/install/velodyne/share/velodyne/environment/ament_prefix_path.sh
[0.798s] -- Symlinking: /home/dexter/ROS2/FilterCam/install/velodyne/share/velodyne/environment/ament_prefix_path.dsv
[0.806s] -- Symlinking: /home/dexter/ROS2/FilterCam/install/velodyne/share/velodyne/environment/path.sh
[0.814s] -- Symlinking: /home/dexter/ROS2/FilterCam/install/velodyne/share/velodyne/environment/path.dsv
[0.822s] -- Symlinking: /home/dexter/ROS2/FilterCam/install/velodyne/share/velodyne/local_setup.bash
[0.830s] -- Symlinking: /home/dexter/ROS2/FilterCam/install/velodyne/share/velodyne/local_setup.sh
[0.838s] -- Symlinking: /home/dexter/ROS2/FilterCam/install/velodyne/share/velodyne/local_setup.zsh
[0.846s] -- Symlinking: /home/dexter/ROS2/FilterCam/install/velodyne/share/velodyne/local_setup.dsv
[0.854s] -- Symlinking: /home/dexter/ROS2/FilterCam/install/velodyne/share/velodyne/package.dsv
[0.862s] -- Symlinking: /home/dexter/ROS2/FilterCam/install/velodyne/share/ament_index/resource_index/packages/velodyne
[0.869s] -- Symlinking: /home/dexter/ROS2/FilterCam/install/velodyne/share/velodyne/cmake/velodyneConfig.cmake
[0.877s] -- Symlinking: /home/dexter/ROS2/FilterCam/install/velodyne/share/velodyne/cmake/velodyneConfig-version.cmake
[0.885s] -- Symlinking: /home/dexter/ROS2/FilterCam/install/velodyne/share/velodyne/package.xml
[0.895s] Invoked command in '/home/dexter/ROS2/FilterCam/build/velodyne' returned '0': AMENT_PREFIX_PATH=/home/dexter/ROS2/FilterCam/install/velodyne_pointcloud:/home/dexter/ROS2/FilterCam/install/velodyne_driver:${AMENT_PREFIX_PATH} CMAKE_PREFIX_PATH=/home/dexter/ROS2/FilterCam/install/velodyne_pointcloud:/home/dexter/ROS2/FilterCam/install/velodyne_driver:/home/dexter/ROS2/FilterCam/install/velodyne_msgs:/home/dexter/ROS2/FilterCam/install/velodyne_laserscan:/opt/ros/jazzy/opt/gz_math_vendor:/opt/ros/jazzy/opt/gz_utils_vendor:/opt/ros/jazzy/opt/gz_cmake_vendor:/home/dexter/ROS2/FilterCam/install/package_launcher:/home/dexter/ROS2/FilterCam/install/liquidlens:/home/dexter/ROS2/FilterCam/install/filterwheel:/home/dexter/ROS2/FilterCam/install/filtered_pointcloud_pkg:/home/dexter/ROS2/FilterCam/install/empty_package:/opt/ros/jazzy DEBUGINFOD_URLS=https://debuginfod.ubuntu.com LD_LIBRARY_PATH=/home/dexter/ROS2/FilterCam/install/velodyne_pointcloud/lib:/home/dexter/ROS2/FilterCam/install/velodyne_driver/lib:${LD_LIBRARY_PATH} /usr/bin/cmake --install /home/dexter/ROS2/FilterCam/build/velodyne
