[0.014s] Invoking command in '/home/dexter/ROS2/FilterCam/build/velodyne_driver': CMAKE_PREFIX_PATH=/home/dexter/ROS2/FilterCam/install/velodyne_msgs:/home/dexter/ROS2/FilterCam/install/velodyne:/home/dexter/ROS2/FilterCam/install/velodyne_pointcloud:/home/dexter/ROS2/FilterCam/install/velodyne_driver:/home/dexter/ROS2/FilterCam/install/velodyne_laserscan:/opt/ros/jazzy/opt/gz_math_vendor:/opt/ros/jazzy/opt/gz_utils_vendor:/opt/ros/jazzy/opt/gz_cmake_vendor:/home/dexter/ROS2/FilterCam/install/package_launcher:/home/dexter/ROS2/FilterCam/install/liquidlens:/home/dexter/ROS2/FilterCam/install/filterwheel:/home/dexter/ROS2/FilterCam/install/filtered_pointcloud_pkg:/home/dexter/ROS2/FilterCam/install/empty_package:/home/dexter/ROS2/FilterCam/install/cam_director:/opt/ros/jazzy DEBUGINFOD_URLS=https://debuginfod.ubuntu.com LD_LIBRARY_PATH=/home/dexter/ROS2/FilterCam/install/velodyne_msgs/lib:/home/dexter/ROS2/FilterCam/install/velodyne_pointcloud/lib:/home/dexter/ROS2/FilterCam/install/velodyne_driver/lib:/home/dexter/ROS2/FilterCam/install/velodyne_laserscan/lib:/opt/ros/jazzy/opt/rviz_ogre_vendor/lib:/opt/ros/jazzy/lib/x86_64-linux-gnu:/opt/ros/jazzy/opt/gz_math_vendor/lib:/opt/ros/jazzy/opt/gz_utils_vendor/lib:/opt/ros/jazzy/opt/gz_cmake_vendor/lib:/opt/ros/jazzy/lib /usr/bin/cmake --build /home/dexter/ROS2/FilterCam/build/velodyne_driver -- -j24 -l24
[0.057s] -- Found ament_cmake_ros: 0.12.0 (/opt/ros/jazzy/share/ament_cmake_ros/cmake)
[0.283s] -- Override CMake install command with custom implementation using symlinks instead of copying resources
[0.292s] -- Found diagnostic_updater: 4.2.6 (/opt/ros/jazzy/share/diagnostic_updater/cmake)
[0.324s] -- Found rosidl_generator_c: 4.6.6 (/opt/ros/jazzy/share/rosidl_generator_c/cmake)
[0.333s] -- Found rosidl_generator_cpp: 4.6.6 (/opt/ros/jazzy/share/rosidl_generator_cpp/cmake)
[0.344s] -- Using all available rosidl_typesupport_c: rosidl_typesupport_fastrtps_c;rosidl_typesupport_introspection_c
[0.358s] -- Using all available rosidl_typesupport_cpp: rosidl_typesupport_fastrtps_cpp;rosidl_typesupport_introspection_cpp
[0.470s] -- Found rmw_implementation_cmake: 7.3.2 (/opt/ros/jazzy/share/rmw_implementation_cmake/cmake)
[0.472s] -- Found rmw_fastrtps_cpp: 8.4.3 (/opt/ros/jazzy/share/rmw_fastrtps_cpp/cmake)
[0.545s] -- Using RMW implementation 'rmw_fastrtps_cpp' as default
[0.611s] -- Found rclcpp_components: 28.1.11 (/opt/ros/jazzy/share/rclcpp_components/cmake)
[0.641s] -- Found tf2_ros: 0.36.14 (/opt/ros/jazzy/share/tf2_ros/cmake)
[0.776s] -- Found velodyne_msgs: 2.5.1 (/home/dexter/ROS2/FilterCam/install/velodyne_msgs/share/velodyne_msgs/cmake)
[0.796s] -- Found ament_lint_auto: 0.17.3 (/opt/ros/jazzy/share/ament_lint_auto/cmake)
[0.887s] -- Found gtest sources under '/opt/ros/jazzy/src/gtest_vendor': C++ tests using 'Google Test' will be built
[0.900s] -- Added test 'copyright' to check source files copyright and LICENSE
[0.904s] -- Added test 'cppcheck' to perform static code analysis on C / C++ code
[0.904s] -- Configured cppcheck include dirs: $<BUILD_INTERFACE:/home/dexter/ROS2/FilterCam/src/velodyne/velodyne_driver/include>
[0.904s] -- Configured cppcheck exclude dirs and/or files: 
[0.908s] -- Added test 'cpplint' to check C / C++ code against the Google style
[0.908s] -- Configured cpplint exclude dirs and/or files: 
[0.908s] -- Added test 'flake8' to check Python code syntax and style conventions
[0.908s] -- Configured 'flake8' exclude dirs and/or files: 
[0.909s] -- Added test 'lint_cmake' to check CMake code style
[0.910s] -- Added test 'pep257' to check Python code against some of the docstring style conventions in PEP 257
[0.913s] -- Added test 'uncrustify' to check C / C++ code style
[0.913s] -- Configured uncrustify additional arguments: 
[0.914s] -- Added test 'xmllint' to check XML markup files
[0.920s] -- Configuring done (0.9s)
[0.968s] -- Generating done (0.0s)
[0.978s] -- Build files have been written to: /home/dexter/ROS2/FilterCam/build/velodyne_driver
[1.032s] [ 16%] Built target gtest
[1.033s] [ 33%] Built target gtest_main
[1.036s] [ 41%] [32mBuilding CXX object CMakeFiles/velodyne_input.dir/src/lib/input.cpp.o[0m
[4.114s] [ 50%] [32m[1mLinking CXX shared library libvelodyne_input.so[0m
[4.302s] [ 50%] Built target velodyne_input
[4.340s] [ 66%] [32m[1mLinking CXX executable time_test[0m
[4.340s] [ 66%] [32mBuilding CXX object CMakeFiles/velodyne_driver.dir/src/driver/driver.cpp.o[0m
[4.601s] [ 75%] Built target time_test
[13.781s] [ 83%] [32m[1mLinking CXX shared library libvelodyne_driver.so[0m
[14.265s] [ 83%] Built target velodyne_driver
[14.306s] [ 91%] [32mBuilding CXX object CMakeFiles/velodyne_driver_node.dir/src/driver/velodyne_node.cpp.o[0m
[17.317s] [100%] [32m[1mLinking CXX executable velodyne_driver_node[0m
[17.565s] [100%] Built target velodyne_driver_node
[17.581s] Invoked command in '/home/dexter/ROS2/FilterCam/build/velodyne_driver' returned '0': CMAKE_PREFIX_PATH=/home/dexter/ROS2/FilterCam/install/velodyne_msgs:/home/dexter/ROS2/FilterCam/install/velodyne:/home/dexter/ROS2/FilterCam/install/velodyne_pointcloud:/home/dexter/ROS2/FilterCam/install/velodyne_driver:/home/dexter/ROS2/FilterCam/install/velodyne_laserscan:/opt/ros/jazzy/opt/gz_math_vendor:/opt/ros/jazzy/opt/gz_utils_vendor:/opt/ros/jazzy/opt/gz_cmake_vendor:/home/dexter/ROS2/FilterCam/install/package_launcher:/home/dexter/ROS2/FilterCam/install/liquidlens:/home/dexter/ROS2/FilterCam/install/filterwheel:/home/dexter/ROS2/FilterCam/install/filtered_pointcloud_pkg:/home/dexter/ROS2/FilterCam/install/empty_package:/home/dexter/ROS2/FilterCam/install/cam_director:/opt/ros/jazzy DEBUGINFOD_URLS=https://debuginfod.ubuntu.com LD_LIBRARY_PATH=/home/dexter/ROS2/FilterCam/install/velodyne_msgs/lib:/home/dexter/ROS2/FilterCam/install/velodyne_pointcloud/lib:/home/dexter/ROS2/FilterCam/install/velodyne_driver/lib:/home/dexter/ROS2/FilterCam/install/velodyne_laserscan/lib:/opt/ros/jazzy/opt/rviz_ogre_vendor/lib:/opt/ros/jazzy/lib/x86_64-linux-gnu:/opt/ros/jazzy/opt/gz_math_vendor/lib:/opt/ros/jazzy/opt/gz_utils_vendor/lib:/opt/ros/jazzy/opt/gz_cmake_vendor/lib:/opt/ros/jazzy/lib /usr/bin/cmake --build /home/dexter/ROS2/FilterCam/build/velodyne_driver -- -j24 -l24
[17.583s] Invoking command in '/home/dexter/ROS2/FilterCam/build/velodyne_driver': CMAKE_PREFIX_PATH=/home/dexter/ROS2/FilterCam/install/velodyne_msgs:/home/dexter/ROS2/FilterCam/install/velodyne:/home/dexter/ROS2/FilterCam/install/velodyne_pointcloud:/home/dexter/ROS2/FilterCam/install/velodyne_driver:/home/dexter/ROS2/FilterCam/install/velodyne_laserscan:/opt/ros/jazzy/opt/gz_math_vendor:/opt/ros/jazzy/opt/gz_utils_vendor:/opt/ros/jazzy/opt/gz_cmake_vendor:/home/dexter/ROS2/FilterCam/install/package_launcher:/home/dexter/ROS2/FilterCam/install/liquidlens:/home/dexter/ROS2/FilterCam/install/filterwheel:/home/dexter/ROS2/FilterCam/install/filtered_pointcloud_pkg:/home/dexter/ROS2/FilterCam/install/empty_package:/home/dexter/ROS2/FilterCam/install/cam_director:/opt/ros/jazzy DEBUGINFOD_URLS=https://debuginfod.ubuntu.com LD_LIBRARY_PATH=/home/dexter/ROS2/FilterCam/install/velodyne_msgs/lib:/home/dexter/ROS2/FilterCam/install/velodyne_pointcloud/lib:/home/dexter/ROS2/FilterCam/install/velodyne_driver/lib:/home/dexter/ROS2/FilterCam/install/velodyne_laserscan/lib:/opt/ros/jazzy/opt/rviz_ogre_vendor/lib:/opt/ros/jazzy/lib/x86_64-linux-gnu:/opt/ros/jazzy/opt/gz_math_vendor/lib:/opt/ros/jazzy/opt/gz_utils_vendor/lib:/opt/ros/jazzy/opt/gz_cmake_vendor/lib:/opt/ros/jazzy/lib /usr/bin/cmake --install /home/dexter/ROS2/FilterCam/build/velodyne_driver
[17.593s] -- Install configuration: "Debug"
[17.593s] -- Execute custom install script
[17.594s] -- Up-to-date symlink: /home/dexter/ROS2/FilterCam/install/velodyne_driver/lib/velodyne_driver/velodyne_driver_node
[17.594s] -- Up-to-date symlink: /home/dexter/ROS2/FilterCam/install/velodyne_driver/include/velodyne_driver/driver.hpp
[17.594s] -- Up-to-date symlink: /home/dexter/ROS2/FilterCam/install/velodyne_driver/include/velodyne_driver/input.hpp
[17.594s] -- Up-to-date symlink: /home/dexter/ROS2/FilterCam/install/velodyne_driver/include/velodyne_driver/time_conversion.hpp
[17.594s] -- Up-to-date symlink: /home/dexter/ROS2/FilterCam/install/velodyne_driver/share/velodyne_driver/config/HDL32E-velodyne_driver_node-params.yaml
[17.595s] -- Up-to-date symlink: /home/dexter/ROS2/FilterCam/install/velodyne_driver/share/velodyne_driver/config/VLP16-velodyne_driver_node-params.yaml
[17.595s] -- Up-to-date symlink: /home/dexter/ROS2/FilterCam/install/velodyne_driver/share/velodyne_driver/config/VLP32C-velodyne_driver_node-params.yaml
[17.595s] -- Up-to-date symlink: /home/dexter/ROS2/FilterCam/install/velodyne_driver/share/velodyne_driver/config/VLS128-velodyne_driver_node-params.yaml
[17.595s] -- Up-to-date symlink: /home/dexter/ROS2/FilterCam/install/velodyne_driver/share/velodyne_driver/launch/velodyne_driver_node-HDL32E-launch.py
[17.595s] -- Up-to-date symlink: /home/dexter/ROS2/FilterCam/install/velodyne_driver/share/velodyne_driver/launch/velodyne_driver_node-VLP16-composed-launch.py
[17.595s] -- Up-to-date symlink: /home/dexter/ROS2/FilterCam/install/velodyne_driver/share/velodyne_driver/launch/velodyne_driver_node-VLP16-launch.py
[17.595s] -- Up-to-date symlink: /home/dexter/ROS2/FilterCam/install/velodyne_driver/share/velodyne_driver/launch/velodyne_driver_node-VLP32C-composed-launch.py
[17.596s] -- Up-to-date symlink: /home/dexter/ROS2/FilterCam/install/velodyne_driver/share/velodyne_driver/launch/velodyne_driver_node-VLP32C-launch.py
[17.596s] -- Up-to-date symlink: /home/dexter/ROS2/FilterCam/install/velodyne_driver/share/velodyne_driver/launch/velodyne_driver_node-VLS128-composed-launch.py
[17.596s] -- Up-to-date symlink: /home/dexter/ROS2/FilterCam/install/velodyne_driver/share/velodyne_driver/launch/velodyne_driver_node-VLS128-launch.py
[17.596s] -- Up-to-date symlink: /home/dexter/ROS2/FilterCam/install/velodyne_driver/lib/velodyne_driver/vdump
[17.596s] -- Up-to-date symlink: /home/dexter/ROS2/FilterCam/install/velodyne_driver/share/ament_index/resource_index/package_run_dependencies/velodyne_driver
[17.597s] -- Up-to-date symlink: /home/dexter/ROS2/FilterCam/install/velodyne_driver/share/ament_index/resource_index/parent_prefix_path/velodyne_driver
[17.597s] -- Up-to-date symlink: /home/dexter/ROS2/FilterCam/install/velodyne_driver/share/velodyne_driver/environment/ament_prefix_path.sh
[17.597s] -- Up-to-date symlink: /home/dexter/ROS2/FilterCam/install/velodyne_driver/share/velodyne_driver/environment/ament_prefix_path.dsv
[17.597s] -- Up-to-date symlink: /home/dexter/ROS2/FilterCam/install/velodyne_driver/share/velodyne_driver/environment/path.sh
[17.597s] -- Up-to-date symlink: /home/dexter/ROS2/FilterCam/install/velodyne_driver/share/velodyne_driver/environment/path.dsv
[17.598s] -- Up-to-date symlink: /home/dexter/ROS2/FilterCam/install/velodyne_driver/share/velodyne_driver/local_setup.bash
[17.598s] -- Up-to-date symlink: /home/dexter/ROS2/FilterCam/install/velodyne_driver/share/velodyne_driver/local_setup.sh
[17.598s] -- Up-to-date symlink: /home/dexter/ROS2/FilterCam/install/velodyne_driver/share/velodyne_driver/local_setup.zsh
[17.598s] -- Up-to-date symlink: /home/dexter/ROS2/FilterCam/install/velodyne_driver/share/velodyne_driver/local_setup.dsv
[17.599s] -- Symlinking: /home/dexter/ROS2/FilterCam/install/velodyne_driver/share/velodyne_driver/package.dsv
[17.610s] -- Up-to-date symlink: /home/dexter/ROS2/FilterCam/install/velodyne_driver/share/ament_index/resource_index/packages/velodyne_driver
[17.610s] -- Up-to-date symlink: /home/dexter/ROS2/FilterCam/install/velodyne_driver/share/ament_index/resource_index/rclcpp_components/velodyne_driver
[17.610s] -- Up-to-date symlink: /home/dexter/ROS2/FilterCam/install/velodyne_driver/share/velodyne_driver/cmake/ament_cmake_export_include_directories-extras.cmake
[17.610s] -- Up-to-date symlink: /home/dexter/ROS2/FilterCam/install/velodyne_driver/share/velodyne_driver/cmake/ament_cmake_export_targets-extras.cmake
[17.610s] -- Up-to-date symlink: /home/dexter/ROS2/FilterCam/install/velodyne_driver/share/velodyne_driver/cmake/ament_cmake_export_dependencies-extras.cmake
[17.611s] -- Up-to-date symlink: /home/dexter/ROS2/FilterCam/install/velodyne_driver/share/velodyne_driver/cmake/velodyne_driverConfig.cmake
[17.611s] -- Up-to-date symlink: /home/dexter/ROS2/FilterCam/install/velodyne_driver/share/velodyne_driver/cmake/velodyne_driverConfig-version.cmake
[17.611s] -- Up-to-date symlink: /home/dexter/ROS2/FilterCam/install/velodyne_driver/share/velodyne_driver/package.xml
[17.612s] -- Installing: /home/dexter/ROS2/FilterCam/install/velodyne_driver/lib/libvelodyne_input.so
[17.613s] -- Set non-toolchain portion of runtime path of "/home/dexter/ROS2/FilterCam/install/velodyne_driver/lib/libvelodyne_input.so" to ""
[17.614s] -- Installing: /home/dexter/ROS2/FilterCam/install/velodyne_driver/lib/libvelodyne_driver.so
[17.633s] -- Set non-toolchain portion of runtime path of "/home/dexter/ROS2/FilterCam/install/velodyne_driver/lib/libvelodyne_driver.so" to ""
[17.634s] -- Up-to-date: /home/dexter/ROS2/FilterCam/install/velodyne_driver/share/velodyne_driver/cmake/velodyne_driverExport.cmake
[17.634s] -- Up-to-date: /home/dexter/ROS2/FilterCam/install/velodyne_driver/share/velodyne_driver/cmake/velodyne_driverExport-debug.cmake
[17.638s] Invoked command in '/home/dexter/ROS2/FilterCam/build/velodyne_driver' returned '0': CMAKE_PREFIX_PATH=/home/dexter/ROS2/FilterCam/install/velodyne_msgs:/home/dexter/ROS2/FilterCam/install/velodyne:/home/dexter/ROS2/FilterCam/install/velodyne_pointcloud:/home/dexter/ROS2/FilterCam/install/velodyne_driver:/home/dexter/ROS2/FilterCam/install/velodyne_laserscan:/opt/ros/jazzy/opt/gz_math_vendor:/opt/ros/jazzy/opt/gz_utils_vendor:/opt/ros/jazzy/opt/gz_cmake_vendor:/home/dexter/ROS2/FilterCam/install/package_launcher:/home/dexter/ROS2/FilterCam/install/liquidlens:/home/dexter/ROS2/FilterCam/install/filterwheel:/home/dexter/ROS2/FilterCam/install/filtered_pointcloud_pkg:/home/dexter/ROS2/FilterCam/install/empty_package:/home/dexter/ROS2/FilterCam/install/cam_director:/opt/ros/jazzy DEBUGINFOD_URLS=https://debuginfod.ubuntu.com LD_LIBRARY_PATH=/home/dexter/ROS2/FilterCam/install/velodyne_msgs/lib:/home/dexter/ROS2/FilterCam/install/velodyne_pointcloud/lib:/home/dexter/ROS2/FilterCam/install/velodyne_driver/lib:/home/dexter/ROS2/FilterCam/install/velodyne_laserscan/lib:/opt/ros/jazzy/opt/rviz_ogre_vendor/lib:/opt/ros/jazzy/lib/x86_64-linux-gnu:/opt/ros/jazzy/opt/gz_math_vendor/lib:/opt/ros/jazzy/opt/gz_utils_vendor/lib:/opt/ros/jazzy/opt/gz_cmake_vendor/lib:/opt/ros/jazzy/lib /usr/bin/cmake --install /home/dexter/ROS2/FilterCam/build/velodyne_driver
