-- Found ament_cmake: 2.5.4 (/opt/ros/jazzy/share/ament_cmake/cmake)
-- Found Python3: /usr/bin/python3 (found version "3.12.3") found components: Interpreter 
-- Override CMake install command with custom implementation using symlinks instead of copying resources
-- Found builtin_interfaces: 2.0.3 (/opt/ros/jazzy/share/builtin_interfaces/cmake)
-- Found rosidl_generator_c: 4.6.6 (/opt/ros/jazzy/share/rosidl_generator_c/cmake)
-- Found rosidl_generator_cpp: 4.6.6 (/opt/ros/jazzy/share/rosidl_generator_cpp/cmake)
-- Using all available rosidl_typesupport_c: rosidl_typesupport_fastrtps_c;rosidl_typesupport_introspection_c
-- Using all available rosidl_typesupport_cpp: rosidl_typesupport_fastrtps_cpp;rosidl_typesupport_introspection_cpp
-- Found rosidl_default_generators: 1.6.0 (/opt/ros/jazzy/share/rosidl_default_generators/cmake)
-- Found rosidl_adapter: 4.6.6 (/opt/ros/jazzy/share/rosidl_adapter/cmake)
-- Found std_msgs: 5.3.6 (/opt/ros/jazzy/share/std_msgs/cmake)
-- Found ament_cmake_cppcheck: 0.17.3 (/opt/ros/jazzy/share/ament_cmake_cppcheck/cmake)
-- Found ament_cmake_cpplint: 0.17.3 (/opt/ros/jazzy/share/ament_cmake_cpplint/cmake)
-- Found ament_cmake_uncrustify: 0.17.3 (/opt/ros/jazzy/share/ament_cmake_uncrustify/cmake)
-- Found ament_cmake_ros: 0.12.0 (/opt/ros/jazzy/share/ament_cmake_ros/cmake)
-- Using all available rosidl_typesupport_c: rosidl_typesupport_fastrtps_c;rosidl_typesupport_introspection_c
-- Using all available rosidl_typesupport_cpp: rosidl_typesupport_fastrtps_cpp;rosidl_typesupport_introspection_cpp
-- Found python_cmake_module: 0.11.1 (/opt/ros/jazzy/share/python_cmake_module/cmake)
-- Found Python3: /usr/bin/python3 (found version "3.12.3") found components: Interpreter Development NumPy Development.Module Development.Embed 
-- Found ament_cmake_flake8: 0.17.3 (/opt/ros/jazzy/share/ament_cmake_flake8/cmake)
-- Found ament_cmake_pep257: 0.17.3 (/opt/ros/jazzy/share/ament_cmake_pep257/cmake)
-- Found ament_lint_auto: 0.17.3 (/opt/ros/jazzy/share/ament_lint_auto/cmake)
-- Added test 'copyright' to check source files copyright and LICENSE
-- Added test 'lint_cmake' to check CMake code style
-- Added test 'xmllint' to check XML markup files
-- Configuring done (1.5s)
-- Generating done (0.1s)
-- Build files have been written to: /home/dexter/ROS2/FilterCam/build/velodyne_msgs
[  2%] Built target velodyne_msgs__rosidl_generator_type_description
[  2%] Built target ament_cmake_python_symlink_velodyne_msgs
[  4%] [34m[1mGenerating C code for ROS interfaces[0m
[  6%] [34m[1mGenerating C++ code for ROS interfaces[0m
running egg_info
writing velodyne_msgs.egg-info/PKG-INFO
writing dependency_links to velodyne_msgs.egg-info/dependency_links.txt
writing top-level names to velodyne_msgs.egg-info/top_level.txt
reading manifest file 'velodyne_msgs.egg-info/SOURCES.txt'
writing manifest file 'velodyne_msgs.egg-info/SOURCES.txt'
[  6%] Built target velodyne_msgs__cpp
[  6%] Built target ament_cmake_python_build_velodyne_msgs_egg
[ 11%] [32mBuilding C object CMakeFiles/velodyne_msgs__rosidl_generator_c.dir/rosidl_generator_c/velodyne_msgs/msg/detail/velodyne_packet__type_support.c.o[0m
[ 11%] [32mBuilding C object CMakeFiles/velodyne_msgs__rosidl_generator_c.dir/rosidl_generator_c/velodyne_msgs/msg/detail/velodyne_packet__functions.c.o[0m
[ 13%] [32mBuilding C object CMakeFiles/velodyne_msgs__rosidl_generator_c.dir/rosidl_generator_c/velodyne_msgs/msg/detail/velodyne_scan__type_support.c.o[0m
[ 15%] [32mBuilding C object CMakeFiles/velodyne_msgs__rosidl_generator_c.dir/rosidl_generator_c/velodyne_msgs/msg/detail/velodyne_packet__description.c.o[0m
[ 18%] [32mBuilding C object CMakeFiles/velodyne_msgs__rosidl_generator_c.dir/rosidl_generator_c/velodyne_msgs/msg/detail/velodyne_scan__functions.c.o[0m
[ 20%] [32mBuilding C object CMakeFiles/velodyne_msgs__rosidl_generator_c.dir/rosidl_generator_c/velodyne_msgs/msg/detail/velodyne_scan__description.c.o[0m
[ 22%] [32m[1mLinking C shared library libvelodyne_msgs__rosidl_generator_c.so[0m
[ 22%] Built target velodyne_msgs__rosidl_generator_c
[ 27%] [34m[1mGenerating C introspection for ROS interfaces[0m
[ 27%] [34m[1mGenerating C++ type support dispatch for ROS interfaces[0m
[ 31%] [34m[1mGenerating C++ type support for eProsima Fast-RTPS[0m
[ 31%] [34m[1mGenerating C type support dispatch for ROS interfaces[0m
[ 34%] [34m[1mGenerating C++ introspection for ROS interfaces[0m
[ 36%] [34m[1mGenerating C type support for eProsima Fast-RTPS[0m
[ 38%] [32mBuilding CXX object CMakeFiles/velodyne_msgs__rosidl_typesupport_cpp.dir/rosidl_typesupport_cpp/velodyne_msgs/msg/velodyne_scan__type_support.cpp.o[0m
[ 40%] [32mBuilding CXX object CMakeFiles/velodyne_msgs__rosidl_typesupport_cpp.dir/rosidl_typesupport_cpp/velodyne_msgs/msg/velodyne_packet__type_support.cpp.o[0m
[ 43%] [32mBuilding CXX object CMakeFiles/velodyne_msgs__rosidl_typesupport_c.dir/rosidl_typesupport_c/velodyne_msgs/msg/velodyne_packet__type_support.cpp.o[0m
[ 45%] [32mBuilding CXX object CMakeFiles/velodyne_msgs__rosidl_typesupport_c.dir/rosidl_typesupport_c/velodyne_msgs/msg/velodyne_scan__type_support.cpp.o[0m
[ 50%] [32mBuilding CXX object CMakeFiles/velodyne_msgs__rosidl_typesupport_introspection_cpp.dir/rosidl_typesupport_introspection_cpp/velodyne_msgs/msg/detail/velodyne_scan__type_support.cpp.o[0m
[ 50%] [32mBuilding CXX object CMakeFiles/velodyne_msgs__rosidl_typesupport_introspection_cpp.dir/rosidl_typesupport_introspection_cpp/velodyne_msgs/msg/detail/velodyne_packet__type_support.cpp.o[0m
[ 54%] [32mBuilding CXX object CMakeFiles/velodyne_msgs__rosidl_typesupport_fastrtps_c.dir/rosidl_typesupport_fastrtps_c/velodyne_msgs/msg/detail/velodyne_scan__type_support_c.cpp.o[0m
[ 54%] [32mBuilding CXX object CMakeFiles/velodyne_msgs__rosidl_typesupport_fastrtps_c.dir/rosidl_typesupport_fastrtps_c/velodyne_msgs/msg/detail/velodyne_packet__type_support_c.cpp.o[0m
[ 56%] [32m[1mLinking CXX shared library libvelodyne_msgs__rosidl_typesupport_c.so[0m
[ 59%] [32mBuilding C object CMakeFiles/velodyne_msgs__rosidl_typesupport_introspection_c.dir/rosidl_typesupport_introspection_c/velodyne_msgs/msg/detail/velodyne_scan__type_support.c.o[0m
[ 61%] [32mBuilding C object CMakeFiles/velodyne_msgs__rosidl_typesupport_introspection_c.dir/rosidl_typesupport_introspection_c/velodyne_msgs/msg/detail/velodyne_packet__type_support.c.o[0m
[ 63%] [32mBuilding CXX object CMakeFiles/velodyne_msgs__rosidl_typesupport_fastrtps_cpp.dir/rosidl_typesupport_fastrtps_cpp/velodyne_msgs/msg/detail/dds_fastrtps/velodyne_packet__type_support.cpp.o[0m
[ 65%] [32mBuilding CXX object CMakeFiles/velodyne_msgs__rosidl_typesupport_fastrtps_cpp.dir/rosidl_typesupport_fastrtps_cpp/velodyne_msgs/msg/detail/dds_fastrtps/velodyne_scan__type_support.cpp.o[0m
[ 65%] Built target velodyne_msgs__rosidl_typesupport_c
[ 68%] [32m[1mLinking C shared library libvelodyne_msgs__rosidl_typesupport_introspection_c.so[0m
[ 68%] Built target velodyne_msgs__rosidl_typesupport_introspection_c
[ 70%] [32m[1mLinking CXX shared library libvelodyne_msgs__rosidl_typesupport_cpp.so[0m
[ 72%] [32m[1mLinking CXX shared library libvelodyne_msgs__rosidl_typesupport_introspection_cpp.so[0m
[ 72%] Built target velodyne_msgs__rosidl_typesupport_cpp
[ 72%] Built target velodyne_msgs__rosidl_typesupport_introspection_cpp
[ 75%] [32m[1mLinking CXX shared library libvelodyne_msgs__rosidl_typesupport_fastrtps_c.so[0m
[ 75%] Built target velodyne_msgs__rosidl_typesupport_fastrtps_c
[ 77%] [32m[1mLinking CXX shared library libvelodyne_msgs__rosidl_typesupport_fastrtps_cpp.so[0m
[ 77%] Built target velodyne_msgs__rosidl_typesupport_fastrtps_cpp
[ 77%] Built target velodyne_msgs
[ 79%] [34m[1mGenerating Python code for ROS interfaces[0m
[ 79%] Built target velodyne_msgs__py
[ 84%] [32mBuilding C object CMakeFiles/velodyne_msgs__rosidl_generator_py.dir/rosidl_generator_py/velodyne_msgs/msg/_velodyne_packet_s.c.o[0m
[ 84%] [32mBuilding C object CMakeFiles/velodyne_msgs__rosidl_generator_py.dir/rosidl_generator_py/velodyne_msgs/msg/_velodyne_scan_s.c.o[0m
[ 86%] [32m[1mLinking C shared library libvelodyne_msgs__rosidl_generator_py.so[0m
[ 86%] Built target velodyne_msgs__rosidl_generator_py
[ 93%] [32mBuilding C object CMakeFiles/velodyne_msgs_s__rosidl_typesupport_c.dir/rosidl_generator_py/velodyne_msgs/_velodyne_msgs_s.ep.rosidl_typesupport_c.c.o[0m
[ 93%] [32mBuilding C object CMakeFiles/velodyne_msgs_s__rosidl_typesupport_introspection_c.dir/rosidl_generator_py/velodyne_msgs/_velodyne_msgs_s.ep.rosidl_typesupport_introspection_c.c.o[0m
[ 93%] [32mBuilding C object CMakeFiles/velodyne_msgs_s__rosidl_typesupport_fastrtps_c.dir/rosidl_generator_py/velodyne_msgs/_velodyne_msgs_s.ep.rosidl_typesupport_fastrtps_c.c.o[0m
[ 95%] [32m[1mLinking C shared module rosidl_generator_py/velodyne_msgs/velodyne_msgs_s__rosidl_typesupport_c.so[0m
[ 97%] [32m[1mLinking C shared module rosidl_generator_py/velodyne_msgs/velodyne_msgs_s__rosidl_typesupport_introspection_c.so[0m
[100%] [32m[1mLinking C shared module rosidl_generator_py/velodyne_msgs/velodyne_msgs_s__rosidl_typesupport_fastrtps_c.so[0m
[100%] Built target velodyne_msgs_s__rosidl_typesupport_c
[100%] Built target velodyne_msgs_s__rosidl_typesupport_introspection_c
[100%] Built target velodyne_msgs_s__rosidl_typesupport_fastrtps_c
-- Install configuration: "Debug"
-- Execute custom install script
-- Up-to-date symlink: /home/dexter/ROS2/FilterCam/install/velodyne_msgs/share/ament_index/resource_index/rosidl_interfaces/velodyne_msgs
-- Up-to-date symlink: /home/dexter/ROS2/FilterCam/install/velodyne_msgs/share/velodyne_msgs/msg/VelodynePacket.json
-- Up-to-date symlink: /home/dexter/ROS2/FilterCam/install/velodyne_msgs/share/velodyne_msgs/msg/VelodyneScan.json
-- Up-to-date symlink: /home/dexter/ROS2/FilterCam/install/velodyne_msgs/include/velodyne_msgs/velodyne_msgs/msg/detail/velodyne_packet__functions.h
-- Up-to-date symlink: /home/dexter/ROS2/FilterCam/install/velodyne_msgs/include/velodyne_msgs/velodyne_msgs/msg/detail/velodyne_packet__struct.h
-- Up-to-date symlink: /home/dexter/ROS2/FilterCam/install/velodyne_msgs/include/velodyne_msgs/velodyne_msgs/msg/detail/velodyne_packet__type_support.h
-- Up-to-date symlink: /home/dexter/ROS2/FilterCam/install/velodyne_msgs/include/velodyne_msgs/velodyne_msgs/msg/detail/velodyne_scan__functions.h
-- Up-to-date symlink: /home/dexter/ROS2/FilterCam/install/velodyne_msgs/include/velodyne_msgs/velodyne_msgs/msg/detail/velodyne_scan__struct.h
-- Up-to-date symlink: /home/dexter/ROS2/FilterCam/install/velodyne_msgs/include/velodyne_msgs/velodyne_msgs/msg/detail/velodyne_scan__type_support.h
-- Up-to-date symlink: /home/dexter/ROS2/FilterCam/install/velodyne_msgs/include/velodyne_msgs/velodyne_msgs/msg/rosidl_generator_c__visibility_control.h
-- Up-to-date symlink: /home/dexter/ROS2/FilterCam/install/velodyne_msgs/include/velodyne_msgs/velodyne_msgs/msg/velodyne_packet.h
-- Up-to-date symlink: /home/dexter/ROS2/FilterCam/install/velodyne_msgs/include/velodyne_msgs/velodyne_msgs/msg/velodyne_scan.h
-- Up-to-date symlink: /home/dexter/ROS2/FilterCam/install/velodyne_msgs/share/velodyne_msgs/environment/library_path.sh
-- Up-to-date symlink: /home/dexter/ROS2/FilterCam/install/velodyne_msgs/share/velodyne_msgs/environment/library_path.dsv
-- Up-to-date symlink: /home/dexter/ROS2/FilterCam/install/velodyne_msgs/include/velodyne_msgs/velodyne_msgs/msg/detail/velodyne_packet__rosidl_typesupport_fastrtps_c.h
-- Up-to-date symlink: /home/dexter/ROS2/FilterCam/install/velodyne_msgs/include/velodyne_msgs/velodyne_msgs/msg/detail/velodyne_scan__rosidl_typesupport_fastrtps_c.h
-- Up-to-date symlink: /home/dexter/ROS2/FilterCam/install/velodyne_msgs/include/velodyne_msgs/velodyne_msgs/msg/rosidl_typesupport_fastrtps_c__visibility_control.h
-- Up-to-date symlink: /home/dexter/ROS2/FilterCam/install/velodyne_msgs/include/velodyne_msgs/velodyne_msgs/msg/detail/velodyne_packet__builder.hpp
-- Up-to-date symlink: /home/dexter/ROS2/FilterCam/install/velodyne_msgs/include/velodyne_msgs/velodyne_msgs/msg/detail/velodyne_packet__struct.hpp
-- Up-to-date symlink: /home/dexter/ROS2/FilterCam/install/velodyne_msgs/include/velodyne_msgs/velodyne_msgs/msg/detail/velodyne_packet__traits.hpp
-- Up-to-date symlink: /home/dexter/ROS2/FilterCam/install/velodyne_msgs/include/velodyne_msgs/velodyne_msgs/msg/detail/velodyne_packet__type_support.hpp
-- Up-to-date symlink: /home/dexter/ROS2/FilterCam/install/velodyne_msgs/include/velodyne_msgs/velodyne_msgs/msg/detail/velodyne_scan__builder.hpp
-- Up-to-date symlink: /home/dexter/ROS2/FilterCam/install/velodyne_msgs/include/velodyne_msgs/velodyne_msgs/msg/detail/velodyne_scan__struct.hpp
-- Up-to-date symlink: /home/dexter/ROS2/FilterCam/install/velodyne_msgs/include/velodyne_msgs/velodyne_msgs/msg/detail/velodyne_scan__traits.hpp
-- Up-to-date symlink: /home/dexter/ROS2/FilterCam/install/velodyne_msgs/include/velodyne_msgs/velodyne_msgs/msg/detail/velodyne_scan__type_support.hpp
-- Up-to-date symlink: /home/dexter/ROS2/FilterCam/install/velodyne_msgs/include/velodyne_msgs/velodyne_msgs/msg/rosidl_generator_cpp__visibility_control.hpp
-- Up-to-date symlink: /home/dexter/ROS2/FilterCam/install/velodyne_msgs/include/velodyne_msgs/velodyne_msgs/msg/velodyne_packet.hpp
-- Up-to-date symlink: /home/dexter/ROS2/FilterCam/install/velodyne_msgs/include/velodyne_msgs/velodyne_msgs/msg/velodyne_scan.hpp
-- Up-to-date symlink: /home/dexter/ROS2/FilterCam/install/velodyne_msgs/include/velodyne_msgs/velodyne_msgs/msg/detail/velodyne_packet__rosidl_typesupport_fastrtps_cpp.hpp
-- Up-to-date symlink: /home/dexter/ROS2/FilterCam/install/velodyne_msgs/include/velodyne_msgs/velodyne_msgs/msg/detail/velodyne_scan__rosidl_typesupport_fastrtps_cpp.hpp
-- Up-to-date symlink: /home/dexter/ROS2/FilterCam/install/velodyne_msgs/include/velodyne_msgs/velodyne_msgs/msg/rosidl_typesupport_fastrtps_cpp__visibility_control.h
-- Up-to-date symlink: /home/dexter/ROS2/FilterCam/install/velodyne_msgs/include/velodyne_msgs/velodyne_msgs/msg/detail/velodyne_packet__rosidl_typesupport_introspection_c.h
-- Up-to-date symlink: /home/dexter/ROS2/FilterCam/install/velodyne_msgs/include/velodyne_msgs/velodyne_msgs/msg/detail/velodyne_scan__rosidl_typesupport_introspection_c.h
-- Up-to-date symlink: /home/dexter/ROS2/FilterCam/install/velodyne_msgs/include/velodyne_msgs/velodyne_msgs/msg/rosidl_typesupport_introspection_c__visibility_control.h
-- Up-to-date symlink: /home/dexter/ROS2/FilterCam/install/velodyne_msgs/include/velodyne_msgs/velodyne_msgs/msg/detail/velodyne_packet__rosidl_typesupport_introspection_cpp.hpp
-- Up-to-date symlink: /home/dexter/ROS2/FilterCam/install/velodyne_msgs/include/velodyne_msgs/velodyne_msgs/msg/detail/velodyne_scan__rosidl_typesupport_introspection_cpp.hpp
-- Up-to-date symlink: /home/dexter/ROS2/FilterCam/install/velodyne_msgs/share/velodyne_msgs/environment/pythonpath.sh
-- Up-to-date symlink: /home/dexter/ROS2/FilterCam/install/velodyne_msgs/share/velodyne_msgs/environment/pythonpath.dsv
-- Up-to-date symlink: /home/dexter/ROS2/FilterCam/install/velodyne_msgs/lib/python3.12/site-packages/velodyne_msgs-2.5.1-py3.12.egg-info/PKG-INFO
-- Up-to-date symlink: /home/dexter/ROS2/FilterCam/install/velodyne_msgs/lib/python3.12/site-packages/velodyne_msgs-2.5.1-py3.12.egg-info/SOURCES.txt
-- Up-to-date symlink: /home/dexter/ROS2/FilterCam/install/velodyne_msgs/lib/python3.12/site-packages/velodyne_msgs-2.5.1-py3.12.egg-info/dependency_links.txt
-- Up-to-date symlink: /home/dexter/ROS2/FilterCam/install/velodyne_msgs/lib/python3.12/site-packages/velodyne_msgs-2.5.1-py3.12.egg-info/top_level.txt
-- Up-to-date symlink: /home/dexter/ROS2/FilterCam/install/velodyne_msgs/lib/python3.12/site-packages/velodyne_msgs/__init__.py
-- Up-to-date symlink: /home/dexter/ROS2/FilterCam/install/velodyne_msgs/lib/python3.12/site-packages/velodyne_msgs/_velodyne_msgs_s.ep.rosidl_typesupport_c.c
-- Up-to-date symlink: /home/dexter/ROS2/FilterCam/install/velodyne_msgs/lib/python3.12/site-packages/velodyne_msgs/_velodyne_msgs_s.ep.rosidl_typesupport_fastrtps_c.c
-- Up-to-date symlink: /home/dexter/ROS2/FilterCam/install/velodyne_msgs/lib/python3.12/site-packages/velodyne_msgs/_velodyne_msgs_s.ep.rosidl_typesupport_introspection_c.c
-- Up-to-date symlink: /home/dexter/ROS2/FilterCam/install/velodyne_msgs/lib/python3.12/site-packages/velodyne_msgs/msg/__init__.py
-- Up-to-date symlink: /home/dexter/ROS2/FilterCam/install/velodyne_msgs/lib/python3.12/site-packages/velodyne_msgs/msg/_velodyne_packet.py
-- Up-to-date symlink: /home/dexter/ROS2/FilterCam/install/velodyne_msgs/lib/python3.12/site-packages/velodyne_msgs/msg/_velodyne_packet_s.c
-- Up-to-date symlink: /home/dexter/ROS2/FilterCam/install/velodyne_msgs/lib/python3.12/site-packages/velodyne_msgs/msg/_velodyne_scan.py
-- Up-to-date symlink: /home/dexter/ROS2/FilterCam/install/velodyne_msgs/lib/python3.12/site-packages/velodyne_msgs/msg/_velodyne_scan_s.c
-- Up-to-date symlink: /home/dexter/ROS2/FilterCam/install/velodyne_msgs/lib/python3.12/site-packages/velodyne_msgs/velodyne_msgs_s__rosidl_typesupport_c.so
-- Up-to-date symlink: /home/dexter/ROS2/FilterCam/install/velodyne_msgs/lib/python3.12/site-packages/velodyne_msgs/velodyne_msgs_s__rosidl_typesupport_fastrtps_c.so
-- Up-to-date symlink: /home/dexter/ROS2/FilterCam/install/velodyne_msgs/lib/python3.12/site-packages/velodyne_msgs/velodyne_msgs_s__rosidl_typesupport_introspection_c.so
-- Up-to-date symlink: /home/dexter/ROS2/FilterCam/install/velodyne_msgs/lib/python3.12/site-packages/velodyne_msgs/velodyne_msgs_s__rosidl_typesupport_fastrtps_c.so
-- Up-to-date symlink: /home/dexter/ROS2/FilterCam/install/velodyne_msgs/lib/python3.12/site-packages/velodyne_msgs/velodyne_msgs_s__rosidl_typesupport_introspection_c.so
-- Up-to-date symlink: /home/dexter/ROS2/FilterCam/install/velodyne_msgs/lib/python3.12/site-packages/velodyne_msgs/velodyne_msgs_s__rosidl_typesupport_c.so
-- Up-to-date symlink: /home/dexter/ROS2/FilterCam/install/velodyne_msgs/share/velodyne_msgs/msg/VelodynePacket.idl
-- Up-to-date symlink: /home/dexter/ROS2/FilterCam/install/velodyne_msgs/share/velodyne_msgs/msg/VelodyneScan.idl
-- Up-to-date symlink: /home/dexter/ROS2/FilterCam/install/velodyne_msgs/share/velodyne_msgs/msg/VelodynePacket.msg
-- Up-to-date symlink: /home/dexter/ROS2/FilterCam/install/velodyne_msgs/share/velodyne_msgs/msg/VelodyneScan.msg
-- Up-to-date symlink: /home/dexter/ROS2/FilterCam/install/velodyne_msgs/share/ament_index/resource_index/package_run_dependencies/velodyne_msgs
-- Up-to-date symlink: /home/dexter/ROS2/FilterCam/install/velodyne_msgs/share/ament_index/resource_index/parent_prefix_path/velodyne_msgs
-- Up-to-date symlink: /home/dexter/ROS2/FilterCam/install/velodyne_msgs/share/velodyne_msgs/environment/ament_prefix_path.sh
-- Up-to-date symlink: /home/dexter/ROS2/FilterCam/install/velodyne_msgs/share/velodyne_msgs/environment/ament_prefix_path.dsv
-- Up-to-date symlink: /home/dexter/ROS2/FilterCam/install/velodyne_msgs/share/velodyne_msgs/environment/path.sh
-- Up-to-date symlink: /home/dexter/ROS2/FilterCam/install/velodyne_msgs/share/velodyne_msgs/environment/path.dsv
-- Up-to-date symlink: /home/dexter/ROS2/FilterCam/install/velodyne_msgs/share/velodyne_msgs/local_setup.bash
-- Up-to-date symlink: /home/dexter/ROS2/FilterCam/install/velodyne_msgs/share/velodyne_msgs/local_setup.sh
-- Up-to-date symlink: /home/dexter/ROS2/FilterCam/install/velodyne_msgs/share/velodyne_msgs/local_setup.zsh
-- Up-to-date symlink: /home/dexter/ROS2/FilterCam/install/velodyne_msgs/share/velodyne_msgs/local_setup.dsv
-- Symlinking: /home/dexter/ROS2/FilterCam/install/velodyne_msgs/share/velodyne_msgs/package.dsv
-- Up-to-date symlink: /home/dexter/ROS2/FilterCam/install/velodyne_msgs/share/ament_index/resource_index/packages/velodyne_msgs
-- Up-to-date symlink: /home/dexter/ROS2/FilterCam/install/velodyne_msgs/share/velodyne_msgs/cmake/rosidl_cmake-extras.cmake
-- Up-to-date symlink: /home/dexter/ROS2/FilterCam/install/velodyne_msgs/share/velodyne_msgs/cmake/ament_cmake_export_dependencies-extras.cmake
-- Up-to-date symlink: /home/dexter/ROS2/FilterCam/install/velodyne_msgs/share/velodyne_msgs/cmake/ament_cmake_export_include_directories-extras.cmake
-- Up-to-date symlink: /home/dexter/ROS2/FilterCam/install/velodyne_msgs/share/velodyne_msgs/cmake/ament_cmake_export_libraries-extras.cmake
-- Up-to-date symlink: /home/dexter/ROS2/FilterCam/install/velodyne_msgs/share/velodyne_msgs/cmake/ament_cmake_export_targets-extras.cmake
-- Up-to-date symlink: /home/dexter/ROS2/FilterCam/install/velodyne_msgs/share/velodyne_msgs/cmake/rosidl_cmake_export_typesupport_targets-extras.cmake
-- Up-to-date symlink: /home/dexter/ROS2/FilterCam/install/velodyne_msgs/share/velodyne_msgs/cmake/rosidl_cmake_export_typesupport_libraries-extras.cmake
-- Up-to-date symlink: /home/dexter/ROS2/FilterCam/install/velodyne_msgs/share/velodyne_msgs/cmake/velodyne_msgsConfig.cmake
-- Up-to-date symlink: /home/dexter/ROS2/FilterCam/install/velodyne_msgs/share/velodyne_msgs/cmake/velodyne_msgsConfig-version.cmake
-- Up-to-date symlink: /home/dexter/ROS2/FilterCam/install/velodyne_msgs/share/velodyne_msgs/package.xml
-- Installing: /home/dexter/ROS2/FilterCam/install/velodyne_msgs/lib/libvelodyne_msgs__rosidl_generator_c.so
-- Set non-toolchain portion of runtime path of "/home/dexter/ROS2/FilterCam/install/velodyne_msgs/lib/libvelodyne_msgs__rosidl_generator_c.so" to ""
-- Installing: /home/dexter/ROS2/FilterCam/install/velodyne_msgs/lib/libvelodyne_msgs__rosidl_typesupport_fastrtps_c.so
-- Set non-toolchain portion of runtime path of "/home/dexter/ROS2/FilterCam/install/velodyne_msgs/lib/libvelodyne_msgs__rosidl_typesupport_fastrtps_c.so" to ""
-- Installing: /home/dexter/ROS2/FilterCam/install/velodyne_msgs/lib/libvelodyne_msgs__rosidl_typesupport_fastrtps_cpp.so
-- Set non-toolchain portion of runtime path of "/home/dexter/ROS2/FilterCam/install/velodyne_msgs/lib/libvelodyne_msgs__rosidl_typesupport_fastrtps_cpp.so" to ""
-- Installing: /home/dexter/ROS2/FilterCam/install/velodyne_msgs/lib/libvelodyne_msgs__rosidl_typesupport_introspection_c.so
-- Set non-toolchain portion of runtime path of "/home/dexter/ROS2/FilterCam/install/velodyne_msgs/lib/libvelodyne_msgs__rosidl_typesupport_introspection_c.so" to ""
-- Installing: /home/dexter/ROS2/FilterCam/install/velodyne_msgs/lib/libvelodyne_msgs__rosidl_typesupport_c.so
-- Set non-toolchain portion of runtime path of "/home/dexter/ROS2/FilterCam/install/velodyne_msgs/lib/libvelodyne_msgs__rosidl_typesupport_c.so" to ""
-- Installing: /home/dexter/ROS2/FilterCam/install/velodyne_msgs/lib/libvelodyne_msgs__rosidl_typesupport_introspection_cpp.so
-- Set non-toolchain portion of runtime path of "/home/dexter/ROS2/FilterCam/install/velodyne_msgs/lib/libvelodyne_msgs__rosidl_typesupport_introspection_cpp.so" to ""
-- Installing: /home/dexter/ROS2/FilterCam/install/velodyne_msgs/lib/libvelodyne_msgs__rosidl_typesupport_cpp.so
-- Set non-toolchain portion of runtime path of "/home/dexter/ROS2/FilterCam/install/velodyne_msgs/lib/libvelodyne_msgs__rosidl_typesupport_cpp.so" to ""
Listing '/home/dexter/ROS2/FilterCam/install/velodyne_msgs/lib/python3.12/site-packages/velodyne_msgs'...
Compiling '/home/dexter/ROS2/FilterCam/install/velodyne_msgs/lib/python3.12/site-packages/velodyne_msgs/__init__.py'...
Listing '/home/dexter/ROS2/FilterCam/install/velodyne_msgs/lib/python3.12/site-packages/velodyne_msgs/msg'...
Compiling '/home/dexter/ROS2/FilterCam/install/velodyne_msgs/lib/python3.12/site-packages/velodyne_msgs/msg/__init__.py'...
Compiling '/home/dexter/ROS2/FilterCam/install/velodyne_msgs/lib/python3.12/site-packages/velodyne_msgs/msg/_velodyne_packet.py'...
Compiling '/home/dexter/ROS2/FilterCam/install/velodyne_msgs/lib/python3.12/site-packages/velodyne_msgs/msg/_velodyne_scan.py'...
-- Installing: /home/dexter/ROS2/FilterCam/install/velodyne_msgs/lib/libvelodyne_msgs__rosidl_generator_py.so
-- Set non-toolchain portion of runtime path of "/home/dexter/ROS2/FilterCam/install/velodyne_msgs/lib/libvelodyne_msgs__rosidl_generator_py.so" to ""
-- Up-to-date: /home/dexter/ROS2/FilterCam/install/velodyne_msgs/share/velodyne_msgs/cmake/export_velodyne_msgs__rosidl_generator_cExport.cmake
-- Up-to-date: /home/dexter/ROS2/FilterCam/install/velodyne_msgs/share/velodyne_msgs/cmake/export_velodyne_msgs__rosidl_generator_cExport-debug.cmake
-- Up-to-date: /home/dexter/ROS2/FilterCam/install/velodyne_msgs/share/velodyne_msgs/cmake/export_velodyne_msgs__rosidl_typesupport_fastrtps_cExport.cmake
-- Up-to-date: /home/dexter/ROS2/FilterCam/install/velodyne_msgs/share/velodyne_msgs/cmake/export_velodyne_msgs__rosidl_typesupport_fastrtps_cExport-debug.cmake
-- Up-to-date: /home/dexter/ROS2/FilterCam/install/velodyne_msgs/share/velodyne_msgs/cmake/export_velodyne_msgs__rosidl_generator_cppExport.cmake
-- Up-to-date: /home/dexter/ROS2/FilterCam/install/velodyne_msgs/share/velodyne_msgs/cmake/export_velodyne_msgs__rosidl_typesupport_fastrtps_cppExport.cmake
-- Up-to-date: /home/dexter/ROS2/FilterCam/install/velodyne_msgs/share/velodyne_msgs/cmake/export_velodyne_msgs__rosidl_typesupport_fastrtps_cppExport-debug.cmake
-- Up-to-date: /home/dexter/ROS2/FilterCam/install/velodyne_msgs/share/velodyne_msgs/cmake/velodyne_msgs__rosidl_typesupport_introspection_cExport.cmake
-- Up-to-date: /home/dexter/ROS2/FilterCam/install/velodyne_msgs/share/velodyne_msgs/cmake/velodyne_msgs__rosidl_typesupport_introspection_cExport-debug.cmake
-- Up-to-date: /home/dexter/ROS2/FilterCam/install/velodyne_msgs/share/velodyne_msgs/cmake/velodyne_msgs__rosidl_typesupport_cExport.cmake
-- Up-to-date: /home/dexter/ROS2/FilterCam/install/velodyne_msgs/share/velodyne_msgs/cmake/velodyne_msgs__rosidl_typesupport_cExport-debug.cmake
-- Up-to-date: /home/dexter/ROS2/FilterCam/install/velodyne_msgs/share/velodyne_msgs/cmake/velodyne_msgs__rosidl_typesupport_introspection_cppExport.cmake
-- Up-to-date: /home/dexter/ROS2/FilterCam/install/velodyne_msgs/share/velodyne_msgs/cmake/velodyne_msgs__rosidl_typesupport_introspection_cppExport-debug.cmake
-- Up-to-date: /home/dexter/ROS2/FilterCam/install/velodyne_msgs/share/velodyne_msgs/cmake/velodyne_msgs__rosidl_typesupport_cppExport.cmake
-- Up-to-date: /home/dexter/ROS2/FilterCam/install/velodyne_msgs/share/velodyne_msgs/cmake/velodyne_msgs__rosidl_typesupport_cppExport-debug.cmake
-- Up-to-date: /home/dexter/ROS2/FilterCam/install/velodyne_msgs/share/velodyne_msgs/cmake/export_velodyne_msgs__rosidl_generator_pyExport.cmake
-- Up-to-date: /home/dexter/ROS2/FilterCam/install/velodyne_msgs/share/velodyne_msgs/cmake/export_velodyne_msgs__rosidl_generator_pyExport-debug.cmake
