[0.054s] Invoking command in '/home/dexter/ROS2/FilterCam/build/velodyne_msgs': CMAKE_PREFIX_PATH=${CMAKE_PREFIX_PATH}:/home/dexter/ROS2/FilterCam/install/package_launcher:/home/dexter/ROS2/FilterCam/install/liquidlens:/home/dexter/ROS2/FilterCam/install/filterwheel:/home/dexter/ROS2/FilterCam/install/filtered_pointcloud_pkg:/home/dexter/ROS2/FilterCam/install/empty_package:/home/dexter/ROS2/FilterCam/install/cam_director:/opt/ros/jazzy DEBUGINFOD_URLS=https://debuginfod.ubuntu.com /usr/bin/cmake --build /home/dexter/ROS2/FilterCam/build/velodyne_msgs -- -j24 -l24
[1.078s] -- Found ament_cmake: 2.5.4 (/opt/ros/jazzy/share/ament_cmake/cmake)
[1.078s] -- Found Python3: /usr/bin/python3 (found version "3.12.3") found components: Interpreter 
[1.078s] -- Override CMake install command with custom implementation using symlinks instead of copying resources
[1.078s] -- Found builtin_interfaces: 2.0.3 (/opt/ros/jazzy/share/builtin_interfaces/cmake)
[1.079s] -- Found rosidl_generator_c: 4.6.6 (/opt/ros/jazzy/share/rosidl_generator_c/cmake)
[1.079s] -- Found rosidl_generator_cpp: 4.6.6 (/opt/ros/jazzy/share/rosidl_generator_cpp/cmake)
[1.079s] -- Using all available rosidl_typesupport_c: rosidl_typesupport_fastrtps_c;rosidl_typesupport_introspection_c
[1.079s] -- Using all available rosidl_typesupport_cpp: rosidl_typesupport_fastrtps_cpp;rosidl_typesupport_introspection_cpp
[1.079s] -- Found rosidl_default_generators: 1.6.0 (/opt/ros/jazzy/share/rosidl_default_generators/cmake)
[1.079s] -- Found rosidl_adapter: 4.6.6 (/opt/ros/jazzy/share/rosidl_adapter/cmake)
[1.080s] -- Found std_msgs: 5.3.6 (/opt/ros/jazzy/share/std_msgs/cmake)
[1.080s] -- Found ament_cmake_cppcheck: 0.17.3 (/opt/ros/jazzy/share/ament_cmake_cppcheck/cmake)
[1.080s] -- Found ament_cmake_cpplint: 0.17.3 (/opt/ros/jazzy/share/ament_cmake_cpplint/cmake)
[1.080s] -- Found ament_cmake_uncrustify: 0.17.3 (/opt/ros/jazzy/share/ament_cmake_uncrustify/cmake)
[1.080s] -- Found ament_cmake_ros: 0.12.0 (/opt/ros/jazzy/share/ament_cmake_ros/cmake)
[1.080s] -- Using all available rosidl_typesupport_c: rosidl_typesupport_fastrtps_c;rosidl_typesupport_introspection_c
[1.120s] -- Using all available rosidl_typesupport_cpp: rosidl_typesupport_fastrtps_cpp;rosidl_typesupport_introspection_cpp
[1.125s] -- Found python_cmake_module: 0.11.1 (/opt/ros/jazzy/share/python_cmake_module/cmake)
[1.499s] -- Found Python3: /usr/bin/python3 (found version "3.12.3") found components: Interpreter Development NumPy Development.Module Development.Embed 
[1.540s] -- Found ament_cmake_flake8: 0.17.3 (/opt/ros/jazzy/share/ament_cmake_flake8/cmake)
[1.542s] -- Found ament_cmake_pep257: 0.17.3 (/opt/ros/jazzy/share/ament_cmake_pep257/cmake)
[1.544s] -- Found ament_lint_auto: 0.17.3 (/opt/ros/jazzy/share/ament_lint_auto/cmake)
[1.567s] -- Added test 'copyright' to check source files copyright and LICENSE
[1.567s] -- Added test 'lint_cmake' to check CMake code style
[1.567s] -- Added test 'xmllint' to check XML markup files
[1.573s] -- Configuring done (1.5s)
[1.652s] -- Generating done (0.1s)
[1.665s] -- Build files have been written to: /home/dexter/ROS2/FilterCam/build/velodyne_msgs
[1.720s] [  2%] Built target velodyne_msgs__rosidl_generator_type_description
[1.731s] [  2%] Built target ament_cmake_python_symlink_velodyne_msgs
[1.732s] [  4%] [34m[1mGenerating C code for ROS interfaces[0m
[1.747s] [  6%] [34m[1mGenerating C++ code for ROS interfaces[0m
[1.947s] running egg_info
[1.966s] writing velodyne_msgs.egg-info/PKG-INFO
[1.967s] writing dependency_links to velodyne_msgs.egg-info/dependency_links.txt
[1.967s] writing top-level names to velodyne_msgs.egg-info/top_level.txt
[2.026s] reading manifest file 'velodyne_msgs.egg-info/SOURCES.txt'
[2.027s] writing manifest file 'velodyne_msgs.egg-info/SOURCES.txt'
[2.036s] [  6%] Built target velodyne_msgs__cpp
[2.060s] [  6%] Built target ament_cmake_python_build_velodyne_msgs_egg
[2.083s] [ 11%] [32mBuilding C object CMakeFiles/velodyne_msgs__rosidl_generator_c.dir/rosidl_generator_c/velodyne_msgs/msg/detail/velodyne_packet__type_support.c.o[0m
[2.083s] [ 11%] [32mBuilding C object CMakeFiles/velodyne_msgs__rosidl_generator_c.dir/rosidl_generator_c/velodyne_msgs/msg/detail/velodyne_packet__functions.c.o[0m
[2.083s] [ 13%] [32mBuilding C object CMakeFiles/velodyne_msgs__rosidl_generator_c.dir/rosidl_generator_c/velodyne_msgs/msg/detail/velodyne_scan__type_support.c.o[0m
[2.083s] [ 15%] [32mBuilding C object CMakeFiles/velodyne_msgs__rosidl_generator_c.dir/rosidl_generator_c/velodyne_msgs/msg/detail/velodyne_packet__description.c.o[0m
[2.083s] [ 18%] [32mBuilding C object CMakeFiles/velodyne_msgs__rosidl_generator_c.dir/rosidl_generator_c/velodyne_msgs/msg/detail/velodyne_scan__functions.c.o[0m
[2.084s] [ 20%] [32mBuilding C object CMakeFiles/velodyne_msgs__rosidl_generator_c.dir/rosidl_generator_c/velodyne_msgs/msg/detail/velodyne_scan__description.c.o[0m
[2.156s] [ 22%] [32m[1mLinking C shared library libvelodyne_msgs__rosidl_generator_c.so[0m
[2.225s] [ 22%] Built target velodyne_msgs__rosidl_generator_c
[2.239s] [ 27%] [34m[1mGenerating C introspection for ROS interfaces[0m
[2.239s] [ 27%] [34m[1mGenerating C++ type support dispatch for ROS interfaces[0m
[2.240s] [ 31%] [34m[1mGenerating C++ type support for eProsima Fast-RTPS[0m
[2.240s] [ 31%] [34m[1mGenerating C type support dispatch for ROS interfaces[0m
[2.242s] [ 34%] [34m[1mGenerating C++ introspection for ROS interfaces[0m
[2.243s] [ 36%] [34m[1mGenerating C type support for eProsima Fast-RTPS[0m
[2.562s] [ 38%] [32mBuilding CXX object CMakeFiles/velodyne_msgs__rosidl_typesupport_cpp.dir/rosidl_typesupport_cpp/velodyne_msgs/msg/velodyne_scan__type_support.cpp.o[0m
[2.566s] [ 40%] [32mBuilding CXX object CMakeFiles/velodyne_msgs__rosidl_typesupport_cpp.dir/rosidl_typesupport_cpp/velodyne_msgs/msg/velodyne_packet__type_support.cpp.o[0m
[2.575s] [ 43%] [32mBuilding CXX object CMakeFiles/velodyne_msgs__rosidl_typesupport_c.dir/rosidl_typesupport_c/velodyne_msgs/msg/velodyne_packet__type_support.cpp.o[0m
[2.580s] [ 45%] [32mBuilding CXX object CMakeFiles/velodyne_msgs__rosidl_typesupport_c.dir/rosidl_typesupport_c/velodyne_msgs/msg/velodyne_scan__type_support.cpp.o[0m
[2.622s] [ 50%] [32mBuilding CXX object CMakeFiles/velodyne_msgs__rosidl_typesupport_introspection_cpp.dir/rosidl_typesupport_introspection_cpp/velodyne_msgs/msg/detail/velodyne_scan__type_support.cpp.o[0m
[2.623s] [ 50%] [32mBuilding CXX object CMakeFiles/velodyne_msgs__rosidl_typesupport_introspection_cpp.dir/rosidl_typesupport_introspection_cpp/velodyne_msgs/msg/detail/velodyne_packet__type_support.cpp.o[0m
[2.632s] [ 54%] [32mBuilding CXX object CMakeFiles/velodyne_msgs__rosidl_typesupport_fastrtps_c.dir/rosidl_typesupport_fastrtps_c/velodyne_msgs/msg/detail/velodyne_scan__type_support_c.cpp.o[0m
[2.632s] [ 54%] [32mBuilding CXX object CMakeFiles/velodyne_msgs__rosidl_typesupport_fastrtps_c.dir/rosidl_typesupport_fastrtps_c/velodyne_msgs/msg/detail/velodyne_packet__type_support_c.cpp.o[0m
[2.657s] [ 56%] [32m[1mLinking CXX shared library libvelodyne_msgs__rosidl_typesupport_c.so[0m
[2.677s] [ 59%] [32mBuilding C object CMakeFiles/velodyne_msgs__rosidl_typesupport_introspection_c.dir/rosidl_typesupport_introspection_c/velodyne_msgs/msg/detail/velodyne_scan__type_support.c.o[0m
[2.678s] [ 61%] [32mBuilding C object CMakeFiles/velodyne_msgs__rosidl_typesupport_introspection_c.dir/rosidl_typesupport_introspection_c/velodyne_msgs/msg/detail/velodyne_packet__type_support.c.o[0m
[2.706s] [ 63%] [32mBuilding CXX object CMakeFiles/velodyne_msgs__rosidl_typesupport_fastrtps_cpp.dir/rosidl_typesupport_fastrtps_cpp/velodyne_msgs/msg/detail/dds_fastrtps/velodyne_packet__type_support.cpp.o[0m
[2.708s] [ 65%] [32mBuilding CXX object CMakeFiles/velodyne_msgs__rosidl_typesupport_fastrtps_cpp.dir/rosidl_typesupport_fastrtps_cpp/velodyne_msgs/msg/detail/dds_fastrtps/velodyne_scan__type_support.cpp.o[0m
[2.737s] [ 65%] Built target velodyne_msgs__rosidl_typesupport_c
[2.744s] [ 68%] [32m[1mLinking C shared library libvelodyne_msgs__rosidl_typesupport_introspection_c.so[0m
[2.821s] [ 68%] Built target velodyne_msgs__rosidl_typesupport_introspection_c
[3.048s] [ 70%] [32m[1mLinking CXX shared library libvelodyne_msgs__rosidl_typesupport_cpp.so[0m
[3.072s] [ 72%] [32m[1mLinking CXX shared library libvelodyne_msgs__rosidl_typesupport_introspection_cpp.so[0m
[3.099s] [ 72%] Built target velodyne_msgs__rosidl_typesupport_cpp
[3.165s] [ 72%] Built target velodyne_msgs__rosidl_typesupport_introspection_cpp
[3.209s] [ 75%] [32m[1mLinking CXX shared library libvelodyne_msgs__rosidl_typesupport_fastrtps_c.so[0m
[3.274s] [ 75%] Built target velodyne_msgs__rosidl_typesupport_fastrtps_c
[3.277s] [ 77%] [32m[1mLinking CXX shared library libvelodyne_msgs__rosidl_typesupport_fastrtps_cpp.so[0m
[3.366s] [ 77%] Built target velodyne_msgs__rosidl_typesupport_fastrtps_cpp
[3.390s] [ 77%] Built target velodyne_msgs
[3.414s] [ 79%] [34m[1mGenerating Python code for ROS interfaces[0m
[3.798s] [ 79%] Built target velodyne_msgs__py
[3.828s] [ 84%] [32mBuilding C object CMakeFiles/velodyne_msgs__rosidl_generator_py.dir/rosidl_generator_py/velodyne_msgs/msg/_velodyne_packet_s.c.o[0m
[3.828s] [ 84%] [32mBuilding C object CMakeFiles/velodyne_msgs__rosidl_generator_py.dir/rosidl_generator_py/velodyne_msgs/msg/_velodyne_scan_s.c.o[0m
[4.021s] [ 86%] [32m[1mLinking C shared library libvelodyne_msgs__rosidl_generator_py.so[0m
[4.075s] [ 86%] Built target velodyne_msgs__rosidl_generator_py
[4.103s] [ 93%] [32mBuilding C object CMakeFiles/velodyne_msgs_s__rosidl_typesupport_c.dir/rosidl_generator_py/velodyne_msgs/_velodyne_msgs_s.ep.rosidl_typesupport_c.c.o[0m
[4.103s] [ 93%] [32mBuilding C object CMakeFiles/velodyne_msgs_s__rosidl_typesupport_introspection_c.dir/rosidl_generator_py/velodyne_msgs/_velodyne_msgs_s.ep.rosidl_typesupport_introspection_c.c.o[0m
[4.104s] [ 93%] [32mBuilding C object CMakeFiles/velodyne_msgs_s__rosidl_typesupport_fastrtps_c.dir/rosidl_generator_py/velodyne_msgs/_velodyne_msgs_s.ep.rosidl_typesupport_fastrtps_c.c.o[0m
[4.204s] [ 95%] [32m[1mLinking C shared module rosidl_generator_py/velodyne_msgs/velodyne_msgs_s__rosidl_typesupport_c.so[0m
[4.211s] [ 97%] [32m[1mLinking C shared module rosidl_generator_py/velodyne_msgs/velodyne_msgs_s__rosidl_typesupport_introspection_c.so[0m
[4.211s] [100%] [32m[1mLinking C shared module rosidl_generator_py/velodyne_msgs/velodyne_msgs_s__rosidl_typesupport_fastrtps_c.so[0m
[4.240s] [100%] Built target velodyne_msgs_s__rosidl_typesupport_c
[4.246s] [100%] Built target velodyne_msgs_s__rosidl_typesupport_introspection_c
[4.247s] [100%] Built target velodyne_msgs_s__rosidl_typesupport_fastrtps_c
[4.261s] Invoked command in '/home/dexter/ROS2/FilterCam/build/velodyne_msgs' returned '0': CMAKE_PREFIX_PATH=${CMAKE_PREFIX_PATH}:/home/dexter/ROS2/FilterCam/install/package_launcher:/home/dexter/ROS2/FilterCam/install/liquidlens:/home/dexter/ROS2/FilterCam/install/filterwheel:/home/dexter/ROS2/FilterCam/install/filtered_pointcloud_pkg:/home/dexter/ROS2/FilterCam/install/empty_package:/home/dexter/ROS2/FilterCam/install/cam_director:/opt/ros/jazzy DEBUGINFOD_URLS=https://debuginfod.ubuntu.com /usr/bin/cmake --build /home/dexter/ROS2/FilterCam/build/velodyne_msgs -- -j24 -l24
[4.262s] Invoking command in '/home/dexter/ROS2/FilterCam/build/velodyne_msgs': CMAKE_PREFIX_PATH=${CMAKE_PREFIX_PATH}:/home/dexter/ROS2/FilterCam/install/package_launcher:/home/dexter/ROS2/FilterCam/install/liquidlens:/home/dexter/ROS2/FilterCam/install/filterwheel:/home/dexter/ROS2/FilterCam/install/filtered_pointcloud_pkg:/home/dexter/ROS2/FilterCam/install/empty_package:/home/dexter/ROS2/FilterCam/install/cam_director:/opt/ros/jazzy DEBUGINFOD_URLS=https://debuginfod.ubuntu.com /usr/bin/cmake --install /home/dexter/ROS2/FilterCam/build/velodyne_msgs
[4.271s] -- Install configuration: "Debug"
[4.272s] -- Execute custom install script
[4.272s] -- Up-to-date symlink: /home/dexter/ROS2/FilterCam/install/velodyne_msgs/share/ament_index/resource_index/rosidl_interfaces/velodyne_msgs
[4.272s] -- Up-to-date symlink: /home/dexter/ROS2/FilterCam/install/velodyne_msgs/share/velodyne_msgs/msg/VelodynePacket.json
[4.272s] -- Up-to-date symlink: /home/dexter/ROS2/FilterCam/install/velodyne_msgs/share/velodyne_msgs/msg/VelodyneScan.json
[4.273s] -- Up-to-date symlink: /home/dexter/ROS2/FilterCam/install/velodyne_msgs/include/velodyne_msgs/velodyne_msgs/msg/detail/velodyne_packet__functions.h
[4.273s] -- Up-to-date symlink: /home/dexter/ROS2/FilterCam/install/velodyne_msgs/include/velodyne_msgs/velodyne_msgs/msg/detail/velodyne_packet__struct.h
[4.273s] -- Up-to-date symlink: /home/dexter/ROS2/FilterCam/install/velodyne_msgs/include/velodyne_msgs/velodyne_msgs/msg/detail/velodyne_packet__type_support.h
[4.273s] -- Up-to-date symlink: /home/dexter/ROS2/FilterCam/install/velodyne_msgs/include/velodyne_msgs/velodyne_msgs/msg/detail/velodyne_scan__functions.h
[4.274s] -- Up-to-date symlink: /home/dexter/ROS2/FilterCam/install/velodyne_msgs/include/velodyne_msgs/velodyne_msgs/msg/detail/velodyne_scan__struct.h
[4.274s] -- Up-to-date symlink: /home/dexter/ROS2/FilterCam/install/velodyne_msgs/include/velodyne_msgs/velodyne_msgs/msg/detail/velodyne_scan__type_support.h
[4.274s] -- Up-to-date symlink: /home/dexter/ROS2/FilterCam/install/velodyne_msgs/include/velodyne_msgs/velodyne_msgs/msg/rosidl_generator_c__visibility_control.h
[4.274s] -- Up-to-date symlink: /home/dexter/ROS2/FilterCam/install/velodyne_msgs/include/velodyne_msgs/velodyne_msgs/msg/velodyne_packet.h
[4.274s] -- Up-to-date symlink: /home/dexter/ROS2/FilterCam/install/velodyne_msgs/include/velodyne_msgs/velodyne_msgs/msg/velodyne_scan.h
[4.274s] -- Up-to-date symlink: /home/dexter/ROS2/FilterCam/install/velodyne_msgs/share/velodyne_msgs/environment/library_path.sh
[4.275s] -- Up-to-date symlink: /home/dexter/ROS2/FilterCam/install/velodyne_msgs/share/velodyne_msgs/environment/library_path.dsv
[4.275s] -- Up-to-date symlink: /home/dexter/ROS2/FilterCam/install/velodyne_msgs/include/velodyne_msgs/velodyne_msgs/msg/detail/velodyne_packet__rosidl_typesupport_fastrtps_c.h
[4.275s] -- Up-to-date symlink: /home/dexter/ROS2/FilterCam/install/velodyne_msgs/include/velodyne_msgs/velodyne_msgs/msg/detail/velodyne_scan__rosidl_typesupport_fastrtps_c.h
[4.275s] -- Up-to-date symlink: /home/dexter/ROS2/FilterCam/install/velodyne_msgs/include/velodyne_msgs/velodyne_msgs/msg/rosidl_typesupport_fastrtps_c__visibility_control.h
[4.276s] -- Up-to-date symlink: /home/dexter/ROS2/FilterCam/install/velodyne_msgs/include/velodyne_msgs/velodyne_msgs/msg/detail/velodyne_packet__builder.hpp
[4.276s] -- Up-to-date symlink: /home/dexter/ROS2/FilterCam/install/velodyne_msgs/include/velodyne_msgs/velodyne_msgs/msg/detail/velodyne_packet__struct.hpp
[4.276s] -- Up-to-date symlink: /home/dexter/ROS2/FilterCam/install/velodyne_msgs/include/velodyne_msgs/velodyne_msgs/msg/detail/velodyne_packet__traits.hpp
[4.276s] -- Up-to-date symlink: /home/dexter/ROS2/FilterCam/install/velodyne_msgs/include/velodyne_msgs/velodyne_msgs/msg/detail/velodyne_packet__type_support.hpp
[4.276s] -- Up-to-date symlink: /home/dexter/ROS2/FilterCam/install/velodyne_msgs/include/velodyne_msgs/velodyne_msgs/msg/detail/velodyne_scan__builder.hpp
[4.277s] -- Up-to-date symlink: /home/dexter/ROS2/FilterCam/install/velodyne_msgs/include/velodyne_msgs/velodyne_msgs/msg/detail/velodyne_scan__struct.hpp
[4.277s] -- Up-to-date symlink: /home/dexter/ROS2/FilterCam/install/velodyne_msgs/include/velodyne_msgs/velodyne_msgs/msg/detail/velodyne_scan__traits.hpp
[4.277s] -- Up-to-date symlink: /home/dexter/ROS2/FilterCam/install/velodyne_msgs/include/velodyne_msgs/velodyne_msgs/msg/detail/velodyne_scan__type_support.hpp
[4.277s] -- Up-to-date symlink: /home/dexter/ROS2/FilterCam/install/velodyne_msgs/include/velodyne_msgs/velodyne_msgs/msg/rosidl_generator_cpp__visibility_control.hpp
[4.277s] -- Up-to-date symlink: /home/dexter/ROS2/FilterCam/install/velodyne_msgs/include/velodyne_msgs/velodyne_msgs/msg/velodyne_packet.hpp
[4.277s] -- Up-to-date symlink: /home/dexter/ROS2/FilterCam/install/velodyne_msgs/include/velodyne_msgs/velodyne_msgs/msg/velodyne_scan.hpp
[4.278s] -- Up-to-date symlink: /home/dexter/ROS2/FilterCam/install/velodyne_msgs/include/velodyne_msgs/velodyne_msgs/msg/detail/velodyne_packet__rosidl_typesupport_fastrtps_cpp.hpp
[4.278s] -- Up-to-date symlink: /home/dexter/ROS2/FilterCam/install/velodyne_msgs/include/velodyne_msgs/velodyne_msgs/msg/detail/velodyne_scan__rosidl_typesupport_fastrtps_cpp.hpp
[4.278s] -- Up-to-date symlink: /home/dexter/ROS2/FilterCam/install/velodyne_msgs/include/velodyne_msgs/velodyne_msgs/msg/rosidl_typesupport_fastrtps_cpp__visibility_control.h
[4.278s] -- Up-to-date symlink: /home/dexter/ROS2/FilterCam/install/velodyne_msgs/include/velodyne_msgs/velodyne_msgs/msg/detail/velodyne_packet__rosidl_typesupport_introspection_c.h
[4.279s] -- Up-to-date symlink: /home/dexter/ROS2/FilterCam/install/velodyne_msgs/include/velodyne_msgs/velodyne_msgs/msg/detail/velodyne_scan__rosidl_typesupport_introspection_c.h
[4.279s] -- Up-to-date symlink: /home/dexter/ROS2/FilterCam/install/velodyne_msgs/include/velodyne_msgs/velodyne_msgs/msg/rosidl_typesupport_introspection_c__visibility_control.h
[4.279s] -- Up-to-date symlink: /home/dexter/ROS2/FilterCam/install/velodyne_msgs/include/velodyne_msgs/velodyne_msgs/msg/detail/velodyne_packet__rosidl_typesupport_introspection_cpp.hpp
[4.279s] -- Up-to-date symlink: /home/dexter/ROS2/FilterCam/install/velodyne_msgs/include/velodyne_msgs/velodyne_msgs/msg/detail/velodyne_scan__rosidl_typesupport_introspection_cpp.hpp
[4.279s] -- Up-to-date symlink: /home/dexter/ROS2/FilterCam/install/velodyne_msgs/share/velodyne_msgs/environment/pythonpath.sh
[4.280s] -- Up-to-date symlink: /home/dexter/ROS2/FilterCam/install/velodyne_msgs/share/velodyne_msgs/environment/pythonpath.dsv
[4.280s] -- Up-to-date symlink: /home/dexter/ROS2/FilterCam/install/velodyne_msgs/lib/python3.12/site-packages/velodyne_msgs-2.5.1-py3.12.egg-info/PKG-INFO
[4.280s] -- Up-to-date symlink: /home/dexter/ROS2/FilterCam/install/velodyne_msgs/lib/python3.12/site-packages/velodyne_msgs-2.5.1-py3.12.egg-info/SOURCES.txt
[4.280s] -- Up-to-date symlink: /home/dexter/ROS2/FilterCam/install/velodyne_msgs/lib/python3.12/site-packages/velodyne_msgs-2.5.1-py3.12.egg-info/dependency_links.txt
[4.280s] -- Up-to-date symlink: /home/dexter/ROS2/FilterCam/install/velodyne_msgs/lib/python3.12/site-packages/velodyne_msgs-2.5.1-py3.12.egg-info/top_level.txt
[4.281s] -- Up-to-date symlink: /home/dexter/ROS2/FilterCam/install/velodyne_msgs/lib/python3.12/site-packages/velodyne_msgs/__init__.py
[4.281s] -- Up-to-date symlink: /home/dexter/ROS2/FilterCam/install/velodyne_msgs/lib/python3.12/site-packages/velodyne_msgs/_velodyne_msgs_s.ep.rosidl_typesupport_c.c
[4.281s] -- Up-to-date symlink: /home/dexter/ROS2/FilterCam/install/velodyne_msgs/lib/python3.12/site-packages/velodyne_msgs/_velodyne_msgs_s.ep.rosidl_typesupport_fastrtps_c.c
[4.281s] -- Up-to-date symlink: /home/dexter/ROS2/FilterCam/install/velodyne_msgs/lib/python3.12/site-packages/velodyne_msgs/_velodyne_msgs_s.ep.rosidl_typesupport_introspection_c.c
[4.282s] -- Up-to-date symlink: /home/dexter/ROS2/FilterCam/install/velodyne_msgs/lib/python3.12/site-packages/velodyne_msgs/msg/__init__.py
[4.282s] -- Up-to-date symlink: /home/dexter/ROS2/FilterCam/install/velodyne_msgs/lib/python3.12/site-packages/velodyne_msgs/msg/_velodyne_packet.py
[4.282s] -- Up-to-date symlink: /home/dexter/ROS2/FilterCam/install/velodyne_msgs/lib/python3.12/site-packages/velodyne_msgs/msg/_velodyne_packet_s.c
[4.282s] -- Up-to-date symlink: /home/dexter/ROS2/FilterCam/install/velodyne_msgs/lib/python3.12/site-packages/velodyne_msgs/msg/_velodyne_scan.py
[4.282s] -- Up-to-date symlink: /home/dexter/ROS2/FilterCam/install/velodyne_msgs/lib/python3.12/site-packages/velodyne_msgs/msg/_velodyne_scan_s.c
[4.282s] -- Up-to-date symlink: /home/dexter/ROS2/FilterCam/install/velodyne_msgs/lib/python3.12/site-packages/velodyne_msgs/velodyne_msgs_s__rosidl_typesupport_c.so
[4.282s] -- Up-to-date symlink: /home/dexter/ROS2/FilterCam/install/velodyne_msgs/lib/python3.12/site-packages/velodyne_msgs/velodyne_msgs_s__rosidl_typesupport_fastrtps_c.so
[4.283s] -- Up-to-date symlink: /home/dexter/ROS2/FilterCam/install/velodyne_msgs/lib/python3.12/site-packages/velodyne_msgs/velodyne_msgs_s__rosidl_typesupport_introspection_c.so
[4.283s] -- Up-to-date symlink: /home/dexter/ROS2/FilterCam/install/velodyne_msgs/lib/python3.12/site-packages/velodyne_msgs/velodyne_msgs_s__rosidl_typesupport_fastrtps_c.so
[4.283s] -- Up-to-date symlink: /home/dexter/ROS2/FilterCam/install/velodyne_msgs/lib/python3.12/site-packages/velodyne_msgs/velodyne_msgs_s__rosidl_typesupport_introspection_c.so
[4.283s] -- Up-to-date symlink: /home/dexter/ROS2/FilterCam/install/velodyne_msgs/lib/python3.12/site-packages/velodyne_msgs/velodyne_msgs_s__rosidl_typesupport_c.so
[4.284s] -- Up-to-date symlink: /home/dexter/ROS2/FilterCam/install/velodyne_msgs/share/velodyne_msgs/msg/VelodynePacket.idl
[4.284s] -- Up-to-date symlink: /home/dexter/ROS2/FilterCam/install/velodyne_msgs/share/velodyne_msgs/msg/VelodyneScan.idl
[4.284s] -- Up-to-date symlink: /home/dexter/ROS2/FilterCam/install/velodyne_msgs/share/velodyne_msgs/msg/VelodynePacket.msg
[4.284s] -- Up-to-date symlink: /home/dexter/ROS2/FilterCam/install/velodyne_msgs/share/velodyne_msgs/msg/VelodyneScan.msg
[4.284s] -- Up-to-date symlink: /home/dexter/ROS2/FilterCam/install/velodyne_msgs/share/ament_index/resource_index/package_run_dependencies/velodyne_msgs
[4.284s] -- Up-to-date symlink: /home/dexter/ROS2/FilterCam/install/velodyne_msgs/share/ament_index/resource_index/parent_prefix_path/velodyne_msgs
[4.285s] -- Up-to-date symlink: /home/dexter/ROS2/FilterCam/install/velodyne_msgs/share/velodyne_msgs/environment/ament_prefix_path.sh
[4.285s] -- Up-to-date symlink: /home/dexter/ROS2/FilterCam/install/velodyne_msgs/share/velodyne_msgs/environment/ament_prefix_path.dsv
[4.285s] -- Up-to-date symlink: /home/dexter/ROS2/FilterCam/install/velodyne_msgs/share/velodyne_msgs/environment/path.sh
[4.285s] -- Up-to-date symlink: /home/dexter/ROS2/FilterCam/install/velodyne_msgs/share/velodyne_msgs/environment/path.dsv
[4.285s] -- Up-to-date symlink: /home/dexter/ROS2/FilterCam/install/velodyne_msgs/share/velodyne_msgs/local_setup.bash
[4.285s] -- Up-to-date symlink: /home/dexter/ROS2/FilterCam/install/velodyne_msgs/share/velodyne_msgs/local_setup.sh
[4.286s] -- Up-to-date symlink: /home/dexter/ROS2/FilterCam/install/velodyne_msgs/share/velodyne_msgs/local_setup.zsh
[4.286s] -- Up-to-date symlink: /home/dexter/ROS2/FilterCam/install/velodyne_msgs/share/velodyne_msgs/local_setup.dsv
[4.286s] -- Symlinking: /home/dexter/ROS2/FilterCam/install/velodyne_msgs/share/velodyne_msgs/package.dsv
[4.296s] -- Up-to-date symlink: /home/dexter/ROS2/FilterCam/install/velodyne_msgs/share/ament_index/resource_index/packages/velodyne_msgs
[4.296s] -- Up-to-date symlink: /home/dexter/ROS2/FilterCam/install/velodyne_msgs/share/velodyne_msgs/cmake/rosidl_cmake-extras.cmake
[4.296s] -- Up-to-date symlink: /home/dexter/ROS2/FilterCam/install/velodyne_msgs/share/velodyne_msgs/cmake/ament_cmake_export_dependencies-extras.cmake
[4.297s] -- Up-to-date symlink: /home/dexter/ROS2/FilterCam/install/velodyne_msgs/share/velodyne_msgs/cmake/ament_cmake_export_include_directories-extras.cmake
[4.297s] -- Up-to-date symlink: /home/dexter/ROS2/FilterCam/install/velodyne_msgs/share/velodyne_msgs/cmake/ament_cmake_export_libraries-extras.cmake
[4.298s] -- Up-to-date symlink: /home/dexter/ROS2/FilterCam/install/velodyne_msgs/share/velodyne_msgs/cmake/ament_cmake_export_targets-extras.cmake
[4.298s] -- Up-to-date symlink: /home/dexter/ROS2/FilterCam/install/velodyne_msgs/share/velodyne_msgs/cmake/rosidl_cmake_export_typesupport_targets-extras.cmake
[4.298s] -- Up-to-date symlink: /home/dexter/ROS2/FilterCam/install/velodyne_msgs/share/velodyne_msgs/cmake/rosidl_cmake_export_typesupport_libraries-extras.cmake
[4.299s] -- Up-to-date symlink: /home/dexter/ROS2/FilterCam/install/velodyne_msgs/share/velodyne_msgs/cmake/velodyne_msgsConfig.cmake
[4.299s] -- Up-to-date symlink: /home/dexter/ROS2/FilterCam/install/velodyne_msgs/share/velodyne_msgs/cmake/velodyne_msgsConfig-version.cmake
[4.299s] -- Up-to-date symlink: /home/dexter/ROS2/FilterCam/install/velodyne_msgs/share/velodyne_msgs/package.xml
[4.301s] -- Installing: /home/dexter/ROS2/FilterCam/install/velodyne_msgs/lib/libvelodyne_msgs__rosidl_generator_c.so
[4.302s] -- Set non-toolchain portion of runtime path of "/home/dexter/ROS2/FilterCam/install/velodyne_msgs/lib/libvelodyne_msgs__rosidl_generator_c.so" to ""
[4.303s] -- Installing: /home/dexter/ROS2/FilterCam/install/velodyne_msgs/lib/libvelodyne_msgs__rosidl_typesupport_fastrtps_c.so
[4.303s] -- Set non-toolchain portion of runtime path of "/home/dexter/ROS2/FilterCam/install/velodyne_msgs/lib/libvelodyne_msgs__rosidl_typesupport_fastrtps_c.so" to ""
[4.304s] -- Installing: /home/dexter/ROS2/FilterCam/install/velodyne_msgs/lib/libvelodyne_msgs__rosidl_typesupport_fastrtps_cpp.so
[4.305s] -- Set non-toolchain portion of runtime path of "/home/dexter/ROS2/FilterCam/install/velodyne_msgs/lib/libvelodyne_msgs__rosidl_typesupport_fastrtps_cpp.so" to ""
[4.306s] -- Installing: /home/dexter/ROS2/FilterCam/install/velodyne_msgs/lib/libvelodyne_msgs__rosidl_typesupport_introspection_c.so
[4.307s] -- Set non-toolchain portion of runtime path of "/home/dexter/ROS2/FilterCam/install/velodyne_msgs/lib/libvelodyne_msgs__rosidl_typesupport_introspection_c.so" to ""
[4.307s] -- Installing: /home/dexter/ROS2/FilterCam/install/velodyne_msgs/lib/libvelodyne_msgs__rosidl_typesupport_c.so
[4.307s] -- Set non-toolchain portion of runtime path of "/home/dexter/ROS2/FilterCam/install/velodyne_msgs/lib/libvelodyne_msgs__rosidl_typesupport_c.so" to ""
[4.309s] -- Installing: /home/dexter/ROS2/FilterCam/install/velodyne_msgs/lib/libvelodyne_msgs__rosidl_typesupport_introspection_cpp.so
[4.310s] -- Set non-toolchain portion of runtime path of "/home/dexter/ROS2/FilterCam/install/velodyne_msgs/lib/libvelodyne_msgs__rosidl_typesupport_introspection_cpp.so" to ""
[4.311s] -- Installing: /home/dexter/ROS2/FilterCam/install/velodyne_msgs/lib/libvelodyne_msgs__rosidl_typesupport_cpp.so
[4.311s] -- Set non-toolchain portion of runtime path of "/home/dexter/ROS2/FilterCam/install/velodyne_msgs/lib/libvelodyne_msgs__rosidl_typesupport_cpp.so" to ""
[4.353s] Listing '/home/dexter/ROS2/FilterCam/install/velodyne_msgs/lib/python3.12/site-packages/velodyne_msgs'...
[4.353s] Compiling '/home/dexter/ROS2/FilterCam/install/velodyne_msgs/lib/python3.12/site-packages/velodyne_msgs/__init__.py'...
[4.353s] Listing '/home/dexter/ROS2/FilterCam/install/velodyne_msgs/lib/python3.12/site-packages/velodyne_msgs/msg'...
[4.353s] Compiling '/home/dexter/ROS2/FilterCam/install/velodyne_msgs/lib/python3.12/site-packages/velodyne_msgs/msg/__init__.py'...
[4.353s] Compiling '/home/dexter/ROS2/FilterCam/install/velodyne_msgs/lib/python3.12/site-packages/velodyne_msgs/msg/_velodyne_packet.py'...
[4.353s] Compiling '/home/dexter/ROS2/FilterCam/install/velodyne_msgs/lib/python3.12/site-packages/velodyne_msgs/msg/_velodyne_scan.py'...
[4.359s] -- Installing: /home/dexter/ROS2/FilterCam/install/velodyne_msgs/lib/libvelodyne_msgs__rosidl_generator_py.so
[4.360s] -- Set non-toolchain portion of runtime path of "/home/dexter/ROS2/FilterCam/install/velodyne_msgs/lib/libvelodyne_msgs__rosidl_generator_py.so" to ""
[4.360s] -- Up-to-date: /home/dexter/ROS2/FilterCam/install/velodyne_msgs/share/velodyne_msgs/cmake/export_velodyne_msgs__rosidl_generator_cExport.cmake
[4.360s] -- Up-to-date: /home/dexter/ROS2/FilterCam/install/velodyne_msgs/share/velodyne_msgs/cmake/export_velodyne_msgs__rosidl_generator_cExport-debug.cmake
[4.361s] -- Up-to-date: /home/dexter/ROS2/FilterCam/install/velodyne_msgs/share/velodyne_msgs/cmake/export_velodyne_msgs__rosidl_typesupport_fastrtps_cExport.cmake
[4.361s] -- Up-to-date: /home/dexter/ROS2/FilterCam/install/velodyne_msgs/share/velodyne_msgs/cmake/export_velodyne_msgs__rosidl_typesupport_fastrtps_cExport-debug.cmake
[4.361s] -- Up-to-date: /home/dexter/ROS2/FilterCam/install/velodyne_msgs/share/velodyne_msgs/cmake/export_velodyne_msgs__rosidl_generator_cppExport.cmake
[4.362s] -- Up-to-date: /home/dexter/ROS2/FilterCam/install/velodyne_msgs/share/velodyne_msgs/cmake/export_velodyne_msgs__rosidl_typesupport_fastrtps_cppExport.cmake
[4.362s] -- Up-to-date: /home/dexter/ROS2/FilterCam/install/velodyne_msgs/share/velodyne_msgs/cmake/export_velodyne_msgs__rosidl_typesupport_fastrtps_cppExport-debug.cmake
[4.362s] -- Up-to-date: /home/dexter/ROS2/FilterCam/install/velodyne_msgs/share/velodyne_msgs/cmake/velodyne_msgs__rosidl_typesupport_introspection_cExport.cmake
[4.362s] -- Up-to-date: /home/dexter/ROS2/FilterCam/install/velodyne_msgs/share/velodyne_msgs/cmake/velodyne_msgs__rosidl_typesupport_introspection_cExport-debug.cmake
[4.363s] -- Up-to-date: /home/dexter/ROS2/FilterCam/install/velodyne_msgs/share/velodyne_msgs/cmake/velodyne_msgs__rosidl_typesupport_cExport.cmake
[4.363s] -- Up-to-date: /home/dexter/ROS2/FilterCam/install/velodyne_msgs/share/velodyne_msgs/cmake/velodyne_msgs__rosidl_typesupport_cExport-debug.cmake
[4.363s] -- Up-to-date: /home/dexter/ROS2/FilterCam/install/velodyne_msgs/share/velodyne_msgs/cmake/velodyne_msgs__rosidl_typesupport_introspection_cppExport.cmake
[4.363s] -- Up-to-date: /home/dexter/ROS2/FilterCam/install/velodyne_msgs/share/velodyne_msgs/cmake/velodyne_msgs__rosidl_typesupport_introspection_cppExport-debug.cmake
[4.364s] -- Up-to-date: /home/dexter/ROS2/FilterCam/install/velodyne_msgs/share/velodyne_msgs/cmake/velodyne_msgs__rosidl_typesupport_cppExport.cmake
[4.364s] -- Up-to-date: /home/dexter/ROS2/FilterCam/install/velodyne_msgs/share/velodyne_msgs/cmake/velodyne_msgs__rosidl_typesupport_cppExport-debug.cmake
[4.364s] -- Up-to-date: /home/dexter/ROS2/FilterCam/install/velodyne_msgs/share/velodyne_msgs/cmake/export_velodyne_msgs__rosidl_generator_pyExport.cmake
[4.364s] -- Up-to-date: /home/dexter/ROS2/FilterCam/install/velodyne_msgs/share/velodyne_msgs/cmake/export_velodyne_msgs__rosidl_generator_pyExport-debug.cmake
[4.367s] Invoked command in '/home/dexter/ROS2/FilterCam/build/velodyne_msgs' returned '0': CMAKE_PREFIX_PATH=${CMAKE_PREFIX_PATH}:/home/dexter/ROS2/FilterCam/install/package_launcher:/home/dexter/ROS2/FilterCam/install/liquidlens:/home/dexter/ROS2/FilterCam/install/filterwheel:/home/dexter/ROS2/FilterCam/install/filtered_pointcloud_pkg:/home/dexter/ROS2/FilterCam/install/empty_package:/home/dexter/ROS2/FilterCam/install/cam_director:/opt/ros/jazzy DEBUGINFOD_URLS=https://debuginfod.ubuntu.com /usr/bin/cmake --install /home/dexter/ROS2/FilterCam/build/velodyne_msgs
