[0.009s] Invoking command in '/home/dexter/ROS2/FilterCam/build/velodyne_pointcloud': CMAKE_PREFIX_PATH=${CMAKE_PREFIX_PATH}:/home/dexter/ROS2/FilterCam/install/package_launcher:/home/dexter/ROS2/FilterCam/install/liquidlens:/home/dexter/ROS2/FilterCam/install/filterwheel:/home/dexter/ROS2/FilterCam/install/filtered_pointcloud_pkg:/home/dexter/ROS2/FilterCam/install/empty_package:/opt/ros/jazzy DEBUGINFOD_URLS=https://debuginfod.ubuntu.com /usr/bin/cmake /home/dexter/ROS2/FilterCam/src/velodyne/velodyne_pointcloud -DCMAKE_BUILD_TYPE=Debug -DAMENT_CMAKE_SYMLINK_INSTALL=1 -DCMAKE_INSTALL_PREFIX=/home/dexter/ROS2/FilterCam/install/velodyne_pointcloud
[0.022s] -- Found ament_cmake: 2.5.4 (/opt/ros/jazzy/share/ament_cmake/cmake)
[0.208s] -- Override CMake install command with custom implementation using symlinks instead of copying resources
[0.215s] -- Found angles: 1.16.0 (/opt/ros/jazzy/share/angles/cmake)
[0.219s] -- Found diagnostic_updater: 4.2.6 (/opt/ros/jazzy/share/diagnostic_updater/cmake)
[0.271s] -- Found rosidl_generator_c: 4.6.5 (/opt/ros/jazzy/share/rosidl_generator_c/cmake)
[0.284s] -- Found rosidl_generator_cpp: 4.6.5 (/opt/ros/jazzy/share/rosidl_generator_cpp/cmake)
[0.300s] -- Using all available rosidl_typesupport_c: rosidl_typesupport_fastrtps_c;rosidl_typesupport_introspection_c
[0.318s] -- Using all available rosidl_typesupport_cpp: rosidl_typesupport_fastrtps_cpp;rosidl_typesupport_introspection_cpp
[0.437s] -- Found rmw_implementation_cmake: 7.3.2 (/opt/ros/jazzy/share/rmw_implementation_cmake/cmake)
[0.440s] -- Found rmw_fastrtps_cpp: 8.4.2 (/opt/ros/jazzy/share/rmw_fastrtps_cpp/cmake)
[0.519s] -- Found OpenSSL: /usr/lib/x86_64-linux-gnu/libcrypto.so (found version "3.0.13")  
[0.538s] -- Found FastRTPS: /opt/ros/jazzy/include (Required is at least version "2.13") 
[0.560s] -- Using RMW implementation 'rmw_fastrtps_cpp' as default
[0.648s] -- Found geometry_msgs: 5.3.6 (/opt/ros/jazzy/share/geometry_msgs/cmake)
[0.664s] -- Found message_filters: 4.11.6 (/opt/ros/jazzy/share/message_filters/cmake)
[0.729s] -- Found Boost: /usr/lib/x86_64-linux-gnu/cmake/Boost-1.83.0/BoostConfig.cmake (found suitable version "1.83.0", minimum required is "1.65.0") found components: system filesystem iostreams serialization 
[0.730s] -- looking for PCL_COMMON
[0.732s] -- Found PCL_COMMON: /usr/lib/x86_64-linux-gnu/libpcl_common.so  
[0.733s] -- Found PCL: pcl_common;Boost::system;Boost::filesystem;Boost::iostreams;Boost::serialization  
[0.735s] -- Found rclcpp_components: 28.1.10 (/opt/ros/jazzy/share/rclcpp_components/cmake)
[0.772s] -- Found sensor_msgs: 5.3.6 (/opt/ros/jazzy/share/sensor_msgs/cmake)
[0.798s] -- Found tf2: 0.36.12 (/opt/ros/jazzy/share/tf2/cmake)
[0.807s] -- Found tf2_ros: 0.36.12 (/opt/ros/jazzy/share/tf2_ros/cmake)
[0.889s] -- Found velodyne_msgs: 2.5.1 (/home/dexter/ROS2/FilterCam/install/velodyne_msgs/share/velodyne_msgs/cmake)
[0.915s] -- Found ament_lint_auto: 0.17.2 (/opt/ros/jazzy/share/ament_lint_auto/cmake)
[1.024s] -- Found gtest sources under '/opt/ros/jazzy/src/gtest_vendor': C++ tests using 'Google Test' will be built
[1.026s] -- Performing Test CMAKE_HAVE_LIBC_PTHREAD
[1.106s] -- Performing Test CMAKE_HAVE_LIBC_PTHREAD - Success
[1.108s] -- Found Threads: TRUE  
[1.115s] -- Added test 'copyright' to check source files copyright and LICENSE
[1.121s] -- Added test 'cppcheck' to perform static code analysis on C / C++ code
[1.121s] -- Configured cppcheck include dirs: $<BUILD_INTERFACE:/home/dexter/ROS2/FilterCam/src/velodyne/velodyne_pointcloud/include>
[1.121s] -- Configured cppcheck exclude dirs and/or files: 
[1.126s] -- Added test 'cpplint' to check C / C++ code against the Google style
[1.127s] -- Configured cpplint exclude dirs and/or files: 
[1.128s] -- Added test 'flake8' to check Python code syntax and style conventions
[1.128s] -- Configured 'flake8' exclude dirs and/or files: 
[1.129s] -- Added test 'lint_cmake' to check CMake code style
[1.130s] -- Added test 'pep257' to check Python code against some of the docstring style conventions in PEP 257
[1.135s] -- Added test 'uncrustify' to check C / C++ code style
[1.135s] -- Configured uncrustify additional arguments: 
[1.140s] -- Configuring done (1.1s)
[1.192s] -- Generating done (0.0s)
[1.204s] -- Build files have been written to: /home/dexter/ROS2/FilterCam/build/velodyne_pointcloud
[1.213s] Invoked command in '/home/dexter/ROS2/FilterCam/build/velodyne_pointcloud' returned '0': CMAKE_PREFIX_PATH=${CMAKE_PREFIX_PATH}:/home/dexter/ROS2/FilterCam/install/package_launcher:/home/dexter/ROS2/FilterCam/install/liquidlens:/home/dexter/ROS2/FilterCam/install/filterwheel:/home/dexter/ROS2/FilterCam/install/filtered_pointcloud_pkg:/home/dexter/ROS2/FilterCam/install/empty_package:/opt/ros/jazzy DEBUGINFOD_URLS=https://debuginfod.ubuntu.com /usr/bin/cmake /home/dexter/ROS2/FilterCam/src/velodyne/velodyne_pointcloud -DCMAKE_BUILD_TYPE=Debug -DAMENT_CMAKE_SYMLINK_INSTALL=1 -DCMAKE_INSTALL_PREFIX=/home/dexter/ROS2/FilterCam/install/velodyne_pointcloud
[1.215s] Invoking command in '/home/dexter/ROS2/FilterCam/build/velodyne_pointcloud': CMAKE_PREFIX_PATH=${CMAKE_PREFIX_PATH}:/home/dexter/ROS2/FilterCam/install/package_launcher:/home/dexter/ROS2/FilterCam/install/liquidlens:/home/dexter/ROS2/FilterCam/install/filterwheel:/home/dexter/ROS2/FilterCam/install/filtered_pointcloud_pkg:/home/dexter/ROS2/FilterCam/install/empty_package:/opt/ros/jazzy DEBUGINFOD_URLS=https://debuginfod.ubuntu.com /usr/bin/cmake --build /home/dexter/ROS2/FilterCam/build/velodyne_pointcloud -- -j16 -l16
[1.266s] [  5%] [32mBuilding CXX object CMakeFiles/velodyne_rawdata.dir/src/lib/rawdata.cpp.o[0m
[1.266s] [ 11%] [32mBuilding CXX object gtest/CMakeFiles/gtest_main.dir/src/gtest_main.cc.o[0m
[1.267s] [ 16%] [32mBuilding CXX object CMakeFiles/velodyne_cloud_types.dir/src/lib/pointcloudXYZIRT.cpp.o[0m
[1.268s] [ 22%] [32mBuilding CXX object CMakeFiles/velodyne_rawdata.dir/src/lib/calibration.cpp.o[0m
[1.268s] [ 33%] [32mBuilding CXX object CMakeFiles/velodyne_cloud_types.dir/src/lib/organized_cloudXYZIRT.cpp.o[0m
[1.268s] [ 33%] [32mBuilding CXX object gtest/CMakeFiles/gtest.dir/src/gtest-all.cc.o[0m
[1.852s] [ 38%] [32m[1mLinking CXX static library libgtest_main.a[0m
[1.881s] [ 38%] Built target gtest_main
[4.460s] [ 44%] [32m[1mLinking CXX static library libgtest.a[0m
[4.533s] [ 44%] Built target gtest
[4.553s] [ 50%] [32mBuilding CXX object tests/CMakeFiles/test_row_step.dir/test_row_step.cpp.o[0m
[5.771s] [ 55%] [32m[1mLinking CXX shared library libvelodyne_rawdata.so[0m
[5.950s] [ 55%] Built target velodyne_rawdata
[5.969s] [ 61%] [32mBuilding CXX object tests/CMakeFiles/test_calibration.dir/test_calibration.cpp.o[0m
[6.388s] [ 66%] [32m[1mLinking CXX shared library libvelodyne_cloud_types.so[0m
[6.575s] [ 66%] Built target velodyne_cloud_types
[6.594s] [ 72%] [32mBuilding CXX object CMakeFiles/transform.dir/src/conversions/transform.cpp.o[0m
[6.918s] [ 77%] [32m[1mLinking CXX executable test_calibration[0m
[7.097s] [ 77%] Built target test_calibration
[9.431s] [ 83%] [32m[1mLinking CXX executable test_row_step[0m
[9.675s] [ 83%] Built target test_row_step
[17.201s] [ 88%] [32m[1mLinking CXX shared library libtransform.so[0m
[17.643s] [ 88%] Built target transform
[17.663s] [ 94%] [32mBuilding CXX object CMakeFiles/velodyne_transform_node.dir/src/conversions/transform_node.cpp.o[0m
[21.986s] [100%] [32m[1mLinking CXX executable velodyne_transform_node[0m
[22.226s] [100%] Built target velodyne_transform_node
