[3.768s] Invoking command in '/home/dexter/ROS2/FilterCam/build/cam_director': DEBUGINFOD_URLS=https://debuginfod.ubuntu.com PYTHONPATH=/home/dexter/ROS2/FilterCam/build/cam_director/prefix_override:/usr/lib/python3/dist-packages/colcon_core/task/python/colcon_distutils_commands:/home/dexter/ROS2/FilterCam/install/cam_director/lib/python3.12/site-packages:${PYTHONPATH} /usr/bin/python3 -W ignore:setup.py install is deprecated -W ignore:easy_install command is deprecated setup.py develop --editable --build-directory /home/dexter/ROS2/FilterCam/build/cam_director/build --no-deps symlink_data
[6.517s] running develop
[6.821s] running egg_info
[6.821s] creating cam_director.egg-info
[6.845s] writing cam_director.egg-info/PKG-INFO
[6.846s] writing dependency_links to cam_director.egg-info/dependency_links.txt
[6.846s] writing entry points to cam_director.egg-info/entry_points.txt
[6.846s] writing requirements to cam_director.egg-info/requires.txt
[6.846s] writing top-level names to cam_director.egg-info/top_level.txt
[6.847s] writing manifest file 'cam_director.egg-info/SOURCES.txt'
[6.901s] reading manifest file 'cam_director.egg-info/SOURCES.txt'
[6.901s] writing manifest file 'cam_director.egg-info/SOURCES.txt'
[6.930s] running build_ext
[6.932s] Creating /home/dexter/ROS2/FilterCam/install/cam_director/lib/python3.12/site-packages/cam-director.egg-link (link to .)
[6.932s] Installing cam_director_node script to /home/dexter/ROS2/FilterCam/install/cam_director/lib/cam_director
[6.933s] 
[6.933s] Installed /home/dexter/ROS2/FilterCam/build/cam_director
[6.935s] running symlink_data
[6.935s] creating /home/dexter/ROS2/FilterCam/install/cam_director/share/ament_index
[6.935s] creating /home/dexter/ROS2/FilterCam/install/cam_director/share/ament_index/resource_index
[6.935s] creating /home/dexter/ROS2/FilterCam/install/cam_director/share/ament_index/resource_index/packages
[6.935s] symbolically linking /home/dexter/ROS2/FilterCam/build/cam_director/resource/cam_director -> /home/dexter/ROS2/FilterCam/install/cam_director/share/ament_index/resource_index/packages
[6.935s] symbolically linking /home/dexter/ROS2/FilterCam/build/cam_director/package.xml -> /home/dexter/ROS2/FilterCam/install/cam_director/share/cam_director
[6.935s] creating /home/dexter/ROS2/FilterCam/install/cam_director/share/cam_director/launch
[6.935s] symbolically linking /home/dexter/ROS2/FilterCam/build/cam_director/launch/cam_director.launch.py -> /home/dexter/ROS2/FilterCam/install/cam_director/share/cam_director/launch
[6.962s] Invoked command in '/home/dexter/ROS2/FilterCam/build/cam_director' returned '0': DEBUGINFOD_URLS=https://debuginfod.ubuntu.com PYTHONPATH=/home/dexter/ROS2/FilterCam/build/cam_director/prefix_override:/usr/lib/python3/dist-packages/colcon_core/task/python/colcon_distutils_commands:/home/dexter/ROS2/FilterCam/install/cam_director/lib/python3.12/site-packages:${PYTHONPATH} /usr/bin/python3 -W ignore:setup.py install is deprecated -W ignore:easy_install command is deprecated setup.py develop --editable --build-directory /home/dexter/ROS2/FilterCam/build/cam_director/build --no-deps symlink_data
