[0.821s] Invoking command in '/home/dexter/ROS2/FilterCam/src/filtered_pointcloud_pkg': DEBUGINFOD_URLS=https://debuginfod.ubuntu.com PYTHONPATH=/home/dexter/ROS2/FilterCam/build/filtered_pointcloud_pkg/prefix_override:/usr/lib/python3/dist-packages/colcon_core/task/python/colcon_distutils_commands:/home/dexter/ROS2/FilterCam/install/filtered_pointcloud_pkg/lib/python3.12/site-packages:${PYTHONPATH} /usr/bin/python3 -W ignore:setup.py install is deprecated -W ignore:easy_install command is deprecated setup.py egg_info --egg-base ../../build/filtered_pointcloud_pkg build --build-base /home/dexter/ROS2/FilterCam/build/filtered_pointcloud_pkg/build install --record /home/dexter/ROS2/FilterCam/build/filtered_pointcloud_pkg/install.log --single-version-externally-managed install_data
[1.046s] running egg_info
[1.046s] creating ../../build/filtered_pointcloud_pkg/filtered_pointcloud_pkg.egg-info
[1.063s] writing ../../build/filtered_pointcloud_pkg/filtered_pointcloud_pkg.egg-info/PKG-INFO
[1.063s] writing dependency_links to ../../build/filtered_pointcloud_pkg/filtered_pointcloud_pkg.egg-info/dependency_links.txt
[1.063s] writing entry points to ../../build/filtered_pointcloud_pkg/filtered_pointcloud_pkg.egg-info/entry_points.txt
[1.064s] writing requirements to ../../build/filtered_pointcloud_pkg/filtered_pointcloud_pkg.egg-info/requires.txt
[1.064s] writing top-level names to ../../build/filtered_pointcloud_pkg/filtered_pointcloud_pkg.egg-info/top_level.txt
[1.064s] writing manifest file '../../build/filtered_pointcloud_pkg/filtered_pointcloud_pkg.egg-info/SOURCES.txt'
[1.097s] reading manifest file '../../build/filtered_pointcloud_pkg/filtered_pointcloud_pkg.egg-info/SOURCES.txt'
[1.097s] writing manifest file '../../build/filtered_pointcloud_pkg/filtered_pointcloud_pkg.egg-info/SOURCES.txt'
[1.098s] running build
[1.098s] running build_py
[1.098s] creating /home/dexter/ROS2/FilterCam/build/filtered_pointcloud_pkg/build
[1.098s] creating /home/dexter/ROS2/FilterCam/build/filtered_pointcloud_pkg/build/lib
[1.098s] creating /home/dexter/ROS2/FilterCam/build/filtered_pointcloud_pkg/build/lib/filtered_pointcloud_pkg
[1.098s] copying filtered_pointcloud_pkg/__init__.py -> /home/dexter/ROS2/FilterCam/build/filtered_pointcloud_pkg/build/lib/filtered_pointcloud_pkg
[1.098s] copying filtered_pointcloud_pkg/threshold_node.py -> /home/dexter/ROS2/FilterCam/build/filtered_pointcloud_pkg/build/lib/filtered_pointcloud_pkg
[1.098s] running install
[1.103s] running install_lib
[1.120s] creating /home/dexter/ROS2/FilterCam/install/filtered_pointcloud_pkg/lib/python3.12/site-packages/filtered_pointcloud_pkg
[1.120s] copying /home/dexter/ROS2/FilterCam/build/filtered_pointcloud_pkg/build/lib/filtered_pointcloud_pkg/__init__.py -> /home/dexter/ROS2/FilterCam/install/filtered_pointcloud_pkg/lib/python3.12/site-packages/filtered_pointcloud_pkg
[1.120s] copying /home/dexter/ROS2/FilterCam/build/filtered_pointcloud_pkg/build/lib/filtered_pointcloud_pkg/threshold_node.py -> /home/dexter/ROS2/FilterCam/install/filtered_pointcloud_pkg/lib/python3.12/site-packages/filtered_pointcloud_pkg
[1.120s] byte-compiling /home/dexter/ROS2/FilterCam/install/filtered_pointcloud_pkg/lib/python3.12/site-packages/filtered_pointcloud_pkg/__init__.py to __init__.cpython-312.pyc
[1.121s] byte-compiling /home/dexter/ROS2/FilterCam/install/filtered_pointcloud_pkg/lib/python3.12/site-packages/filtered_pointcloud_pkg/threshold_node.py to threshold_node.cpython-312.pyc
[1.122s] running install_data
[1.122s] creating /home/dexter/ROS2/FilterCam/install/filtered_pointcloud_pkg/share/ament_index
[1.123s] creating /home/dexter/ROS2/FilterCam/install/filtered_pointcloud_pkg/share/ament_index/resource_index
[1.123s] creating /home/dexter/ROS2/FilterCam/install/filtered_pointcloud_pkg/share/ament_index/resource_index/packages
[1.123s] copying resource/filtered_pointcloud_pkg -> /home/dexter/ROS2/FilterCam/install/filtered_pointcloud_pkg/share/ament_index/resource_index/packages
[1.123s] copying package.xml -> /home/dexter/ROS2/FilterCam/install/filtered_pointcloud_pkg/share/filtered_pointcloud_pkg
[1.123s] creating /home/dexter/ROS2/FilterCam/install/filtered_pointcloud_pkg/share/filtered_pointcloud_pkg/launch
[1.123s] copying launch/threshold_launch.launch.py -> /home/dexter/ROS2/FilterCam/install/filtered_pointcloud_pkg/share/filtered_pointcloud_pkg/launch
[1.123s] creating /home/dexter/ROS2/FilterCam/install/filtered_pointcloud_pkg/share/filtered_pointcloud_pkg/srv
[1.123s] copying srv/FilterLimits.srv -> /home/dexter/ROS2/FilterCam/install/filtered_pointcloud_pkg/share/filtered_pointcloud_pkg/srv
[1.123s] running install_egg_info
[1.141s] Copying ../../build/filtered_pointcloud_pkg/filtered_pointcloud_pkg.egg-info to /home/dexter/ROS2/FilterCam/install/filtered_pointcloud_pkg/lib/python3.12/site-packages/filtered_pointcloud_pkg-0.0.0-py3.12.egg-info
[1.142s] running install_scripts
[1.256s] Installing threshold_node script to /home/dexter/ROS2/FilterCam/install/filtered_pointcloud_pkg/lib/filtered_pointcloud_pkg
[1.256s] writing list of installed files to '/home/dexter/ROS2/FilterCam/build/filtered_pointcloud_pkg/install.log'
[1.273s] Invoked command in '/home/dexter/ROS2/FilterCam/src/filtered_pointcloud_pkg' returned '0': DEBUGINFOD_URLS=https://debuginfod.ubuntu.com PYTHONPATH=/home/dexter/ROS2/FilterCam/build/filtered_pointcloud_pkg/prefix_override:/usr/lib/python3/dist-packages/colcon_core/task/python/colcon_distutils_commands:/home/dexter/ROS2/FilterCam/install/filtered_pointcloud_pkg/lib/python3.12/site-packages:${PYTHONPATH} /usr/bin/python3 -W ignore:setup.py install is deprecated -W ignore:easy_install command is deprecated setup.py egg_info --egg-base ../../build/filtered_pointcloud_pkg build --build-base /home/dexter/ROS2/FilterCam/build/filtered_pointcloud_pkg/build install --record /home/dexter/ROS2/FilterCam/build/filtered_pointcloud_pkg/install.log --single-version-externally-managed install_data
