[0.036s] Invoking command in '/home/dexter/ROS2/FilterCam/build/velodyne_msgs': CMAKE_PREFIX_PATH=${CMAKE_PREFIX_PATH}:/home/dexter/ROS2/FilterCam/install/filterwheel:/home/dexter/ROS2/FilterCam/install/filtered_pointcloud_pkg:/home/dexter/ROS2/FilterCam/install/empty_package:/opt/ros/jazzy DEBUGINFOD_URLS=https://debuginfod.ubuntu.com /usr/bin/cmake /home/dexter/ROS2/FilterCam/src/velodyne/velodyne_msgs -DCMAKE_BUILD_TYPE=Debug -DAMENT_CMAKE_SYMLINK_INSTALL=1 -DCMAKE_INSTALL_PREFIX=/home/dexter/ROS2/FilterCam/install/velodyne_msgs
[0.815s] -- The C compiler identification is GNU 13.3.0
[0.815s] -- The CXX compiler identification is GNU 13.3.0
[0.815s] -- Detecting C compiler ABI info
[0.815s] -- Detecting C compiler ABI info - done
[0.816s] -- Check for working C compiler: /usr/bin/cc - skipped
[0.816s] -- Detecting C compile features
[0.816s] -- Detecting C compile features - done
[0.816s] -- Detecting CXX compiler ABI info
[0.816s] -- Detecting CXX compiler ABI info - done
[0.816s] -- Check for working CXX compiler: /usr/bin/c++ - skipped
[0.817s] -- Detecting CXX compile features
[0.817s] -- Detecting CXX compile features - done
[0.817s] -- Found ament_cmake: 2.5.4 (/opt/ros/jazzy/share/ament_cmake/cmake)
[0.817s] -- Found Python3: /usr/bin/python3 (found version "3.12.3") found components: Interpreter 
[0.818s] -- Override CMake install command with custom implementation using symlinks instead of copying resources
[0.818s] -- Found builtin_interfaces: 2.0.2 (/opt/ros/jazzy/share/builtin_interfaces/cmake)
[0.818s] -- Found rosidl_generator_c: 4.6.5 (/opt/ros/jazzy/share/rosidl_generator_c/cmake)
[0.818s] -- Found rosidl_generator_cpp: 4.6.5 (/opt/ros/jazzy/share/rosidl_generator_cpp/cmake)
[0.818s] -- Using all available rosidl_typesupport_c: rosidl_typesupport_fastrtps_c;rosidl_typesupport_introspection_c
[0.839s] -- Using all available rosidl_typesupport_cpp: rosidl_typesupport_fastrtps_cpp;rosidl_typesupport_introspection_cpp
[0.864s] -- Found rosidl_default_generators: 1.6.0 (/opt/ros/jazzy/share/rosidl_default_generators/cmake)
[0.885s] -- Found rosidl_adapter: 4.6.5 (/opt/ros/jazzy/share/rosidl_adapter/cmake)
[0.893s] -- Found std_msgs: 5.3.6 (/opt/ros/jazzy/share/std_msgs/cmake)
[1.456s] -- Found ament_cmake_cppcheck: 0.17.2 (/opt/ros/jazzy/share/ament_cmake_cppcheck/cmake)
[1.460s] -- Found ament_cmake_cpplint: 0.17.2 (/opt/ros/jazzy/share/ament_cmake_cpplint/cmake)
[1.466s] -- Found ament_cmake_uncrustify: 0.17.2 (/opt/ros/jazzy/share/ament_cmake_uncrustify/cmake)
[1.471s] -- Found ament_cmake_ros: 0.12.0 (/opt/ros/jazzy/share/ament_cmake_ros/cmake)
[2.208s] -- Using all available rosidl_typesupport_c: rosidl_typesupport_fastrtps_c;rosidl_typesupport_introspection_c
[2.492s] -- Using all available rosidl_typesupport_cpp: rosidl_typesupport_fastrtps_cpp;rosidl_typesupport_introspection_cpp
[2.508s] -- Found python_cmake_module: 0.11.1 (/opt/ros/jazzy/share/python_cmake_module/cmake)
[2.642s] -- Found PythonExtra: /usr/bin/python3  
[3.033s] -- Found Python3: /usr/bin/python3 (found version "3.12.3") found components: Interpreter Development NumPy Development.Module Development.Embed 
[3.082s] -- Found ament_cmake_flake8: 0.17.2 (/opt/ros/jazzy/share/ament_cmake_flake8/cmake)
[3.085s] -- Found ament_cmake_pep257: 0.17.2 (/opt/ros/jazzy/share/ament_cmake_pep257/cmake)
[3.088s] -- Found ament_lint_auto: 0.17.2 (/opt/ros/jazzy/share/ament_lint_auto/cmake)
[3.112s] -- Added test 'copyright' to check source files copyright and LICENSE
[3.113s] -- Added test 'lint_cmake' to check CMake code style
[3.114s] -- Added test 'xmllint' to check XML markup files
[3.118s] -- Configuring done (3.1s)
[3.157s] -- Generating done (0.0s)
[3.170s] -- Build files have been written to: /home/dexter/ROS2/FilterCam/build/velodyne_msgs
[3.177s] Invoked command in '/home/dexter/ROS2/FilterCam/build/velodyne_msgs' returned '0': CMAKE_PREFIX_PATH=${CMAKE_PREFIX_PATH}:/home/dexter/ROS2/FilterCam/install/filterwheel:/home/dexter/ROS2/FilterCam/install/filtered_pointcloud_pkg:/home/dexter/ROS2/FilterCam/install/empty_package:/opt/ros/jazzy DEBUGINFOD_URLS=https://debuginfod.ubuntu.com /usr/bin/cmake /home/dexter/ROS2/FilterCam/src/velodyne/velodyne_msgs -DCMAKE_BUILD_TYPE=Debug -DAMENT_CMAKE_SYMLINK_INSTALL=1 -DCMAKE_INSTALL_PREFIX=/home/dexter/ROS2/FilterCam/install/velodyne_msgs
[3.178s] Invoking command in '/home/dexter/ROS2/FilterCam/build/velodyne_msgs': CMAKE_PREFIX_PATH=${CMAKE_PREFIX_PATH}:/home/dexter/ROS2/FilterCam/install/filterwheel:/home/dexter/ROS2/FilterCam/install/filtered_pointcloud_pkg:/home/dexter/ROS2/FilterCam/install/empty_package:/opt/ros/jazzy DEBUGINFOD_URLS=https://debuginfod.ubuntu.com /usr/bin/cmake --build /home/dexter/ROS2/FilterCam/build/velodyne_msgs -- -j16 -l16
[3.226s] [  2%] [34m[1mGenerating type hashes for ROS interfaces[0m
[3.233s] [  2%] Built target ament_cmake_python_symlink_velodyne_msgs
[3.435s] running egg_info
[3.435s] creating velodyne_msgs.egg-info
[3.436s] [  2%] Built target velodyne_msgs__rosidl_generator_type_description
[3.447s] [  4%] [34m[1mGenerating C code for ROS interfaces[0m
[3.454s] writing velodyne_msgs.egg-info/PKG-INFO
[3.454s] writing dependency_links to velodyne_msgs.egg-info/dependency_links.txt
[3.454s] writing top-level names to velodyne_msgs.egg-info/top_level.txt
[3.455s] writing manifest file 'velodyne_msgs.egg-info/SOURCES.txt'
[3.455s] [  6%] [34m[1mGenerating C++ code for ROS interfaces[0m
[3.510s] reading manifest file 'velodyne_msgs.egg-info/SOURCES.txt'
[3.510s] writing manifest file 'velodyne_msgs.egg-info/SOURCES.txt'
[3.532s] [  6%] Built target ament_cmake_python_build_velodyne_msgs_egg
[3.705s] [  6%] Built target velodyne_msgs__cpp
[3.746s] [  9%] [32mBuilding C object CMakeFiles/velodyne_msgs__rosidl_generator_c.dir/rosidl_generator_c/velodyne_msgs/msg/detail/velodyne_packet__description.c.o[0m
[3.746s] [ 11%] [32mBuilding C object CMakeFiles/velodyne_msgs__rosidl_generator_c.dir/rosidl_generator_c/velodyne_msgs/msg/detail/velodyne_packet__functions.c.o[0m
[3.747s] [ 13%] [32mBuilding C object CMakeFiles/velodyne_msgs__rosidl_generator_c.dir/rosidl_generator_c/velodyne_msgs/msg/detail/velodyne_scan__description.c.o[0m
[3.747s] [ 15%] [32mBuilding C object CMakeFiles/velodyne_msgs__rosidl_generator_c.dir/rosidl_generator_c/velodyne_msgs/msg/detail/velodyne_scan__functions.c.o[0m
[3.748s] [ 18%] [32mBuilding C object CMakeFiles/velodyne_msgs__rosidl_generator_c.dir/rosidl_generator_c/velodyne_msgs/msg/detail/velodyne_packet__type_support.c.o[0m
[3.748s] [ 20%] [32mBuilding C object CMakeFiles/velodyne_msgs__rosidl_generator_c.dir/rosidl_generator_c/velodyne_msgs/msg/detail/velodyne_scan__type_support.c.o[0m
[3.789s] [ 22%] [32m[1mLinking C shared library libvelodyne_msgs__rosidl_generator_c.so[0m
[3.825s] [ 22%] Built target velodyne_msgs__rosidl_generator_c
[3.833s] [ 25%] [34m[1mGenerating C++ type support dispatch for ROS interfaces[0m
[3.834s] [ 31%] [34m[1mGenerating C introspection for ROS interfaces[0m
[3.834s] [ 31%] [34m[1mGenerating C type support for eProsima Fast-RTPS[0m
[3.834s] [ 31%] [34m[1mGenerating C++ type support for eProsima Fast-RTPS[0m
[3.834s] [ 34%] [34m[1mGenerating C type support dispatch for ROS interfaces[0m
[3.835s] [ 36%] [34m[1mGenerating C++ introspection for ROS interfaces[0m
[4.064s] [ 38%] [32mBuilding CXX object CMakeFiles/velodyne_msgs__rosidl_typesupport_cpp.dir/rosidl_typesupport_cpp/velodyne_msgs/msg/velodyne_scan__type_support.cpp.o[0m
[4.064s] [ 40%] [32mBuilding CXX object CMakeFiles/velodyne_msgs__rosidl_typesupport_cpp.dir/rosidl_typesupport_cpp/velodyne_msgs/msg/velodyne_packet__type_support.cpp.o[0m
[4.069s] [ 43%] [32mBuilding CXX object CMakeFiles/velodyne_msgs__rosidl_typesupport_c.dir/rosidl_typesupport_c/velodyne_msgs/msg/velodyne_scan__type_support.cpp.o[0m
[4.069s] [ 45%] [32mBuilding CXX object CMakeFiles/velodyne_msgs__rosidl_typesupport_c.dir/rosidl_typesupport_c/velodyne_msgs/msg/velodyne_packet__type_support.cpp.o[0m
[4.078s] [ 47%] [32mBuilding CXX object CMakeFiles/velodyne_msgs__rosidl_typesupport_introspection_cpp.dir/rosidl_typesupport_introspection_cpp/velodyne_msgs/msg/detail/velodyne_packet__type_support.cpp.o[0m
[4.078s] [ 50%] [32mBuilding CXX object CMakeFiles/velodyne_msgs__rosidl_typesupport_introspection_cpp.dir/rosidl_typesupport_introspection_cpp/velodyne_msgs/msg/detail/velodyne_scan__type_support.cpp.o[0m
[4.079s] [ 52%] [32mBuilding C object CMakeFiles/velodyne_msgs__rosidl_typesupport_introspection_c.dir/rosidl_typesupport_introspection_c/velodyne_msgs/msg/detail/velodyne_packet__type_support.c.o[0m
[4.080s] [ 54%] [32mBuilding C object CMakeFiles/velodyne_msgs__rosidl_typesupport_introspection_c.dir/rosidl_typesupport_introspection_c/velodyne_msgs/msg/detail/velodyne_scan__type_support.c.o[0m
[4.108s] [ 56%] [32mBuilding CXX object CMakeFiles/velodyne_msgs__rosidl_typesupport_fastrtps_cpp.dir/rosidl_typesupport_fastrtps_cpp/velodyne_msgs/msg/detail/dds_fastrtps/velodyne_packet__type_support.cpp.o[0m
[4.108s] [ 59%] [32mBuilding CXX object CMakeFiles/velodyne_msgs__rosidl_typesupport_fastrtps_cpp.dir/rosidl_typesupport_fastrtps_cpp/velodyne_msgs/msg/detail/dds_fastrtps/velodyne_scan__type_support.cpp.o[0m
[4.114s] [ 61%] [32m[1mLinking CXX shared library libvelodyne_msgs__rosidl_typesupport_c.so[0m
[4.120s] [ 63%] [32mBuilding CXX object CMakeFiles/velodyne_msgs__rosidl_typesupport_fastrtps_c.dir/rosidl_typesupport_fastrtps_c/velodyne_msgs/msg/detail/velodyne_packet__type_support_c.cpp.o[0m
[4.121s] [ 65%] [32mBuilding CXX object CMakeFiles/velodyne_msgs__rosidl_typesupport_fastrtps_c.dir/rosidl_typesupport_fastrtps_c/velodyne_msgs/msg/detail/velodyne_scan__type_support_c.cpp.o[0m
[4.127s] [ 68%] [32m[1mLinking C shared library libvelodyne_msgs__rosidl_typesupport_introspection_c.so[0m
[4.163s] [ 68%] Built target velodyne_msgs__rosidl_typesupport_introspection_c
[4.163s] [ 68%] Built target velodyne_msgs__rosidl_typesupport_c
[4.394s] [ 70%] [32m[1mLinking CXX shared library libvelodyne_msgs__rosidl_typesupport_cpp.so[0m
[4.408s] [ 72%] [32m[1mLinking CXX shared library libvelodyne_msgs__rosidl_typesupport_introspection_cpp.so[0m
[4.432s] [ 72%] Built target velodyne_msgs__rosidl_typesupport_cpp
[4.472s] [ 72%] Built target velodyne_msgs__rosidl_typesupport_introspection_cpp
[4.537s] [ 75%] [32m[1mLinking CXX shared library libvelodyne_msgs__rosidl_typesupport_fastrtps_cpp.so[0m
[4.575s] [ 77%] [32m[1mLinking CXX shared library libvelodyne_msgs__rosidl_typesupport_fastrtps_c.so[0m
[4.601s] [ 77%] Built target velodyne_msgs__rosidl_typesupport_fastrtps_cpp
[4.621s] [ 77%] Built target velodyne_msgs__rosidl_typesupport_fastrtps_c
[4.640s] [ 77%] Built target velodyne_msgs
[4.660s] [ 79%] [34m[1mGenerating Python code for ROS interfaces[0m
[4.996s] [ 79%] Built target velodyne_msgs__py
[5.014s] [ 81%] [32mBuilding C object CMakeFiles/velodyne_msgs__rosidl_generator_py.dir/rosidl_generator_py/velodyne_msgs/msg/_velodyne_scan_s.c.o[0m
[5.014s] [ 84%] [32mBuilding C object CMakeFiles/velodyne_msgs__rosidl_generator_py.dir/rosidl_generator_py/velodyne_msgs/msg/_velodyne_packet_s.c.o[0m
[5.131s] [ 86%] [32m[1mLinking C shared library libvelodyne_msgs__rosidl_generator_py.so[0m
[5.169s] [ 86%] Built target velodyne_msgs__rosidl_generator_py
[5.187s] [ 88%] [32mBuilding C object CMakeFiles/velodyne_msgs_s__rosidl_typesupport_fastrtps_c.dir/rosidl_generator_py/velodyne_msgs/_velodyne_msgs_s.ep.rosidl_typesupport_fastrtps_c.c.o[0m
[5.187s] [ 90%] [32mBuilding C object CMakeFiles/velodyne_msgs_s__rosidl_typesupport_c.dir/rosidl_generator_py/velodyne_msgs/_velodyne_msgs_s.ep.rosidl_typesupport_c.c.o[0m
[5.188s] [ 93%] [32mBuilding C object CMakeFiles/velodyne_msgs_s__rosidl_typesupport_introspection_c.dir/rosidl_generator_py/velodyne_msgs/_velodyne_msgs_s.ep.rosidl_typesupport_introspection_c.c.o[0m
[5.276s] [ 97%] [32m[1mLinking C shared module rosidl_generator_py/velodyne_msgs/velodyne_msgs_s__rosidl_typesupport_introspection_c.so[0m
[5.276s] [ 97%] [32m[1mLinking C shared module rosidl_generator_py/velodyne_msgs/velodyne_msgs_s__rosidl_typesupport_c.so[0m
[5.282s] [100%] [32m[1mLinking C shared module rosidl_generator_py/velodyne_msgs/velodyne_msgs_s__rosidl_typesupport_fastrtps_c.so[0m
[5.302s] [100%] Built target velodyne_msgs_s__rosidl_typesupport_c
[5.303s] [100%] Built target velodyne_msgs_s__rosidl_typesupport_introspection_c
[5.312s] [100%] Built target velodyne_msgs_s__rosidl_typesupport_fastrtps_c
[5.323s] Invoked command in '/home/dexter/ROS2/FilterCam/build/velodyne_msgs' returned '0': CMAKE_PREFIX_PATH=${CMAKE_PREFIX_PATH}:/home/dexter/ROS2/FilterCam/install/filterwheel:/home/dexter/ROS2/FilterCam/install/filtered_pointcloud_pkg:/home/dexter/ROS2/FilterCam/install/empty_package:/opt/ros/jazzy DEBUGINFOD_URLS=https://debuginfod.ubuntu.com /usr/bin/cmake --build /home/dexter/ROS2/FilterCam/build/velodyne_msgs -- -j16 -l16
[5.333s] Invoking command in '/home/dexter/ROS2/FilterCam/build/velodyne_msgs': CMAKE_PREFIX_PATH=${CMAKE_PREFIX_PATH}:/home/dexter/ROS2/FilterCam/install/filterwheel:/home/dexter/ROS2/FilterCam/install/filtered_pointcloud_pkg:/home/dexter/ROS2/FilterCam/install/empty_package:/opt/ros/jazzy DEBUGINFOD_URLS=https://debuginfod.ubuntu.com /usr/bin/cmake --install /home/dexter/ROS2/FilterCam/build/velodyne_msgs
[5.339s] -- Install configuration: "Debug"
[5.340s] -- Execute custom install script
[5.340s] -- Symlinking: /home/dexter/ROS2/FilterCam/install/velodyne_msgs/share/ament_index/resource_index/rosidl_interfaces/velodyne_msgs
[5.348s] -- Symlinking: /home/dexter/ROS2/FilterCam/install/velodyne_msgs/share/velodyne_msgs/msg/VelodynePacket.json
[5.354s] -- Symlinking: /home/dexter/ROS2/FilterCam/install/velodyne_msgs/share/velodyne_msgs/msg/VelodyneScan.json
[5.362s] -- Symlinking: /home/dexter/ROS2/FilterCam/install/velodyne_msgs/include/velodyne_msgs/velodyne_msgs/msg/detail/velodyne_packet__functions.h
[5.369s] -- Symlinking: /home/dexter/ROS2/FilterCam/install/velodyne_msgs/include/velodyne_msgs/velodyne_msgs/msg/detail/velodyne_packet__struct.h
[5.376s] -- Symlinking: /home/dexter/ROS2/FilterCam/install/velodyne_msgs/include/velodyne_msgs/velodyne_msgs/msg/detail/velodyne_packet__type_support.h
[5.384s] -- Symlinking: /home/dexter/ROS2/FilterCam/install/velodyne_msgs/include/velodyne_msgs/velodyne_msgs/msg/detail/velodyne_scan__functions.h
[5.391s] -- Symlinking: /home/dexter/ROS2/FilterCam/install/velodyne_msgs/include/velodyne_msgs/velodyne_msgs/msg/detail/velodyne_scan__struct.h
[5.398s] -- Symlinking: /home/dexter/ROS2/FilterCam/install/velodyne_msgs/include/velodyne_msgs/velodyne_msgs/msg/detail/velodyne_scan__type_support.h
[5.406s] -- Symlinking: /home/dexter/ROS2/FilterCam/install/velodyne_msgs/include/velodyne_msgs/velodyne_msgs/msg/rosidl_generator_c__visibility_control.h
[5.414s] -- Symlinking: /home/dexter/ROS2/FilterCam/install/velodyne_msgs/include/velodyne_msgs/velodyne_msgs/msg/velodyne_packet.h
[5.422s] -- Symlinking: /home/dexter/ROS2/FilterCam/install/velodyne_msgs/include/velodyne_msgs/velodyne_msgs/msg/velodyne_scan.h
[5.431s] -- Symlinking: /home/dexter/ROS2/FilterCam/install/velodyne_msgs/share/velodyne_msgs/environment/library_path.sh
[5.439s] -- Symlinking: /home/dexter/ROS2/FilterCam/install/velodyne_msgs/share/velodyne_msgs/environment/library_path.dsv
[5.447s] -- Symlinking: /home/dexter/ROS2/FilterCam/install/velodyne_msgs/include/velodyne_msgs/velodyne_msgs/msg/detail/velodyne_packet__rosidl_typesupport_fastrtps_c.h
[5.454s] -- Symlinking: /home/dexter/ROS2/FilterCam/install/velodyne_msgs/include/velodyne_msgs/velodyne_msgs/msg/detail/velodyne_scan__rosidl_typesupport_fastrtps_c.h
[5.461s] -- Symlinking: /home/dexter/ROS2/FilterCam/install/velodyne_msgs/include/velodyne_msgs/velodyne_msgs/msg/rosidl_typesupport_fastrtps_c__visibility_control.h
[5.469s] -- Symlinking: /home/dexter/ROS2/FilterCam/install/velodyne_msgs/include/velodyne_msgs/velodyne_msgs/msg/detail/velodyne_packet__builder.hpp
[5.477s] -- Symlinking: /home/dexter/ROS2/FilterCam/install/velodyne_msgs/include/velodyne_msgs/velodyne_msgs/msg/detail/velodyne_packet__struct.hpp
[5.486s] -- Symlinking: /home/dexter/ROS2/FilterCam/install/velodyne_msgs/include/velodyne_msgs/velodyne_msgs/msg/detail/velodyne_packet__traits.hpp
[5.493s] -- Symlinking: /home/dexter/ROS2/FilterCam/install/velodyne_msgs/include/velodyne_msgs/velodyne_msgs/msg/detail/velodyne_packet__type_support.hpp
[5.501s] -- Symlinking: /home/dexter/ROS2/FilterCam/install/velodyne_msgs/include/velodyne_msgs/velodyne_msgs/msg/detail/velodyne_scan__builder.hpp
[5.508s] -- Symlinking: /home/dexter/ROS2/FilterCam/install/velodyne_msgs/include/velodyne_msgs/velodyne_msgs/msg/detail/velodyne_scan__struct.hpp
[5.517s] -- Symlinking: /home/dexter/ROS2/FilterCam/install/velodyne_msgs/include/velodyne_msgs/velodyne_msgs/msg/detail/velodyne_scan__traits.hpp
[5.525s] -- Symlinking: /home/dexter/ROS2/FilterCam/install/velodyne_msgs/include/velodyne_msgs/velodyne_msgs/msg/detail/velodyne_scan__type_support.hpp
[5.533s] -- Symlinking: /home/dexter/ROS2/FilterCam/install/velodyne_msgs/include/velodyne_msgs/velodyne_msgs/msg/rosidl_generator_cpp__visibility_control.hpp
[5.541s] -- Symlinking: /home/dexter/ROS2/FilterCam/install/velodyne_msgs/include/velodyne_msgs/velodyne_msgs/msg/velodyne_packet.hpp
[5.549s] -- Symlinking: /home/dexter/ROS2/FilterCam/install/velodyne_msgs/include/velodyne_msgs/velodyne_msgs/msg/velodyne_scan.hpp
[5.557s] -- Symlinking: /home/dexter/ROS2/FilterCam/install/velodyne_msgs/include/velodyne_msgs/velodyne_msgs/msg/detail/velodyne_packet__rosidl_typesupport_fastrtps_cpp.hpp
[5.564s] -- Symlinking: /home/dexter/ROS2/FilterCam/install/velodyne_msgs/include/velodyne_msgs/velodyne_msgs/msg/detail/velodyne_scan__rosidl_typesupport_fastrtps_cpp.hpp
[5.571s] -- Symlinking: /home/dexter/ROS2/FilterCam/install/velodyne_msgs/include/velodyne_msgs/velodyne_msgs/msg/rosidl_typesupport_fastrtps_cpp__visibility_control.h
[5.580s] -- Symlinking: /home/dexter/ROS2/FilterCam/install/velodyne_msgs/include/velodyne_msgs/velodyne_msgs/msg/detail/velodyne_packet__rosidl_typesupport_introspection_c.h
[5.588s] -- Symlinking: /home/dexter/ROS2/FilterCam/install/velodyne_msgs/include/velodyne_msgs/velodyne_msgs/msg/detail/velodyne_scan__rosidl_typesupport_introspection_c.h
[5.596s] -- Symlinking: /home/dexter/ROS2/FilterCam/install/velodyne_msgs/include/velodyne_msgs/velodyne_msgs/msg/rosidl_typesupport_introspection_c__visibility_control.h
[5.604s] -- Symlinking: /home/dexter/ROS2/FilterCam/install/velodyne_msgs/include/velodyne_msgs/velodyne_msgs/msg/detail/velodyne_packet__rosidl_typesupport_introspection_cpp.hpp
[5.612s] -- Symlinking: /home/dexter/ROS2/FilterCam/install/velodyne_msgs/include/velodyne_msgs/velodyne_msgs/msg/detail/velodyne_scan__rosidl_typesupport_introspection_cpp.hpp
[5.620s] -- Symlinking: /home/dexter/ROS2/FilterCam/install/velodyne_msgs/share/velodyne_msgs/environment/pythonpath.sh
[5.628s] -- Symlinking: /home/dexter/ROS2/FilterCam/install/velodyne_msgs/share/velodyne_msgs/environment/pythonpath.dsv
[5.636s] -- Symlinking: /home/dexter/ROS2/FilterCam/install/velodyne_msgs/lib/python3.12/site-packages/velodyne_msgs-2.5.1-py3.12.egg-info/PKG-INFO
[5.645s] -- Symlinking: /home/dexter/ROS2/FilterCam/install/velodyne_msgs/lib/python3.12/site-packages/velodyne_msgs-2.5.1-py3.12.egg-info/SOURCES.txt
[5.653s] -- Symlinking: /home/dexter/ROS2/FilterCam/install/velodyne_msgs/lib/python3.12/site-packages/velodyne_msgs-2.5.1-py3.12.egg-info/dependency_links.txt
[5.660s] -- Symlinking: /home/dexter/ROS2/FilterCam/install/velodyne_msgs/lib/python3.12/site-packages/velodyne_msgs-2.5.1-py3.12.egg-info/top_level.txt
[5.669s] -- Symlinking: /home/dexter/ROS2/FilterCam/install/velodyne_msgs/lib/python3.12/site-packages/velodyne_msgs/__init__.py
[5.676s] -- Symlinking: /home/dexter/ROS2/FilterCam/install/velodyne_msgs/lib/python3.12/site-packages/velodyne_msgs/_velodyne_msgs_s.ep.rosidl_typesupport_c.c
[5.684s] -- Symlinking: /home/dexter/ROS2/FilterCam/install/velodyne_msgs/lib/python3.12/site-packages/velodyne_msgs/_velodyne_msgs_s.ep.rosidl_typesupport_fastrtps_c.c
[5.692s] -- Symlinking: /home/dexter/ROS2/FilterCam/install/velodyne_msgs/lib/python3.12/site-packages/velodyne_msgs/_velodyne_msgs_s.ep.rosidl_typesupport_introspection_c.c
[5.700s] -- Symlinking: /home/dexter/ROS2/FilterCam/install/velodyne_msgs/lib/python3.12/site-packages/velodyne_msgs/msg/__init__.py
[5.708s] -- Symlinking: /home/dexter/ROS2/FilterCam/install/velodyne_msgs/lib/python3.12/site-packages/velodyne_msgs/msg/_velodyne_packet.py
[5.716s] -- Symlinking: /home/dexter/ROS2/FilterCam/install/velodyne_msgs/lib/python3.12/site-packages/velodyne_msgs/msg/_velodyne_packet_s.c
[5.724s] -- Symlinking: /home/dexter/ROS2/FilterCam/install/velodyne_msgs/lib/python3.12/site-packages/velodyne_msgs/msg/_velodyne_scan.py
[5.732s] -- Symlinking: /home/dexter/ROS2/FilterCam/install/velodyne_msgs/lib/python3.12/site-packages/velodyne_msgs/msg/_velodyne_scan_s.c
[5.740s] -- Symlinking: /home/dexter/ROS2/FilterCam/install/velodyne_msgs/lib/python3.12/site-packages/velodyne_msgs/velodyne_msgs_s__rosidl_typesupport_c.so
[5.749s] -- Symlinking: /home/dexter/ROS2/FilterCam/install/velodyne_msgs/lib/python3.12/site-packages/velodyne_msgs/velodyne_msgs_s__rosidl_typesupport_fastrtps_c.so
[5.756s] -- Symlinking: /home/dexter/ROS2/FilterCam/install/velodyne_msgs/lib/python3.12/site-packages/velodyne_msgs/velodyne_msgs_s__rosidl_typesupport_introspection_c.so
[5.765s] -- Up-to-date symlink: /home/dexter/ROS2/FilterCam/install/velodyne_msgs/lib/python3.12/site-packages/velodyne_msgs/velodyne_msgs_s__rosidl_typesupport_fastrtps_c.so
[5.765s] -- Up-to-date symlink: /home/dexter/ROS2/FilterCam/install/velodyne_msgs/lib/python3.12/site-packages/velodyne_msgs/velodyne_msgs_s__rosidl_typesupport_introspection_c.so
[5.765s] -- Up-to-date symlink: /home/dexter/ROS2/FilterCam/install/velodyne_msgs/lib/python3.12/site-packages/velodyne_msgs/velodyne_msgs_s__rosidl_typesupport_c.so
[5.765s] -- Symlinking: /home/dexter/ROS2/FilterCam/install/velodyne_msgs/share/velodyne_msgs/msg/VelodynePacket.idl
[5.774s] -- Symlinking: /home/dexter/ROS2/FilterCam/install/velodyne_msgs/share/velodyne_msgs/msg/VelodyneScan.idl
[5.782s] -- Symlinking: /home/dexter/ROS2/FilterCam/install/velodyne_msgs/share/velodyne_msgs/msg/VelodynePacket.msg
[5.790s] -- Symlinking: /home/dexter/ROS2/FilterCam/install/velodyne_msgs/share/velodyne_msgs/msg/VelodyneScan.msg
[5.798s] -- Symlinking: /home/dexter/ROS2/FilterCam/install/velodyne_msgs/share/ament_index/resource_index/package_run_dependencies/velodyne_msgs
[5.805s] -- Symlinking: /home/dexter/ROS2/FilterCam/install/velodyne_msgs/share/ament_index/resource_index/parent_prefix_path/velodyne_msgs
[5.814s] -- Symlinking: /home/dexter/ROS2/FilterCam/install/velodyne_msgs/share/velodyne_msgs/environment/ament_prefix_path.sh
[5.822s] -- Symlinking: /home/dexter/ROS2/FilterCam/install/velodyne_msgs/share/velodyne_msgs/environment/ament_prefix_path.dsv
[5.829s] -- Symlinking: /home/dexter/ROS2/FilterCam/install/velodyne_msgs/share/velodyne_msgs/environment/path.sh
[5.837s] -- Symlinking: /home/dexter/ROS2/FilterCam/install/velodyne_msgs/share/velodyne_msgs/environment/path.dsv
[5.845s] -- Symlinking: /home/dexter/ROS2/FilterCam/install/velodyne_msgs/share/velodyne_msgs/local_setup.bash
[5.853s] -- Symlinking: /home/dexter/ROS2/FilterCam/install/velodyne_msgs/share/velodyne_msgs/local_setup.sh
[5.861s] -- Symlinking: /home/dexter/ROS2/FilterCam/install/velodyne_msgs/share/velodyne_msgs/local_setup.zsh
[5.869s] -- Symlinking: /home/dexter/ROS2/FilterCam/install/velodyne_msgs/share/velodyne_msgs/local_setup.dsv
[5.877s] -- Symlinking: /home/dexter/ROS2/FilterCam/install/velodyne_msgs/share/velodyne_msgs/package.dsv
[5.885s] -- Symlinking: /home/dexter/ROS2/FilterCam/install/velodyne_msgs/share/ament_index/resource_index/packages/velodyne_msgs
[5.893s] -- Symlinking: /home/dexter/ROS2/FilterCam/install/velodyne_msgs/share/velodyne_msgs/cmake/rosidl_cmake-extras.cmake
[5.901s] -- Symlinking: /home/dexter/ROS2/FilterCam/install/velodyne_msgs/share/velodyne_msgs/cmake/ament_cmake_export_dependencies-extras.cmake
[5.908s] -- Symlinking: /home/dexter/ROS2/FilterCam/install/velodyne_msgs/share/velodyne_msgs/cmake/ament_cmake_export_include_directories-extras.cmake
[5.916s] -- Symlinking: /home/dexter/ROS2/FilterCam/install/velodyne_msgs/share/velodyne_msgs/cmake/ament_cmake_export_libraries-extras.cmake
[5.924s] -- Symlinking: /home/dexter/ROS2/FilterCam/install/velodyne_msgs/share/velodyne_msgs/cmake/ament_cmake_export_targets-extras.cmake
[5.932s] -- Symlinking: /home/dexter/ROS2/FilterCam/install/velodyne_msgs/share/velodyne_msgs/cmake/rosidl_cmake_export_typesupport_targets-extras.cmake
[5.942s] -- Symlinking: /home/dexter/ROS2/FilterCam/install/velodyne_msgs/share/velodyne_msgs/cmake/rosidl_cmake_export_typesupport_libraries-extras.cmake
[5.949s] -- Symlinking: /home/dexter/ROS2/FilterCam/install/velodyne_msgs/share/velodyne_msgs/cmake/velodyne_msgsConfig.cmake
[5.957s] -- Symlinking: /home/dexter/ROS2/FilterCam/install/velodyne_msgs/share/velodyne_msgs/cmake/velodyne_msgsConfig-version.cmake
[5.964s] -- Symlinking: /home/dexter/ROS2/FilterCam/install/velodyne_msgs/share/velodyne_msgs/package.xml
[5.972s] -- Installing: /home/dexter/ROS2/FilterCam/install/velodyne_msgs/lib/libvelodyne_msgs__rosidl_generator_c.so
[5.972s] -- Set non-toolchain portion of runtime path of "/home/dexter/ROS2/FilterCam/install/velodyne_msgs/lib/libvelodyne_msgs__rosidl_generator_c.so" to ""
[5.972s] -- Installing: /home/dexter/ROS2/FilterCam/install/velodyne_msgs/lib/libvelodyne_msgs__rosidl_typesupport_fastrtps_c.so
[5.973s] -- Set non-toolchain portion of runtime path of "/home/dexter/ROS2/FilterCam/install/velodyne_msgs/lib/libvelodyne_msgs__rosidl_typesupport_fastrtps_c.so" to ""
[5.973s] -- Installing: /home/dexter/ROS2/FilterCam/install/velodyne_msgs/lib/libvelodyne_msgs__rosidl_typesupport_fastrtps_cpp.so
[5.974s] -- Set non-toolchain portion of runtime path of "/home/dexter/ROS2/FilterCam/install/velodyne_msgs/lib/libvelodyne_msgs__rosidl_typesupport_fastrtps_cpp.so" to ""
[5.974s] -- Installing: /home/dexter/ROS2/FilterCam/install/velodyne_msgs/lib/libvelodyne_msgs__rosidl_typesupport_introspection_c.so
[5.975s] -- Set non-toolchain portion of runtime path of "/home/dexter/ROS2/FilterCam/install/velodyne_msgs/lib/libvelodyne_msgs__rosidl_typesupport_introspection_c.so" to ""
[5.975s] -- Installing: /home/dexter/ROS2/FilterCam/install/velodyne_msgs/lib/libvelodyne_msgs__rosidl_typesupport_c.so
[5.975s] -- Set non-toolchain portion of runtime path of "/home/dexter/ROS2/FilterCam/install/velodyne_msgs/lib/libvelodyne_msgs__rosidl_typesupport_c.so" to ""
[5.975s] -- Installing: /home/dexter/ROS2/FilterCam/install/velodyne_msgs/lib/libvelodyne_msgs__rosidl_typesupport_introspection_cpp.so
[5.976s] -- Set non-toolchain portion of runtime path of "/home/dexter/ROS2/FilterCam/install/velodyne_msgs/lib/libvelodyne_msgs__rosidl_typesupport_introspection_cpp.so" to ""
[5.976s] -- Installing: /home/dexter/ROS2/FilterCam/install/velodyne_msgs/lib/libvelodyne_msgs__rosidl_typesupport_cpp.so
[5.976s] -- Set non-toolchain portion of runtime path of "/home/dexter/ROS2/FilterCam/install/velodyne_msgs/lib/libvelodyne_msgs__rosidl_typesupport_cpp.so" to ""
[6.012s] Listing '/home/dexter/ROS2/FilterCam/install/velodyne_msgs/lib/python3.12/site-packages/velodyne_msgs'...
[6.012s] Compiling '/home/dexter/ROS2/FilterCam/install/velodyne_msgs/lib/python3.12/site-packages/velodyne_msgs/__init__.py'...
[6.012s] Listing '/home/dexter/ROS2/FilterCam/install/velodyne_msgs/lib/python3.12/site-packages/velodyne_msgs/msg'...
[6.012s] Compiling '/home/dexter/ROS2/FilterCam/install/velodyne_msgs/lib/python3.12/site-packages/velodyne_msgs/msg/__init__.py'...
[6.012s] Compiling '/home/dexter/ROS2/FilterCam/install/velodyne_msgs/lib/python3.12/site-packages/velodyne_msgs/msg/_velodyne_packet.py'...
[6.012s] Compiling '/home/dexter/ROS2/FilterCam/install/velodyne_msgs/lib/python3.12/site-packages/velodyne_msgs/msg/_velodyne_scan.py'...
[6.016s] -- Installing: /home/dexter/ROS2/FilterCam/install/velodyne_msgs/lib/libvelodyne_msgs__rosidl_generator_py.so
[6.017s] -- Set non-toolchain portion of runtime path of "/home/dexter/ROS2/FilterCam/install/velodyne_msgs/lib/libvelodyne_msgs__rosidl_generator_py.so" to ""
[6.017s] -- Installing: /home/dexter/ROS2/FilterCam/install/velodyne_msgs/share/velodyne_msgs/cmake/export_velodyne_msgs__rosidl_generator_cExport.cmake
[6.017s] -- Installing: /home/dexter/ROS2/FilterCam/install/velodyne_msgs/share/velodyne_msgs/cmake/export_velodyne_msgs__rosidl_generator_cExport-debug.cmake
[6.017s] -- Installing: /home/dexter/ROS2/FilterCam/install/velodyne_msgs/share/velodyne_msgs/cmake/export_velodyne_msgs__rosidl_typesupport_fastrtps_cExport.cmake
[6.017s] -- Installing: /home/dexter/ROS2/FilterCam/install/velodyne_msgs/share/velodyne_msgs/cmake/export_velodyne_msgs__rosidl_typesupport_fastrtps_cExport-debug.cmake
[6.018s] -- Installing: /home/dexter/ROS2/FilterCam/install/velodyne_msgs/share/velodyne_msgs/cmake/export_velodyne_msgs__rosidl_generator_cppExport.cmake
[6.018s] -- Installing: /home/dexter/ROS2/FilterCam/install/velodyne_msgs/share/velodyne_msgs/cmake/export_velodyne_msgs__rosidl_typesupport_fastrtps_cppExport.cmake
[6.018s] -- Installing: /home/dexter/ROS2/FilterCam/install/velodyne_msgs/share/velodyne_msgs/cmake/export_velodyne_msgs__rosidl_typesupport_fastrtps_cppExport-debug.cmake
[6.018s] -- Installing: /home/dexter/ROS2/FilterCam/install/velodyne_msgs/share/velodyne_msgs/cmake/velodyne_msgs__rosidl_typesupport_introspection_cExport.cmake
[6.018s] -- Installing: /home/dexter/ROS2/FilterCam/install/velodyne_msgs/share/velodyne_msgs/cmake/velodyne_msgs__rosidl_typesupport_introspection_cExport-debug.cmake
[6.019s] -- Installing: /home/dexter/ROS2/FilterCam/install/velodyne_msgs/share/velodyne_msgs/cmake/velodyne_msgs__rosidl_typesupport_cExport.cmake
[6.019s] -- Installing: /home/dexter/ROS2/FilterCam/install/velodyne_msgs/share/velodyne_msgs/cmake/velodyne_msgs__rosidl_typesupport_cExport-debug.cmake
[6.019s] -- Installing: /home/dexter/ROS2/FilterCam/install/velodyne_msgs/share/velodyne_msgs/cmake/velodyne_msgs__rosidl_typesupport_introspection_cppExport.cmake
[6.019s] -- Installing: /home/dexter/ROS2/FilterCam/install/velodyne_msgs/share/velodyne_msgs/cmake/velodyne_msgs__rosidl_typesupport_introspection_cppExport-debug.cmake
[6.019s] -- Installing: /home/dexter/ROS2/FilterCam/install/velodyne_msgs/share/velodyne_msgs/cmake/velodyne_msgs__rosidl_typesupport_cppExport.cmake
[6.020s] -- Installing: /home/dexter/ROS2/FilterCam/install/velodyne_msgs/share/velodyne_msgs/cmake/velodyne_msgs__rosidl_typesupport_cppExport-debug.cmake
[6.020s] -- Installing: /home/dexter/ROS2/FilterCam/install/velodyne_msgs/share/velodyne_msgs/cmake/export_velodyne_msgs__rosidl_generator_pyExport.cmake
[6.020s] -- Installing: /home/dexter/ROS2/FilterCam/install/velodyne_msgs/share/velodyne_msgs/cmake/export_velodyne_msgs__rosidl_generator_pyExport-debug.cmake
[6.022s] Invoked command in '/home/dexter/ROS2/FilterCam/build/velodyne_msgs' returned '0': CMAKE_PREFIX_PATH=${CMAKE_PREFIX_PATH}:/home/dexter/ROS2/FilterCam/install/filterwheel:/home/dexter/ROS2/FilterCam/install/filtered_pointcloud_pkg:/home/dexter/ROS2/FilterCam/install/empty_package:/opt/ros/jazzy DEBUGINFOD_URLS=https://debuginfod.ubuntu.com /usr/bin/cmake --install /home/dexter/ROS2/FilterCam/build/velodyne_msgs
