[0.009s] Invoking command in '/home/dexter/ROS2/FilterCam/build/velodyne_pointcloud': AMENT_PREFIX_PATH=/home/dexter/ROS2/FilterCam/install/velodyne_msgs:${AMENT_PREFIX_PATH} CMAKE_PREFIX_PATH=/home/dexter/ROS2/FilterCam/install/velodyne_msgs:/opt/ros/jazzy/opt/gz_math_vendor:/opt/ros/jazzy/opt/gz_utils_vendor:/opt/ros/jazzy/opt/gz_cmake_vendor:/home/dexter/ROS2/FilterCam/install/filterwheel:/home/dexter/ROS2/FilterCam/install/filtered_pointcloud_pkg:/home/dexter/ROS2/FilterCam/install/empty_package:/opt/ros/jazzy DEBUGINFOD_URLS=https://debuginfod.ubuntu.com LD_LIBRARY_PATH=/home/dexter/ROS2/FilterCam/install/velodyne_msgs/lib:${LD_LIBRARY_PATH} PYTHONPATH=/home/dexter/ROS2/FilterCam/install/velodyne_msgs/lib/python3.12/site-packages:${PYTHONPATH} /usr/bin/cmake /home/dexter/ROS2/FilterCam/src/velodyne/velodyne_pointcloud -DCMAKE_BUILD_TYPE=Debug -DAMENT_CMAKE_SYMLINK_INSTALL=1 -DCMAKE_INSTALL_PREFIX=/home/dexter/ROS2/FilterCam/install/velodyne_pointcloud
[0.061s] -- The C compiler identification is GNU 13.3.0
[0.111s] -- The CXX compiler identification is GNU 13.3.0
[0.126s] -- Detecting C compiler ABI info
[0.204s] -- Detecting C compiler ABI info - done
[0.211s] -- Check for working C compiler: /usr/bin/cc - skipped
[0.212s] -- Detecting C compile features
[0.212s] -- Detecting C compile features - done
[0.220s] -- Detecting CXX compiler ABI info
[0.305s] -- Detecting CXX compiler ABI info - done
[0.314s] -- Check for working CXX compiler: /usr/bin/c++ - skipped
[0.314s] -- Detecting CXX compile features
[0.315s] -- Detecting CXX compile features - done
[0.319s] -- Found ament_cmake: 2.5.4 (/opt/ros/jazzy/share/ament_cmake/cmake)
[0.453s] -- Found Python3: /usr/bin/python3 (found version "3.12.3") found components: Interpreter 
[0.515s] -- Override CMake install command with custom implementation using symlinks instead of copying resources
[0.555s] -- Found angles: 1.16.0 (/opt/ros/jazzy/share/angles/cmake)
[0.569s] [31mCMake Error at CMakeLists.txt:15 (find_package):
[0.570s]   By not providing "Finddiagnostic_updater.cmake" in CMAKE_MODULE_PATH this
[0.570s]   project has asked CMake to find a package configuration file provided by
[0.570s]   "diagnostic_updater", but CMake did not find one.
[0.570s] 
[0.570s]   Could not find a package configuration file provided by
[0.570s]   "diagnostic_updater" with any of the following names:
[0.570s] 
[0.570s]     diagnostic_updaterConfig.cmake
[0.570s]     diagnostic_updater-config.cmake
[0.571s] 
[0.571s]   Add the installation prefix of "diagnostic_updater" to CMAKE_PREFIX_PATH or
[0.571s]   set "diagnostic_updater_DIR" to a directory containing one of the above
[0.571s]   files.  If "diagnostic_updater" provides a separate development package or
[0.571s]   SDK, be sure it has been installed.
[0.571s] 
[0.571s] [0m
[0.571s] -- Configuring incomplete, errors occurred!
[0.573s] Invoked command in '/home/dexter/ROS2/FilterCam/build/velodyne_pointcloud' returned '1': AMENT_PREFIX_PATH=/home/dexter/ROS2/FilterCam/install/velodyne_msgs:${AMENT_PREFIX_PATH} CMAKE_PREFIX_PATH=/home/dexter/ROS2/FilterCam/install/velodyne_msgs:/opt/ros/jazzy/opt/gz_math_vendor:/opt/ros/jazzy/opt/gz_utils_vendor:/opt/ros/jazzy/opt/gz_cmake_vendor:/home/dexter/ROS2/FilterCam/install/filterwheel:/home/dexter/ROS2/FilterCam/install/filtered_pointcloud_pkg:/home/dexter/ROS2/FilterCam/install/empty_package:/opt/ros/jazzy DEBUGINFOD_URLS=https://debuginfod.ubuntu.com LD_LIBRARY_PATH=/home/dexter/ROS2/FilterCam/install/velodyne_msgs/lib:${LD_LIBRARY_PATH} PYTHONPATH=/home/dexter/ROS2/FilterCam/install/velodyne_msgs/lib/python3.12/site-packages:${PYTHONPATH} /usr/bin/cmake /home/dexter/ROS2/FilterCam/src/velodyne/velodyne_pointcloud -DCMAKE_BUILD_TYPE=Debug -DAMENT_CMAKE_SYMLINK_INSTALL=1 -DCMAKE_INSTALL_PREFIX=/home/dexter/ROS2/FilterCam/install/velodyne_pointcloud
