[0.098s] DEBUG:colcon:Command line arguments: ['/usr/bin/colcon', 'build', '--symlink-install', '--event-handlers', 'console_cohesion+', '--base-paths', '/home/dexter/ROS2/FilterCam', '--cmake-args', '-DCMAKE_BUILD_TYPE=Debug']
[0.098s] DEBUG:colcon:Parsed command line arguments: Namespace(log_base=None, log_level=None, verb_name='build', build_base='build', install_base='install', merge_install=False, symlink_install=True, test_result_base=None, continue_on_error=False, executor='parallel', parallel_workers=16, event_handlers=['console_cohesion+'], ignore_user_meta=False, metas=['./colcon.meta'], base_paths=['/home/dexter/ROS2/FilterCam'], packages_ignore=None, packages_ignore_regex=None, paths=None, packages_up_to=None, packages_up_to_regex=None, packages_above=None, packages_above_and_dependencies=None, packages_above_depth=None, packages_select_by_dep=None, packages_skip_by_dep=None, packages_skip_up_to=None, packages_select_build_failed=False, packages_skip_build_finished=False, packages_select_test_failures=False, packages_skip_test_passed=False, packages_select=None, packages_skip=None, packages_select_regex=None, packages_skip_regex=None, packages_start=None, packages_end=None, allow_overriding=[], cmake_args=['-DCMAKE_BUILD_TYPE=Debug'], cmake_target=None, cmake_target_skip_unavailable=False, cmake_clean_cache=False, cmake_clean_first=False, cmake_force_configure=False, ament_cmake_args=None, catkin_cmake_args=None, catkin_skip_building_tests=False, mixin_files=None, mixin=None, verb_parser=<colcon_mixin.mixin.mixin_argument.MixinArgumentDecorator object at 0x7cbacc299400>, verb_extension=<colcon_core.verb.build.BuildVerb object at 0x7cbacc298f50>, main=<bound method BuildVerb.main of <colcon_core.verb.build.BuildVerb object at 0x7cbacc298f50>>, mixin_verb=('build',))
[0.133s] Level 1:colcon.colcon_core.package_discovery:discover_packages(colcon_meta) check parameters
[0.133s] Level 1:colcon.colcon_core.package_discovery:discover_packages(recursive) check parameters
[0.133s] Level 1:colcon.colcon_core.package_discovery:discover_packages(ignore) check parameters
[0.133s] Level 1:colcon.colcon_core.package_discovery:discover_packages(path) check parameters
[0.133s] Level 1:colcon.colcon_core.package_discovery:discover_packages(recursive) discover
[0.133s] INFO:colcon.colcon_core.package_discovery:Crawling recursively for packages in '/home/dexter/ROS2/FilterCam'
[0.134s] Level 1:colcon.colcon_core.package_identification:_identify(/home/dexter/ROS2/FilterCam) by extensions ['ignore', 'ignore_ament_install']
[0.134s] Level 1:colcon.colcon_core.package_identification:_identify(/home/dexter/ROS2/FilterCam) by extension 'ignore'
[0.134s] Level 1:colcon.colcon_core.package_identification:_identify(/home/dexter/ROS2/FilterCam) by extension 'ignore_ament_install'
[0.134s] Level 1:colcon.colcon_core.package_identification:_identify(/home/dexter/ROS2/FilterCam) by extensions ['colcon_pkg']
[0.134s] Level 1:colcon.colcon_core.package_identification:_identify(/home/dexter/ROS2/FilterCam) by extension 'colcon_pkg'
[0.134s] Level 1:colcon.colcon_core.package_identification:_identify(/home/dexter/ROS2/FilterCam) by extensions ['colcon_meta']
[0.134s] Level 1:colcon.colcon_core.package_identification:_identify(/home/dexter/ROS2/FilterCam) by extension 'colcon_meta'
[0.134s] Level 1:colcon.colcon_core.package_identification:_identify(/home/dexter/ROS2/FilterCam) by extensions ['ros']
[0.134s] Level 1:colcon.colcon_core.package_identification:_identify(/home/dexter/ROS2/FilterCam) by extension 'ros'
[0.155s] Level 1:colcon.colcon_core.package_identification:_identify(/home/dexter/ROS2/FilterCam) by extensions ['cmake', 'python']
[0.155s] Level 1:colcon.colcon_core.package_identification:_identify(/home/dexter/ROS2/FilterCam) by extension 'cmake'
[0.155s] Level 1:colcon.colcon_core.package_identification:_identify(/home/dexter/ROS2/FilterCam) by extension 'python'
[0.155s] Level 1:colcon.colcon_core.package_identification:_identify(/home/dexter/ROS2/FilterCam) by extensions ['python_setup_py']
[0.155s] Level 1:colcon.colcon_core.package_identification:_identify(/home/dexter/ROS2/FilterCam) by extension 'python_setup_py'
[0.155s] Level 1:colcon.colcon_core.package_identification:_identify(/home/dexter/ROS2/FilterCam/build) by extensions ['ignore', 'ignore_ament_install']
[0.156s] Level 1:colcon.colcon_core.package_identification:_identify(/home/dexter/ROS2/FilterCam/build) by extension 'ignore'
[0.156s] Level 1:colcon.colcon_core.package_identification:_identify(/home/dexter/ROS2/FilterCam/build) ignored
[0.156s] Level 1:colcon.colcon_core.package_identification:_identify(/home/dexter/ROS2/FilterCam/install) by extensions ['ignore', 'ignore_ament_install']
[0.156s] Level 1:colcon.colcon_core.package_identification:_identify(/home/dexter/ROS2/FilterCam/install) by extension 'ignore'
[0.156s] Level 1:colcon.colcon_core.package_identification:_identify(/home/dexter/ROS2/FilterCam/install) ignored
[0.156s] Level 1:colcon.colcon_core.package_identification:_identify(/home/dexter/ROS2/FilterCam/log) by extensions ['ignore', 'ignore_ament_install']
[0.156s] Level 1:colcon.colcon_core.package_identification:_identify(/home/dexter/ROS2/FilterCam/log) by extension 'ignore'
[0.156s] Level 1:colcon.colcon_core.package_identification:_identify(/home/dexter/ROS2/FilterCam/log) ignored
[0.156s] Level 1:colcon.colcon_core.package_identification:_identify(/home/dexter/ROS2/FilterCam/src) by extensions ['ignore', 'ignore_ament_install']
[0.156s] Level 1:colcon.colcon_core.package_identification:_identify(/home/dexter/ROS2/FilterCam/src) by extension 'ignore'
[0.156s] Level 1:colcon.colcon_core.package_identification:_identify(/home/dexter/ROS2/FilterCam/src) by extension 'ignore_ament_install'
[0.156s] Level 1:colcon.colcon_core.package_identification:_identify(/home/dexter/ROS2/FilterCam/src) by extensions ['colcon_pkg']
[0.156s] Level 1:colcon.colcon_core.package_identification:_identify(/home/dexter/ROS2/FilterCam/src) by extension 'colcon_pkg'
[0.156s] Level 1:colcon.colcon_core.package_identification:_identify(/home/dexter/ROS2/FilterCam/src) by extensions ['colcon_meta']
[0.156s] Level 1:colcon.colcon_core.package_identification:_identify(/home/dexter/ROS2/FilterCam/src) by extension 'colcon_meta'
[0.157s] Level 1:colcon.colcon_core.package_identification:_identify(/home/dexter/ROS2/FilterCam/src) by extensions ['ros']
[0.157s] Level 1:colcon.colcon_core.package_identification:_identify(/home/dexter/ROS2/FilterCam/src) by extension 'ros'
[0.157s] Level 1:colcon.colcon_core.package_identification:_identify(/home/dexter/ROS2/FilterCam/src) by extensions ['cmake', 'python']
[0.157s] Level 1:colcon.colcon_core.package_identification:_identify(/home/dexter/ROS2/FilterCam/src) by extension 'cmake'
[0.157s] Level 1:colcon.colcon_core.package_identification:_identify(/home/dexter/ROS2/FilterCam/src) by extension 'python'
[0.157s] Level 1:colcon.colcon_core.package_identification:_identify(/home/dexter/ROS2/FilterCam/src) by extensions ['python_setup_py']
[0.157s] Level 1:colcon.colcon_core.package_identification:_identify(/home/dexter/ROS2/FilterCam/src) by extension 'python_setup_py'
[0.157s] Level 1:colcon.colcon_core.package_identification:_identify(/home/dexter/ROS2/FilterCam/src/empty_package) by extensions ['ignore', 'ignore_ament_install']
[0.157s] Level 1:colcon.colcon_core.package_identification:_identify(/home/dexter/ROS2/FilterCam/src/empty_package) by extension 'ignore'
[0.157s] Level 1:colcon.colcon_core.package_identification:_identify(/home/dexter/ROS2/FilterCam/src/empty_package) by extension 'ignore_ament_install'
[0.157s] Level 1:colcon.colcon_core.package_identification:_identify(/home/dexter/ROS2/FilterCam/src/empty_package) by extensions ['colcon_pkg']
[0.157s] Level 1:colcon.colcon_core.package_identification:_identify(/home/dexter/ROS2/FilterCam/src/empty_package) by extension 'colcon_pkg'
[0.157s] Level 1:colcon.colcon_core.package_identification:_identify(/home/dexter/ROS2/FilterCam/src/empty_package) by extensions ['colcon_meta']
[0.157s] Level 1:colcon.colcon_core.package_identification:_identify(/home/dexter/ROS2/FilterCam/src/empty_package) by extension 'colcon_meta'
[0.157s] Level 1:colcon.colcon_core.package_identification:_identify(/home/dexter/ROS2/FilterCam/src/empty_package) by extensions ['ros']
[0.157s] Level 1:colcon.colcon_core.package_identification:_identify(/home/dexter/ROS2/FilterCam/src/empty_package) by extension 'ros'
[0.159s] DEBUG:colcon.colcon_core.package_identification:Package '/home/dexter/ROS2/FilterCam/src/empty_package' with type 'ros.ament_python' and name 'empty_package'
[0.159s] Level 1:colcon.colcon_core.package_identification:_identify(/home/dexter/ROS2/FilterCam/src/filtered_pointcloud_pkg) by extensions ['ignore', 'ignore_ament_install']
[0.159s] Level 1:colcon.colcon_core.package_identification:_identify(/home/dexter/ROS2/FilterCam/src/filtered_pointcloud_pkg) by extension 'ignore'
[0.159s] Level 1:colcon.colcon_core.package_identification:_identify(/home/dexter/ROS2/FilterCam/src/filtered_pointcloud_pkg) by extension 'ignore_ament_install'
[0.159s] Level 1:colcon.colcon_core.package_identification:_identify(/home/dexter/ROS2/FilterCam/src/filtered_pointcloud_pkg) by extensions ['colcon_pkg']
[0.159s] Level 1:colcon.colcon_core.package_identification:_identify(/home/dexter/ROS2/FilterCam/src/filtered_pointcloud_pkg) by extension 'colcon_pkg'
[0.159s] Level 1:colcon.colcon_core.package_identification:_identify(/home/dexter/ROS2/FilterCam/src/filtered_pointcloud_pkg) by extensions ['colcon_meta']
[0.160s] Level 1:colcon.colcon_core.package_identification:_identify(/home/dexter/ROS2/FilterCam/src/filtered_pointcloud_pkg) by extension 'colcon_meta'
[0.160s] Level 1:colcon.colcon_core.package_identification:_identify(/home/dexter/ROS2/FilterCam/src/filtered_pointcloud_pkg) by extensions ['ros']
[0.160s] Level 1:colcon.colcon_core.package_identification:_identify(/home/dexter/ROS2/FilterCam/src/filtered_pointcloud_pkg) by extension 'ros'
[0.160s] DEBUG:colcon.colcon_core.package_identification:Package '/home/dexter/ROS2/FilterCam/src/filtered_pointcloud_pkg' with type 'ros.ament_python' and name 'filtered_pointcloud_pkg'
[0.160s] Level 1:colcon.colcon_core.package_identification:_identify(/home/dexter/ROS2/FilterCam/src/filterwheel) by extensions ['ignore', 'ignore_ament_install']
[0.160s] Level 1:colcon.colcon_core.package_identification:_identify(/home/dexter/ROS2/FilterCam/src/filterwheel) by extension 'ignore'
[0.160s] Level 1:colcon.colcon_core.package_identification:_identify(/home/dexter/ROS2/FilterCam/src/filterwheel) by extension 'ignore_ament_install'
[0.160s] Level 1:colcon.colcon_core.package_identification:_identify(/home/dexter/ROS2/FilterCam/src/filterwheel) by extensions ['colcon_pkg']
[0.160s] Level 1:colcon.colcon_core.package_identification:_identify(/home/dexter/ROS2/FilterCam/src/filterwheel) by extension 'colcon_pkg'
[0.160s] Level 1:colcon.colcon_core.package_identification:_identify(/home/dexter/ROS2/FilterCam/src/filterwheel) by extensions ['colcon_meta']
[0.161s] Level 1:colcon.colcon_core.package_identification:_identify(/home/dexter/ROS2/FilterCam/src/filterwheel) by extension 'colcon_meta'
[0.161s] Level 1:colcon.colcon_core.package_identification:_identify(/home/dexter/ROS2/FilterCam/src/filterwheel) by extensions ['ros']
[0.161s] Level 1:colcon.colcon_core.package_identification:_identify(/home/dexter/ROS2/FilterCam/src/filterwheel) by extension 'ros'
[0.161s] DEBUG:colcon.colcon_core.package_identification:Package '/home/dexter/ROS2/FilterCam/src/filterwheel' with type 'ros.ament_python' and name 'filterwheel'
[0.161s] Level 1:colcon.colcon_core.package_identification:_identify(/home/dexter/ROS2/FilterCam/src/liquidlens) by extensions ['ignore', 'ignore_ament_install']
[0.161s] Level 1:colcon.colcon_core.package_identification:_identify(/home/dexter/ROS2/FilterCam/src/liquidlens) by extension 'ignore'
[0.161s] Level 1:colcon.colcon_core.package_identification:_identify(/home/dexter/ROS2/FilterCam/src/liquidlens) by extension 'ignore_ament_install'
[0.161s] Level 1:colcon.colcon_core.package_identification:_identify(/home/dexter/ROS2/FilterCam/src/liquidlens) by extensions ['colcon_pkg']
[0.161s] Level 1:colcon.colcon_core.package_identification:_identify(/home/dexter/ROS2/FilterCam/src/liquidlens) by extension 'colcon_pkg'
[0.161s] Level 1:colcon.colcon_core.package_identification:_identify(/home/dexter/ROS2/FilterCam/src/liquidlens) by extensions ['colcon_meta']
[0.161s] Level 1:colcon.colcon_core.package_identification:_identify(/home/dexter/ROS2/FilterCam/src/liquidlens) by extension 'colcon_meta'
[0.162s] Level 1:colcon.colcon_core.package_identification:_identify(/home/dexter/ROS2/FilterCam/src/liquidlens) by extensions ['ros']
[0.162s] Level 1:colcon.colcon_core.package_identification:_identify(/home/dexter/ROS2/FilterCam/src/liquidlens) by extension 'ros'
[0.162s] DEBUG:colcon.colcon_core.package_identification:Package '/home/dexter/ROS2/FilterCam/src/liquidlens' with type 'ros.ament_python' and name 'liquidlens'
[0.162s] Level 1:colcon.colcon_core.package_identification:_identify(/home/dexter/ROS2/FilterCam/src/package_launcher) by extensions ['ignore', 'ignore_ament_install']
[0.162s] Level 1:colcon.colcon_core.package_identification:_identify(/home/dexter/ROS2/FilterCam/src/package_launcher) by extension 'ignore'
[0.162s] Level 1:colcon.colcon_core.package_identification:_identify(/home/dexter/ROS2/FilterCam/src/package_launcher) by extension 'ignore_ament_install'
[0.162s] Level 1:colcon.colcon_core.package_identification:_identify(/home/dexter/ROS2/FilterCam/src/package_launcher) by extensions ['colcon_pkg']
[0.162s] Level 1:colcon.colcon_core.package_identification:_identify(/home/dexter/ROS2/FilterCam/src/package_launcher) by extension 'colcon_pkg'
[0.163s] Level 1:colcon.colcon_core.package_identification:_identify(/home/dexter/ROS2/FilterCam/src/package_launcher) by extensions ['colcon_meta']
[0.163s] Level 1:colcon.colcon_core.package_identification:_identify(/home/dexter/ROS2/FilterCam/src/package_launcher) by extension 'colcon_meta'
[0.163s] Level 1:colcon.colcon_core.package_identification:_identify(/home/dexter/ROS2/FilterCam/src/package_launcher) by extensions ['ros']
[0.163s] Level 1:colcon.colcon_core.package_identification:_identify(/home/dexter/ROS2/FilterCam/src/package_launcher) by extension 'ros'
[0.163s] DEBUG:colcon.colcon_core.package_identification:Package '/home/dexter/ROS2/FilterCam/src/package_launcher' with type 'ros.ament_python' and name 'package_launcher'
[0.163s] Level 1:colcon.colcon_core.package_identification:_identify(/home/dexter/ROS2/FilterCam/src/velodyne) by extensions ['ignore', 'ignore_ament_install']
[0.163s] Level 1:colcon.colcon_core.package_identification:_identify(/home/dexter/ROS2/FilterCam/src/velodyne) by extension 'ignore'
[0.163s] Level 1:colcon.colcon_core.package_identification:_identify(/home/dexter/ROS2/FilterCam/src/velodyne) by extension 'ignore_ament_install'
[0.163s] Level 1:colcon.colcon_core.package_identification:_identify(/home/dexter/ROS2/FilterCam/src/velodyne) by extensions ['colcon_pkg']
[0.163s] Level 1:colcon.colcon_core.package_identification:_identify(/home/dexter/ROS2/FilterCam/src/velodyne) by extension 'colcon_pkg'
[0.163s] Level 1:colcon.colcon_core.package_identification:_identify(/home/dexter/ROS2/FilterCam/src/velodyne) by extensions ['colcon_meta']
[0.163s] Level 1:colcon.colcon_core.package_identification:_identify(/home/dexter/ROS2/FilterCam/src/velodyne) by extension 'colcon_meta'
[0.163s] Level 1:colcon.colcon_core.package_identification:_identify(/home/dexter/ROS2/FilterCam/src/velodyne) by extensions ['ros']
[0.163s] Level 1:colcon.colcon_core.package_identification:_identify(/home/dexter/ROS2/FilterCam/src/velodyne) by extension 'ros'
[0.164s] Level 1:colcon.colcon_core.package_identification:_identify(/home/dexter/ROS2/FilterCam/src/velodyne) by extensions ['cmake', 'python']
[0.164s] Level 1:colcon.colcon_core.package_identification:_identify(/home/dexter/ROS2/FilterCam/src/velodyne) by extension 'cmake'
[0.164s] Level 1:colcon.colcon_core.package_identification:_identify(/home/dexter/ROS2/FilterCam/src/velodyne) by extension 'python'
[0.164s] Level 1:colcon.colcon_core.package_identification:_identify(/home/dexter/ROS2/FilterCam/src/velodyne) by extensions ['python_setup_py']
[0.164s] Level 1:colcon.colcon_core.package_identification:_identify(/home/dexter/ROS2/FilterCam/src/velodyne) by extension 'python_setup_py'
[0.164s] Level 1:colcon.colcon_core.package_identification:_identify(/home/dexter/ROS2/FilterCam/src/velodyne/log) by extensions ['ignore', 'ignore_ament_install']
[0.164s] Level 1:colcon.colcon_core.package_identification:_identify(/home/dexter/ROS2/FilterCam/src/velodyne/log) by extension 'ignore'
[0.164s] Level 1:colcon.colcon_core.package_identification:_identify(/home/dexter/ROS2/FilterCam/src/velodyne/log) ignored
[0.164s] Level 1:colcon.colcon_core.package_identification:_identify(/home/dexter/ROS2/FilterCam/src/velodyne/velodyne) by extensions ['ignore', 'ignore_ament_install']
[0.164s] Level 1:colcon.colcon_core.package_identification:_identify(/home/dexter/ROS2/FilterCam/src/velodyne/velodyne) by extension 'ignore'
[0.164s] Level 1:colcon.colcon_core.package_identification:_identify(/home/dexter/ROS2/FilterCam/src/velodyne/velodyne) by extension 'ignore_ament_install'
[0.164s] Level 1:colcon.colcon_core.package_identification:_identify(/home/dexter/ROS2/FilterCam/src/velodyne/velodyne) by extensions ['colcon_pkg']
[0.164s] Level 1:colcon.colcon_core.package_identification:_identify(/home/dexter/ROS2/FilterCam/src/velodyne/velodyne) by extension 'colcon_pkg'
[0.164s] Level 1:colcon.colcon_core.package_identification:_identify(/home/dexter/ROS2/FilterCam/src/velodyne/velodyne) by extensions ['colcon_meta']
[0.164s] Level 1:colcon.colcon_core.package_identification:_identify(/home/dexter/ROS2/FilterCam/src/velodyne/velodyne) by extension 'colcon_meta'
[0.164s] Level 1:colcon.colcon_core.package_identification:_identify(/home/dexter/ROS2/FilterCam/src/velodyne/velodyne) by extensions ['ros']
[0.164s] Level 1:colcon.colcon_core.package_identification:_identify(/home/dexter/ROS2/FilterCam/src/velodyne/velodyne) by extension 'ros'
[0.165s] DEBUG:colcon.colcon_core.package_identification:Package '/home/dexter/ROS2/FilterCam/src/velodyne/velodyne' with type 'ros.ament_cmake' and name 'velodyne'
[0.165s] Level 1:colcon.colcon_core.package_identification:_identify(/home/dexter/ROS2/FilterCam/src/velodyne/velodyne_driver) by extensions ['ignore', 'ignore_ament_install']
[0.165s] Level 1:colcon.colcon_core.package_identification:_identify(/home/dexter/ROS2/FilterCam/src/velodyne/velodyne_driver) by extension 'ignore'
[0.165s] Level 1:colcon.colcon_core.package_identification:_identify(/home/dexter/ROS2/FilterCam/src/velodyne/velodyne_driver) by extension 'ignore_ament_install'
[0.165s] Level 1:colcon.colcon_core.package_identification:_identify(/home/dexter/ROS2/FilterCam/src/velodyne/velodyne_driver) by extensions ['colcon_pkg']
[0.165s] Level 1:colcon.colcon_core.package_identification:_identify(/home/dexter/ROS2/FilterCam/src/velodyne/velodyne_driver) by extension 'colcon_pkg'
[0.165s] Level 1:colcon.colcon_core.package_identification:_identify(/home/dexter/ROS2/FilterCam/src/velodyne/velodyne_driver) by extensions ['colcon_meta']
[0.165s] Level 1:colcon.colcon_core.package_identification:_identify(/home/dexter/ROS2/FilterCam/src/velodyne/velodyne_driver) by extension 'colcon_meta'
[0.165s] Level 1:colcon.colcon_core.package_identification:_identify(/home/dexter/ROS2/FilterCam/src/velodyne/velodyne_driver) by extensions ['ros']
[0.165s] Level 1:colcon.colcon_core.package_identification:_identify(/home/dexter/ROS2/FilterCam/src/velodyne/velodyne_driver) by extension 'ros'
[0.166s] DEBUG:colcon.colcon_core.package_identification:Package '/home/dexter/ROS2/FilterCam/src/velodyne/velodyne_driver' with type 'ros.ament_cmake' and name 'velodyne_driver'
[0.166s] Level 1:colcon.colcon_core.package_identification:_identify(/home/dexter/ROS2/FilterCam/src/velodyne/velodyne_laserscan) by extensions ['ignore', 'ignore_ament_install']
[0.166s] Level 1:colcon.colcon_core.package_identification:_identify(/home/dexter/ROS2/FilterCam/src/velodyne/velodyne_laserscan) by extension 'ignore'
[0.166s] Level 1:colcon.colcon_core.package_identification:_identify(/home/dexter/ROS2/FilterCam/src/velodyne/velodyne_laserscan) by extension 'ignore_ament_install'
[0.166s] Level 1:colcon.colcon_core.package_identification:_identify(/home/dexter/ROS2/FilterCam/src/velodyne/velodyne_laserscan) by extensions ['colcon_pkg']
[0.166s] Level 1:colcon.colcon_core.package_identification:_identify(/home/dexter/ROS2/FilterCam/src/velodyne/velodyne_laserscan) by extension 'colcon_pkg'
[0.166s] Level 1:colcon.colcon_core.package_identification:_identify(/home/dexter/ROS2/FilterCam/src/velodyne/velodyne_laserscan) by extensions ['colcon_meta']
[0.166s] Level 1:colcon.colcon_core.package_identification:_identify(/home/dexter/ROS2/FilterCam/src/velodyne/velodyne_laserscan) by extension 'colcon_meta'
[0.166s] Level 1:colcon.colcon_core.package_identification:_identify(/home/dexter/ROS2/FilterCam/src/velodyne/velodyne_laserscan) by extensions ['ros']
[0.167s] Level 1:colcon.colcon_core.package_identification:_identify(/home/dexter/ROS2/FilterCam/src/velodyne/velodyne_laserscan) by extension 'ros'
[0.167s] DEBUG:colcon.colcon_core.package_identification:Package '/home/dexter/ROS2/FilterCam/src/velodyne/velodyne_laserscan' with type 'ros.ament_cmake' and name 'velodyne_laserscan'
[0.167s] Level 1:colcon.colcon_core.package_identification:_identify(/home/dexter/ROS2/FilterCam/src/velodyne/velodyne_msgs) by extensions ['ignore', 'ignore_ament_install']
[0.167s] Level 1:colcon.colcon_core.package_identification:_identify(/home/dexter/ROS2/FilterCam/src/velodyne/velodyne_msgs) by extension 'ignore'
[0.167s] Level 1:colcon.colcon_core.package_identification:_identify(/home/dexter/ROS2/FilterCam/src/velodyne/velodyne_msgs) by extension 'ignore_ament_install'
[0.167s] Level 1:colcon.colcon_core.package_identification:_identify(/home/dexter/ROS2/FilterCam/src/velodyne/velodyne_msgs) by extensions ['colcon_pkg']
[0.167s] Level 1:colcon.colcon_core.package_identification:_identify(/home/dexter/ROS2/FilterCam/src/velodyne/velodyne_msgs) by extension 'colcon_pkg'
[0.167s] Level 1:colcon.colcon_core.package_identification:_identify(/home/dexter/ROS2/FilterCam/src/velodyne/velodyne_msgs) by extensions ['colcon_meta']
[0.167s] Level 1:colcon.colcon_core.package_identification:_identify(/home/dexter/ROS2/FilterCam/src/velodyne/velodyne_msgs) by extension 'colcon_meta'
[0.168s] Level 1:colcon.colcon_core.package_identification:_identify(/home/dexter/ROS2/FilterCam/src/velodyne/velodyne_msgs) by extensions ['ros']
[0.168s] Level 1:colcon.colcon_core.package_identification:_identify(/home/dexter/ROS2/FilterCam/src/velodyne/velodyne_msgs) by extension 'ros'
[0.168s] DEBUG:colcon.colcon_core.package_identification:Package '/home/dexter/ROS2/FilterCam/src/velodyne/velodyne_msgs' with type 'ros.ament_cmake' and name 'velodyne_msgs'
[0.168s] Level 1:colcon.colcon_core.package_identification:_identify(/home/dexter/ROS2/FilterCam/src/velodyne/velodyne_pointcloud) by extensions ['ignore', 'ignore_ament_install']
[0.168s] Level 1:colcon.colcon_core.package_identification:_identify(/home/dexter/ROS2/FilterCam/src/velodyne/velodyne_pointcloud) by extension 'ignore'
[0.168s] Level 1:colcon.colcon_core.package_identification:_identify(/home/dexter/ROS2/FilterCam/src/velodyne/velodyne_pointcloud) by extension 'ignore_ament_install'
[0.168s] Level 1:colcon.colcon_core.package_identification:_identify(/home/dexter/ROS2/FilterCam/src/velodyne/velodyne_pointcloud) by extensions ['colcon_pkg']
[0.168s] Level 1:colcon.colcon_core.package_identification:_identify(/home/dexter/ROS2/FilterCam/src/velodyne/velodyne_pointcloud) by extension 'colcon_pkg'
[0.168s] Level 1:colcon.colcon_core.package_identification:_identify(/home/dexter/ROS2/FilterCam/src/velodyne/velodyne_pointcloud) by extensions ['colcon_meta']
[0.168s] Level 1:colcon.colcon_core.package_identification:_identify(/home/dexter/ROS2/FilterCam/src/velodyne/velodyne_pointcloud) by extension 'colcon_meta'
[0.169s] Level 1:colcon.colcon_core.package_identification:_identify(/home/dexter/ROS2/FilterCam/src/velodyne/velodyne_pointcloud) by extensions ['ros']
[0.169s] Level 1:colcon.colcon_core.package_identification:_identify(/home/dexter/ROS2/FilterCam/src/velodyne/velodyne_pointcloud) by extension 'ros'
[0.170s] DEBUG:colcon.colcon_core.package_identification:Package '/home/dexter/ROS2/FilterCam/src/velodyne/velodyne_pointcloud' with type 'ros.ament_cmake' and name 'velodyne_pointcloud'
[0.170s] Level 1:colcon.colcon_core.package_discovery:discover_packages(recursive) using defaults
[0.189s] Level 1:colcon.colcon_core.package_discovery:discover_packages(prefix_path) check parameters
[0.189s] Level 1:colcon.colcon_core.package_discovery:discover_packages(prefix_path) discover
[0.191s] DEBUG:colcon.colcon_installed_package_information.package_discovery:Found 3 installed packages in /home/dexter/ROS2/FilterCam/install
[0.193s] DEBUG:colcon.colcon_installed_package_information.package_discovery:Found 285 installed packages in /opt/ros/jazzy
[0.194s] Level 1:colcon.colcon_core.package_discovery:discover_packages(prefix_path) using defaults
[0.231s] Level 5:colcon.colcon_core.verb:set package 'empty_package' build argument 'cmake_args' from command line to '['-DCMAKE_BUILD_TYPE=Debug']'
[0.231s] Level 5:colcon.colcon_core.verb:set package 'empty_package' build argument 'cmake_target' from command line to 'None'
[0.231s] Level 5:colcon.colcon_core.verb:set package 'empty_package' build argument 'cmake_target_skip_unavailable' from command line to 'False'
[0.231s] Level 5:colcon.colcon_core.verb:set package 'empty_package' build argument 'cmake_clean_cache' from command line to 'False'
[0.231s] Level 5:colcon.colcon_core.verb:set package 'empty_package' build argument 'cmake_clean_first' from command line to 'False'
[0.231s] Level 5:colcon.colcon_core.verb:set package 'empty_package' build argument 'cmake_force_configure' from command line to 'False'
[0.231s] Level 5:colcon.colcon_core.verb:set package 'empty_package' build argument 'ament_cmake_args' from command line to 'None'
[0.231s] Level 5:colcon.colcon_core.verb:set package 'empty_package' build argument 'catkin_cmake_args' from command line to 'None'
[0.231s] Level 5:colcon.colcon_core.verb:set package 'empty_package' build argument 'catkin_skip_building_tests' from command line to 'False'
[0.231s] DEBUG:colcon.colcon_core.verb:Building package 'empty_package' with the following arguments: {'ament_cmake_args': None, 'build_base': '/home/dexter/ROS2/FilterCam/build/empty_package', 'catkin_cmake_args': None, 'catkin_skip_building_tests': False, 'cmake_args': ['-DCMAKE_BUILD_TYPE=Debug'], 'cmake_clean_cache': False, 'cmake_clean_first': False, 'cmake_force_configure': False, 'cmake_target': None, 'cmake_target_skip_unavailable': False, 'install_base': '/home/dexter/ROS2/FilterCam/install/empty_package', 'merge_install': False, 'path': '/home/dexter/ROS2/FilterCam/src/empty_package', 'symlink_install': True, 'test_result_base': None}
[0.231s] Level 5:colcon.colcon_core.verb:set package 'filtered_pointcloud_pkg' build argument 'cmake_args' from command line to '['-DCMAKE_BUILD_TYPE=Debug']'
[0.231s] Level 5:colcon.colcon_core.verb:set package 'filtered_pointcloud_pkg' build argument 'cmake_target' from command line to 'None'
[0.231s] Level 5:colcon.colcon_core.verb:set package 'filtered_pointcloud_pkg' build argument 'cmake_target_skip_unavailable' from command line to 'False'
[0.231s] Level 5:colcon.colcon_core.verb:set package 'filtered_pointcloud_pkg' build argument 'cmake_clean_cache' from command line to 'False'
[0.231s] Level 5:colcon.colcon_core.verb:set package 'filtered_pointcloud_pkg' build argument 'cmake_clean_first' from command line to 'False'
[0.231s] Level 5:colcon.colcon_core.verb:set package 'filtered_pointcloud_pkg' build argument 'cmake_force_configure' from command line to 'False'
[0.232s] Level 5:colcon.colcon_core.verb:set package 'filtered_pointcloud_pkg' build argument 'ament_cmake_args' from command line to 'None'
[0.232s] Level 5:colcon.colcon_core.verb:set package 'filtered_pointcloud_pkg' build argument 'catkin_cmake_args' from command line to 'None'
[0.232s] Level 5:colcon.colcon_core.verb:set package 'filtered_pointcloud_pkg' build argument 'catkin_skip_building_tests' from command line to 'False'
[0.232s] DEBUG:colcon.colcon_core.verb:Building package 'filtered_pointcloud_pkg' with the following arguments: {'ament_cmake_args': None, 'build_base': '/home/dexter/ROS2/FilterCam/build/filtered_pointcloud_pkg', 'catkin_cmake_args': None, 'catkin_skip_building_tests': False, 'cmake_args': ['-DCMAKE_BUILD_TYPE=Debug'], 'cmake_clean_cache': False, 'cmake_clean_first': False, 'cmake_force_configure': False, 'cmake_target': None, 'cmake_target_skip_unavailable': False, 'install_base': '/home/dexter/ROS2/FilterCam/install/filtered_pointcloud_pkg', 'merge_install': False, 'path': '/home/dexter/ROS2/FilterCam/src/filtered_pointcloud_pkg', 'symlink_install': True, 'test_result_base': None}
[0.232s] Level 5:colcon.colcon_core.verb:set package 'filterwheel' build argument 'cmake_args' from command line to '['-DCMAKE_BUILD_TYPE=Debug']'
[0.232s] Level 5:colcon.colcon_core.verb:set package 'filterwheel' build argument 'cmake_target' from command line to 'None'
[0.232s] Level 5:colcon.colcon_core.verb:set package 'filterwheel' build argument 'cmake_target_skip_unavailable' from command line to 'False'
[0.232s] Level 5:colcon.colcon_core.verb:set package 'filterwheel' build argument 'cmake_clean_cache' from command line to 'False'
[0.232s] Level 5:colcon.colcon_core.verb:set package 'filterwheel' build argument 'cmake_clean_first' from command line to 'False'
[0.232s] Level 5:colcon.colcon_core.verb:set package 'filterwheel' build argument 'cmake_force_configure' from command line to 'False'
[0.232s] Level 5:colcon.colcon_core.verb:set package 'filterwheel' build argument 'ament_cmake_args' from command line to 'None'
[0.232s] Level 5:colcon.colcon_core.verb:set package 'filterwheel' build argument 'catkin_cmake_args' from command line to 'None'
[0.232s] Level 5:colcon.colcon_core.verb:set package 'filterwheel' build argument 'catkin_skip_building_tests' from command line to 'False'
[0.232s] DEBUG:colcon.colcon_core.verb:Building package 'filterwheel' with the following arguments: {'ament_cmake_args': None, 'build_base': '/home/dexter/ROS2/FilterCam/build/filterwheel', 'catkin_cmake_args': None, 'catkin_skip_building_tests': False, 'cmake_args': ['-DCMAKE_BUILD_TYPE=Debug'], 'cmake_clean_cache': False, 'cmake_clean_first': False, 'cmake_force_configure': False, 'cmake_target': None, 'cmake_target_skip_unavailable': False, 'install_base': '/home/dexter/ROS2/FilterCam/install/filterwheel', 'merge_install': False, 'path': '/home/dexter/ROS2/FilterCam/src/filterwheel', 'symlink_install': True, 'test_result_base': None}
[0.232s] Level 5:colcon.colcon_core.verb:set package 'liquidlens' build argument 'cmake_args' from command line to '['-DCMAKE_BUILD_TYPE=Debug']'
[0.232s] Level 5:colcon.colcon_core.verb:set package 'liquidlens' build argument 'cmake_target' from command line to 'None'
[0.232s] Level 5:colcon.colcon_core.verb:set package 'liquidlens' build argument 'cmake_target_skip_unavailable' from command line to 'False'
[0.232s] Level 5:colcon.colcon_core.verb:set package 'liquidlens' build argument 'cmake_clean_cache' from command line to 'False'
[0.232s] Level 5:colcon.colcon_core.verb:set package 'liquidlens' build argument 'cmake_clean_first' from command line to 'False'
[0.232s] Level 5:colcon.colcon_core.verb:set package 'liquidlens' build argument 'cmake_force_configure' from command line to 'False'
[0.232s] Level 5:colcon.colcon_core.verb:set package 'liquidlens' build argument 'ament_cmake_args' from command line to 'None'
[0.232s] Level 5:colcon.colcon_core.verb:set package 'liquidlens' build argument 'catkin_cmake_args' from command line to 'None'
[0.232s] Level 5:colcon.colcon_core.verb:set package 'liquidlens' build argument 'catkin_skip_building_tests' from command line to 'False'
[0.233s] DEBUG:colcon.colcon_core.verb:Building package 'liquidlens' with the following arguments: {'ament_cmake_args': None, 'build_base': '/home/dexter/ROS2/FilterCam/build/liquidlens', 'catkin_cmake_args': None, 'catkin_skip_building_tests': False, 'cmake_args': ['-DCMAKE_BUILD_TYPE=Debug'], 'cmake_clean_cache': False, 'cmake_clean_first': False, 'cmake_force_configure': False, 'cmake_target': None, 'cmake_target_skip_unavailable': False, 'install_base': '/home/dexter/ROS2/FilterCam/install/liquidlens', 'merge_install': False, 'path': '/home/dexter/ROS2/FilterCam/src/liquidlens', 'symlink_install': True, 'test_result_base': None}
[0.233s] Level 5:colcon.colcon_core.verb:set package 'package_launcher' build argument 'cmake_args' from command line to '['-DCMAKE_BUILD_TYPE=Debug']'
[0.233s] Level 5:colcon.colcon_core.verb:set package 'package_launcher' build argument 'cmake_target' from command line to 'None'
[0.233s] Level 5:colcon.colcon_core.verb:set package 'package_launcher' build argument 'cmake_target_skip_unavailable' from command line to 'False'
[0.233s] Level 5:colcon.colcon_core.verb:set package 'package_launcher' build argument 'cmake_clean_cache' from command line to 'False'
[0.233s] Level 5:colcon.colcon_core.verb:set package 'package_launcher' build argument 'cmake_clean_first' from command line to 'False'
[0.233s] Level 5:colcon.colcon_core.verb:set package 'package_launcher' build argument 'cmake_force_configure' from command line to 'False'
[0.233s] Level 5:colcon.colcon_core.verb:set package 'package_launcher' build argument 'ament_cmake_args' from command line to 'None'
[0.233s] Level 5:colcon.colcon_core.verb:set package 'package_launcher' build argument 'catkin_cmake_args' from command line to 'None'
[0.233s] Level 5:colcon.colcon_core.verb:set package 'package_launcher' build argument 'catkin_skip_building_tests' from command line to 'False'
[0.233s] DEBUG:colcon.colcon_core.verb:Building package 'package_launcher' with the following arguments: {'ament_cmake_args': None, 'build_base': '/home/dexter/ROS2/FilterCam/build/package_launcher', 'catkin_cmake_args': None, 'catkin_skip_building_tests': False, 'cmake_args': ['-DCMAKE_BUILD_TYPE=Debug'], 'cmake_clean_cache': False, 'cmake_clean_first': False, 'cmake_force_configure': False, 'cmake_target': None, 'cmake_target_skip_unavailable': False, 'install_base': '/home/dexter/ROS2/FilterCam/install/package_launcher', 'merge_install': False, 'path': '/home/dexter/ROS2/FilterCam/src/package_launcher', 'symlink_install': True, 'test_result_base': None}
[0.233s] Level 5:colcon.colcon_core.verb:set package 'velodyne_laserscan' build argument 'cmake_args' from command line to '['-DCMAKE_BUILD_TYPE=Debug']'
[0.233s] Level 5:colcon.colcon_core.verb:set package 'velodyne_laserscan' build argument 'cmake_target' from command line to 'None'
[0.233s] Level 5:colcon.colcon_core.verb:set package 'velodyne_laserscan' build argument 'cmake_target_skip_unavailable' from command line to 'False'
[0.233s] Level 5:colcon.colcon_core.verb:set package 'velodyne_laserscan' build argument 'cmake_clean_cache' from command line to 'False'
[0.233s] Level 5:colcon.colcon_core.verb:set package 'velodyne_laserscan' build argument 'cmake_clean_first' from command line to 'False'
[0.233s] Level 5:colcon.colcon_core.verb:set package 'velodyne_laserscan' build argument 'cmake_force_configure' from command line to 'False'
[0.233s] Level 5:colcon.colcon_core.verb:set package 'velodyne_laserscan' build argument 'ament_cmake_args' from command line to 'None'
[0.233s] Level 5:colcon.colcon_core.verb:set package 'velodyne_laserscan' build argument 'catkin_cmake_args' from command line to 'None'
[0.233s] Level 5:colcon.colcon_core.verb:set package 'velodyne_laserscan' build argument 'catkin_skip_building_tests' from command line to 'False'
[0.233s] DEBUG:colcon.colcon_core.verb:Building package 'velodyne_laserscan' with the following arguments: {'ament_cmake_args': None, 'build_base': '/home/dexter/ROS2/FilterCam/build/velodyne_laserscan', 'catkin_cmake_args': None, 'catkin_skip_building_tests': False, 'cmake_args': ['-DCMAKE_BUILD_TYPE=Debug'], 'cmake_clean_cache': False, 'cmake_clean_first': False, 'cmake_force_configure': False, 'cmake_target': None, 'cmake_target_skip_unavailable': False, 'install_base': '/home/dexter/ROS2/FilterCam/install/velodyne_laserscan', 'merge_install': False, 'path': '/home/dexter/ROS2/FilterCam/src/velodyne/velodyne_laserscan', 'symlink_install': True, 'test_result_base': None}
[0.233s] Level 5:colcon.colcon_core.verb:set package 'velodyne_msgs' build argument 'cmake_args' from command line to '['-DCMAKE_BUILD_TYPE=Debug']'
[0.234s] Level 5:colcon.colcon_core.verb:set package 'velodyne_msgs' build argument 'cmake_target' from command line to 'None'
[0.234s] Level 5:colcon.colcon_core.verb:set package 'velodyne_msgs' build argument 'cmake_target_skip_unavailable' from command line to 'False'
[0.234s] Level 5:colcon.colcon_core.verb:set package 'velodyne_msgs' build argument 'cmake_clean_cache' from command line to 'False'
[0.234s] Level 5:colcon.colcon_core.verb:set package 'velodyne_msgs' build argument 'cmake_clean_first' from command line to 'False'
[0.234s] Level 5:colcon.colcon_core.verb:set package 'velodyne_msgs' build argument 'cmake_force_configure' from command line to 'False'
[0.234s] Level 5:colcon.colcon_core.verb:set package 'velodyne_msgs' build argument 'ament_cmake_args' from command line to 'None'
[0.234s] Level 5:colcon.colcon_core.verb:set package 'velodyne_msgs' build argument 'catkin_cmake_args' from command line to 'None'
[0.234s] Level 5:colcon.colcon_core.verb:set package 'velodyne_msgs' build argument 'catkin_skip_building_tests' from command line to 'False'
[0.234s] DEBUG:colcon.colcon_core.verb:Building package 'velodyne_msgs' with the following arguments: {'ament_cmake_args': None, 'build_base': '/home/dexter/ROS2/FilterCam/build/velodyne_msgs', 'catkin_cmake_args': None, 'catkin_skip_building_tests': False, 'cmake_args': ['-DCMAKE_BUILD_TYPE=Debug'], 'cmake_clean_cache': False, 'cmake_clean_first': False, 'cmake_force_configure': False, 'cmake_target': None, 'cmake_target_skip_unavailable': False, 'install_base': '/home/dexter/ROS2/FilterCam/install/velodyne_msgs', 'merge_install': False, 'path': '/home/dexter/ROS2/FilterCam/src/velodyne/velodyne_msgs', 'symlink_install': True, 'test_result_base': None}
[0.234s] Level 5:colcon.colcon_core.verb:set package 'velodyne_driver' build argument 'cmake_args' from command line to '['-DCMAKE_BUILD_TYPE=Debug']'
[0.234s] Level 5:colcon.colcon_core.verb:set package 'velodyne_driver' build argument 'cmake_target' from command line to 'None'
[0.234s] Level 5:colcon.colcon_core.verb:set package 'velodyne_driver' build argument 'cmake_target_skip_unavailable' from command line to 'False'
[0.234s] Level 5:colcon.colcon_core.verb:set package 'velodyne_driver' build argument 'cmake_clean_cache' from command line to 'False'
[0.234s] Level 5:colcon.colcon_core.verb:set package 'velodyne_driver' build argument 'cmake_clean_first' from command line to 'False'
[0.234s] Level 5:colcon.colcon_core.verb:set package 'velodyne_driver' build argument 'cmake_force_configure' from command line to 'False'
[0.234s] Level 5:colcon.colcon_core.verb:set package 'velodyne_driver' build argument 'ament_cmake_args' from command line to 'None'
[0.234s] Level 5:colcon.colcon_core.verb:set package 'velodyne_driver' build argument 'catkin_cmake_args' from command line to 'None'
[0.234s] Level 5:colcon.colcon_core.verb:set package 'velodyne_driver' build argument 'catkin_skip_building_tests' from command line to 'False'
[0.234s] DEBUG:colcon.colcon_core.verb:Building package 'velodyne_driver' with the following arguments: {'ament_cmake_args': None, 'build_base': '/home/dexter/ROS2/FilterCam/build/velodyne_driver', 'catkin_cmake_args': None, 'catkin_skip_building_tests': False, 'cmake_args': ['-DCMAKE_BUILD_TYPE=Debug'], 'cmake_clean_cache': False, 'cmake_clean_first': False, 'cmake_force_configure': False, 'cmake_target': None, 'cmake_target_skip_unavailable': False, 'install_base': '/home/dexter/ROS2/FilterCam/install/velodyne_driver', 'merge_install': False, 'path': '/home/dexter/ROS2/FilterCam/src/velodyne/velodyne_driver', 'symlink_install': True, 'test_result_base': None}
[0.234s] Level 5:colcon.colcon_core.verb:set package 'velodyne_pointcloud' build argument 'cmake_args' from command line to '['-DCMAKE_BUILD_TYPE=Debug']'
[0.234s] Level 5:colcon.colcon_core.verb:set package 'velodyne_pointcloud' build argument 'cmake_target' from command line to 'None'
[0.234s] Level 5:colcon.colcon_core.verb:set package 'velodyne_pointcloud' build argument 'cmake_target_skip_unavailable' from command line to 'False'
[0.234s] Level 5:colcon.colcon_core.verb:set package 'velodyne_pointcloud' build argument 'cmake_clean_cache' from command line to 'False'
[0.234s] Level 5:colcon.colcon_core.verb:set package 'velodyne_pointcloud' build argument 'cmake_clean_first' from command line to 'False'
[0.234s] Level 5:colcon.colcon_core.verb:set package 'velodyne_pointcloud' build argument 'cmake_force_configure' from command line to 'False'
[0.234s] Level 5:colcon.colcon_core.verb:set package 'velodyne_pointcloud' build argument 'ament_cmake_args' from command line to 'None'
[0.234s] Level 5:colcon.colcon_core.verb:set package 'velodyne_pointcloud' build argument 'catkin_cmake_args' from command line to 'None'
[0.234s] Level 5:colcon.colcon_core.verb:set package 'velodyne_pointcloud' build argument 'catkin_skip_building_tests' from command line to 'False'
[0.234s] DEBUG:colcon.colcon_core.verb:Building package 'velodyne_pointcloud' with the following arguments: {'ament_cmake_args': None, 'build_base': '/home/dexter/ROS2/FilterCam/build/velodyne_pointcloud', 'catkin_cmake_args': None, 'catkin_skip_building_tests': False, 'cmake_args': ['-DCMAKE_BUILD_TYPE=Debug'], 'cmake_clean_cache': False, 'cmake_clean_first': False, 'cmake_force_configure': False, 'cmake_target': None, 'cmake_target_skip_unavailable': False, 'install_base': '/home/dexter/ROS2/FilterCam/install/velodyne_pointcloud', 'merge_install': False, 'path': '/home/dexter/ROS2/FilterCam/src/velodyne/velodyne_pointcloud', 'symlink_install': True, 'test_result_base': None}
[0.235s] Level 5:colcon.colcon_core.verb:set package 'velodyne' build argument 'cmake_args' from command line to '['-DCMAKE_BUILD_TYPE=Debug']'
[0.235s] Level 5:colcon.colcon_core.verb:set package 'velodyne' build argument 'cmake_target' from command line to 'None'
[0.235s] Level 5:colcon.colcon_core.verb:set package 'velodyne' build argument 'cmake_target_skip_unavailable' from command line to 'False'
[0.235s] Level 5:colcon.colcon_core.verb:set package 'velodyne' build argument 'cmake_clean_cache' from command line to 'False'
[0.235s] Level 5:colcon.colcon_core.verb:set package 'velodyne' build argument 'cmake_clean_first' from command line to 'False'
[0.235s] Level 5:colcon.colcon_core.verb:set package 'velodyne' build argument 'cmake_force_configure' from command line to 'False'
[0.235s] Level 5:colcon.colcon_core.verb:set package 'velodyne' build argument 'ament_cmake_args' from command line to 'None'
[0.235s] Level 5:colcon.colcon_core.verb:set package 'velodyne' build argument 'catkin_cmake_args' from command line to 'None'
[0.235s] Level 5:colcon.colcon_core.verb:set package 'velodyne' build argument 'catkin_skip_building_tests' from command line to 'False'
[0.235s] DEBUG:colcon.colcon_core.verb:Building package 'velodyne' with the following arguments: {'ament_cmake_args': None, 'build_base': '/home/dexter/ROS2/FilterCam/build/velodyne', 'catkin_cmake_args': None, 'catkin_skip_building_tests': False, 'cmake_args': ['-DCMAKE_BUILD_TYPE=Debug'], 'cmake_clean_cache': False, 'cmake_clean_first': False, 'cmake_force_configure': False, 'cmake_target': None, 'cmake_target_skip_unavailable': False, 'install_base': '/home/dexter/ROS2/FilterCam/install/velodyne', 'merge_install': False, 'path': '/home/dexter/ROS2/FilterCam/src/velodyne/velodyne', 'symlink_install': True, 'test_result_base': None}
[0.235s] INFO:colcon.colcon_core.executor:Executing jobs using 'parallel' executor
[0.235s] DEBUG:colcon.colcon_parallel_executor.executor.parallel:run_until_complete
[0.236s] INFO:colcon.colcon_ros.task.ament_cmake.build:Building ROS package in '/home/dexter/ROS2/FilterCam/src/velodyne/velodyne_msgs' with build type 'ament_cmake'
[0.236s] INFO:colcon.colcon_cmake.task.cmake.build:Building CMake package in '/home/dexter/ROS2/FilterCam/src/velodyne/velodyne_msgs'
[0.238s] INFO:colcon.colcon_core.plugin_system:Skipping extension 'colcon_core.shell.bat': Not used on non-Windows systems
[0.238s] INFO:colcon.colcon_core.shell:Skip shell extension 'powershell' for command environment: Not usable outside of PowerShell
[0.238s] DEBUG:colcon.colcon_core.shell:Skip shell extension 'dsv' for command environment
[0.241s] INFO:colcon.colcon_ros.task.ament_cmake.build:Building ROS package in '/home/dexter/ROS2/FilterCam/src/velodyne/velodyne_laserscan' with build type 'ament_cmake'
[0.241s] INFO:colcon.colcon_cmake.task.cmake.build:Building CMake package in '/home/dexter/ROS2/FilterCam/src/velodyne/velodyne_laserscan'
[0.241s] INFO:colcon.colcon_core.shell:Skip shell extension 'powershell' for command environment: Not usable outside of PowerShell
[0.241s] DEBUG:colcon.colcon_core.shell:Skip shell extension 'dsv' for command environment
[0.245s] INFO:colcon.colcon_ros.task.ament_python.build:Building ROS package in '/home/dexter/ROS2/FilterCam/src/empty_package' with build type 'ament_python'
[0.245s] Level 1:colcon.colcon_core.shell:create_environment_hook('empty_package', 'ament_prefix_path')
[0.245s] INFO:colcon.colcon_core.shell:Creating environment hook '/home/dexter/ROS2/FilterCam/install/empty_package/share/empty_package/hook/ament_prefix_path.ps1'
[0.246s] INFO:colcon.colcon_core.shell:Creating environment descriptor '/home/dexter/ROS2/FilterCam/install/empty_package/share/empty_package/hook/ament_prefix_path.dsv'
[0.246s] INFO:colcon.colcon_core.shell:Creating environment hook '/home/dexter/ROS2/FilterCam/install/empty_package/share/empty_package/hook/ament_prefix_path.sh'
[0.247s] INFO:colcon.colcon_core.shell:Skip shell extension 'powershell' for command environment: Not usable outside of PowerShell
[0.247s] DEBUG:colcon.colcon_core.shell:Skip shell extension 'dsv' for command environment
[0.251s] INFO:colcon.colcon_ros.task.ament_python.build:Building ROS package in '/home/dexter/ROS2/FilterCam/src/filtered_pointcloud_pkg' with build type 'ament_python'
[0.251s] Level 1:colcon.colcon_core.shell:create_environment_hook('filtered_pointcloud_pkg', 'ament_prefix_path')
[0.251s] INFO:colcon.colcon_core.shell:Creating environment hook '/home/dexter/ROS2/FilterCam/install/filtered_pointcloud_pkg/share/filtered_pointcloud_pkg/hook/ament_prefix_path.ps1'
[0.252s] INFO:colcon.colcon_core.shell:Creating environment descriptor '/home/dexter/ROS2/FilterCam/install/filtered_pointcloud_pkg/share/filtered_pointcloud_pkg/hook/ament_prefix_path.dsv'
[0.252s] INFO:colcon.colcon_core.shell:Creating environment hook '/home/dexter/ROS2/FilterCam/install/filtered_pointcloud_pkg/share/filtered_pointcloud_pkg/hook/ament_prefix_path.sh'
[0.252s] INFO:colcon.colcon_core.shell:Skip shell extension 'powershell' for command environment: Not usable outside of PowerShell
[0.253s] DEBUG:colcon.colcon_core.shell:Skip shell extension 'dsv' for command environment
[0.255s] INFO:colcon.colcon_ros.task.ament_python.build:Building ROS package in '/home/dexter/ROS2/FilterCam/src/filterwheel' with build type 'ament_python'
[0.255s] Level 1:colcon.colcon_core.shell:create_environment_hook('filterwheel', 'ament_prefix_path')
[0.256s] INFO:colcon.colcon_core.shell:Creating environment hook '/home/dexter/ROS2/FilterCam/install/filterwheel/share/filterwheel/hook/ament_prefix_path.ps1'
[0.256s] INFO:colcon.colcon_core.shell:Creating environment descriptor '/home/dexter/ROS2/FilterCam/install/filterwheel/share/filterwheel/hook/ament_prefix_path.dsv'
[0.256s] INFO:colcon.colcon_core.shell:Creating environment hook '/home/dexter/ROS2/FilterCam/install/filterwheel/share/filterwheel/hook/ament_prefix_path.sh'
[0.257s] INFO:colcon.colcon_core.shell:Skip shell extension 'powershell' for command environment: Not usable outside of PowerShell
[0.257s] DEBUG:colcon.colcon_core.shell:Skip shell extension 'dsv' for command environment
[0.260s] INFO:colcon.colcon_ros.task.ament_python.build:Building ROS package in '/home/dexter/ROS2/FilterCam/src/liquidlens' with build type 'ament_python'
[0.260s] Level 1:colcon.colcon_core.shell:create_environment_hook('liquidlens', 'ament_prefix_path')
[0.260s] INFO:colcon.colcon_core.shell:Creating environment hook '/home/dexter/ROS2/FilterCam/install/liquidlens/share/liquidlens/hook/ament_prefix_path.ps1'
[0.260s] INFO:colcon.colcon_core.shell:Creating environment descriptor '/home/dexter/ROS2/FilterCam/install/liquidlens/share/liquidlens/hook/ament_prefix_path.dsv'
[0.261s] INFO:colcon.colcon_core.shell:Creating environment hook '/home/dexter/ROS2/FilterCam/install/liquidlens/share/liquidlens/hook/ament_prefix_path.sh'
[0.261s] INFO:colcon.colcon_core.shell:Skip shell extension 'powershell' for command environment: Not usable outside of PowerShell
[0.261s] DEBUG:colcon.colcon_core.shell:Skip shell extension 'dsv' for command environment
[0.264s] INFO:colcon.colcon_ros.task.ament_python.build:Building ROS package in '/home/dexter/ROS2/FilterCam/src/package_launcher' with build type 'ament_python'
[0.264s] Level 1:colcon.colcon_core.shell:create_environment_hook('package_launcher', 'ament_prefix_path')
[0.264s] INFO:colcon.colcon_core.shell:Creating environment hook '/home/dexter/ROS2/FilterCam/install/package_launcher/share/package_launcher/hook/ament_prefix_path.ps1'
[0.265s] INFO:colcon.colcon_core.shell:Creating environment descriptor '/home/dexter/ROS2/FilterCam/install/package_launcher/share/package_launcher/hook/ament_prefix_path.dsv'
[0.265s] INFO:colcon.colcon_core.shell:Creating environment hook '/home/dexter/ROS2/FilterCam/install/package_launcher/share/package_launcher/hook/ament_prefix_path.sh'
[0.265s] INFO:colcon.colcon_core.shell:Skip shell extension 'powershell' for command environment: Not usable outside of PowerShell
[0.265s] DEBUG:colcon.colcon_core.shell:Skip shell extension 'dsv' for command environment
[0.272s] DEBUG:colcon.colcon_core.event_handler.log_command:Invoking command in '/home/dexter/ROS2/FilterCam/build/velodyne_msgs': CMAKE_PREFIX_PATH=${CMAKE_PREFIX_PATH}:/home/dexter/ROS2/FilterCam/install/filterwheel:/home/dexter/ROS2/FilterCam/install/filtered_pointcloud_pkg:/home/dexter/ROS2/FilterCam/install/empty_package:/opt/ros/jazzy DEBUGINFOD_URLS=https://debuginfod.ubuntu.com /usr/bin/cmake /home/dexter/ROS2/FilterCam/src/velodyne/velodyne_msgs -DCMAKE_BUILD_TYPE=Debug -DAMENT_CMAKE_SYMLINK_INSTALL=1 -DCMAKE_INSTALL_PREFIX=/home/dexter/ROS2/FilterCam/install/velodyne_msgs
[0.274s] DEBUG:colcon.colcon_core.event_handler.log_command:Invoking command in '/home/dexter/ROS2/FilterCam/build/velodyne_laserscan': CMAKE_PREFIX_PATH=${CMAKE_PREFIX_PATH}:/home/dexter/ROS2/FilterCam/install/filterwheel:/home/dexter/ROS2/FilterCam/install/filtered_pointcloud_pkg:/home/dexter/ROS2/FilterCam/install/empty_package:/opt/ros/jazzy DEBUGINFOD_URLS=https://debuginfod.ubuntu.com /usr/bin/cmake /home/dexter/ROS2/FilterCam/src/velodyne/velodyne_laserscan -DCMAKE_BUILD_TYPE=Debug -DAMENT_CMAKE_SYMLINK_INSTALL=1 -DCMAKE_INSTALL_PREFIX=/home/dexter/ROS2/FilterCam/install/velodyne_laserscan
[0.478s] INFO:colcon.colcon_core.task.python.build:Building Python package in '/home/dexter/ROS2/FilterCam/src/empty_package'
[0.478s] INFO:colcon.colcon_core.shell:Skip shell extension 'powershell' for command environment: Not usable outside of PowerShell
[0.478s] DEBUG:colcon.colcon_core.shell:Skip shell extension 'dsv' for command environment
[0.665s] INFO:colcon.colcon_core.task.python.build:Building Python package in '/home/dexter/ROS2/FilterCam/src/filtered_pointcloud_pkg'
[0.666s] INFO:colcon.colcon_core.shell:Skip shell extension 'powershell' for command environment: Not usable outside of PowerShell
[0.666s] DEBUG:colcon.colcon_core.shell:Skip shell extension 'dsv' for command environment
[0.849s] INFO:colcon.colcon_core.task.python.build:Building Python package in '/home/dexter/ROS2/FilterCam/src/filterwheel'
[0.849s] INFO:colcon.colcon_core.shell:Skip shell extension 'powershell' for command environment: Not usable outside of PowerShell
[0.849s] DEBUG:colcon.colcon_core.shell:Skip shell extension 'dsv' for command environment
[1.046s] INFO:colcon.colcon_core.task.python.build:Building Python package in '/home/dexter/ROS2/FilterCam/src/liquidlens'
[1.046s] INFO:colcon.colcon_core.shell:Skip shell extension 'powershell' for command environment: Not usable outside of PowerShell
[1.046s] DEBUG:colcon.colcon_core.shell:Skip shell extension 'dsv' for command environment
[1.242s] INFO:colcon.colcon_core.task.python.build:Building Python package in '/home/dexter/ROS2/FilterCam/src/package_launcher'
[1.243s] INFO:colcon.colcon_core.shell:Skip shell extension 'powershell' for command environment: Not usable outside of PowerShell
[1.243s] DEBUG:colcon.colcon_core.shell:Skip shell extension 'dsv' for command environment
[1.758s] DEBUG:colcon.colcon_core.event_handler.log_command:Invoking command in '/home/dexter/ROS2/FilterCam/build/filterwheel': DEBUGINFOD_URLS=https://debuginfod.ubuntu.com PYTHONPATH=/home/dexter/ROS2/FilterCam/build/filterwheel/prefix_override:/usr/lib/python3/dist-packages/colcon_core/task/python/colcon_distutils_commands:/home/dexter/ROS2/FilterCam/install/filterwheel/lib/python3.12/site-packages:${PYTHONPATH} /usr/bin/python3 -W ignore:setup.py install is deprecated -W ignore:easy_install command is deprecated setup.py develop --editable --build-directory /home/dexter/ROS2/FilterCam/build/filterwheel/build --no-deps symlink_data
[1.764s] DEBUG:colcon.colcon_core.event_handler.log_command:Invoking command in '/home/dexter/ROS2/FilterCam/build/filtered_pointcloud_pkg': DEBUGINFOD_URLS=https://debuginfod.ubuntu.com PYTHONPATH=/home/dexter/ROS2/FilterCam/build/filtered_pointcloud_pkg/prefix_override:/usr/lib/python3/dist-packages/colcon_core/task/python/colcon_distutils_commands:/home/dexter/ROS2/FilterCam/install/filtered_pointcloud_pkg/lib/python3.12/site-packages:${PYTHONPATH} /usr/bin/python3 -W ignore:setup.py install is deprecated -W ignore:easy_install command is deprecated setup.py develop --editable --build-directory /home/dexter/ROS2/FilterCam/build/filtered_pointcloud_pkg/build --no-deps symlink_data
[1.767s] DEBUG:colcon.colcon_core.event_handler.log_command:Invoking command in '/home/dexter/ROS2/FilterCam/build/liquidlens': DEBUGINFOD_URLS=https://debuginfod.ubuntu.com PYTHONPATH=/home/dexter/ROS2/FilterCam/build/liquidlens/prefix_override:/usr/lib/python3/dist-packages/colcon_core/task/python/colcon_distutils_commands:/home/dexter/ROS2/FilterCam/install/liquidlens/lib/python3.12/site-packages:${PYTHONPATH} /usr/bin/python3 -W ignore:setup.py install is deprecated -W ignore:easy_install command is deprecated setup.py develop --editable --build-directory /home/dexter/ROS2/FilterCam/build/liquidlens/build --no-deps symlink_data
[1.777s] DEBUG:colcon.colcon_core.event_handler.log_command:Invoking command in '/home/dexter/ROS2/FilterCam/build/package_launcher': DEBUGINFOD_URLS=https://debuginfod.ubuntu.com PYTHONPATH=/home/dexter/ROS2/FilterCam/build/package_launcher/prefix_override:/usr/lib/python3/dist-packages/colcon_core/task/python/colcon_distutils_commands:/home/dexter/ROS2/FilterCam/install/package_launcher/lib/python3.12/site-packages:${PYTHONPATH} /usr/bin/python3 -W ignore:setup.py install is deprecated -W ignore:easy_install command is deprecated setup.py develop --editable --build-directory /home/dexter/ROS2/FilterCam/build/package_launcher/build --no-deps symlink_data
[1.819s] DEBUG:colcon.colcon_core.event_handler.log_command:Invoked command in '/home/dexter/ROS2/FilterCam/build/velodyne_laserscan' returned '0': CMAKE_PREFIX_PATH=${CMAKE_PREFIX_PATH}:/home/dexter/ROS2/FilterCam/install/filterwheel:/home/dexter/ROS2/FilterCam/install/filtered_pointcloud_pkg:/home/dexter/ROS2/FilterCam/install/empty_package:/opt/ros/jazzy DEBUGINFOD_URLS=https://debuginfod.ubuntu.com /usr/bin/cmake /home/dexter/ROS2/FilterCam/src/velodyne/velodyne_laserscan -DCMAKE_BUILD_TYPE=Debug -DAMENT_CMAKE_SYMLINK_INSTALL=1 -DCMAKE_INSTALL_PREFIX=/home/dexter/ROS2/FilterCam/install/velodyne_laserscan
[1.821s] DEBUG:colcon.colcon_core.event_handler.log_command:Invoking command in '/home/dexter/ROS2/FilterCam/build/velodyne_laserscan': CMAKE_PREFIX_PATH=${CMAKE_PREFIX_PATH}:/home/dexter/ROS2/FilterCam/install/filterwheel:/home/dexter/ROS2/FilterCam/install/filtered_pointcloud_pkg:/home/dexter/ROS2/FilterCam/install/empty_package:/opt/ros/jazzy DEBUGINFOD_URLS=https://debuginfod.ubuntu.com /usr/bin/cmake --build /home/dexter/ROS2/FilterCam/build/velodyne_laserscan -- -j16 -l16
[1.827s] DEBUG:colcon.colcon_core.event_handler.log_command:Invoking command in '/home/dexter/ROS2/FilterCam/build/empty_package': DEBUGINFOD_URLS=https://debuginfod.ubuntu.com PYTHONPATH=/home/dexter/ROS2/FilterCam/build/empty_package/prefix_override:/usr/lib/python3/dist-packages/colcon_core/task/python/colcon_distutils_commands:/home/dexter/ROS2/FilterCam/install/empty_package/lib/python3.12/site-packages:${PYTHONPATH} /usr/bin/python3 -W ignore:setup.py install is deprecated -W ignore:easy_install command is deprecated setup.py develop --editable --build-directory /home/dexter/ROS2/FilterCam/build/empty_package/build --no-deps symlink_data
[2.371s] Level 1:colcon.colcon_core.shell:create_environment_hook('filtered_pointcloud_pkg', 'pythonpath_develop')
[2.372s] INFO:colcon.colcon_core.shell:Creating environment hook '/home/dexter/ROS2/FilterCam/build/filtered_pointcloud_pkg/share/filtered_pointcloud_pkg/hook/pythonpath_develop.ps1'
[2.372s] DEBUG:colcon.colcon_core.event_handler.log_command:Invoked command in '/home/dexter/ROS2/FilterCam/build/filtered_pointcloud_pkg' returned '0': DEBUGINFOD_URLS=https://debuginfod.ubuntu.com PYTHONPATH=/home/dexter/ROS2/FilterCam/build/filtered_pointcloud_pkg/prefix_override:/usr/lib/python3/dist-packages/colcon_core/task/python/colcon_distutils_commands:/home/dexter/ROS2/FilterCam/install/filtered_pointcloud_pkg/lib/python3.12/site-packages:${PYTHONPATH} /usr/bin/python3 -W ignore:setup.py install is deprecated -W ignore:easy_install command is deprecated setup.py develop --editable --build-directory /home/dexter/ROS2/FilterCam/build/filtered_pointcloud_pkg/build --no-deps symlink_data
[2.373s] INFO:colcon.colcon_core.shell:Creating environment descriptor '/home/dexter/ROS2/FilterCam/build/filtered_pointcloud_pkg/share/filtered_pointcloud_pkg/hook/pythonpath_develop.dsv'
[2.373s] INFO:colcon.colcon_core.shell:Creating environment hook '/home/dexter/ROS2/FilterCam/build/filtered_pointcloud_pkg/share/filtered_pointcloud_pkg/hook/pythonpath_develop.sh'
[2.375s] Level 1:colcon.colcon_core.environment:checking '/home/dexter/ROS2/FilterCam/install/filtered_pointcloud_pkg' for CMake module files
[2.375s] Level 1:colcon.colcon_core.environment:checking '/home/dexter/ROS2/FilterCam/install/filtered_pointcloud_pkg' for CMake config files
[2.376s] Level 1:colcon.colcon_core.environment:checking '/home/dexter/ROS2/FilterCam/install/filtered_pointcloud_pkg/lib'
[2.376s] Level 1:colcon.colcon_core.environment:checking '/home/dexter/ROS2/FilterCam/install/filtered_pointcloud_pkg/bin'
[2.376s] Level 1:colcon.colcon_core.environment:checking '/home/dexter/ROS2/FilterCam/install/filtered_pointcloud_pkg/lib/pkgconfig/filtered_pointcloud_pkg.pc'
[2.376s] Level 1:colcon.colcon_core.environment:checking '/home/dexter/ROS2/FilterCam/install/filtered_pointcloud_pkg/lib/python3.12/site-packages'
[2.376s] Level 1:colcon.colcon_core.shell:create_environment_hook('filtered_pointcloud_pkg', 'pythonpath')
[2.377s] INFO:colcon.colcon_core.shell:Creating environment hook '/home/dexter/ROS2/FilterCam/install/filtered_pointcloud_pkg/share/filtered_pointcloud_pkg/hook/pythonpath.ps1'
[2.377s] INFO:colcon.colcon_core.shell:Creating environment descriptor '/home/dexter/ROS2/FilterCam/install/filtered_pointcloud_pkg/share/filtered_pointcloud_pkg/hook/pythonpath.dsv'
[2.377s] INFO:colcon.colcon_core.shell:Creating environment hook '/home/dexter/ROS2/FilterCam/install/filtered_pointcloud_pkg/share/filtered_pointcloud_pkg/hook/pythonpath.sh'
[2.378s] Level 1:colcon.colcon_core.environment:checking '/home/dexter/ROS2/FilterCam/install/filtered_pointcloud_pkg/bin'
[2.378s] Level 1:colcon.colcon_core.environment:create_environment_scripts_only(filtered_pointcloud_pkg)
[2.378s] INFO:colcon.colcon_core.shell:Creating package script '/home/dexter/ROS2/FilterCam/install/filtered_pointcloud_pkg/share/filtered_pointcloud_pkg/package.ps1'
[2.379s] INFO:colcon.colcon_core.shell:Creating package descriptor '/home/dexter/ROS2/FilterCam/install/filtered_pointcloud_pkg/share/filtered_pointcloud_pkg/package.dsv'
[2.380s] INFO:colcon.colcon_core.shell:Creating package script '/home/dexter/ROS2/FilterCam/install/filtered_pointcloud_pkg/share/filtered_pointcloud_pkg/package.sh'
[2.381s] INFO:colcon.colcon_core.shell:Creating package script '/home/dexter/ROS2/FilterCam/install/filtered_pointcloud_pkg/share/filtered_pointcloud_pkg/package.bash'
[2.382s] INFO:colcon.colcon_core.shell:Creating package script '/home/dexter/ROS2/FilterCam/install/filtered_pointcloud_pkg/share/filtered_pointcloud_pkg/package.zsh'
[2.383s] Level 1:colcon.colcon_core.environment:create_file_with_runtime_dependencies(/home/dexter/ROS2/FilterCam/install/filtered_pointcloud_pkg/share/colcon-core/packages/filtered_pointcloud_pkg)
[2.384s] Level 1:colcon.colcon_core.shell:create_environment_hook('filterwheel', 'pythonpath_develop')
[2.384s] INFO:colcon.colcon_core.shell:Creating environment hook '/home/dexter/ROS2/FilterCam/build/filterwheel/share/filterwheel/hook/pythonpath_develop.ps1'
[2.385s] DEBUG:colcon.colcon_core.event_handler.log_command:Invoked command in '/home/dexter/ROS2/FilterCam/build/filterwheel' returned '0': DEBUGINFOD_URLS=https://debuginfod.ubuntu.com PYTHONPATH=/home/dexter/ROS2/FilterCam/build/filterwheel/prefix_override:/usr/lib/python3/dist-packages/colcon_core/task/python/colcon_distutils_commands:/home/dexter/ROS2/FilterCam/install/filterwheel/lib/python3.12/site-packages:${PYTHONPATH} /usr/bin/python3 -W ignore:setup.py install is deprecated -W ignore:easy_install command is deprecated setup.py develop --editable --build-directory /home/dexter/ROS2/FilterCam/build/filterwheel/build --no-deps symlink_data
[2.386s] INFO:colcon.colcon_core.shell:Creating environment descriptor '/home/dexter/ROS2/FilterCam/build/filterwheel/share/filterwheel/hook/pythonpath_develop.dsv'
[2.386s] INFO:colcon.colcon_core.shell:Creating environment hook '/home/dexter/ROS2/FilterCam/build/filterwheel/share/filterwheel/hook/pythonpath_develop.sh'
[2.387s] Level 1:colcon.colcon_core.environment:checking '/home/dexter/ROS2/FilterCam/install/filterwheel' for CMake module files
[2.387s] Level 1:colcon.colcon_core.environment:checking '/home/dexter/ROS2/FilterCam/install/filterwheel' for CMake config files
[2.388s] Level 1:colcon.colcon_core.environment:checking '/home/dexter/ROS2/FilterCam/install/filterwheel/lib'
[2.388s] Level 1:colcon.colcon_core.environment:checking '/home/dexter/ROS2/FilterCam/install/filterwheel/bin'
[2.388s] Level 1:colcon.colcon_core.environment:checking '/home/dexter/ROS2/FilterCam/install/filterwheel/lib/pkgconfig/filterwheel.pc'
[2.388s] Level 1:colcon.colcon_core.environment:checking '/home/dexter/ROS2/FilterCam/install/filterwheel/lib/python3.12/site-packages'
[2.388s] Level 1:colcon.colcon_core.shell:create_environment_hook('filterwheel', 'pythonpath')
[2.388s] INFO:colcon.colcon_core.shell:Creating environment hook '/home/dexter/ROS2/FilterCam/install/filterwheel/share/filterwheel/hook/pythonpath.ps1'
[2.389s] INFO:colcon.colcon_core.shell:Creating environment descriptor '/home/dexter/ROS2/FilterCam/install/filterwheel/share/filterwheel/hook/pythonpath.dsv'
[2.389s] INFO:colcon.colcon_core.shell:Creating environment hook '/home/dexter/ROS2/FilterCam/install/filterwheel/share/filterwheel/hook/pythonpath.sh'
[2.389s] Level 1:colcon.colcon_core.environment:checking '/home/dexter/ROS2/FilterCam/install/filterwheel/bin'
[2.390s] Level 1:colcon.colcon_core.environment:create_environment_scripts_only(filterwheel)
[2.390s] INFO:colcon.colcon_core.shell:Creating package script '/home/dexter/ROS2/FilterCam/install/filterwheel/share/filterwheel/package.ps1'
[2.390s] INFO:colcon.colcon_core.shell:Creating package descriptor '/home/dexter/ROS2/FilterCam/install/filterwheel/share/filterwheel/package.dsv'
[2.390s] INFO:colcon.colcon_core.shell:Creating package script '/home/dexter/ROS2/FilterCam/install/filterwheel/share/filterwheel/package.sh'
[2.391s] INFO:colcon.colcon_core.shell:Creating package script '/home/dexter/ROS2/FilterCam/install/filterwheel/share/filterwheel/package.bash'
[2.391s] INFO:colcon.colcon_core.shell:Creating package script '/home/dexter/ROS2/FilterCam/install/filterwheel/share/filterwheel/package.zsh'
[2.391s] Level 1:colcon.colcon_core.environment:create_file_with_runtime_dependencies(/home/dexter/ROS2/FilterCam/install/filterwheel/share/colcon-core/packages/filterwheel)
[2.392s] Level 1:colcon.colcon_core.shell:create_environment_hook('package_launcher', 'pythonpath_develop')
[2.393s] INFO:colcon.colcon_core.shell:Creating environment hook '/home/dexter/ROS2/FilterCam/build/package_launcher/share/package_launcher/hook/pythonpath_develop.ps1'
[2.393s] DEBUG:colcon.colcon_core.event_handler.log_command:Invoked command in '/home/dexter/ROS2/FilterCam/build/package_launcher' returned '0': DEBUGINFOD_URLS=https://debuginfod.ubuntu.com PYTHONPATH=/home/dexter/ROS2/FilterCam/build/package_launcher/prefix_override:/usr/lib/python3/dist-packages/colcon_core/task/python/colcon_distutils_commands:/home/dexter/ROS2/FilterCam/install/package_launcher/lib/python3.12/site-packages:${PYTHONPATH} /usr/bin/python3 -W ignore:setup.py install is deprecated -W ignore:easy_install command is deprecated setup.py develop --editable --build-directory /home/dexter/ROS2/FilterCam/build/package_launcher/build --no-deps symlink_data
[2.393s] INFO:colcon.colcon_core.shell:Creating environment descriptor '/home/dexter/ROS2/FilterCam/build/package_launcher/share/package_launcher/hook/pythonpath_develop.dsv'
[2.393s] INFO:colcon.colcon_core.shell:Creating environment hook '/home/dexter/ROS2/FilterCam/build/package_launcher/share/package_launcher/hook/pythonpath_develop.sh'
[2.394s] Level 1:colcon.colcon_core.environment:checking '/home/dexter/ROS2/FilterCam/install/package_launcher' for CMake module files
[2.394s] Level 1:colcon.colcon_core.environment:checking '/home/dexter/ROS2/FilterCam/install/package_launcher' for CMake config files
[2.395s] Level 1:colcon.colcon_core.environment:checking '/home/dexter/ROS2/FilterCam/install/package_launcher/lib'
[2.395s] Level 1:colcon.colcon_core.environment:checking '/home/dexter/ROS2/FilterCam/install/package_launcher/bin'
[2.395s] Level 1:colcon.colcon_core.environment:checking '/home/dexter/ROS2/FilterCam/install/package_launcher/lib/pkgconfig/package_launcher.pc'
[2.395s] Level 1:colcon.colcon_core.environment:checking '/home/dexter/ROS2/FilterCam/install/package_launcher/lib/python3.12/site-packages'
[2.395s] Level 1:colcon.colcon_core.shell:create_environment_hook('package_launcher', 'pythonpath')
[2.395s] INFO:colcon.colcon_core.shell:Creating environment hook '/home/dexter/ROS2/FilterCam/install/package_launcher/share/package_launcher/hook/pythonpath.ps1'
[2.396s] INFO:colcon.colcon_core.shell:Creating environment descriptor '/home/dexter/ROS2/FilterCam/install/package_launcher/share/package_launcher/hook/pythonpath.dsv'
[2.396s] INFO:colcon.colcon_core.shell:Creating environment hook '/home/dexter/ROS2/FilterCam/install/package_launcher/share/package_launcher/hook/pythonpath.sh'
[2.396s] Level 1:colcon.colcon_core.environment:checking '/home/dexter/ROS2/FilterCam/install/package_launcher/bin'
[2.396s] Level 1:colcon.colcon_core.environment:create_environment_scripts_only(package_launcher)
[2.397s] INFO:colcon.colcon_core.shell:Creating package script '/home/dexter/ROS2/FilterCam/install/package_launcher/share/package_launcher/package.ps1'
[2.397s] INFO:colcon.colcon_core.shell:Creating package descriptor '/home/dexter/ROS2/FilterCam/install/package_launcher/share/package_launcher/package.dsv'
[2.397s] INFO:colcon.colcon_core.shell:Creating package script '/home/dexter/ROS2/FilterCam/install/package_launcher/share/package_launcher/package.sh'
[2.398s] INFO:colcon.colcon_core.shell:Creating package script '/home/dexter/ROS2/FilterCam/install/package_launcher/share/package_launcher/package.bash'
[2.398s] INFO:colcon.colcon_core.shell:Creating package script '/home/dexter/ROS2/FilterCam/install/package_launcher/share/package_launcher/package.zsh'
[2.398s] Level 1:colcon.colcon_core.environment:create_file_with_runtime_dependencies(/home/dexter/ROS2/FilterCam/install/package_launcher/share/colcon-core/packages/package_launcher)
[2.398s] Level 1:colcon.colcon_core.shell:create_environment_hook('liquidlens', 'pythonpath_develop')
[2.399s] INFO:colcon.colcon_core.shell:Creating environment hook '/home/dexter/ROS2/FilterCam/build/liquidlens/share/liquidlens/hook/pythonpath_develop.ps1'
[2.399s] DEBUG:colcon.colcon_core.event_handler.log_command:Invoked command in '/home/dexter/ROS2/FilterCam/build/liquidlens' returned '0': DEBUGINFOD_URLS=https://debuginfod.ubuntu.com PYTHONPATH=/home/dexter/ROS2/FilterCam/build/liquidlens/prefix_override:/usr/lib/python3/dist-packages/colcon_core/task/python/colcon_distutils_commands:/home/dexter/ROS2/FilterCam/install/liquidlens/lib/python3.12/site-packages:${PYTHONPATH} /usr/bin/python3 -W ignore:setup.py install is deprecated -W ignore:easy_install command is deprecated setup.py develop --editable --build-directory /home/dexter/ROS2/FilterCam/build/liquidlens/build --no-deps symlink_data
[2.400s] INFO:colcon.colcon_core.shell:Creating environment descriptor '/home/dexter/ROS2/FilterCam/build/liquidlens/share/liquidlens/hook/pythonpath_develop.dsv'
[2.400s] INFO:colcon.colcon_core.shell:Creating environment hook '/home/dexter/ROS2/FilterCam/build/liquidlens/share/liquidlens/hook/pythonpath_develop.sh'
[2.401s] Level 1:colcon.colcon_core.environment:checking '/home/dexter/ROS2/FilterCam/install/liquidlens' for CMake module files
[2.401s] Level 1:colcon.colcon_core.environment:checking '/home/dexter/ROS2/FilterCam/install/liquidlens' for CMake config files
[2.402s] Level 1:colcon.colcon_core.environment:checking '/home/dexter/ROS2/FilterCam/install/liquidlens/lib'
[2.402s] Level 1:colcon.colcon_core.environment:checking '/home/dexter/ROS2/FilterCam/install/liquidlens/bin'
[2.402s] Level 1:colcon.colcon_core.environment:checking '/home/dexter/ROS2/FilterCam/install/liquidlens/lib/pkgconfig/liquidlens.pc'
[2.402s] Level 1:colcon.colcon_core.environment:checking '/home/dexter/ROS2/FilterCam/install/liquidlens/lib/python3.12/site-packages'
[2.403s] Level 1:colcon.colcon_core.shell:create_environment_hook('liquidlens', 'pythonpath')
[2.403s] INFO:colcon.colcon_core.shell:Creating environment hook '/home/dexter/ROS2/FilterCam/install/liquidlens/share/liquidlens/hook/pythonpath.ps1'
[2.403s] INFO:colcon.colcon_core.shell:Creating environment descriptor '/home/dexter/ROS2/FilterCam/install/liquidlens/share/liquidlens/hook/pythonpath.dsv'
[2.404s] INFO:colcon.colcon_core.shell:Creating environment hook '/home/dexter/ROS2/FilterCam/install/liquidlens/share/liquidlens/hook/pythonpath.sh'
[2.404s] Level 1:colcon.colcon_core.environment:checking '/home/dexter/ROS2/FilterCam/install/liquidlens/bin'
[2.404s] Level 1:colcon.colcon_core.environment:create_environment_scripts_only(liquidlens)
[2.405s] INFO:colcon.colcon_core.shell:Creating package script '/home/dexter/ROS2/FilterCam/install/liquidlens/share/liquidlens/package.ps1'
[2.405s] INFO:colcon.colcon_core.shell:Creating package descriptor '/home/dexter/ROS2/FilterCam/install/liquidlens/share/liquidlens/package.dsv'
[2.406s] INFO:colcon.colcon_core.shell:Creating package script '/home/dexter/ROS2/FilterCam/install/liquidlens/share/liquidlens/package.sh'
[2.406s] INFO:colcon.colcon_core.shell:Creating package script '/home/dexter/ROS2/FilterCam/install/liquidlens/share/liquidlens/package.bash'
[2.406s] INFO:colcon.colcon_core.shell:Creating package script '/home/dexter/ROS2/FilterCam/install/liquidlens/share/liquidlens/package.zsh'
[2.407s] Level 1:colcon.colcon_core.environment:create_file_with_runtime_dependencies(/home/dexter/ROS2/FilterCam/install/liquidlens/share/colcon-core/packages/liquidlens)
[2.471s] Level 1:colcon.colcon_core.shell:create_environment_hook('empty_package', 'pythonpath_develop')
[2.471s] INFO:colcon.colcon_core.shell:Creating environment hook '/home/dexter/ROS2/FilterCam/build/empty_package/share/empty_package/hook/pythonpath_develop.ps1'
[2.471s] DEBUG:colcon.colcon_core.event_handler.log_command:Invoked command in '/home/dexter/ROS2/FilterCam/build/empty_package' returned '0': DEBUGINFOD_URLS=https://debuginfod.ubuntu.com PYTHONPATH=/home/dexter/ROS2/FilterCam/build/empty_package/prefix_override:/usr/lib/python3/dist-packages/colcon_core/task/python/colcon_distutils_commands:/home/dexter/ROS2/FilterCam/install/empty_package/lib/python3.12/site-packages:${PYTHONPATH} /usr/bin/python3 -W ignore:setup.py install is deprecated -W ignore:easy_install command is deprecated setup.py develop --editable --build-directory /home/dexter/ROS2/FilterCam/build/empty_package/build --no-deps symlink_data
[2.472s] INFO:colcon.colcon_core.shell:Creating environment descriptor '/home/dexter/ROS2/FilterCam/build/empty_package/share/empty_package/hook/pythonpath_develop.dsv'
[2.472s] INFO:colcon.colcon_core.shell:Creating environment hook '/home/dexter/ROS2/FilterCam/build/empty_package/share/empty_package/hook/pythonpath_develop.sh'
[2.473s] Level 1:colcon.colcon_core.environment:checking '/home/dexter/ROS2/FilterCam/install/empty_package' for CMake module files
[2.473s] Level 1:colcon.colcon_core.environment:checking '/home/dexter/ROS2/FilterCam/install/empty_package' for CMake config files
[2.474s] Level 1:colcon.colcon_core.environment:checking '/home/dexter/ROS2/FilterCam/install/empty_package/lib'
[2.474s] Level 1:colcon.colcon_core.environment:checking '/home/dexter/ROS2/FilterCam/install/empty_package/bin'
[2.474s] Level 1:colcon.colcon_core.environment:checking '/home/dexter/ROS2/FilterCam/install/empty_package/lib/pkgconfig/empty_package.pc'
[2.474s] Level 1:colcon.colcon_core.environment:checking '/home/dexter/ROS2/FilterCam/install/empty_package/lib/python3.12/site-packages'
[2.474s] Level 1:colcon.colcon_core.shell:create_environment_hook('empty_package', 'pythonpath')
[2.474s] INFO:colcon.colcon_core.shell:Creating environment hook '/home/dexter/ROS2/FilterCam/install/empty_package/share/empty_package/hook/pythonpath.ps1'
[2.475s] INFO:colcon.colcon_core.shell:Creating environment descriptor '/home/dexter/ROS2/FilterCam/install/empty_package/share/empty_package/hook/pythonpath.dsv'
[2.475s] INFO:colcon.colcon_core.shell:Creating environment hook '/home/dexter/ROS2/FilterCam/install/empty_package/share/empty_package/hook/pythonpath.sh'
[2.475s] Level 1:colcon.colcon_core.environment:checking '/home/dexter/ROS2/FilterCam/install/empty_package/bin'
[2.475s] Level 1:colcon.colcon_core.environment:create_environment_scripts_only(empty_package)
[2.476s] INFO:colcon.colcon_core.shell:Creating package script '/home/dexter/ROS2/FilterCam/install/empty_package/share/empty_package/package.ps1'
[2.476s] INFO:colcon.colcon_core.shell:Creating package descriptor '/home/dexter/ROS2/FilterCam/install/empty_package/share/empty_package/package.dsv'
[2.476s] INFO:colcon.colcon_core.shell:Creating package script '/home/dexter/ROS2/FilterCam/install/empty_package/share/empty_package/package.sh'
[2.477s] INFO:colcon.colcon_core.shell:Creating package script '/home/dexter/ROS2/FilterCam/install/empty_package/share/empty_package/package.bash'
[2.477s] INFO:colcon.colcon_core.shell:Creating package script '/home/dexter/ROS2/FilterCam/install/empty_package/share/empty_package/package.zsh'
[2.477s] Level 1:colcon.colcon_core.environment:create_file_with_runtime_dependencies(/home/dexter/ROS2/FilterCam/install/empty_package/share/colcon-core/packages/empty_package)
[3.414s] DEBUG:colcon.colcon_core.event_handler.log_command:Invoked command in '/home/dexter/ROS2/FilterCam/build/velodyne_msgs' returned '0': CMAKE_PREFIX_PATH=${CMAKE_PREFIX_PATH}:/home/dexter/ROS2/FilterCam/install/filterwheel:/home/dexter/ROS2/FilterCam/install/filtered_pointcloud_pkg:/home/dexter/ROS2/FilterCam/install/empty_package:/opt/ros/jazzy DEBUGINFOD_URLS=https://debuginfod.ubuntu.com /usr/bin/cmake /home/dexter/ROS2/FilterCam/src/velodyne/velodyne_msgs -DCMAKE_BUILD_TYPE=Debug -DAMENT_CMAKE_SYMLINK_INSTALL=1 -DCMAKE_INSTALL_PREFIX=/home/dexter/ROS2/FilterCam/install/velodyne_msgs
[3.415s] DEBUG:colcon.colcon_core.event_handler.log_command:Invoking command in '/home/dexter/ROS2/FilterCam/build/velodyne_msgs': CMAKE_PREFIX_PATH=${CMAKE_PREFIX_PATH}:/home/dexter/ROS2/FilterCam/install/filterwheel:/home/dexter/ROS2/FilterCam/install/filtered_pointcloud_pkg:/home/dexter/ROS2/FilterCam/install/empty_package:/opt/ros/jazzy DEBUGINFOD_URLS=https://debuginfod.ubuntu.com /usr/bin/cmake --build /home/dexter/ROS2/FilterCam/build/velodyne_msgs -- -j16 -l16
[5.560s] DEBUG:colcon.colcon_core.event_handler.log_command:Invoked command in '/home/dexter/ROS2/FilterCam/build/velodyne_msgs' returned '0': CMAKE_PREFIX_PATH=${CMAKE_PREFIX_PATH}:/home/dexter/ROS2/FilterCam/install/filterwheel:/home/dexter/ROS2/FilterCam/install/filtered_pointcloud_pkg:/home/dexter/ROS2/FilterCam/install/empty_package:/opt/ros/jazzy DEBUGINFOD_URLS=https://debuginfod.ubuntu.com /usr/bin/cmake --build /home/dexter/ROS2/FilterCam/build/velodyne_msgs -- -j16 -l16
[5.569s] DEBUG:colcon.colcon_core.event_handler.log_command:Invoking command in '/home/dexter/ROS2/FilterCam/build/velodyne_msgs': CMAKE_PREFIX_PATH=${CMAKE_PREFIX_PATH}:/home/dexter/ROS2/FilterCam/install/filterwheel:/home/dexter/ROS2/FilterCam/install/filtered_pointcloud_pkg:/home/dexter/ROS2/FilterCam/install/empty_package:/opt/ros/jazzy DEBUGINFOD_URLS=https://debuginfod.ubuntu.com /usr/bin/cmake --install /home/dexter/ROS2/FilterCam/build/velodyne_msgs
[6.258s] Level 1:colcon.colcon_core.environment:create_environment_scripts_only(velodyne_msgs)
[6.258s] Level 1:colcon.colcon_core.environment:checking '/home/dexter/ROS2/FilterCam/install/velodyne_msgs' for CMake module files
[6.259s] DEBUG:colcon.colcon_core.event_handler.log_command:Invoked command in '/home/dexter/ROS2/FilterCam/build/velodyne_msgs' returned '0': CMAKE_PREFIX_PATH=${CMAKE_PREFIX_PATH}:/home/dexter/ROS2/FilterCam/install/filterwheel:/home/dexter/ROS2/FilterCam/install/filtered_pointcloud_pkg:/home/dexter/ROS2/FilterCam/install/empty_package:/opt/ros/jazzy DEBUGINFOD_URLS=https://debuginfod.ubuntu.com /usr/bin/cmake --install /home/dexter/ROS2/FilterCam/build/velodyne_msgs
[6.259s] Level 1:colcon.colcon_core.environment:checking '/home/dexter/ROS2/FilterCam/install/velodyne_msgs' for CMake config files
[6.260s] Level 1:colcon.colcon_core.shell:create_environment_hook('velodyne_msgs', 'cmake_prefix_path')
[6.261s] INFO:colcon.colcon_core.shell:Creating environment hook '/home/dexter/ROS2/FilterCam/install/velodyne_msgs/share/velodyne_msgs/hook/cmake_prefix_path.ps1'
[6.261s] INFO:colcon.colcon_core.shell:Creating environment descriptor '/home/dexter/ROS2/FilterCam/install/velodyne_msgs/share/velodyne_msgs/hook/cmake_prefix_path.dsv'
[6.261s] INFO:colcon.colcon_core.shell:Creating environment hook '/home/dexter/ROS2/FilterCam/install/velodyne_msgs/share/velodyne_msgs/hook/cmake_prefix_path.sh'
[6.262s] Level 1:colcon.colcon_core.environment:checking '/home/dexter/ROS2/FilterCam/install/velodyne_msgs/lib'
[6.262s] Level 1:colcon.colcon_core.shell:create_environment_hook('velodyne_msgs', 'ld_library_path_lib')
[6.262s] INFO:colcon.colcon_core.shell:Creating environment hook '/home/dexter/ROS2/FilterCam/install/velodyne_msgs/share/velodyne_msgs/hook/ld_library_path_lib.ps1'
[6.262s] INFO:colcon.colcon_core.shell:Creating environment descriptor '/home/dexter/ROS2/FilterCam/install/velodyne_msgs/share/velodyne_msgs/hook/ld_library_path_lib.dsv'
[6.263s] INFO:colcon.colcon_core.shell:Creating environment hook '/home/dexter/ROS2/FilterCam/install/velodyne_msgs/share/velodyne_msgs/hook/ld_library_path_lib.sh'
[6.263s] Level 1:colcon.colcon_core.environment:checking '/home/dexter/ROS2/FilterCam/install/velodyne_msgs/bin'
[6.263s] Level 1:colcon.colcon_core.environment:checking '/home/dexter/ROS2/FilterCam/install/velodyne_msgs/lib/pkgconfig/velodyne_msgs.pc'
[6.263s] Level 1:colcon.colcon_core.environment:checking '/home/dexter/ROS2/FilterCam/install/velodyne_msgs/lib/python3.12/site-packages'
[6.263s] Level 1:colcon.colcon_core.shell:create_environment_hook('velodyne_msgs', 'pythonpath')
[6.263s] INFO:colcon.colcon_core.shell:Creating environment hook '/home/dexter/ROS2/FilterCam/install/velodyne_msgs/share/velodyne_msgs/hook/pythonpath.ps1'
[6.264s] INFO:colcon.colcon_core.shell:Creating environment descriptor '/home/dexter/ROS2/FilterCam/install/velodyne_msgs/share/velodyne_msgs/hook/pythonpath.dsv'
[6.264s] INFO:colcon.colcon_core.shell:Creating environment hook '/home/dexter/ROS2/FilterCam/install/velodyne_msgs/share/velodyne_msgs/hook/pythonpath.sh'
[6.264s] Level 1:colcon.colcon_core.environment:checking '/home/dexter/ROS2/FilterCam/install/velodyne_msgs/bin'
[6.264s] INFO:colcon.colcon_core.shell:Creating package script '/home/dexter/ROS2/FilterCam/install/velodyne_msgs/share/velodyne_msgs/package.ps1'
[6.265s] INFO:colcon.colcon_core.shell:Creating package descriptor '/home/dexter/ROS2/FilterCam/install/velodyne_msgs/share/velodyne_msgs/package.dsv'
[6.265s] INFO:colcon.colcon_core.shell:Creating package script '/home/dexter/ROS2/FilterCam/install/velodyne_msgs/share/velodyne_msgs/package.sh'
[6.266s] INFO:colcon.colcon_core.shell:Creating package script '/home/dexter/ROS2/FilterCam/install/velodyne_msgs/share/velodyne_msgs/package.bash'
[6.266s] INFO:colcon.colcon_core.shell:Creating package script '/home/dexter/ROS2/FilterCam/install/velodyne_msgs/share/velodyne_msgs/package.zsh'
[6.266s] Level 1:colcon.colcon_core.environment:create_file_with_runtime_dependencies(/home/dexter/ROS2/FilterCam/install/velodyne_msgs/share/colcon-core/packages/velodyne_msgs)
[6.266s] Level 1:colcon.colcon_core.environment:create_environment_scripts_only(velodyne_msgs)
[6.267s] Level 1:colcon.colcon_core.environment:checking '/home/dexter/ROS2/FilterCam/install/velodyne_msgs' for CMake module files
[6.267s] Level 1:colcon.colcon_core.environment:checking '/home/dexter/ROS2/FilterCam/install/velodyne_msgs' for CMake config files
[6.268s] Level 1:colcon.colcon_core.shell:create_environment_hook('velodyne_msgs', 'cmake_prefix_path')
[6.268s] INFO:colcon.colcon_core.shell:Creating environment hook '/home/dexter/ROS2/FilterCam/install/velodyne_msgs/share/velodyne_msgs/hook/cmake_prefix_path.ps1'
[6.268s] INFO:colcon.colcon_core.shell:Creating environment descriptor '/home/dexter/ROS2/FilterCam/install/velodyne_msgs/share/velodyne_msgs/hook/cmake_prefix_path.dsv'
[6.269s] INFO:colcon.colcon_core.shell:Creating environment hook '/home/dexter/ROS2/FilterCam/install/velodyne_msgs/share/velodyne_msgs/hook/cmake_prefix_path.sh'
[6.269s] Level 1:colcon.colcon_core.environment:checking '/home/dexter/ROS2/FilterCam/install/velodyne_msgs/lib'
[6.269s] Level 1:colcon.colcon_core.shell:create_environment_hook('velodyne_msgs', 'ld_library_path_lib')
[6.269s] INFO:colcon.colcon_core.shell:Creating environment hook '/home/dexter/ROS2/FilterCam/install/velodyne_msgs/share/velodyne_msgs/hook/ld_library_path_lib.ps1'
[6.270s] INFO:colcon.colcon_core.shell:Creating environment descriptor '/home/dexter/ROS2/FilterCam/install/velodyne_msgs/share/velodyne_msgs/hook/ld_library_path_lib.dsv'
[6.270s] INFO:colcon.colcon_core.shell:Creating environment hook '/home/dexter/ROS2/FilterCam/install/velodyne_msgs/share/velodyne_msgs/hook/ld_library_path_lib.sh'
[6.270s] Level 1:colcon.colcon_core.environment:checking '/home/dexter/ROS2/FilterCam/install/velodyne_msgs/bin'
[6.270s] Level 1:colcon.colcon_core.environment:checking '/home/dexter/ROS2/FilterCam/install/velodyne_msgs/lib/pkgconfig/velodyne_msgs.pc'
[6.270s] Level 1:colcon.colcon_core.environment:checking '/home/dexter/ROS2/FilterCam/install/velodyne_msgs/lib/python3.12/site-packages'
[6.270s] Level 1:colcon.colcon_core.shell:create_environment_hook('velodyne_msgs', 'pythonpath')
[6.271s] INFO:colcon.colcon_core.shell:Creating environment hook '/home/dexter/ROS2/FilterCam/install/velodyne_msgs/share/velodyne_msgs/hook/pythonpath.ps1'
[6.271s] INFO:colcon.colcon_core.shell:Creating environment descriptor '/home/dexter/ROS2/FilterCam/install/velodyne_msgs/share/velodyne_msgs/hook/pythonpath.dsv'
[6.271s] INFO:colcon.colcon_core.shell:Creating environment hook '/home/dexter/ROS2/FilterCam/install/velodyne_msgs/share/velodyne_msgs/hook/pythonpath.sh'
[6.271s] Level 1:colcon.colcon_core.environment:checking '/home/dexter/ROS2/FilterCam/install/velodyne_msgs/bin'
[6.272s] INFO:colcon.colcon_core.shell:Creating package script '/home/dexter/ROS2/FilterCam/install/velodyne_msgs/share/velodyne_msgs/package.ps1'
[6.272s] INFO:colcon.colcon_core.shell:Creating package descriptor '/home/dexter/ROS2/FilterCam/install/velodyne_msgs/share/velodyne_msgs/package.dsv'
[6.272s] INFO:colcon.colcon_core.shell:Creating package script '/home/dexter/ROS2/FilterCam/install/velodyne_msgs/share/velodyne_msgs/package.sh'
[6.273s] INFO:colcon.colcon_core.shell:Creating package script '/home/dexter/ROS2/FilterCam/install/velodyne_msgs/share/velodyne_msgs/package.bash'
[6.273s] INFO:colcon.colcon_core.shell:Creating package script '/home/dexter/ROS2/FilterCam/install/velodyne_msgs/share/velodyne_msgs/package.zsh'
[6.273s] Level 1:colcon.colcon_core.environment:create_file_with_runtime_dependencies(/home/dexter/ROS2/FilterCam/install/velodyne_msgs/share/colcon-core/packages/velodyne_msgs)
[6.274s] INFO:colcon.colcon_ros.task.ament_cmake.build:Building ROS package in '/home/dexter/ROS2/FilterCam/src/velodyne/velodyne_driver' with build type 'ament_cmake'
[6.274s] INFO:colcon.colcon_cmake.task.cmake.build:Building CMake package in '/home/dexter/ROS2/FilterCam/src/velodyne/velodyne_driver'
[6.274s] INFO:colcon.colcon_core.shell:Skip shell extension 'powershell' for command environment: Not usable outside of PowerShell
[6.274s] DEBUG:colcon.colcon_core.shell:Skip shell extension 'dsv' for command environment
[6.277s] INFO:colcon.colcon_ros.task.ament_cmake.build:Building ROS package in '/home/dexter/ROS2/FilterCam/src/velodyne/velodyne_pointcloud' with build type 'ament_cmake'
[6.277s] INFO:colcon.colcon_cmake.task.cmake.build:Building CMake package in '/home/dexter/ROS2/FilterCam/src/velodyne/velodyne_pointcloud'
[6.277s] INFO:colcon.colcon_core.shell:Skip shell extension 'powershell' for command environment: Not usable outside of PowerShell
[6.277s] DEBUG:colcon.colcon_core.shell:Skip shell extension 'dsv' for command environment
[6.285s] DEBUG:colcon.colcon_core.event_handler.log_command:Invoking command in '/home/dexter/ROS2/FilterCam/build/velodyne_driver': AMENT_PREFIX_PATH=/home/dexter/ROS2/FilterCam/install/velodyne_msgs:${AMENT_PREFIX_PATH} CMAKE_PREFIX_PATH=/home/dexter/ROS2/FilterCam/install/velodyne_msgs:/opt/ros/jazzy/opt/gz_math_vendor:/opt/ros/jazzy/opt/gz_utils_vendor:/opt/ros/jazzy/opt/gz_cmake_vendor:/home/dexter/ROS2/FilterCam/install/filterwheel:/home/dexter/ROS2/FilterCam/install/filtered_pointcloud_pkg:/home/dexter/ROS2/FilterCam/install/empty_package:/opt/ros/jazzy DEBUGINFOD_URLS=https://debuginfod.ubuntu.com LD_LIBRARY_PATH=/home/dexter/ROS2/FilterCam/install/velodyne_msgs/lib:${LD_LIBRARY_PATH} PYTHONPATH=/home/dexter/ROS2/FilterCam/install/velodyne_msgs/lib/python3.12/site-packages:${PYTHONPATH} /usr/bin/cmake /home/dexter/ROS2/FilterCam/src/velodyne/velodyne_driver -DCMAKE_BUILD_TYPE=Debug -DAMENT_CMAKE_SYMLINK_INSTALL=1 -DCMAKE_INSTALL_PREFIX=/home/dexter/ROS2/FilterCam/install/velodyne_driver
[6.287s] DEBUG:colcon.colcon_core.event_handler.log_command:Invoking command in '/home/dexter/ROS2/FilterCam/build/velodyne_pointcloud': AMENT_PREFIX_PATH=/home/dexter/ROS2/FilterCam/install/velodyne_msgs:${AMENT_PREFIX_PATH} CMAKE_PREFIX_PATH=/home/dexter/ROS2/FilterCam/install/velodyne_msgs:/opt/ros/jazzy/opt/gz_math_vendor:/opt/ros/jazzy/opt/gz_utils_vendor:/opt/ros/jazzy/opt/gz_cmake_vendor:/home/dexter/ROS2/FilterCam/install/filterwheel:/home/dexter/ROS2/FilterCam/install/filtered_pointcloud_pkg:/home/dexter/ROS2/FilterCam/install/empty_package:/opt/ros/jazzy DEBUGINFOD_URLS=https://debuginfod.ubuntu.com LD_LIBRARY_PATH=/home/dexter/ROS2/FilterCam/install/velodyne_msgs/lib:${LD_LIBRARY_PATH} PYTHONPATH=/home/dexter/ROS2/FilterCam/install/velodyne_msgs/lib/python3.12/site-packages:${PYTHONPATH} /usr/bin/cmake /home/dexter/ROS2/FilterCam/src/velodyne/velodyne_pointcloud -DCMAKE_BUILD_TYPE=Debug -DAMENT_CMAKE_SYMLINK_INSTALL=1 -DCMAKE_INSTALL_PREFIX=/home/dexter/ROS2/FilterCam/install/velodyne_pointcloud
[6.849s] DEBUG:colcon.colcon_core.event_handler.log_command:Invoked command in '/home/dexter/ROS2/FilterCam/build/velodyne_driver' returned '1': AMENT_PREFIX_PATH=/home/dexter/ROS2/FilterCam/install/velodyne_msgs:${AMENT_PREFIX_PATH} CMAKE_PREFIX_PATH=/home/dexter/ROS2/FilterCam/install/velodyne_msgs:/opt/ros/jazzy/opt/gz_math_vendor:/opt/ros/jazzy/opt/gz_utils_vendor:/opt/ros/jazzy/opt/gz_cmake_vendor:/home/dexter/ROS2/FilterCam/install/filterwheel:/home/dexter/ROS2/FilterCam/install/filtered_pointcloud_pkg:/home/dexter/ROS2/FilterCam/install/empty_package:/opt/ros/jazzy DEBUGINFOD_URLS=https://debuginfod.ubuntu.com LD_LIBRARY_PATH=/home/dexter/ROS2/FilterCam/install/velodyne_msgs/lib:${LD_LIBRARY_PATH} PYTHONPATH=/home/dexter/ROS2/FilterCam/install/velodyne_msgs/lib/python3.12/site-packages:${PYTHONPATH} /usr/bin/cmake /home/dexter/ROS2/FilterCam/src/velodyne/velodyne_driver -DCMAKE_BUILD_TYPE=Debug -DAMENT_CMAKE_SYMLINK_INSTALL=1 -DCMAKE_INSTALL_PREFIX=/home/dexter/ROS2/FilterCam/install/velodyne_driver
[6.851s] DEBUG:colcon.colcon_core.event_handler.log_command:Invoked command in '/home/dexter/ROS2/FilterCam/build/velodyne_pointcloud' returned '1': AMENT_PREFIX_PATH=/home/dexter/ROS2/FilterCam/install/velodyne_msgs:${AMENT_PREFIX_PATH} CMAKE_PREFIX_PATH=/home/dexter/ROS2/FilterCam/install/velodyne_msgs:/opt/ros/jazzy/opt/gz_math_vendor:/opt/ros/jazzy/opt/gz_utils_vendor:/opt/ros/jazzy/opt/gz_cmake_vendor:/home/dexter/ROS2/FilterCam/install/filterwheel:/home/dexter/ROS2/FilterCam/install/filtered_pointcloud_pkg:/home/dexter/ROS2/FilterCam/install/empty_package:/opt/ros/jazzy DEBUGINFOD_URLS=https://debuginfod.ubuntu.com LD_LIBRARY_PATH=/home/dexter/ROS2/FilterCam/install/velodyne_msgs/lib:${LD_LIBRARY_PATH} PYTHONPATH=/home/dexter/ROS2/FilterCam/install/velodyne_msgs/lib/python3.12/site-packages:${PYTHONPATH} /usr/bin/cmake /home/dexter/ROS2/FilterCam/src/velodyne/velodyne_pointcloud -DCMAKE_BUILD_TYPE=Debug -DAMENT_CMAKE_SYMLINK_INSTALL=1 -DCMAKE_INSTALL_PREFIX=/home/dexter/ROS2/FilterCam/install/velodyne_pointcloud
[6.861s] Level 1:colcon.colcon_core.environment:create_environment_scripts_only(velodyne_driver)
[6.861s] Level 1:colcon.colcon_core.environment:checking '/home/dexter/ROS2/FilterCam/install/velodyne_driver' for CMake module files
[6.861s] Level 1:colcon.colcon_core.environment:checking '/home/dexter/ROS2/FilterCam/install/velodyne_driver' for CMake config files
[6.861s] Level 1:colcon.colcon_core.environment:checking '/home/dexter/ROS2/FilterCam/install/velodyne_driver/bin'
[6.861s] Level 1:colcon.colcon_core.environment:checking '/home/dexter/ROS2/FilterCam/install/velodyne_driver/lib/pkgconfig/velodyne_driver.pc'
[6.862s] Level 1:colcon.colcon_core.environment:checking '/home/dexter/ROS2/FilterCam/install/velodyne_driver/lib/python3.12/site-packages'
[6.862s] Level 1:colcon.colcon_core.environment:checking '/home/dexter/ROS2/FilterCam/install/velodyne_driver/bin'
[6.862s] INFO:colcon.colcon_core.shell:Creating package script '/home/dexter/ROS2/FilterCam/install/velodyne_driver/share/velodyne_driver/package.ps1'
[6.862s] INFO:colcon.colcon_core.shell:Creating package descriptor '/home/dexter/ROS2/FilterCam/install/velodyne_driver/share/velodyne_driver/package.dsv'
[6.863s] INFO:colcon.colcon_core.shell:Creating package script '/home/dexter/ROS2/FilterCam/install/velodyne_driver/share/velodyne_driver/package.sh'
[6.863s] INFO:colcon.colcon_core.shell:Creating package script '/home/dexter/ROS2/FilterCam/install/velodyne_driver/share/velodyne_driver/package.bash'
[6.863s] INFO:colcon.colcon_core.shell:Creating package script '/home/dexter/ROS2/FilterCam/install/velodyne_driver/share/velodyne_driver/package.zsh'
[6.863s] Level 1:colcon.colcon_core.environment:create_file_with_runtime_dependencies(/home/dexter/ROS2/FilterCam/install/velodyne_driver/share/colcon-core/packages/velodyne_driver)
[12.679s] DEBUG:colcon.colcon_parallel_executor.executor.parallel:closing loop
[12.679s] DEBUG:colcon.colcon_parallel_executor.executor.parallel:loop closed
[12.679s] DEBUG:colcon.colcon_parallel_executor.executor.parallel:run_until_complete finished with '1'
[12.679s] DEBUG:colcon.colcon_core.event_reactor:joining thread
[12.685s] INFO:colcon.colcon_core.plugin_system:Skipping extension 'colcon_notification.desktop_notification.terminal_notifier': Not used on non-Darwin systems
[12.685s] INFO:colcon.colcon_core.plugin_system:Skipping extension 'colcon_notification.desktop_notification.win32': Not used on non-Windows systems
[12.685s] INFO:colcon.colcon_notification.desktop_notification:Sending desktop notification using 'notify2'
[12.704s] DEBUG:colcon.colcon_core.event_reactor:joined thread
[12.704s] INFO:colcon.colcon_core.shell:Creating prefix script '/home/dexter/ROS2/FilterCam/install/local_setup.ps1'
[12.704s] INFO:colcon.colcon_core.shell:Creating prefix util module '/home/dexter/ROS2/FilterCam/install/_local_setup_util_ps1.py'
[12.705s] INFO:colcon.colcon_core.shell:Creating prefix chain script '/home/dexter/ROS2/FilterCam/install/setup.ps1'
[12.706s] INFO:colcon.colcon_core.shell:Creating prefix script '/home/dexter/ROS2/FilterCam/install/local_setup.sh'
[12.706s] INFO:colcon.colcon_core.shell:Creating prefix util module '/home/dexter/ROS2/FilterCam/install/_local_setup_util_sh.py'
[12.707s] INFO:colcon.colcon_core.shell:Creating prefix chain script '/home/dexter/ROS2/FilterCam/install/setup.sh'
[12.707s] INFO:colcon.colcon_core.shell:Creating prefix script '/home/dexter/ROS2/FilterCam/install/local_setup.bash'
[12.708s] INFO:colcon.colcon_core.shell:Creating prefix chain script '/home/dexter/ROS2/FilterCam/install/setup.bash'
[12.708s] INFO:colcon.colcon_core.shell:Creating prefix script '/home/dexter/ROS2/FilterCam/install/local_setup.zsh'
[12.709s] INFO:colcon.colcon_core.shell:Creating prefix chain script '/home/dexter/ROS2/FilterCam/install/setup.zsh'
