[1.507s] Invoking command in '/home/dexter/ROS2/FilterCam/build/liquidlens': DEBUGINFOD_URLS=https://debuginfod.ubuntu.com PYTHONPATH=/home/dexter/ROS2/FilterCam/build/liquidlens/prefix_override:/usr/lib/python3/dist-packages/colcon_core/task/python/colcon_distutils_commands:/home/dexter/ROS2/FilterCam/install/liquidlens/lib/python3.12/site-packages:${PYTHONPATH} /usr/bin/python3 -W ignore:setup.py install is deprecated -W ignore:easy_install command is deprecated setup.py develop --editable --build-directory /home/dexter/ROS2/FilterCam/build/liquidlens/build --no-deps symlink_data
[1.818s] running develop
[2.028s] running egg_info
[2.028s] creating liquidlens.egg-info
[2.047s] writing liquidlens.egg-info/PKG-INFO
[2.047s] writing dependency_links to liquidlens.egg-info/dependency_links.txt
[2.047s] writing entry points to liquidlens.egg-info/entry_points.txt
[2.047s] writing requirements to liquidlens.egg-info/requires.txt
[2.047s] writing top-level names to liquidlens.egg-info/top_level.txt
[2.047s] writing manifest file 'liquidlens.egg-info/SOURCES.txt'
[2.084s] reading manifest file 'liquidlens.egg-info/SOURCES.txt'
[2.085s] writing manifest file 'liquidlens.egg-info/SOURCES.txt'
[2.104s] running build_ext
[2.104s] Creating /home/dexter/ROS2/FilterCam/install/liquidlens/lib/python3.12/site-packages/liquidlens.egg-link (link to .)
[2.104s] Installing lens_control_node script to /home/dexter/ROS2/FilterCam/install/liquidlens/lib/liquidlens
[2.105s] 
[2.105s] Installed /home/dexter/ROS2/FilterCam/build/liquidlens
[2.105s] running symlink_data
[2.105s] creating /home/dexter/ROS2/FilterCam/install/liquidlens/share/ament_index
[2.105s] creating /home/dexter/ROS2/FilterCam/install/liquidlens/share/ament_index/resource_index
[2.105s] creating /home/dexter/ROS2/FilterCam/install/liquidlens/share/ament_index/resource_index/packages
[2.105s] symbolically linking /home/dexter/ROS2/FilterCam/build/liquidlens/resource/liquidlens -> /home/dexter/ROS2/FilterCam/install/liquidlens/share/ament_index/resource_index/packages
[2.105s] symbolically linking /home/dexter/ROS2/FilterCam/build/liquidlens/package.xml -> /home/dexter/ROS2/FilterCam/install/liquidlens/share/liquidlens
[2.105s] creating /home/dexter/ROS2/FilterCam/install/liquidlens/share/liquidlens/launch
[2.106s] symbolically linking /home/dexter/ROS2/FilterCam/build/liquidlens/launch/liquid_lens_control.launch.py -> /home/dexter/ROS2/FilterCam/install/liquidlens/share/liquidlens/launch
[2.140s] Invoked command in '/home/dexter/ROS2/FilterCam/build/liquidlens' returned '0': DEBUGINFOD_URLS=https://debuginfod.ubuntu.com PYTHONPATH=/home/dexter/ROS2/FilterCam/build/liquidlens/prefix_override:/usr/lib/python3/dist-packages/colcon_core/task/python/colcon_distutils_commands:/home/dexter/ROS2/FilterCam/install/liquidlens/lib/python3.12/site-packages:${PYTHONPATH} /usr/bin/python3 -W ignore:setup.py install is deprecated -W ignore:easy_install command is deprecated setup.py develop --editable --build-directory /home/dexter/ROS2/FilterCam/build/liquidlens/build --no-deps symlink_data
