[1.004s] Invoking command in '/home/dexter/ROS2/FilterCam/build/filtered_pointcloud_pkg': DEBUGINFOD_URLS=https://debuginfod.ubuntu.com PYTHONPATH=/home/dexter/ROS2/FilterCam/build/filtered_pointcloud_pkg/prefix_override:/usr/lib/python3/dist-packages/colcon_core/task/python/colcon_distutils_commands:/home/dexter/ROS2/FilterCam/install/filtered_pointcloud_pkg/lib/python3.12/site-packages:${PYTHONPATH} /usr/bin/python3 -W ignore:setup.py install is deprecated -W ignore:easy_install command is deprecated setup.py develop --editable --build-directory /home/dexter/ROS2/FilterCam/build/filtered_pointcloud_pkg/build --no-deps symlink_data --force
[1.277s] running develop
[1.456s] running egg_info
[1.472s] writing filtered_pointcloud_pkg.egg-info/PKG-INFO
[1.473s] writing dependency_links to filtered_pointcloud_pkg.egg-info/dependency_links.txt
[1.473s] writing entry points to filtered_pointcloud_pkg.egg-info/entry_points.txt
[1.473s] writing requirements to filtered_pointcloud_pkg.egg-info/requires.txt
[1.473s] writing top-level names to filtered_pointcloud_pkg.egg-info/top_level.txt
[1.507s] reading manifest file 'filtered_pointcloud_pkg.egg-info/SOURCES.txt'
[1.508s] writing manifest file 'filtered_pointcloud_pkg.egg-info/SOURCES.txt'
[1.525s] running build_ext
[1.525s] Creating /home/dexter/ROS2/FilterCam/install/filtered_pointcloud_pkg/lib/python3.12/site-packages/filtered-pointcloud-pkg.egg-link (link to .)
[1.525s] Installing threshold_node script to /home/dexter/ROS2/FilterCam/install/filtered_pointcloud_pkg/lib/filtered_pointcloud_pkg
[1.525s] 
[1.526s] Installed /home/dexter/ROS2/FilterCam/build/filtered_pointcloud_pkg
[1.526s] running symlink_data
[1.527s] symbolically linking /home/dexter/ROS2/FilterCam/build/filtered_pointcloud_pkg/resource/filtered_pointcloud_pkg -> /home/dexter/ROS2/FilterCam/install/filtered_pointcloud_pkg/share/ament_index/resource_index/packages
[1.527s] symbolically linking /home/dexter/ROS2/FilterCam/build/filtered_pointcloud_pkg/package.xml -> /home/dexter/ROS2/FilterCam/install/filtered_pointcloud_pkg/share/filtered_pointcloud_pkg
[1.527s] symbolically linking /home/dexter/ROS2/FilterCam/build/filtered_pointcloud_pkg/launch/threshold_launch.launch.py -> /home/dexter/ROS2/FilterCam/install/filtered_pointcloud_pkg/share/filtered_pointcloud_pkg/launch
[1.528s] symbolically linking /home/dexter/ROS2/FilterCam/build/filtered_pointcloud_pkg/srv/FilterLimits.srv -> /home/dexter/ROS2/FilterCam/install/filtered_pointcloud_pkg/share/filtered_pointcloud_pkg/srv
[1.547s] Invoked command in '/home/dexter/ROS2/FilterCam/build/filtered_pointcloud_pkg' returned '0': DEBUGINFOD_URLS=https://debuginfod.ubuntu.com PYTHONPATH=/home/dexter/ROS2/FilterCam/build/filtered_pointcloud_pkg/prefix_override:/usr/lib/python3/dist-packages/colcon_core/task/python/colcon_distutils_commands:/home/dexter/ROS2/FilterCam/install/filtered_pointcloud_pkg/lib/python3.12/site-packages:${PYTHONPATH} /usr/bin/python3 -W ignore:setup.py install is deprecated -W ignore:easy_install command is deprecated setup.py develop --editable --build-directory /home/dexter/ROS2/FilterCam/build/filtered_pointcloud_pkg/build --no-deps symlink_data --force
