[0.088s] DEBUG:colcon:Command line arguments: ['/usr/bin/colcon', 'build', '--symlink-install', '--event-handlers', 'console_cohesion+', '--base-paths', '/home/dexter/ROS2/FilterCam', '--cmake-args', '-DCMAKE_BUILD_TYPE=Debug']
[0.088s] DEBUG:colcon:Parsed command line arguments: Namespace(log_base=None, log_level=None, verb_name='build', build_base='build', install_base='install', merge_install=False, symlink_install=True, test_result_base=None, continue_on_error=False, executor='parallel', parallel_workers=16, event_handlers=['console_cohesion+'], ignore_user_meta=False, metas=['./colcon.meta'], base_paths=['/home/dexter/ROS2/FilterCam'], packages_ignore=None, packages_ignore_regex=None, paths=None, packages_up_to=None, packages_up_to_regex=None, packages_above=None, packages_above_and_dependencies=None, packages_above_depth=None, packages_select_by_dep=None, packages_skip_by_dep=None, packages_skip_up_to=None, packages_select_build_failed=False, packages_skip_build_finished=False, packages_select_test_failures=False, packages_skip_test_passed=False, packages_select=None, packages_skip=None, packages_select_regex=None, packages_skip_regex=None, packages_start=None, packages_end=None, allow_overriding=[], cmake_args=['-DCMAKE_BUILD_TYPE=Debug'], cmake_target=None, cmake_target_skip_unavailable=False, cmake_clean_cache=False, cmake_clean_first=False, cmake_force_configure=False, ament_cmake_args=None, catkin_cmake_args=None, catkin_skip_building_tests=False, mixin_files=None, mixin=None, verb_parser=<colcon_mixin.mixin.mixin_argument.MixinArgumentDecorator object at 0x7b28607c4fe0>, verb_extension=<colcon_core.verb.build.BuildVerb object at 0x7b286069ccb0>, main=<bound method BuildVerb.main of <colcon_core.verb.build.BuildVerb object at 0x7b286069ccb0>>, mixin_verb=('build',))
[0.121s] Level 1:colcon.colcon_core.package_discovery:discover_packages(colcon_meta) check parameters
[0.121s] Level 1:colcon.colcon_core.package_discovery:discover_packages(recursive) check parameters
[0.121s] Level 1:colcon.colcon_core.package_discovery:discover_packages(ignore) check parameters
[0.121s] Level 1:colcon.colcon_core.package_discovery:discover_packages(path) check parameters
[0.121s] Level 1:colcon.colcon_core.package_discovery:discover_packages(recursive) discover
[0.121s] INFO:colcon.colcon_core.package_discovery:Crawling recursively for packages in '/home/dexter/ROS2/FilterCam'
[0.121s] Level 1:colcon.colcon_core.package_identification:_identify(/home/dexter/ROS2/FilterCam) by extensions ['ignore', 'ignore_ament_install']
[0.121s] Level 1:colcon.colcon_core.package_identification:_identify(/home/dexter/ROS2/FilterCam) by extension 'ignore'
[0.121s] Level 1:colcon.colcon_core.package_identification:_identify(/home/dexter/ROS2/FilterCam) by extension 'ignore_ament_install'
[0.121s] Level 1:colcon.colcon_core.package_identification:_identify(/home/dexter/ROS2/FilterCam) by extensions ['colcon_pkg']
[0.121s] Level 1:colcon.colcon_core.package_identification:_identify(/home/dexter/ROS2/FilterCam) by extension 'colcon_pkg'
[0.121s] Level 1:colcon.colcon_core.package_identification:_identify(/home/dexter/ROS2/FilterCam) by extensions ['colcon_meta']
[0.121s] Level 1:colcon.colcon_core.package_identification:_identify(/home/dexter/ROS2/FilterCam) by extension 'colcon_meta'
[0.121s] Level 1:colcon.colcon_core.package_identification:_identify(/home/dexter/ROS2/FilterCam) by extensions ['ros']
[0.121s] Level 1:colcon.colcon_core.package_identification:_identify(/home/dexter/ROS2/FilterCam) by extension 'ros'
[0.142s] Level 1:colcon.colcon_core.package_identification:_identify(/home/dexter/ROS2/FilterCam) by extensions ['cmake', 'python']
[0.142s] Level 1:colcon.colcon_core.package_identification:_identify(/home/dexter/ROS2/FilterCam) by extension 'cmake'
[0.142s] Level 1:colcon.colcon_core.package_identification:_identify(/home/dexter/ROS2/FilterCam) by extension 'python'
[0.142s] Level 1:colcon.colcon_core.package_identification:_identify(/home/dexter/ROS2/FilterCam) by extensions ['python_setup_py']
[0.142s] Level 1:colcon.colcon_core.package_identification:_identify(/home/dexter/ROS2/FilterCam) by extension 'python_setup_py'
[0.142s] Level 1:colcon.colcon_core.package_identification:_identify(/home/dexter/ROS2/FilterCam/build) by extensions ['ignore', 'ignore_ament_install']
[0.142s] Level 1:colcon.colcon_core.package_identification:_identify(/home/dexter/ROS2/FilterCam/build) by extension 'ignore'
[0.142s] Level 1:colcon.colcon_core.package_identification:_identify(/home/dexter/ROS2/FilterCam/build) ignored
[0.142s] Level 1:colcon.colcon_core.package_identification:_identify(/home/dexter/ROS2/FilterCam/install) by extensions ['ignore', 'ignore_ament_install']
[0.143s] Level 1:colcon.colcon_core.package_identification:_identify(/home/dexter/ROS2/FilterCam/install) by extension 'ignore'
[0.143s] Level 1:colcon.colcon_core.package_identification:_identify(/home/dexter/ROS2/FilterCam/install) ignored
[0.143s] Level 1:colcon.colcon_core.package_identification:_identify(/home/dexter/ROS2/FilterCam/log) by extensions ['ignore', 'ignore_ament_install']
[0.143s] Level 1:colcon.colcon_core.package_identification:_identify(/home/dexter/ROS2/FilterCam/log) by extension 'ignore'
[0.143s] Level 1:colcon.colcon_core.package_identification:_identify(/home/dexter/ROS2/FilterCam/log) ignored
[0.143s] Level 1:colcon.colcon_core.package_identification:_identify(/home/dexter/ROS2/FilterCam/src) by extensions ['ignore', 'ignore_ament_install']
[0.143s] Level 1:colcon.colcon_core.package_identification:_identify(/home/dexter/ROS2/FilterCam/src) by extension 'ignore'
[0.143s] Level 1:colcon.colcon_core.package_identification:_identify(/home/dexter/ROS2/FilterCam/src) by extension 'ignore_ament_install'
[0.143s] Level 1:colcon.colcon_core.package_identification:_identify(/home/dexter/ROS2/FilterCam/src) by extensions ['colcon_pkg']
[0.143s] Level 1:colcon.colcon_core.package_identification:_identify(/home/dexter/ROS2/FilterCam/src) by extension 'colcon_pkg'
[0.143s] Level 1:colcon.colcon_core.package_identification:_identify(/home/dexter/ROS2/FilterCam/src) by extensions ['colcon_meta']
[0.143s] Level 1:colcon.colcon_core.package_identification:_identify(/home/dexter/ROS2/FilterCam/src) by extension 'colcon_meta'
[0.143s] Level 1:colcon.colcon_core.package_identification:_identify(/home/dexter/ROS2/FilterCam/src) by extensions ['ros']
[0.143s] Level 1:colcon.colcon_core.package_identification:_identify(/home/dexter/ROS2/FilterCam/src) by extension 'ros'
[0.143s] Level 1:colcon.colcon_core.package_identification:_identify(/home/dexter/ROS2/FilterCam/src) by extensions ['cmake', 'python']
[0.143s] Level 1:colcon.colcon_core.package_identification:_identify(/home/dexter/ROS2/FilterCam/src) by extension 'cmake'
[0.144s] Level 1:colcon.colcon_core.package_identification:_identify(/home/dexter/ROS2/FilterCam/src) by extension 'python'
[0.144s] Level 1:colcon.colcon_core.package_identification:_identify(/home/dexter/ROS2/FilterCam/src) by extensions ['python_setup_py']
[0.144s] Level 1:colcon.colcon_core.package_identification:_identify(/home/dexter/ROS2/FilterCam/src) by extension 'python_setup_py'
[0.144s] Level 1:colcon.colcon_core.package_identification:_identify(/home/dexter/ROS2/FilterCam/src/empty_package) by extensions ['ignore', 'ignore_ament_install']
[0.144s] Level 1:colcon.colcon_core.package_identification:_identify(/home/dexter/ROS2/FilterCam/src/empty_package) by extension 'ignore'
[0.144s] Level 1:colcon.colcon_core.package_identification:_identify(/home/dexter/ROS2/FilterCam/src/empty_package) by extension 'ignore_ament_install'
[0.144s] Level 1:colcon.colcon_core.package_identification:_identify(/home/dexter/ROS2/FilterCam/src/empty_package) by extensions ['colcon_pkg']
[0.144s] Level 1:colcon.colcon_core.package_identification:_identify(/home/dexter/ROS2/FilterCam/src/empty_package) by extension 'colcon_pkg'
[0.144s] Level 1:colcon.colcon_core.package_identification:_identify(/home/dexter/ROS2/FilterCam/src/empty_package) by extensions ['colcon_meta']
[0.144s] Level 1:colcon.colcon_core.package_identification:_identify(/home/dexter/ROS2/FilterCam/src/empty_package) by extension 'colcon_meta'
[0.144s] Level 1:colcon.colcon_core.package_identification:_identify(/home/dexter/ROS2/FilterCam/src/empty_package) by extensions ['ros']
[0.144s] Level 1:colcon.colcon_core.package_identification:_identify(/home/dexter/ROS2/FilterCam/src/empty_package) by extension 'ros'
[0.146s] DEBUG:colcon.colcon_core.package_identification:Package '/home/dexter/ROS2/FilterCam/src/empty_package' with type 'ros.ament_python' and name 'empty_package'
[0.146s] Level 1:colcon.colcon_core.package_identification:_identify(/home/dexter/ROS2/FilterCam/src/filtered_pointcloud_pkg) by extensions ['ignore', 'ignore_ament_install']
[0.146s] Level 1:colcon.colcon_core.package_identification:_identify(/home/dexter/ROS2/FilterCam/src/filtered_pointcloud_pkg) by extension 'ignore'
[0.146s] Level 1:colcon.colcon_core.package_identification:_identify(/home/dexter/ROS2/FilterCam/src/filtered_pointcloud_pkg) by extension 'ignore_ament_install'
[0.146s] Level 1:colcon.colcon_core.package_identification:_identify(/home/dexter/ROS2/FilterCam/src/filtered_pointcloud_pkg) by extensions ['colcon_pkg']
[0.146s] Level 1:colcon.colcon_core.package_identification:_identify(/home/dexter/ROS2/FilterCam/src/filtered_pointcloud_pkg) by extension 'colcon_pkg'
[0.146s] Level 1:colcon.colcon_core.package_identification:_identify(/home/dexter/ROS2/FilterCam/src/filtered_pointcloud_pkg) by extensions ['colcon_meta']
[0.146s] Level 1:colcon.colcon_core.package_identification:_identify(/home/dexter/ROS2/FilterCam/src/filtered_pointcloud_pkg) by extension 'colcon_meta'
[0.146s] Level 1:colcon.colcon_core.package_identification:_identify(/home/dexter/ROS2/FilterCam/src/filtered_pointcloud_pkg) by extensions ['ros']
[0.146s] Level 1:colcon.colcon_core.package_identification:_identify(/home/dexter/ROS2/FilterCam/src/filtered_pointcloud_pkg) by extension 'ros'
[0.147s] DEBUG:colcon.colcon_core.package_identification:Package '/home/dexter/ROS2/FilterCam/src/filtered_pointcloud_pkg' with type 'ros.ament_python' and name 'filtered_pointcloud_pkg'
[0.147s] Level 1:colcon.colcon_core.package_identification:_identify(/home/dexter/ROS2/FilterCam/src/filterwheel) by extensions ['ignore', 'ignore_ament_install']
[0.147s] Level 1:colcon.colcon_core.package_identification:_identify(/home/dexter/ROS2/FilterCam/src/filterwheel) by extension 'ignore'
[0.147s] Level 1:colcon.colcon_core.package_identification:_identify(/home/dexter/ROS2/FilterCam/src/filterwheel) by extension 'ignore_ament_install'
[0.147s] Level 1:colcon.colcon_core.package_identification:_identify(/home/dexter/ROS2/FilterCam/src/filterwheel) by extensions ['colcon_pkg']
[0.147s] Level 1:colcon.colcon_core.package_identification:_identify(/home/dexter/ROS2/FilterCam/src/filterwheel) by extension 'colcon_pkg'
[0.147s] Level 1:colcon.colcon_core.package_identification:_identify(/home/dexter/ROS2/FilterCam/src/filterwheel) by extensions ['colcon_meta']
[0.147s] Level 1:colcon.colcon_core.package_identification:_identify(/home/dexter/ROS2/FilterCam/src/filterwheel) by extension 'colcon_meta'
[0.147s] Level 1:colcon.colcon_core.package_identification:_identify(/home/dexter/ROS2/FilterCam/src/filterwheel) by extensions ['ros']
[0.147s] Level 1:colcon.colcon_core.package_identification:_identify(/home/dexter/ROS2/FilterCam/src/filterwheel) by extension 'ros'
[0.148s] DEBUG:colcon.colcon_core.package_identification:Package '/home/dexter/ROS2/FilterCam/src/filterwheel' with type 'ros.ament_python' and name 'filterwheel'
[0.148s] Level 1:colcon.colcon_core.package_identification:_identify(/home/dexter/ROS2/FilterCam/src/velodyne) by extensions ['ignore', 'ignore_ament_install']
[0.148s] Level 1:colcon.colcon_core.package_identification:_identify(/home/dexter/ROS2/FilterCam/src/velodyne) by extension 'ignore'
[0.148s] Level 1:colcon.colcon_core.package_identification:_identify(/home/dexter/ROS2/FilterCam/src/velodyne) by extension 'ignore_ament_install'
[0.148s] Level 1:colcon.colcon_core.package_identification:_identify(/home/dexter/ROS2/FilterCam/src/velodyne) by extensions ['colcon_pkg']
[0.148s] Level 1:colcon.colcon_core.package_identification:_identify(/home/dexter/ROS2/FilterCam/src/velodyne) by extension 'colcon_pkg'
[0.148s] Level 1:colcon.colcon_core.package_identification:_identify(/home/dexter/ROS2/FilterCam/src/velodyne) by extensions ['colcon_meta']
[0.148s] Level 1:colcon.colcon_core.package_identification:_identify(/home/dexter/ROS2/FilterCam/src/velodyne) by extension 'colcon_meta'
[0.148s] Level 1:colcon.colcon_core.package_identification:_identify(/home/dexter/ROS2/FilterCam/src/velodyne) by extensions ['ros']
[0.148s] Level 1:colcon.colcon_core.package_identification:_identify(/home/dexter/ROS2/FilterCam/src/velodyne) by extension 'ros'
[0.148s] Level 1:colcon.colcon_core.package_identification:_identify(/home/dexter/ROS2/FilterCam/src/velodyne) by extensions ['cmake', 'python']
[0.148s] Level 1:colcon.colcon_core.package_identification:_identify(/home/dexter/ROS2/FilterCam/src/velodyne) by extension 'cmake'
[0.148s] Level 1:colcon.colcon_core.package_identification:_identify(/home/dexter/ROS2/FilterCam/src/velodyne) by extension 'python'
[0.148s] Level 1:colcon.colcon_core.package_identification:_identify(/home/dexter/ROS2/FilterCam/src/velodyne) by extensions ['python_setup_py']
[0.148s] Level 1:colcon.colcon_core.package_identification:_identify(/home/dexter/ROS2/FilterCam/src/velodyne) by extension 'python_setup_py'
[0.148s] Level 1:colcon.colcon_core.package_discovery:discover_packages(recursive) using defaults
[0.163s] Level 1:colcon.colcon_core.package_discovery:discover_packages(prefix_path) check parameters
[0.163s] Level 1:colcon.colcon_core.package_discovery:discover_packages(prefix_path) discover
[0.164s] DEBUG:colcon.colcon_installed_package_information.package_discovery:Found 3 installed packages in /home/dexter/ROS2/FilterCam/install
[0.166s] DEBUG:colcon.colcon_installed_package_information.package_discovery:Found 285 installed packages in /opt/ros/jazzy
[0.167s] Level 1:colcon.colcon_core.package_discovery:discover_packages(prefix_path) using defaults
[0.203s] Level 5:colcon.colcon_core.verb:set package 'empty_package' build argument 'cmake_args' from command line to '['-DCMAKE_BUILD_TYPE=Debug']'
[0.203s] Level 5:colcon.colcon_core.verb:set package 'empty_package' build argument 'cmake_target' from command line to 'None'
[0.203s] Level 5:colcon.colcon_core.verb:set package 'empty_package' build argument 'cmake_target_skip_unavailable' from command line to 'False'
[0.203s] Level 5:colcon.colcon_core.verb:set package 'empty_package' build argument 'cmake_clean_cache' from command line to 'False'
[0.203s] Level 5:colcon.colcon_core.verb:set package 'empty_package' build argument 'cmake_clean_first' from command line to 'False'
[0.203s] Level 5:colcon.colcon_core.verb:set package 'empty_package' build argument 'cmake_force_configure' from command line to 'False'
[0.203s] Level 5:colcon.colcon_core.verb:set package 'empty_package' build argument 'ament_cmake_args' from command line to 'None'
[0.203s] Level 5:colcon.colcon_core.verb:set package 'empty_package' build argument 'catkin_cmake_args' from command line to 'None'
[0.203s] Level 5:colcon.colcon_core.verb:set package 'empty_package' build argument 'catkin_skip_building_tests' from command line to 'False'
[0.203s] DEBUG:colcon.colcon_core.verb:Building package 'empty_package' with the following arguments: {'ament_cmake_args': None, 'build_base': '/home/dexter/ROS2/FilterCam/build/empty_package', 'catkin_cmake_args': None, 'catkin_skip_building_tests': False, 'cmake_args': ['-DCMAKE_BUILD_TYPE=Debug'], 'cmake_clean_cache': False, 'cmake_clean_first': False, 'cmake_force_configure': False, 'cmake_target': None, 'cmake_target_skip_unavailable': False, 'install_base': '/home/dexter/ROS2/FilterCam/install/empty_package', 'merge_install': False, 'path': '/home/dexter/ROS2/FilterCam/src/empty_package', 'symlink_install': True, 'test_result_base': None}
[0.203s] Level 5:colcon.colcon_core.verb:set package 'filtered_pointcloud_pkg' build argument 'cmake_args' from command line to '['-DCMAKE_BUILD_TYPE=Debug']'
[0.203s] Level 5:colcon.colcon_core.verb:set package 'filtered_pointcloud_pkg' build argument 'cmake_target' from command line to 'None'
[0.203s] Level 5:colcon.colcon_core.verb:set package 'filtered_pointcloud_pkg' build argument 'cmake_target_skip_unavailable' from command line to 'False'
[0.203s] Level 5:colcon.colcon_core.verb:set package 'filtered_pointcloud_pkg' build argument 'cmake_clean_cache' from command line to 'False'
[0.203s] Level 5:colcon.colcon_core.verb:set package 'filtered_pointcloud_pkg' build argument 'cmake_clean_first' from command line to 'False'
[0.203s] Level 5:colcon.colcon_core.verb:set package 'filtered_pointcloud_pkg' build argument 'cmake_force_configure' from command line to 'False'
[0.203s] Level 5:colcon.colcon_core.verb:set package 'filtered_pointcloud_pkg' build argument 'ament_cmake_args' from command line to 'None'
[0.203s] Level 5:colcon.colcon_core.verb:set package 'filtered_pointcloud_pkg' build argument 'catkin_cmake_args' from command line to 'None'
[0.203s] Level 5:colcon.colcon_core.verb:set package 'filtered_pointcloud_pkg' build argument 'catkin_skip_building_tests' from command line to 'False'
[0.203s] DEBUG:colcon.colcon_core.verb:Building package 'filtered_pointcloud_pkg' with the following arguments: {'ament_cmake_args': None, 'build_base': '/home/dexter/ROS2/FilterCam/build/filtered_pointcloud_pkg', 'catkin_cmake_args': None, 'catkin_skip_building_tests': False, 'cmake_args': ['-DCMAKE_BUILD_TYPE=Debug'], 'cmake_clean_cache': False, 'cmake_clean_first': False, 'cmake_force_configure': False, 'cmake_target': None, 'cmake_target_skip_unavailable': False, 'install_base': '/home/dexter/ROS2/FilterCam/install/filtered_pointcloud_pkg', 'merge_install': False, 'path': '/home/dexter/ROS2/FilterCam/src/filtered_pointcloud_pkg', 'symlink_install': True, 'test_result_base': None}
[0.203s] Level 5:colcon.colcon_core.verb:set package 'filterwheel' build argument 'cmake_args' from command line to '['-DCMAKE_BUILD_TYPE=Debug']'
[0.203s] Level 5:colcon.colcon_core.verb:set package 'filterwheel' build argument 'cmake_target' from command line to 'None'
[0.203s] Level 5:colcon.colcon_core.verb:set package 'filterwheel' build argument 'cmake_target_skip_unavailable' from command line to 'False'
[0.203s] Level 5:colcon.colcon_core.verb:set package 'filterwheel' build argument 'cmake_clean_cache' from command line to 'False'
[0.203s] Level 5:colcon.colcon_core.verb:set package 'filterwheel' build argument 'cmake_clean_first' from command line to 'False'
[0.203s] Level 5:colcon.colcon_core.verb:set package 'filterwheel' build argument 'cmake_force_configure' from command line to 'False'
[0.203s] Level 5:colcon.colcon_core.verb:set package 'filterwheel' build argument 'ament_cmake_args' from command line to 'None'
[0.203s] Level 5:colcon.colcon_core.verb:set package 'filterwheel' build argument 'catkin_cmake_args' from command line to 'None'
[0.203s] Level 5:colcon.colcon_core.verb:set package 'filterwheel' build argument 'catkin_skip_building_tests' from command line to 'False'
[0.203s] DEBUG:colcon.colcon_core.verb:Building package 'filterwheel' with the following arguments: {'ament_cmake_args': None, 'build_base': '/home/dexter/ROS2/FilterCam/build/filterwheel', 'catkin_cmake_args': None, 'catkin_skip_building_tests': False, 'cmake_args': ['-DCMAKE_BUILD_TYPE=Debug'], 'cmake_clean_cache': False, 'cmake_clean_first': False, 'cmake_force_configure': False, 'cmake_target': None, 'cmake_target_skip_unavailable': False, 'install_base': '/home/dexter/ROS2/FilterCam/install/filterwheel', 'merge_install': False, 'path': '/home/dexter/ROS2/FilterCam/src/filterwheel', 'symlink_install': True, 'test_result_base': None}
[0.204s] INFO:colcon.colcon_core.executor:Executing jobs using 'parallel' executor
[0.204s] DEBUG:colcon.colcon_parallel_executor.executor.parallel:run_until_complete
[0.204s] INFO:colcon.colcon_ros.task.ament_python.build:Building ROS package in '/home/dexter/ROS2/FilterCam/src/empty_package' with build type 'ament_python'
[0.204s] Level 1:colcon.colcon_core.shell:create_environment_hook('empty_package', 'ament_prefix_path')
[0.206s] INFO:colcon.colcon_core.plugin_system:Skipping extension 'colcon_core.shell.bat': Not used on non-Windows systems
[0.206s] INFO:colcon.colcon_core.shell:Creating environment hook '/home/dexter/ROS2/FilterCam/install/empty_package/share/empty_package/hook/ament_prefix_path.ps1'
[0.206s] INFO:colcon.colcon_core.shell:Creating environment descriptor '/home/dexter/ROS2/FilterCam/install/empty_package/share/empty_package/hook/ament_prefix_path.dsv'
[0.207s] INFO:colcon.colcon_core.shell:Creating environment hook '/home/dexter/ROS2/FilterCam/install/empty_package/share/empty_package/hook/ament_prefix_path.sh'
[0.207s] INFO:colcon.colcon_core.shell:Skip shell extension 'powershell' for command environment: Not usable outside of PowerShell
[0.207s] DEBUG:colcon.colcon_core.shell:Skip shell extension 'dsv' for command environment
[0.210s] INFO:colcon.colcon_ros.task.ament_python.build:Building ROS package in '/home/dexter/ROS2/FilterCam/src/filtered_pointcloud_pkg' with build type 'ament_python'
[0.210s] Level 1:colcon.colcon_core.shell:create_environment_hook('filtered_pointcloud_pkg', 'ament_prefix_path')
[0.210s] INFO:colcon.colcon_core.shell:Creating environment hook '/home/dexter/ROS2/FilterCam/install/filtered_pointcloud_pkg/share/filtered_pointcloud_pkg/hook/ament_prefix_path.ps1'
[0.211s] INFO:colcon.colcon_core.shell:Creating environment descriptor '/home/dexter/ROS2/FilterCam/install/filtered_pointcloud_pkg/share/filtered_pointcloud_pkg/hook/ament_prefix_path.dsv'
[0.211s] INFO:colcon.colcon_core.shell:Creating environment hook '/home/dexter/ROS2/FilterCam/install/filtered_pointcloud_pkg/share/filtered_pointcloud_pkg/hook/ament_prefix_path.sh'
[0.211s] INFO:colcon.colcon_core.shell:Skip shell extension 'powershell' for command environment: Not usable outside of PowerShell
[0.211s] DEBUG:colcon.colcon_core.shell:Skip shell extension 'dsv' for command environment
[0.214s] INFO:colcon.colcon_ros.task.ament_python.build:Building ROS package in '/home/dexter/ROS2/FilterCam/src/filterwheel' with build type 'ament_python'
[0.214s] Level 1:colcon.colcon_core.shell:create_environment_hook('filterwheel', 'ament_prefix_path')
[0.214s] INFO:colcon.colcon_core.shell:Creating environment hook '/home/dexter/ROS2/FilterCam/install/filterwheel/share/filterwheel/hook/ament_prefix_path.ps1'
[0.215s] INFO:colcon.colcon_core.shell:Creating environment descriptor '/home/dexter/ROS2/FilterCam/install/filterwheel/share/filterwheel/hook/ament_prefix_path.dsv'
[0.215s] INFO:colcon.colcon_core.shell:Creating environment hook '/home/dexter/ROS2/FilterCam/install/filterwheel/share/filterwheel/hook/ament_prefix_path.sh'
[0.215s] INFO:colcon.colcon_core.shell:Skip shell extension 'powershell' for command environment: Not usable outside of PowerShell
[0.215s] DEBUG:colcon.colcon_core.shell:Skip shell extension 'dsv' for command environment
[0.388s] INFO:colcon.colcon_core.task.python.build:Building Python package in '/home/dexter/ROS2/FilterCam/src/empty_package'
[0.388s] INFO:colcon.colcon_core.shell:Skip shell extension 'powershell' for command environment: Not usable outside of PowerShell
[0.388s] DEBUG:colcon.colcon_core.shell:Skip shell extension 'dsv' for command environment
[0.565s] INFO:colcon.colcon_core.task.python.build:Building Python package in '/home/dexter/ROS2/FilterCam/src/filtered_pointcloud_pkg'
[0.565s] INFO:colcon.colcon_core.shell:Skip shell extension 'powershell' for command environment: Not usable outside of PowerShell
[0.565s] DEBUG:colcon.colcon_core.shell:Skip shell extension 'dsv' for command environment
[0.736s] INFO:colcon.colcon_core.task.python.build:Building Python package in '/home/dexter/ROS2/FilterCam/src/filterwheel'
[0.736s] INFO:colcon.colcon_core.shell:Skip shell extension 'powershell' for command environment: Not usable outside of PowerShell
[0.736s] DEBUG:colcon.colcon_core.shell:Skip shell extension 'dsv' for command environment
[1.213s] DEBUG:colcon.colcon_core.event_handler.log_command:Invoking command in '/home/dexter/ROS2/FilterCam/build/empty_package': DEBUGINFOD_URLS=https://debuginfod.ubuntu.com PYTHONPATH=/home/dexter/ROS2/FilterCam/build/empty_package/prefix_override:/usr/lib/python3/dist-packages/colcon_core/task/python/colcon_distutils_commands:/home/dexter/ROS2/FilterCam/install/empty_package/lib/python3.12/site-packages:${PYTHONPATH} /usr/bin/python3 -W ignore:setup.py install is deprecated -W ignore:easy_install command is deprecated setup.py develop --editable --build-directory /home/dexter/ROS2/FilterCam/build/empty_package/build --no-deps symlink_data
[1.220s] DEBUG:colcon.colcon_core.event_handler.log_command:Invoking command in '/home/dexter/ROS2/FilterCam/build/filtered_pointcloud_pkg': DEBUGINFOD_URLS=https://debuginfod.ubuntu.com PYTHONPATH=/home/dexter/ROS2/FilterCam/build/filtered_pointcloud_pkg/prefix_override:/usr/lib/python3/dist-packages/colcon_core/task/python/colcon_distutils_commands:/home/dexter/ROS2/FilterCam/install/filtered_pointcloud_pkg/lib/python3.12/site-packages:${PYTHONPATH} /usr/bin/python3 -W ignore:setup.py install is deprecated -W ignore:easy_install command is deprecated setup.py develop --editable --build-directory /home/dexter/ROS2/FilterCam/build/filtered_pointcloud_pkg/build --no-deps symlink_data
[1.247s] DEBUG:colcon.colcon_core.event_handler.log_command:Invoking command in '/home/dexter/ROS2/FilterCam/build/filterwheel': DEBUGINFOD_URLS=https://debuginfod.ubuntu.com PYTHONPATH=/home/dexter/ROS2/FilterCam/build/filterwheel/prefix_override:/usr/lib/python3/dist-packages/colcon_core/task/python/colcon_distutils_commands:/home/dexter/ROS2/FilterCam/install/filterwheel/lib/python3.12/site-packages:${PYTHONPATH} /usr/bin/python3 -W ignore:setup.py install is deprecated -W ignore:easy_install command is deprecated setup.py develop --editable --build-directory /home/dexter/ROS2/FilterCam/build/filterwheel/build --no-deps symlink_data
[1.781s] Level 1:colcon.colcon_core.shell:create_environment_hook('empty_package', 'pythonpath_develop')
[1.781s] INFO:colcon.colcon_core.shell:Creating environment hook '/home/dexter/ROS2/FilterCam/build/empty_package/share/empty_package/hook/pythonpath_develop.ps1'
[1.781s] DEBUG:colcon.colcon_core.event_handler.log_command:Invoked command in '/home/dexter/ROS2/FilterCam/build/empty_package' returned '0': DEBUGINFOD_URLS=https://debuginfod.ubuntu.com PYTHONPATH=/home/dexter/ROS2/FilterCam/build/empty_package/prefix_override:/usr/lib/python3/dist-packages/colcon_core/task/python/colcon_distutils_commands:/home/dexter/ROS2/FilterCam/install/empty_package/lib/python3.12/site-packages:${PYTHONPATH} /usr/bin/python3 -W ignore:setup.py install is deprecated -W ignore:easy_install command is deprecated setup.py develop --editable --build-directory /home/dexter/ROS2/FilterCam/build/empty_package/build --no-deps symlink_data
[1.782s] INFO:colcon.colcon_core.shell:Creating environment descriptor '/home/dexter/ROS2/FilterCam/build/empty_package/share/empty_package/hook/pythonpath_develop.dsv'
[1.782s] INFO:colcon.colcon_core.shell:Creating environment hook '/home/dexter/ROS2/FilterCam/build/empty_package/share/empty_package/hook/pythonpath_develop.sh'
[1.784s] Level 1:colcon.colcon_core.environment:checking '/home/dexter/ROS2/FilterCam/install/empty_package' for CMake module files
[1.785s] Level 1:colcon.colcon_core.environment:checking '/home/dexter/ROS2/FilterCam/install/empty_package' for CMake config files
[1.785s] Level 1:colcon.colcon_core.environment:checking '/home/dexter/ROS2/FilterCam/install/empty_package/lib'
[1.785s] Level 1:colcon.colcon_core.environment:checking '/home/dexter/ROS2/FilterCam/install/empty_package/bin'
[1.785s] Level 1:colcon.colcon_core.environment:checking '/home/dexter/ROS2/FilterCam/install/empty_package/lib/pkgconfig/empty_package.pc'
[1.786s] Level 1:colcon.colcon_core.environment:checking '/home/dexter/ROS2/FilterCam/install/empty_package/lib/python3.12/site-packages'
[1.786s] Level 1:colcon.colcon_core.shell:create_environment_hook('empty_package', 'pythonpath')
[1.786s] INFO:colcon.colcon_core.shell:Creating environment hook '/home/dexter/ROS2/FilterCam/install/empty_package/share/empty_package/hook/pythonpath.ps1'
[1.786s] INFO:colcon.colcon_core.shell:Creating environment descriptor '/home/dexter/ROS2/FilterCam/install/empty_package/share/empty_package/hook/pythonpath.dsv'
[1.786s] INFO:colcon.colcon_core.shell:Creating environment hook '/home/dexter/ROS2/FilterCam/install/empty_package/share/empty_package/hook/pythonpath.sh'
[1.787s] Level 1:colcon.colcon_core.environment:checking '/home/dexter/ROS2/FilterCam/install/empty_package/bin'
[1.787s] Level 1:colcon.colcon_core.environment:create_environment_scripts_only(empty_package)
[1.787s] INFO:colcon.colcon_core.shell:Creating package script '/home/dexter/ROS2/FilterCam/install/empty_package/share/empty_package/package.ps1'
[1.788s] INFO:colcon.colcon_core.shell:Creating package descriptor '/home/dexter/ROS2/FilterCam/install/empty_package/share/empty_package/package.dsv'
[1.788s] INFO:colcon.colcon_core.shell:Creating package script '/home/dexter/ROS2/FilterCam/install/empty_package/share/empty_package/package.sh'
[1.789s] INFO:colcon.colcon_core.shell:Creating package script '/home/dexter/ROS2/FilterCam/install/empty_package/share/empty_package/package.bash'
[1.789s] INFO:colcon.colcon_core.shell:Creating package script '/home/dexter/ROS2/FilterCam/install/empty_package/share/empty_package/package.zsh'
[1.790s] Level 1:colcon.colcon_core.environment:create_file_with_runtime_dependencies(/home/dexter/ROS2/FilterCam/install/empty_package/share/colcon-core/packages/empty_package)
[1.791s] Level 1:colcon.colcon_core.shell:create_environment_hook('filtered_pointcloud_pkg', 'pythonpath_develop')
[1.791s] INFO:colcon.colcon_core.shell:Creating environment hook '/home/dexter/ROS2/FilterCam/build/filtered_pointcloud_pkg/share/filtered_pointcloud_pkg/hook/pythonpath_develop.ps1'
[1.792s] DEBUG:colcon.colcon_core.event_handler.log_command:Invoked command in '/home/dexter/ROS2/FilterCam/build/filtered_pointcloud_pkg' returned '0': DEBUGINFOD_URLS=https://debuginfod.ubuntu.com PYTHONPATH=/home/dexter/ROS2/FilterCam/build/filtered_pointcloud_pkg/prefix_override:/usr/lib/python3/dist-packages/colcon_core/task/python/colcon_distutils_commands:/home/dexter/ROS2/FilterCam/install/filtered_pointcloud_pkg/lib/python3.12/site-packages:${PYTHONPATH} /usr/bin/python3 -W ignore:setup.py install is deprecated -W ignore:easy_install command is deprecated setup.py develop --editable --build-directory /home/dexter/ROS2/FilterCam/build/filtered_pointcloud_pkg/build --no-deps symlink_data
[1.792s] INFO:colcon.colcon_core.shell:Creating environment descriptor '/home/dexter/ROS2/FilterCam/build/filtered_pointcloud_pkg/share/filtered_pointcloud_pkg/hook/pythonpath_develop.dsv'
[1.792s] INFO:colcon.colcon_core.shell:Creating environment hook '/home/dexter/ROS2/FilterCam/build/filtered_pointcloud_pkg/share/filtered_pointcloud_pkg/hook/pythonpath_develop.sh'
[1.793s] Level 1:colcon.colcon_core.environment:checking '/home/dexter/ROS2/FilterCam/install/filtered_pointcloud_pkg' for CMake module files
[1.793s] Level 1:colcon.colcon_core.environment:checking '/home/dexter/ROS2/FilterCam/install/filtered_pointcloud_pkg' for CMake config files
[1.794s] Level 1:colcon.colcon_core.environment:checking '/home/dexter/ROS2/FilterCam/install/filtered_pointcloud_pkg/lib'
[1.794s] Level 1:colcon.colcon_core.environment:checking '/home/dexter/ROS2/FilterCam/install/filtered_pointcloud_pkg/bin'
[1.794s] Level 1:colcon.colcon_core.environment:checking '/home/dexter/ROS2/FilterCam/install/filtered_pointcloud_pkg/lib/pkgconfig/filtered_pointcloud_pkg.pc'
[1.794s] Level 1:colcon.colcon_core.environment:checking '/home/dexter/ROS2/FilterCam/install/filtered_pointcloud_pkg/lib/python3.12/site-packages'
[1.794s] Level 1:colcon.colcon_core.shell:create_environment_hook('filtered_pointcloud_pkg', 'pythonpath')
[1.794s] INFO:colcon.colcon_core.shell:Creating environment hook '/home/dexter/ROS2/FilterCam/install/filtered_pointcloud_pkg/share/filtered_pointcloud_pkg/hook/pythonpath.ps1'
[1.794s] INFO:colcon.colcon_core.shell:Creating environment descriptor '/home/dexter/ROS2/FilterCam/install/filtered_pointcloud_pkg/share/filtered_pointcloud_pkg/hook/pythonpath.dsv'
[1.795s] INFO:colcon.colcon_core.shell:Creating environment hook '/home/dexter/ROS2/FilterCam/install/filtered_pointcloud_pkg/share/filtered_pointcloud_pkg/hook/pythonpath.sh'
[1.795s] Level 1:colcon.colcon_core.environment:checking '/home/dexter/ROS2/FilterCam/install/filtered_pointcloud_pkg/bin'
[1.795s] Level 1:colcon.colcon_core.environment:create_environment_scripts_only(filtered_pointcloud_pkg)
[1.795s] INFO:colcon.colcon_core.shell:Creating package script '/home/dexter/ROS2/FilterCam/install/filtered_pointcloud_pkg/share/filtered_pointcloud_pkg/package.ps1'
[1.796s] INFO:colcon.colcon_core.shell:Creating package descriptor '/home/dexter/ROS2/FilterCam/install/filtered_pointcloud_pkg/share/filtered_pointcloud_pkg/package.dsv'
[1.796s] INFO:colcon.colcon_core.shell:Creating package script '/home/dexter/ROS2/FilterCam/install/filtered_pointcloud_pkg/share/filtered_pointcloud_pkg/package.sh'
[1.796s] INFO:colcon.colcon_core.shell:Creating package script '/home/dexter/ROS2/FilterCam/install/filtered_pointcloud_pkg/share/filtered_pointcloud_pkg/package.bash'
[1.797s] INFO:colcon.colcon_core.shell:Creating package script '/home/dexter/ROS2/FilterCam/install/filtered_pointcloud_pkg/share/filtered_pointcloud_pkg/package.zsh'
[1.797s] Level 1:colcon.colcon_core.environment:create_file_with_runtime_dependencies(/home/dexter/ROS2/FilterCam/install/filtered_pointcloud_pkg/share/colcon-core/packages/filtered_pointcloud_pkg)
[1.810s] Level 1:colcon.colcon_core.shell:create_environment_hook('filterwheel', 'pythonpath_develop')
[1.810s] INFO:colcon.colcon_core.shell:Creating environment hook '/home/dexter/ROS2/FilterCam/build/filterwheel/share/filterwheel/hook/pythonpath_develop.ps1'
[1.811s] DEBUG:colcon.colcon_core.event_handler.log_command:Invoked command in '/home/dexter/ROS2/FilterCam/build/filterwheel' returned '0': DEBUGINFOD_URLS=https://debuginfod.ubuntu.com PYTHONPATH=/home/dexter/ROS2/FilterCam/build/filterwheel/prefix_override:/usr/lib/python3/dist-packages/colcon_core/task/python/colcon_distutils_commands:/home/dexter/ROS2/FilterCam/install/filterwheel/lib/python3.12/site-packages:${PYTHONPATH} /usr/bin/python3 -W ignore:setup.py install is deprecated -W ignore:easy_install command is deprecated setup.py develop --editable --build-directory /home/dexter/ROS2/FilterCam/build/filterwheel/build --no-deps symlink_data
[1.811s] INFO:colcon.colcon_core.shell:Creating environment descriptor '/home/dexter/ROS2/FilterCam/build/filterwheel/share/filterwheel/hook/pythonpath_develop.dsv'
[1.812s] INFO:colcon.colcon_core.shell:Creating environment hook '/home/dexter/ROS2/FilterCam/build/filterwheel/share/filterwheel/hook/pythonpath_develop.sh'
[1.812s] Level 1:colcon.colcon_core.environment:checking '/home/dexter/ROS2/FilterCam/install/filterwheel' for CMake module files
[1.812s] Level 1:colcon.colcon_core.environment:checking '/home/dexter/ROS2/FilterCam/install/filterwheel' for CMake config files
[1.813s] Level 1:colcon.colcon_core.environment:checking '/home/dexter/ROS2/FilterCam/install/filterwheel/lib'
[1.813s] Level 1:colcon.colcon_core.environment:checking '/home/dexter/ROS2/FilterCam/install/filterwheel/bin'
[1.813s] Level 1:colcon.colcon_core.environment:checking '/home/dexter/ROS2/FilterCam/install/filterwheel/lib/pkgconfig/filterwheel.pc'
[1.813s] Level 1:colcon.colcon_core.environment:checking '/home/dexter/ROS2/FilterCam/install/filterwheel/lib/python3.12/site-packages'
[1.813s] Level 1:colcon.colcon_core.shell:create_environment_hook('filterwheel', 'pythonpath')
[1.813s] INFO:colcon.colcon_core.shell:Creating environment hook '/home/dexter/ROS2/FilterCam/install/filterwheel/share/filterwheel/hook/pythonpath.ps1'
[1.813s] INFO:colcon.colcon_core.shell:Creating environment descriptor '/home/dexter/ROS2/FilterCam/install/filterwheel/share/filterwheel/hook/pythonpath.dsv'
[1.814s] INFO:colcon.colcon_core.shell:Creating environment hook '/home/dexter/ROS2/FilterCam/install/filterwheel/share/filterwheel/hook/pythonpath.sh'
[1.814s] Level 1:colcon.colcon_core.environment:checking '/home/dexter/ROS2/FilterCam/install/filterwheel/bin'
[1.814s] Level 1:colcon.colcon_core.environment:create_environment_scripts_only(filterwheel)
[1.814s] INFO:colcon.colcon_core.shell:Creating package script '/home/dexter/ROS2/FilterCam/install/filterwheel/share/filterwheel/package.ps1'
[1.815s] INFO:colcon.colcon_core.shell:Creating package descriptor '/home/dexter/ROS2/FilterCam/install/filterwheel/share/filterwheel/package.dsv'
[1.815s] INFO:colcon.colcon_core.shell:Creating package script '/home/dexter/ROS2/FilterCam/install/filterwheel/share/filterwheel/package.sh'
[1.816s] INFO:colcon.colcon_core.shell:Creating package script '/home/dexter/ROS2/FilterCam/install/filterwheel/share/filterwheel/package.bash'
[1.816s] INFO:colcon.colcon_core.shell:Creating package script '/home/dexter/ROS2/FilterCam/install/filterwheel/share/filterwheel/package.zsh'
[1.816s] Level 1:colcon.colcon_core.environment:create_file_with_runtime_dependencies(/home/dexter/ROS2/FilterCam/install/filterwheel/share/colcon-core/packages/filterwheel)
[1.816s] DEBUG:colcon.colcon_parallel_executor.executor.parallel:closing loop
[1.817s] DEBUG:colcon.colcon_parallel_executor.executor.parallel:loop closed
[1.817s] DEBUG:colcon.colcon_parallel_executor.executor.parallel:run_until_complete finished with '0'
[1.817s] DEBUG:colcon.colcon_core.event_reactor:joining thread
[1.821s] INFO:colcon.colcon_core.plugin_system:Skipping extension 'colcon_notification.desktop_notification.terminal_notifier': Not used on non-Darwin systems
[1.821s] INFO:colcon.colcon_core.plugin_system:Skipping extension 'colcon_notification.desktop_notification.win32': Not used on non-Windows systems
[1.822s] INFO:colcon.colcon_notification.desktop_notification:Sending desktop notification using 'notify2'
[1.838s] DEBUG:colcon.colcon_core.event_reactor:joined thread
[1.838s] INFO:colcon.colcon_core.shell:Creating prefix script '/home/dexter/ROS2/FilterCam/install/local_setup.ps1'
[1.839s] INFO:colcon.colcon_core.shell:Creating prefix util module '/home/dexter/ROS2/FilterCam/install/_local_setup_util_ps1.py'
[1.840s] INFO:colcon.colcon_core.shell:Creating prefix chain script '/home/dexter/ROS2/FilterCam/install/setup.ps1'
[1.841s] INFO:colcon.colcon_core.shell:Creating prefix script '/home/dexter/ROS2/FilterCam/install/local_setup.sh'
[1.841s] INFO:colcon.colcon_core.shell:Creating prefix util module '/home/dexter/ROS2/FilterCam/install/_local_setup_util_sh.py'
[1.842s] INFO:colcon.colcon_core.shell:Creating prefix chain script '/home/dexter/ROS2/FilterCam/install/setup.sh'
[1.843s] INFO:colcon.colcon_core.shell:Creating prefix script '/home/dexter/ROS2/FilterCam/install/local_setup.bash'
[1.843s] INFO:colcon.colcon_core.shell:Creating prefix chain script '/home/dexter/ROS2/FilterCam/install/setup.bash'
[1.844s] INFO:colcon.colcon_core.shell:Creating prefix script '/home/dexter/ROS2/FilterCam/install/local_setup.zsh'
[1.844s] INFO:colcon.colcon_core.shell:Creating prefix chain script '/home/dexter/ROS2/FilterCam/install/setup.zsh'
