[0.742s] Invoking command in '/home/dexter/ROS2/CamLidarCalib/src/package_launcher/build/package_launcher': DEBUGINFOD_URLS=https://debuginfod.ubuntu.com PYTHONPATH=/home/dexter/ROS2/CamLidarCalib/src/package_launcher/build/package_launcher/prefix_override:/usr/lib/python3/dist-packages/colcon_core/task/python/colcon_distutils_commands:/home/dexter/ROS2/CamLidarCalib/src/package_launcher/install/package_launcher/lib/python3.12/site-packages:${PYTHONPATH} /usr/bin/python3 -W ignore:setup.py install is deprecated -W ignore:easy_install command is deprecated setup.py develop --editable --build-directory /home/dexter/ROS2/CamLidarCalib/src/package_launcher/build/package_launcher/build --no-deps symlink_data
[1.043s] running develop
[1.205s] /usr/lib/python3/dist-packages/setuptools/command/easy_install.py:363: UserWarning: Unbuilt egg for pytest-repeat [unknown version] (/usr/lib/python3/dist-packages)
[1.205s]   self.local_index = Environment(self.shadow_path + sys.path)
[1.243s] running egg_info
[1.243s] creating package_launcher.egg-info
[1.263s] writing package_launcher.egg-info/PKG-INFO
[1.263s] writing dependency_links to package_launcher.egg-info/dependency_links.txt
[1.263s] writing requirements to package_launcher.egg-info/requires.txt
[1.263s] writing top-level names to package_launcher.egg-info/top_level.txt
[1.263s] writing manifest file 'package_launcher.egg-info/SOURCES.txt'
[1.302s] reading manifest file 'package_launcher.egg-info/SOURCES.txt'
[1.303s] writing manifest file 'package_launcher.egg-info/SOURCES.txt'
[1.323s] running build_ext
[1.323s] Creating /home/dexter/ROS2/CamLidarCalib/src/package_launcher/install/package_launcher/lib/python3.12/site-packages/package-launcher.egg-link (link to .)
[1.324s] 
[1.324s] Installed /home/dexter/ROS2/CamLidarCalib/src/package_launcher/build/package_launcher
[1.324s] running symlink_data
[1.324s] creating /home/dexter/ROS2/CamLidarCalib/src/package_launcher/install/package_launcher/share/ament_index
[1.324s] creating /home/dexter/ROS2/CamLidarCalib/src/package_launcher/install/package_launcher/share/ament_index/resource_index
[1.324s] creating /home/dexter/ROS2/CamLidarCalib/src/package_launcher/install/package_launcher/share/ament_index/resource_index/packages
[1.324s] symbolically linking /home/dexter/ROS2/CamLidarCalib/src/package_launcher/build/package_launcher/resource/package_launcher -> /home/dexter/ROS2/CamLidarCalib/src/package_launcher/install/package_launcher/share/ament_index/resource_index/packages
[1.324s] symbolically linking /home/dexter/ROS2/CamLidarCalib/src/package_launcher/build/package_launcher/package.xml -> /home/dexter/ROS2/CamLidarCalib/src/package_launcher/install/package_launcher/share/package_launcher
[1.325s] creating /home/dexter/ROS2/CamLidarCalib/src/package_launcher/install/package_launcher/share/package_launcher/launch
[1.325s] symbolically linking /home/dexter/ROS2/CamLidarCalib/src/package_launcher/build/package_launcher/launch/launch_packages.py -> /home/dexter/ROS2/CamLidarCalib/src/package_launcher/install/package_launcher/share/package_launcher/launch
[1.355s] Invoked command in '/home/dexter/ROS2/CamLidarCalib/src/package_launcher/build/package_launcher' returned '0': DEBUGINFOD_URLS=https://debuginfod.ubuntu.com PYTHONPATH=/home/dexter/ROS2/CamLidarCalib/src/package_launcher/build/package_launcher/prefix_override:/usr/lib/python3/dist-packages/colcon_core/task/python/colcon_distutils_commands:/home/dexter/ROS2/CamLidarCalib/src/package_launcher/install/package_launcher/lib/python3.12/site-packages:${PYTHONPATH} /usr/bin/python3 -W ignore:setup.py install is deprecated -W ignore:easy_install command is deprecated setup.py develop --editable --build-directory /home/dexter/ROS2/CamLidarCalib/src/package_launcher/build/package_launcher/build --no-deps symlink_data
