[0.026s] Invoking command in '/home/dexter/ROS2/FilterCam/build/velodyne': CMAKE_PREFIX_PATH=/home/dexter/ROS2/FilterCam/install/velodyne_pointcloud:/home/dexter/ROS2/FilterCam/install/velodyne_driver:/home/dexter/ROS2/FilterCam/install/velodyne_msgs:/home/dexter/ROS2/FilterCam/install/velodyne_laserscan:/home/dexter/ROS2/FilterCam/install/velodyne:/opt/ros/jazzy/opt/gz_math_vendor:/opt/ros/jazzy/opt/gz_utils_vendor:/opt/ros/jazzy/opt/gz_cmake_vendor:/home/dexter/ROS2/FilterCam/install/package_launcher:/home/dexter/ROS2/FilterCam/install/liquidlens:/home/dexter/ROS2/FilterCam/install/filterwheel:/home/dexter/ROS2/FilterCam/install/filtered_pointcloud_pkg:/home/dexter/ROS2/FilterCam/install/empty_package:/home/dexter/ROS2/FilterCam/install/cam_director:/opt/ros/jazzy DEBUGINFOD_URLS=https://debuginfod.ubuntu.com /usr/bin/cmake --build /home/dexter/ROS2/FilterCam/build/velodyne -- -j24 -l24
[0.087s] Invoked command in '/home/dexter/ROS2/FilterCam/build/velodyne' returned '0': CMAKE_PREFIX_PATH=/home/dexter/ROS2/FilterCam/install/velodyne_pointcloud:/home/dexter/ROS2/FilterCam/install/velodyne_driver:/home/dexter/ROS2/FilterCam/install/velodyne_msgs:/home/dexter/ROS2/FilterCam/install/velodyne_laserscan:/home/dexter/ROS2/FilterCam/install/velodyne:/opt/ros/jazzy/opt/gz_math_vendor:/opt/ros/jazzy/opt/gz_utils_vendor:/opt/ros/jazzy/opt/gz_cmake_vendor:/home/dexter/ROS2/FilterCam/install/package_launcher:/home/dexter/ROS2/FilterCam/install/liquidlens:/home/dexter/ROS2/FilterCam/install/filterwheel:/home/dexter/ROS2/FilterCam/install/filtered_pointcloud_pkg:/home/dexter/ROS2/FilterCam/install/empty_package:/home/dexter/ROS2/FilterCam/install/cam_director:/opt/ros/jazzy DEBUGINFOD_URLS=https://debuginfod.ubuntu.com /usr/bin/cmake --build /home/dexter/ROS2/FilterCam/build/velodyne -- -j24 -l24
[0.089s] Invoking command in '/home/dexter/ROS2/FilterCam/build/velodyne': CMAKE_PREFIX_PATH=/home/dexter/ROS2/FilterCam/install/velodyne_pointcloud:/home/dexter/ROS2/FilterCam/install/velodyne_driver:/home/dexter/ROS2/FilterCam/install/velodyne_msgs:/home/dexter/ROS2/FilterCam/install/velodyne_laserscan:/home/dexter/ROS2/FilterCam/install/velodyne:/opt/ros/jazzy/opt/gz_math_vendor:/opt/ros/jazzy/opt/gz_utils_vendor:/opt/ros/jazzy/opt/gz_cmake_vendor:/home/dexter/ROS2/FilterCam/install/package_launcher:/home/dexter/ROS2/FilterCam/install/liquidlens:/home/dexter/ROS2/FilterCam/install/filterwheel:/home/dexter/ROS2/FilterCam/install/filtered_pointcloud_pkg:/home/dexter/ROS2/FilterCam/install/empty_package:/home/dexter/ROS2/FilterCam/install/cam_director:/opt/ros/jazzy DEBUGINFOD_URLS=https://debuginfod.ubuntu.com /usr/bin/cmake --install /home/dexter/ROS2/FilterCam/build/velodyne
[0.099s] -- Install configuration: "Debug"
[0.099s] -- Execute custom install script
[0.100s] -- Up-to-date symlink: /home/dexter/ROS2/FilterCam/install/velodyne/share/velodyne/launch/velodyne-all-nodes-VLP16-composed-launch.py
[0.100s] -- Up-to-date symlink: /home/dexter/ROS2/FilterCam/install/velodyne/share/velodyne/launch/velodyne-all-nodes-VLP16-launch.py
[0.100s] -- Up-to-date symlink: /home/dexter/ROS2/FilterCam/install/velodyne/share/velodyne/launch/velodyne-all-nodes-VLP32C-composed-launch.py
[0.100s] -- Up-to-date symlink: /home/dexter/ROS2/FilterCam/install/velodyne/share/velodyne/launch/velodyne-all-nodes-VLP32C-launch.py
[0.100s] -- Up-to-date symlink: /home/dexter/ROS2/FilterCam/install/velodyne/share/velodyne/launch/velodyne-all-nodes-VLS128-composed-launch.py
[0.100s] -- Up-to-date symlink: /home/dexter/ROS2/FilterCam/install/velodyne/share/velodyne/launch/velodyne-all-nodes-VLS128-launch.py
[0.100s] -- Up-to-date symlink: /home/dexter/ROS2/FilterCam/install/velodyne/share/ament_index/resource_index/package_run_dependencies/velodyne
[0.101s] -- Up-to-date symlink: /home/dexter/ROS2/FilterCam/install/velodyne/share/ament_index/resource_index/parent_prefix_path/velodyne
[0.101s] -- Up-to-date symlink: /home/dexter/ROS2/FilterCam/install/velodyne/share/velodyne/environment/ament_prefix_path.sh
[0.101s] -- Up-to-date symlink: /home/dexter/ROS2/FilterCam/install/velodyne/share/velodyne/environment/ament_prefix_path.dsv
[0.101s] -- Up-to-date symlink: /home/dexter/ROS2/FilterCam/install/velodyne/share/velodyne/environment/path.sh
[0.102s] -- Up-to-date symlink: /home/dexter/ROS2/FilterCam/install/velodyne/share/velodyne/environment/path.dsv
[0.102s] -- Up-to-date symlink: /home/dexter/ROS2/FilterCam/install/velodyne/share/velodyne/local_setup.bash
[0.102s] -- Up-to-date symlink: /home/dexter/ROS2/FilterCam/install/velodyne/share/velodyne/local_setup.sh
[0.102s] -- Up-to-date symlink: /home/dexter/ROS2/FilterCam/install/velodyne/share/velodyne/local_setup.zsh
[0.102s] -- Up-to-date symlink: /home/dexter/ROS2/FilterCam/install/velodyne/share/velodyne/local_setup.dsv
[0.103s] -- Symlinking: /home/dexter/ROS2/FilterCam/install/velodyne/share/velodyne/package.dsv
[0.114s] -- Up-to-date symlink: /home/dexter/ROS2/FilterCam/install/velodyne/share/ament_index/resource_index/packages/velodyne
[0.114s] -- Up-to-date symlink: /home/dexter/ROS2/FilterCam/install/velodyne/share/velodyne/cmake/velodyneConfig.cmake
[0.114s] -- Up-to-date symlink: /home/dexter/ROS2/FilterCam/install/velodyne/share/velodyne/cmake/velodyneConfig-version.cmake
[0.114s] -- Up-to-date symlink: /home/dexter/ROS2/FilterCam/install/velodyne/share/velodyne/package.xml
[0.117s] Invoked command in '/home/dexter/ROS2/FilterCam/build/velodyne' returned '0': CMAKE_PREFIX_PATH=/home/dexter/ROS2/FilterCam/install/velodyne_pointcloud:/home/dexter/ROS2/FilterCam/install/velodyne_driver:/home/dexter/ROS2/FilterCam/install/velodyne_msgs:/home/dexter/ROS2/FilterCam/install/velodyne_laserscan:/home/dexter/ROS2/FilterCam/install/velodyne:/opt/ros/jazzy/opt/gz_math_vendor:/opt/ros/jazzy/opt/gz_utils_vendor:/opt/ros/jazzy/opt/gz_cmake_vendor:/home/dexter/ROS2/FilterCam/install/package_launcher:/home/dexter/ROS2/FilterCam/install/liquidlens:/home/dexter/ROS2/FilterCam/install/filterwheel:/home/dexter/ROS2/FilterCam/install/filtered_pointcloud_pkg:/home/dexter/ROS2/FilterCam/install/empty_package:/home/dexter/ROS2/FilterCam/install/cam_director:/opt/ros/jazzy DEBUGINFOD_URLS=https://debuginfod.ubuntu.com /usr/bin/cmake --install /home/dexter/ROS2/FilterCam/build/velodyne
